### Starting TaskPrologue of job 1561566 on tg091 at Mon Mar 30 02:54:10 PM CEST 2026
Running on cores 32-63 with governor ondemand
Mon Mar 30 14:54:10 2026       
+-----------------------------------------------------------------------------------------+
| NVIDIA-SMI 580.126.20             Driver Version: 580.126.20     CUDA Version: 13.0     |
+-----------------------------------------+------------------------+----------------------+
| GPU  Name                 Persistence-M | Bus-Id          Disp.A | Volatile Uncorr. ECC |
| Fan  Temp   Perf          Pwr:Usage/Cap |           Memory-Usage | GPU-Util  Compute M. |
|                                         |                        |               MIG M. |
|=========================================+========================+======================|
|   0  NVIDIA A100-SXM4-40GB          On  |   00000000:41:00.0 Off |                    0 |
| N/A   45C    P0             60W /  400W |       0MiB /  40960MiB |      0%      Default |
|                                         |                        |             Disabled |
+-----------------------------------------+------------------------+----------------------+

+-----------------------------------------------------------------------------------------+
| Processes:                                                                              |
|  GPU   GI   CI              PID   Type   Process name                        GPU Memory |
|        ID   ID                                                               Usage      |
|=========================================================================================|
|  No running processes found                                                             |
+-----------------------------------------------------------------------------------------+
### Finished TaskPrologue

SLURM_JOB_ID=1561566
SLURM_STEP_ID=<none>
2026-03-30 14:54:59 | experiment | INFO |   TensorBoard: /home/hpc/iwbn/iwbn129h/sc_autoencoder_project/logs/tensorboard/run_20260330T125459Z_j1561566_p1885948
2026-03-30 14:54:59 | experiment | INFO |   View live:   tensorboard --logdir /home/hpc/iwbn/iwbn129h/sc_autoencoder_project/logs/tensorboard
2026-03-30 14:54:59 | experiment | INFO | ======================================================================
2026-03-30 14:54:59 | experiment | INFO | EXPERIMENT: Latent Dimension Sweep
2026-03-30 14:54:59 | experiment | INFO |   Datasets:       ['pbmc3k']
2026-03-30 14:54:59 | experiment | INFO |   Model/losses:   [('ae', 'mse'), ('vae', 'mse'), ('scvi', 'nb')]
2026-03-30 14:54:59 | experiment | INFO |   Latent dims:    [2, 8, 16]
2026-03-30 14:54:59 | experiment | INFO |   Seeds:          1
2026-03-30 14:54:59 | experiment | INFO |   Device:         cuda
2026-03-30 14:54:59 | experiment | INFO |   Git commit:     10d3fdb
2026-03-30 14:54:59 | experiment | INFO |   Run ID:         run_20260330T125459Z_j1561566_p1885948
2026-03-30 14:54:59 | experiment | INFO |   Large run mode: False
2026-03-30 14:54:59 | experiment | INFO | ======================================================================
2026-03-30 14:54:59 | src.data.preprocessor | INFO |   Loaded processed data (in_memory): 2700 × 2000
2026-03-30 14:54:59 | experiment | WARNING | Processed cache check for pbmc3k: missing fingerprint in cached file (expected=71b5743c6829a83c). This likely came from an older preprocessing run.. Continuing with cached file /home/hpc/iwbn/iwbn129h/sc_autoencoder_project/data/processed/pbmc3k.h5ad; rerun preprocess to refresh.
2026-03-30 14:54:59 | experiment | INFO | 
Dataset: pbmc3k (2700 cells, K=9, requested_mode=in_memory, effective_mode=in_memory, label_source=unknown)
2026-03-30 14:54:59 | experiment | INFO | 
--- pbmc3k | ae:mse | d=2 | seed=42 ---
2026-03-30 14:54:59 | src.data.dataset | INFO |   Split: train=2160, val=270, test=270
2026-03-30 14:54:59 | src.data.dataset | INFO |   DataLoaders: train=2160, val=270, test=270, batch_size=256, layer=X, num_workers=0, pin_memory=True, preload=True
2026-03-30 14:55:16 | src.training.trainer | INFO |   TensorBoard logging to: /home/hpc/iwbn/iwbn129h/sc_autoencoder_project/logs/tensorboard/run_20260330T125459Z_j1561566_p1885948/pbmc3k/ae/mse/d_2/seed_42
2026-03-30 14:55:16 | src.training.trainer | INFO |   Training AE (d=2, loss=mse) on cuda for up to 20 epochs
2026-03-30 14:55:17 | src.training.trainer | INFO |     Epoch   1: train=0.414409, val=0.391394
2026-03-30 14:55:17 | src.training.trainer | INFO |     Epoch   2: train=0.375378, val=0.341088
2026-03-30 14:55:17 | src.training.trainer | INFO |     Epoch   3: train=0.323305, val=0.293164
2026-03-30 14:55:17 | src.training.trainer | INFO |     Epoch   4: train=0.285390, val=0.266806
2026-03-30 14:55:17 | src.training.trainer | INFO |     Epoch   5: train=0.266556, val=0.255066
2026-03-30 14:55:17 | src.training.trainer | INFO |     Epoch   6: train=0.258156, val=0.250019
2026-03-30 14:55:17 | src.training.trainer | INFO |     Epoch   7: train=0.254506, val=0.247587
2026-03-30 14:55:18 | src.training.trainer | INFO |     Epoch   8: train=0.251743, val=0.243729
2026-03-30 14:55:18 | src.training.trainer | INFO |     Epoch   9: train=0.246866, val=0.237365
2026-03-30 14:55:18 | src.training.trainer | INFO |     Epoch  10: train=0.240936, val=0.232254
2026-03-30 14:55:18 | src.training.trainer | INFO |     Epoch  11: train=0.237147, val=0.230091
2026-03-30 14:55:18 | src.training.trainer | INFO |     Epoch  12: train=0.235403, val=0.228900
2026-03-30 14:55:18 | src.training.trainer | INFO |     Epoch  13: train=0.234088, val=0.227761
2026-03-30 14:55:18 | src.training.trainer | INFO |     Epoch  14: train=0.232372, val=0.226277
2026-03-30 14:55:18 | src.training.trainer | INFO |     Epoch  15: train=0.230566, val=0.225292
2026-03-30 14:55:18 | src.training.trainer | INFO |     Epoch  16: train=0.229196, val=0.224183
2026-03-30 14:55:18 | src.training.trainer | INFO |     Epoch  17: train=0.228182, val=0.223545
2026-03-30 14:55:18 | src.training.trainer | INFO |     Epoch  18: train=0.227183, val=0.222630
2026-03-30 14:55:18 | src.training.trainer | INFO |     Epoch  19: train=0.226076, val=0.221753
2026-03-30 14:55:19 | src.training.trainer | INFO |     Epoch  20: train=0.224853, val=0.220822
2026-03-30 14:55:19 | src.training.trainer | INFO |   Training complete in 2.8s. Best val loss: 0.220822 (epoch 20)
2026-03-30 14:55:19 | src.evaluation.metrics | INFO |   Reconstruction loss (mse): 0.227036
2026-03-30 14:55:19 | src.evaluation.metrics | INFO |   Metrics: ARI=nan, AMI=nan, Sil(kmeans)=0.4392, Sil(labels)=nan [n_used=270/270]
2026-03-30 14:55:35 | src.evaluation.metrics | INFO |   Centrality variance: 0.003152 [mode=full, n_used=270/270]
2026-03-30 14:55:35 | experiment | INFO |   -> ARI=nan, AMI=nan, Sil=0.4392, Recon=0.227036, CentralityMode=full, CPUmem=2.2MB, Time=35.5s
2026-03-30 14:55:35 | experiment | INFO | 
--- pbmc3k | ae:mse | d=8 | seed=42 ---
2026-03-30 14:55:35 | src.data.dataset | INFO |   Split: train=2160, val=270, test=270
2026-03-30 14:55:35 | src.data.dataset | INFO |   DataLoaders: train=2160, val=270, test=270, batch_size=256, layer=X, num_workers=0, pin_memory=True, preload=True
2026-03-30 14:55:35 | src.training.trainer | INFO |   TensorBoard logging to: /home/hpc/iwbn/iwbn129h/sc_autoencoder_project/logs/tensorboard/run_20260330T125459Z_j1561566_p1885948/pbmc3k/ae/mse/d_8/seed_42
2026-03-30 14:55:35 | src.training.trainer | INFO |   Training AE (d=8, loss=mse) on cuda for up to 20 epochs
2026-03-30 14:55:35 | src.training.trainer | INFO |     Epoch   1: train=0.415212, val=0.384050
2026-03-30 14:55:35 | src.training.trainer | INFO |     Epoch   2: train=0.356670, val=0.314162
2026-03-30 14:55:35 | src.training.trainer | INFO |     Epoch   3: train=0.299387, val=0.274163
2026-03-30 14:55:35 | src.training.trainer | INFO |     Epoch   4: train=0.270724, val=0.257626
2026-03-30 14:55:35 | src.training.trainer | INFO |     Epoch   5: train=0.259800, val=0.251289
2026-03-30 14:55:35 | src.training.trainer | INFO |     Epoch   6: train=0.255788, val=0.249372
2026-03-30 14:55:36 | src.training.trainer | INFO |     Epoch   7: train=0.253937, val=0.247400
2026-03-30 14:55:36 | src.training.trainer | INFO |     Epoch   8: train=0.251819, val=0.243931
2026-03-30 14:55:36 | src.training.trainer | INFO |     Epoch   9: train=0.246914, val=0.236784
2026-03-30 14:55:36 | src.training.trainer | INFO |     Epoch  10: train=0.240317, val=0.231932
2026-03-30 14:55:36 | src.training.trainer | INFO |     Epoch  11: train=0.236795, val=0.229745
2026-03-30 14:55:36 | src.training.trainer | INFO |     Epoch  12: train=0.235306, val=0.228779
2026-03-30 14:55:36 | src.training.trainer | INFO |     Epoch  13: train=0.234228, val=0.227927
2026-03-30 14:55:36 | src.training.trainer | INFO |     Epoch  14: train=0.232677, val=0.226442
2026-03-30 14:55:36 | src.training.trainer | INFO |     Epoch  15: train=0.230380, val=0.224363
2026-03-30 14:55:36 | src.training.trainer | INFO |     Epoch  16: train=0.227985, val=0.222601
2026-03-30 14:55:36 | src.training.trainer | INFO |     Epoch  17: train=0.225697, val=0.220644
2026-03-30 14:55:36 | src.training.trainer | INFO |     Epoch  18: train=0.223690, val=0.219357
2026-03-30 14:55:36 | src.training.trainer | INFO |     Epoch  19: train=0.222668, val=0.218688
2026-03-30 14:55:37 | src.training.trainer | INFO |     Epoch  20: train=0.221981, val=0.218128
2026-03-30 14:55:37 | src.training.trainer | INFO |   Training complete in 1.6s. Best val loss: 0.218128 (epoch 20)
2026-03-30 14:55:37 | src.evaluation.metrics | INFO |   Reconstruction loss (mse): 0.224128
2026-03-30 14:55:37 | src.evaluation.metrics | INFO |   Metrics: ARI=nan, AMI=nan, Sil(kmeans)=0.4008, Sil(labels)=nan [n_used=270/270]
2026-03-30 14:55:37 | src.evaluation.metrics | INFO |   Centrality variance: 0.002965 [mode=full, n_used=270/270]
2026-03-30 14:55:37 | experiment | INFO |   -> ARI=nan, AMI=nan, Sil=0.4008, Recon=0.224128, CentralityMode=full, CPUmem=2.1MB, Time=1.7s
2026-03-30 14:55:37 | experiment | INFO | 
--- pbmc3k | ae:mse | d=16 | seed=42 ---
2026-03-30 14:55:37 | src.data.dataset | INFO |   Split: train=2160, val=270, test=270
2026-03-30 14:55:37 | src.data.dataset | INFO |   DataLoaders: train=2160, val=270, test=270, batch_size=256, layer=X, num_workers=0, pin_memory=True, preload=True
2026-03-30 14:55:37 | src.training.trainer | INFO |   TensorBoard logging to: /home/hpc/iwbn/iwbn129h/sc_autoencoder_project/logs/tensorboard/run_20260330T125459Z_j1561566_p1885948/pbmc3k/ae/mse/d_16/seed_42
2026-03-30 14:55:37 | src.training.trainer | INFO |   Training AE (d=16, loss=mse) on cuda for up to 20 epochs
2026-03-30 14:55:37 | src.training.trainer | INFO |     Epoch   1: train=0.415112, val=0.388562
2026-03-30 14:55:37 | src.training.trainer | INFO |     Epoch   2: train=0.363122, val=0.321392
2026-03-30 14:55:37 | src.training.trainer | INFO |     Epoch   3: train=0.304713, val=0.277487
2026-03-30 14:55:37 | src.training.trainer | INFO |     Epoch   4: train=0.272530, val=0.257778
2026-03-30 14:55:37 | src.training.trainer | INFO |     Epoch   5: train=0.260144, val=0.251538
2026-03-30 14:55:37 | src.training.trainer | INFO |     Epoch   6: train=0.255329, val=0.248115
2026-03-30 14:55:37 | src.training.trainer | INFO |     Epoch   7: train=0.252316, val=0.244386
2026-03-30 14:55:37 | src.training.trainer | INFO |     Epoch   8: train=0.247320, val=0.237547
2026-03-30 14:55:37 | src.training.trainer | INFO |     Epoch   9: train=0.240985, val=0.232495
2026-03-30 14:55:37 | src.training.trainer | INFO |     Epoch  10: train=0.237323, val=0.230281
2026-03-30 14:55:38 | src.training.trainer | INFO |     Epoch  11: train=0.235773, val=0.229330
2026-03-30 14:55:38 | src.training.trainer | INFO |     Epoch  12: train=0.234949, val=0.228675
2026-03-30 14:55:38 | src.training.trainer | INFO |     Epoch  13: train=0.233786, val=0.227308
2026-03-30 14:55:38 | src.training.trainer | INFO |     Epoch  14: train=0.231717, val=0.225293
2026-03-30 14:55:38 | src.training.trainer | INFO |     Epoch  15: train=0.229154, val=0.223567
2026-03-30 14:55:38 | src.training.trainer | INFO |     Epoch  16: train=0.227336, val=0.222340
2026-03-30 14:55:38 | src.training.trainer | INFO |     Epoch  17: train=0.225774, val=0.220809
2026-03-30 14:55:38 | src.training.trainer | INFO |     Epoch  18: train=0.223996, val=0.219171
2026-03-30 14:55:38 | src.training.trainer | INFO |     Epoch  19: train=0.222443, val=0.218182
2026-03-30 14:55:38 | src.training.trainer | INFO |     Epoch  20: train=0.221572, val=0.217420
2026-03-30 14:55:38 | src.training.trainer | INFO |   Training complete in 1.6s. Best val loss: 0.217420 (epoch 20)
2026-03-30 14:55:38 | src.evaluation.metrics | INFO |   Reconstruction loss (mse): 0.223450
2026-03-30 14:55:38 | src.evaluation.metrics | INFO |   Metrics: ARI=nan, AMI=nan, Sil(kmeans)=0.4182, Sil(labels)=nan [n_used=270/270]
2026-03-30 14:55:38 | src.evaluation.metrics | INFO |   Centrality variance: 0.003069 [mode=full, n_used=270/270]
2026-03-30 14:55:38 | experiment | INFO |   -> ARI=nan, AMI=nan, Sil=0.4182, Recon=0.223450, CentralityMode=full, CPUmem=2.1MB, Time=1.8s
2026-03-30 14:55:38 | experiment | INFO | 
--- pbmc3k | vae:mse | d=2 | seed=42 ---
2026-03-30 14:55:38 | src.data.dataset | INFO |   Split: train=2160, val=270, test=270
2026-03-30 14:55:38 | src.data.dataset | INFO |   DataLoaders: train=2160, val=270, test=270, batch_size=256, layer=X, num_workers=0, pin_memory=True, preload=True
2026-03-30 14:55:38 | src.training.trainer | INFO |   TensorBoard logging to: /home/hpc/iwbn/iwbn129h/sc_autoencoder_project/logs/tensorboard/run_20260330T125459Z_j1561566_p1885948/pbmc3k/vae/mse/d_2/seed_42
2026-03-30 14:55:38 | src.training.trainer | INFO |   Training VAE (d=2, loss=mse) on cuda for up to 20 epochs
2026-03-30 14:55:39 | src.training.trainer | INFO |     Epoch   1: train=0.424011, val=0.395879 (recon=0.4186, kl=0.0054)
2026-03-30 14:55:39 | src.training.trainer | INFO |     Epoch   2: train=0.372325, val=0.353010 (recon=0.3716, kl=0.0007)
2026-03-30 14:55:39 | src.training.trainer | INFO |     Epoch   3: train=0.331959, val=0.314748 (recon=0.3315, kl=0.0005)
2026-03-30 14:55:39 | src.training.trainer | INFO |     Epoch   4: train=0.303102, val=0.291557 (recon=0.3028, kl=0.0003)
2026-03-30 14:55:39 | src.training.trainer | INFO |     Epoch   5: train=0.283861, val=0.275540 (recon=0.2836, kl=0.0003)
2026-03-30 14:55:39 | src.training.trainer | INFO |     Epoch   6: train=0.272670, val=0.266136 (recon=0.2725, kl=0.0002)
2026-03-30 14:55:39 | src.training.trainer | INFO |     Epoch   7: train=0.267761, val=0.262015 (recon=0.2676, kl=0.0001)
2026-03-30 14:55:40 | src.training.trainer | INFO |     Epoch   8: train=0.265373, val=0.260057 (recon=0.2653, kl=0.0001)
2026-03-30 14:55:40 | src.training.trainer | INFO |     Epoch   9: train=0.264277, val=0.258682 (recon=0.2642, kl=0.0001)
2026-03-30 14:55:40 | src.training.trainer | INFO |     Epoch  10: train=0.263782, val=0.258358 (recon=0.2637, kl=0.0001)
2026-03-30 14:55:40 | src.training.trainer | INFO |     Epoch  11: train=0.263378, val=0.257851 (recon=0.2633, kl=0.0001)
2026-03-30 14:55:40 | src.training.trainer | INFO |     Epoch  12: train=0.263156, val=0.257569 (recon=0.2631, kl=0.0000)
2026-03-30 14:55:40 | src.training.trainer | INFO |     Epoch  13: train=0.262949, val=0.257511 (recon=0.2629, kl=0.0000)
2026-03-30 14:55:40 | src.training.trainer | INFO |     Epoch  14: train=0.262880, val=0.257314 (recon=0.2628, kl=0.0000)
2026-03-30 14:55:40 | src.training.trainer | INFO |     Epoch  15: train=0.262894, val=0.257382 (recon=0.2629, kl=0.0000)
2026-03-30 14:55:40 | src.training.trainer | INFO |     Epoch  16: train=0.262882, val=0.257284 (recon=0.2629, kl=0.0000)
2026-03-30 14:55:40 | src.training.trainer | INFO |     Epoch  17: train=0.262906, val=0.257224 (recon=0.2629, kl=0.0000)
2026-03-30 14:55:40 | src.training.trainer | INFO |     Epoch  18: train=0.262849, val=0.257301 (recon=0.2628, kl=0.0000)
2026-03-30 14:55:40 | src.training.trainer | INFO |     Epoch  19: train=0.262786, val=0.257185 (recon=0.2628, kl=0.0000)
2026-03-30 14:55:41 | src.training.trainer | INFO |     Epoch  20: train=0.262803, val=0.257217 (recon=0.2628, kl=0.0000)
2026-03-30 14:55:41 | src.training.trainer | INFO |   Training complete in 2.0s. Best val loss: 0.257185 (epoch 19)
2026-03-30 14:55:41 | src.evaluation.metrics | INFO |   Reconstruction loss (mse): 0.267802
2026-03-30 14:55:41 | src.evaluation.metrics | INFO |   VAE ELBO (mse): -0.267873
2026-03-30 14:55:41 | src.evaluation.metrics | INFO |   Metrics: ARI=nan, AMI=nan, Sil(kmeans)=0.3575, Sil(labels)=nan [n_used=270/270]
2026-03-30 14:55:41 | src.evaluation.metrics | INFO |   Centrality variance: 0.001969 [mode=full, n_used=270/270]
2026-03-30 14:55:41 | experiment | INFO |   -> ARI=nan, AMI=nan, Sil=0.3575, Recon=0.267802, CentralityMode=full, CPUmem=2.1MB, Time=2.2s
2026-03-30 14:55:41 | experiment | INFO | 
--- pbmc3k | vae:mse | d=8 | seed=42 ---
2026-03-30 14:55:41 | src.data.dataset | INFO |   Split: train=2160, val=270, test=270
2026-03-30 14:55:41 | src.data.dataset | INFO |   DataLoaders: train=2160, val=270, test=270, batch_size=256, layer=X, num_workers=0, pin_memory=True, preload=True
2026-03-30 14:55:41 | src.training.trainer | INFO |   TensorBoard logging to: /home/hpc/iwbn/iwbn129h/sc_autoencoder_project/logs/tensorboard/run_20260330T125459Z_j1561566_p1885948/pbmc3k/vae/mse/d_8/seed_42
2026-03-30 14:55:41 | src.training.trainer | INFO |   Training VAE (d=8, loss=mse) on cuda for up to 20 epochs
2026-03-30 14:55:41 | src.training.trainer | INFO |     Epoch   1: train=0.437352, val=0.409666 (recon=0.4182, kl=0.0191)
2026-03-30 14:55:41 | src.training.trainer | INFO |     Epoch   2: train=0.382931, val=0.382880 (recon=0.3794, kl=0.0035)
2026-03-30 14:55:41 | src.training.trainer | INFO |     Epoch   3: train=0.342700, val=0.355663 (recon=0.3410, kl=0.0017)
2026-03-30 14:55:41 | src.training.trainer | INFO |     Epoch   4: train=0.312596, val=0.338505 (recon=0.3116, kl=0.0010)
2026-03-30 14:55:41 | src.training.trainer | INFO |     Epoch   5: train=0.291860, val=0.322645 (recon=0.2912, kl=0.0007)
2026-03-30 14:55:41 | src.training.trainer | INFO |     Epoch   6: train=0.278749, val=0.311042 (recon=0.2782, kl=0.0005)
2026-03-30 14:55:41 | src.training.trainer | INFO |     Epoch   7: train=0.272153, val=0.302824 (recon=0.2718, kl=0.0004)
2026-03-30 14:55:41 | src.training.trainer | INFO |     Epoch   8: train=0.270282, val=0.297665 (recon=0.2700, kl=0.0003)
2026-03-30 14:55:42 | src.training.trainer | INFO |     Epoch   9: train=0.268941, val=0.291836 (recon=0.2687, kl=0.0002)
2026-03-30 14:55:42 | src.training.trainer | INFO |     Epoch  10: train=0.267687, val=0.288724 (recon=0.2675, kl=0.0002)
2026-03-30 14:55:42 | src.training.trainer | INFO |     Epoch  11: train=0.266368, val=0.283099 (recon=0.2662, kl=0.0002)
2026-03-30 14:55:42 | src.training.trainer | INFO |     Epoch  12: train=0.266299, val=0.279571 (recon=0.2661, kl=0.0001)
2026-03-30 14:55:42 | src.training.trainer | INFO |     Epoch  13: train=0.265920, val=0.275935 (recon=0.2658, kl=0.0001)
2026-03-30 14:55:42 | src.training.trainer | INFO |     Epoch  14: train=0.265285, val=0.273445 (recon=0.2652, kl=0.0001)
2026-03-30 14:55:42 | src.training.trainer | INFO |     Epoch  15: train=0.264721, val=0.270968 (recon=0.2646, kl=0.0001)
2026-03-30 14:55:42 | src.training.trainer | INFO |     Epoch  16: train=0.264514, val=0.268450 (recon=0.2644, kl=0.0001)
2026-03-30 14:55:42 | src.training.trainer | INFO |     Epoch  17: train=0.264425, val=0.266399 (recon=0.2644, kl=0.0001)
2026-03-30 14:55:42 | src.training.trainer | INFO |     Epoch  18: train=0.264223, val=0.264693 (recon=0.2642, kl=0.0001)
2026-03-30 14:55:42 | src.training.trainer | INFO |     Epoch  19: train=0.263659, val=0.263803 (recon=0.2636, kl=0.0001)
2026-03-30 14:55:43 | src.training.trainer | INFO |     Epoch  20: train=0.263652, val=0.262139 (recon=0.2636, kl=0.0000)
2026-03-30 14:55:43 | src.training.trainer | INFO |   Training complete in 1.9s. Best val loss: 0.262139 (epoch 20)
2026-03-30 14:55:43 | src.evaluation.metrics | INFO |   Reconstruction loss (mse): 0.273212
2026-03-30 14:55:43 | src.evaluation.metrics | INFO |   VAE ELBO (mse): -0.273497
2026-03-30 14:55:43 | src.evaluation.metrics | INFO |   Metrics: ARI=nan, AMI=nan, Sil(kmeans)=0.1724, Sil(labels)=nan [n_used=270/270]
2026-03-30 14:55:43 | src.evaluation.metrics | INFO |   Centrality variance: 0.000835 [mode=full, n_used=270/270]
2026-03-30 14:55:43 | experiment | INFO |   -> ARI=nan, AMI=nan, Sil=0.1724, Recon=0.273212, CentralityMode=full, CPUmem=2.1MB, Time=2.0s
2026-03-30 14:55:43 | experiment | INFO | 
--- pbmc3k | vae:mse | d=16 | seed=42 ---
2026-03-30 14:55:43 | src.data.dataset | INFO |   Split: train=2160, val=270, test=270
2026-03-30 14:55:43 | src.data.dataset | INFO |   DataLoaders: train=2160, val=270, test=270, batch_size=256, layer=X, num_workers=0, pin_memory=True, preload=True
2026-03-30 14:55:43 | src.training.trainer | INFO |   TensorBoard logging to: /home/hpc/iwbn/iwbn129h/sc_autoencoder_project/logs/tensorboard/run_20260330T125459Z_j1561566_p1885948/pbmc3k/vae/mse/d_16/seed_42
2026-03-30 14:55:43 | src.training.trainer | INFO |   Training VAE (d=16, loss=mse) on cuda for up to 20 epochs
2026-03-30 14:55:43 | src.training.trainer | INFO |     Epoch   1: train=0.451545, val=0.415991 (recon=0.4166, kl=0.0349)
2026-03-30 14:55:43 | src.training.trainer | INFO |     Epoch   2: train=0.384278, val=0.382447 (recon=0.3763, kl=0.0080)
2026-03-30 14:55:43 | src.training.trainer | INFO |     Epoch   3: train=0.339984, val=0.354651 (recon=0.3361, kl=0.0038)
2026-03-30 14:55:43 | src.training.trainer | INFO |     Epoch   4: train=0.308932, val=0.338960 (recon=0.3063, kl=0.0026)
2026-03-30 14:55:43 | src.training.trainer | INFO |     Epoch   5: train=0.288650, val=0.325710 (recon=0.2869, kl=0.0018)
2026-03-30 14:55:43 | src.training.trainer | INFO |     Epoch   6: train=0.277418, val=0.316864 (recon=0.2761, kl=0.0013)
2026-03-30 14:55:43 | src.training.trainer | INFO |     Epoch   7: train=0.271485, val=0.311215 (recon=0.2705, kl=0.0010)
2026-03-30 14:55:43 | src.training.trainer | INFO |     Epoch   8: train=0.268586, val=0.308005 (recon=0.2678, kl=0.0008)
2026-03-30 14:55:44 | src.training.trainer | INFO |     Epoch   9: train=0.267572, val=0.304261 (recon=0.2669, kl=0.0007)
2026-03-30 14:55:44 | src.training.trainer | INFO |     Epoch  10: train=0.266991, val=0.301618 (recon=0.2664, kl=0.0006)
2026-03-30 14:55:44 | src.training.trainer | INFO |     Epoch  11: train=0.266585, val=0.298026 (recon=0.2661, kl=0.0005)
2026-03-30 14:55:44 | src.training.trainer | INFO |     Epoch  12: train=0.266492, val=0.295740 (recon=0.2661, kl=0.0004)
2026-03-30 14:55:44 | src.training.trainer | INFO |     Epoch  13: train=0.265736, val=0.291693 (recon=0.2654, kl=0.0004)
2026-03-30 14:55:44 | src.training.trainer | INFO |     Epoch  14: train=0.265519, val=0.290308 (recon=0.2652, kl=0.0003)
2026-03-30 14:55:44 | src.training.trainer | INFO |     Epoch  15: train=0.265327, val=0.287665 (recon=0.2650, kl=0.0003)
2026-03-30 14:55:44 | src.training.trainer | INFO |     Epoch  16: train=0.265227, val=0.285148 (recon=0.2650, kl=0.0003)
2026-03-30 14:55:44 | src.training.trainer | INFO |     Epoch  17: train=0.264962, val=0.282641 (recon=0.2647, kl=0.0002)
2026-03-30 14:55:44 | src.training.trainer | INFO |     Epoch  18: train=0.264840, val=0.280865 (recon=0.2646, kl=0.0002)
2026-03-30 14:55:44 | src.training.trainer | INFO |     Epoch  19: train=0.264865, val=0.278783 (recon=0.2647, kl=0.0002)
2026-03-30 14:55:44 | src.training.trainer | INFO |     Epoch  20: train=0.264512, val=0.277112 (recon=0.2643, kl=0.0002)
2026-03-30 14:55:44 | src.training.trainer | INFO |   Training complete in 1.8s. Best val loss: 0.277112 (epoch 20)
2026-03-30 14:55:44 | src.evaluation.metrics | INFO |   Reconstruction loss (mse): 0.288353
2026-03-30 14:55:44 | src.evaluation.metrics | INFO |   VAE ELBO (mse): -0.289212
2026-03-30 14:55:45 | src.evaluation.metrics | INFO |   Metrics: ARI=nan, AMI=nan, Sil(kmeans)=0.1224, Sil(labels)=nan [n_used=270/270]
2026-03-30 14:55:45 | src.evaluation.metrics | INFO |   Centrality variance: 0.000863 [mode=full, n_used=270/270]
2026-03-30 14:55:45 | experiment | INFO |   -> ARI=nan, AMI=nan, Sil=0.1224, Recon=0.288353, CentralityMode=full, CPUmem=2.1MB, Time=1.9s
2026-03-30 14:55:45 | experiment | INFO | 
--- pbmc3k | scvi:nb | d=2 | seed=42 ---
2026-03-30 14:55:45 | src.data.dataset | INFO |   Split: train=2160, val=270, test=270
2026-03-30 14:55:57 | lightning.fabric.utilities.seed | INFO | [rank: 0] Seed set to 42
2026-03-30 14:55:57 | src.models.scvi_wrapper | INFO |   scVI setup: d=2, likelihood=nb, hidden=128, layers=2, batch_key=None
2026-03-30 14:56:00 | src.models.scvi_wrapper | INFO |   scVI TensorBoard logging to: /home/hpc/iwbn/iwbn129h/sc_autoencoder_project/logs/tensorboard/run_20260330T125459Z_j1561566_p1885948/pbmc3k/scvi/nb/d_2/seed_42
2026-03-30 14:56:00 | pytorch_lightning.utilities.rank_zero | INFO | GPU available: True (cuda), used: True
2026-03-30 14:56:00 | pytorch_lightning.utilities.rank_zero | INFO | TPU available: False, using: 0 TPU cores
2026-03-30 14:56:00 | pytorch_lightning.utilities.rank_zero | INFO | 💡 Tip: For seamless cloud logging and experiment tracking, try installing [litlogger](https://pypi.org/project/litlogger/) to enable LitLogger, which logs metrics and artifacts automatically to the Lightning Experiments platform.
2026-03-30 14:56:00 | lightning.pytorch.accelerators.cuda | INFO | LOCAL_RANK: 0 - CUDA_VISIBLE_DEVICES: [0]
2026-03-30 14:56:00 | src.models.scvi_wrapper | INFO |     scVI Epoch   1/20: train=1192.603882, val=1262.598389
2026-03-30 14:56:01 | src.models.scvi_wrapper | INFO |     scVI Epoch   2/20: train=911.936951, val=1193.648438
2026-03-30 14:56:01 | src.models.scvi_wrapper | INFO |     scVI Epoch   3/20: train=781.857361, val=1104.751099
2026-03-30 14:56:01 | src.models.scvi_wrapper | INFO |     scVI Epoch   4/20: train=723.417236, val=993.661987
2026-03-30 14:56:01 | src.models.scvi_wrapper | INFO |     scVI Epoch   5/20: train=697.567871, val=924.876404
2026-03-30 14:56:01 | src.models.scvi_wrapper | INFO |     scVI Epoch   6/20: train=686.023926, val=865.338257
2026-03-30 14:56:02 | src.models.scvi_wrapper | INFO |     scVI Epoch   7/20: train=678.310547, val=826.836792
2026-03-30 14:56:02 | src.models.scvi_wrapper | INFO |     scVI Epoch   8/20: train=674.687927, val=787.301025
2026-03-30 14:56:02 | src.models.scvi_wrapper | INFO |     scVI Epoch   9/20: train=673.365051, val=767.405518
2026-03-30 14:56:02 | src.models.scvi_wrapper | INFO |     scVI Epoch  10/20: train=668.966187, val=753.612793
2026-03-30 14:56:03 | src.models.scvi_wrapper | INFO |     scVI Epoch  11/20: train=666.308838, val=726.829712
2026-03-30 14:56:03 | src.models.scvi_wrapper | INFO |     scVI Epoch  12/20: train=665.045410, val=721.528076
2026-03-30 14:56:03 | src.models.scvi_wrapper | INFO |     scVI Epoch  13/20: train=664.672302, val=719.898926
2026-03-30 14:56:03 | src.models.scvi_wrapper | INFO |     scVI Epoch  14/20: train=663.367004, val=709.479065
2026-03-30 14:56:03 | src.models.scvi_wrapper | INFO |     scVI Epoch  15/20: train=662.053650, val=701.045227
2026-03-30 14:56:04 | src.models.scvi_wrapper | INFO |     scVI Epoch  16/20: train=661.000061, val=693.106384
2026-03-30 14:56:04 | src.models.scvi_wrapper | INFO |     scVI Epoch  17/20: train=659.682617, val=693.360535
2026-03-30 14:56:04 | src.models.scvi_wrapper | INFO |     scVI Epoch  18/20: train=658.983704, val=689.365784
2026-03-30 14:56:04 | src.models.scvi_wrapper | INFO |     scVI Epoch  19/20: train=658.231018, val=685.331299
2026-03-30 14:56:04 | src.models.scvi_wrapper | INFO |     scVI Epoch  20/20: train=657.722473, val=685.712769
2026-03-30 14:56:04 | pytorch_lightning.utilities.rank_zero | INFO | `Trainer.fit` stopped: `max_epochs=20` reached.
2026-03-30 14:56:04 | src.models.scvi_wrapper | INFO |   scVI training complete: 20 epochs in 4.8s
[34mINFO    [0m Input AnnData not setup with scvi-tools. attempting to transfer AnnData
         setup                                                                  
2026-03-30 14:56:05 | src.evaluation.metrics | INFO |   Metrics: ARI=nan, AMI=nan, Sil(kmeans)=0.4949, Sil(labels)=nan [n_used=270/270]
2026-03-30 14:56:05 | src.evaluation.metrics | INFO |   Centrality variance: 0.003407 [mode=full, n_used=270/270]
2026-03-30 14:56:05 | experiment | INFO |   -> ARI=nan, AMI=nan, Sil=0.4949, Recon=683.434021, CentralityMode=full, CPUmem=nanMB, Time=20.0s
2026-03-30 14:56:05 | experiment | INFO | 
--- pbmc3k | scvi:nb | d=8 | seed=42 ---
2026-03-30 14:56:05 | src.data.dataset | INFO |   Split: train=2160, val=270, test=270
2026-03-30 14:56:05 | lightning.fabric.utilities.seed | INFO | [rank: 0] Seed set to 42
2026-03-30 14:56:05 | src.models.scvi_wrapper | INFO |   scVI setup: d=8, likelihood=nb, hidden=128, layers=2, batch_key=None
2026-03-30 14:56:05 | src.models.scvi_wrapper | INFO |   scVI TensorBoard logging to: /home/hpc/iwbn/iwbn129h/sc_autoencoder_project/logs/tensorboard/run_20260330T125459Z_j1561566_p1885948/pbmc3k/scvi/nb/d_8/seed_42
2026-03-30 14:56:05 | pytorch_lightning.utilities.rank_zero | INFO | GPU available: True (cuda), used: True
2026-03-30 14:56:05 | pytorch_lightning.utilities.rank_zero | INFO | TPU available: False, using: 0 TPU cores
2026-03-30 14:56:05 | pytorch_lightning.utilities.rank_zero | INFO | 💡 Tip: For seamless cloud logging and experiment tracking, try installing [litlogger](https://pypi.org/project/litlogger/) to enable LitLogger, which logs metrics and artifacts automatically to the Lightning Experiments platform.
2026-03-30 14:56:05 | lightning.pytorch.accelerators.cuda | INFO | LOCAL_RANK: 0 - CUDA_VISIBLE_DEVICES: [0]
2026-03-30 14:56:05 | src.models.scvi_wrapper | INFO |     scVI Epoch   1/20: train=1226.358643, val=1274.847168
2026-03-30 14:56:05 | src.models.scvi_wrapper | INFO |     scVI Epoch   2/20: train=936.329651, val=1187.124023
2026-03-30 14:56:05 | src.models.scvi_wrapper | INFO |     scVI Epoch   3/20: train=795.387329, val=1121.215698
2026-03-30 14:56:05 | src.models.scvi_wrapper | INFO |     scVI Epoch   4/20: train=729.507141, val=1032.516113
2026-03-30 14:56:06 | src.models.scvi_wrapper | INFO |     scVI Epoch   5/20: train=698.516052, val=930.561035
2026-03-30 14:56:06 | src.models.scvi_wrapper | INFO |     scVI Epoch   6/20: train=686.234314, val=887.962402
2026-03-30 14:56:06 | src.models.scvi_wrapper | INFO |     scVI Epoch   7/20: train=677.106445, val=838.929688
2026-03-30 14:56:06 | src.models.scvi_wrapper | INFO |     scVI Epoch   8/20: train=671.527344, val=809.106934
2026-03-30 14:56:06 | src.models.scvi_wrapper | INFO |     scVI Epoch   9/20: train=667.963623, val=777.558044
2026-03-30 14:56:07 | src.models.scvi_wrapper | INFO |     scVI Epoch  10/20: train=665.525330, val=754.595459
2026-03-30 14:56:07 | src.models.scvi_wrapper | INFO |     scVI Epoch  11/20: train=662.598999, val=742.970825
2026-03-30 14:56:07 | src.models.scvi_wrapper | INFO |     scVI Epoch  12/20: train=660.901428, val=730.487427
2026-03-30 14:56:07 | src.models.scvi_wrapper | INFO |     scVI Epoch  13/20: train=659.466492, val=722.831726
2026-03-30 14:56:08 | src.models.scvi_wrapper | INFO |     scVI Epoch  14/20: train=658.110718, val=711.244812
2026-03-30 14:56:08 | src.models.scvi_wrapper | INFO |     scVI Epoch  15/20: train=656.459473, val=705.668274
2026-03-30 14:56:08 | src.models.scvi_wrapper | INFO |     scVI Epoch  16/20: train=654.634949, val=703.328979
2026-03-30 14:56:08 | src.models.scvi_wrapper | INFO |     scVI Epoch  17/20: train=652.991516, val=695.941833
2026-03-30 14:56:08 | src.models.scvi_wrapper | INFO |     scVI Epoch  18/20: train=651.747803, val=692.511292
2026-03-30 14:56:09 | src.models.scvi_wrapper | INFO |     scVI Epoch  19/20: train=650.745178, val=692.692871
2026-03-30 14:56:09 | src.models.scvi_wrapper | INFO |     scVI Epoch  20/20: train=649.031250, val=687.483582
2026-03-30 14:56:09 | pytorch_lightning.utilities.rank_zero | INFO | `Trainer.fit` stopped: `max_epochs=20` reached.
2026-03-30 14:56:09 | src.models.scvi_wrapper | INFO |   scVI training complete: 20 epochs in 4.2s
[34mINFO    [0m Input AnnData not setup with scvi-tools. attempting to transfer AnnData
         setup                                                                  
2026-03-30 14:56:09 | src.evaluation.metrics | INFO |   Metrics: ARI=nan, AMI=nan, Sil(kmeans)=0.4146, Sil(labels)=nan [n_used=270/270]
2026-03-30 14:56:09 | src.evaluation.metrics | INFO |   Centrality variance: 0.003232 [mode=full, n_used=270/270]
2026-03-30 14:56:09 | experiment | INFO |   -> ARI=nan, AMI=nan, Sil=0.4146, Recon=686.088074, CentralityMode=full, CPUmem=nanMB, Time=4.4s
2026-03-30 14:56:09 | experiment | INFO | 
--- pbmc3k | scvi:nb | d=16 | seed=42 ---
2026-03-30 14:56:09 | src.data.dataset | INFO |   Split: train=2160, val=270, test=270
2026-03-30 14:56:09 | lightning.fabric.utilities.seed | INFO | [rank: 0] Seed set to 42
2026-03-30 14:56:09 | src.models.scvi_wrapper | INFO |   scVI setup: d=16, likelihood=nb, hidden=128, layers=2, batch_key=None
2026-03-30 14:56:09 | src.models.scvi_wrapper | INFO |   scVI TensorBoard logging to: /home/hpc/iwbn/iwbn129h/sc_autoencoder_project/logs/tensorboard/run_20260330T125459Z_j1561566_p1885948/pbmc3k/scvi/nb/d_16/seed_42
2026-03-30 14:56:09 | pytorch_lightning.utilities.rank_zero | INFO | GPU available: True (cuda), used: True
2026-03-30 14:56:09 | pytorch_lightning.utilities.rank_zero | INFO | TPU available: False, using: 0 TPU cores
2026-03-30 14:56:09 | pytorch_lightning.utilities.rank_zero | INFO | 💡 Tip: For seamless cloud logging and experiment tracking, try installing [litlogger](https://pypi.org/project/litlogger/) to enable LitLogger, which logs metrics and artifacts automatically to the Lightning Experiments platform.
2026-03-30 14:56:09 | lightning.pytorch.accelerators.cuda | INFO | LOCAL_RANK: 0 - CUDA_VISIBLE_DEVICES: [0]
2026-03-30 14:56:09 | src.models.scvi_wrapper | INFO |     scVI Epoch   1/20: train=1242.630127, val=1273.015381
2026-03-30 14:56:09 | src.models.scvi_wrapper | INFO |     scVI Epoch   2/20: train=956.664246, val=1198.581543
2026-03-30 14:56:10 | src.models.scvi_wrapper | INFO |     scVI Epoch   3/20: train=812.555115, val=1160.630249
2026-03-30 14:56:10 | src.models.scvi_wrapper | INFO |     scVI Epoch   4/20: train=738.650513, val=1081.005249
2026-03-30 14:56:10 | src.models.scvi_wrapper | INFO |     scVI Epoch   5/20: train=702.848572, val=993.480774
2026-03-30 14:56:10 | src.models.scvi_wrapper | INFO |     scVI Epoch   6/20: train=684.269897, val=913.530396
2026-03-30 14:56:11 | src.models.scvi_wrapper | INFO |     scVI Epoch   7/20: train=674.871216, val=857.872925
2026-03-30 14:56:11 | src.models.scvi_wrapper | INFO |     scVI Epoch   8/20: train=670.368530, val=819.733093
2026-03-30 14:56:11 | src.models.scvi_wrapper | INFO |     scVI Epoch   9/20: train=666.696716, val=794.246582
2026-03-30 14:56:11 | src.models.scvi_wrapper | INFO |     scVI Epoch  10/20: train=663.771912, val=763.935852
2026-03-30 14:56:11 | src.models.scvi_wrapper | INFO |     scVI Epoch  11/20: train=662.276123, val=747.818604
2026-03-30 14:56:12 | src.models.scvi_wrapper | INFO |     scVI Epoch  12/20: train=659.296082, val=733.834412
2026-03-30 14:56:12 | src.models.scvi_wrapper | INFO |     scVI Epoch  13/20: train=657.916504, val=723.510254
2026-03-30 14:56:12 | src.models.scvi_wrapper | INFO |     scVI Epoch  14/20: train=656.842896, val=713.806152
2026-03-30 14:56:12 | src.models.scvi_wrapper | INFO |     scVI Epoch  15/20: train=655.289734, val=706.236633
2026-03-30 14:56:12 | src.models.scvi_wrapper | INFO |     scVI Epoch  16/20: train=653.355835, val=696.538330
2026-03-30 14:56:13 | src.models.scvi_wrapper | INFO |     scVI Epoch  17/20: train=651.474548, val=692.479614
2026-03-30 14:56:13 | src.models.scvi_wrapper | INFO |     scVI Epoch  18/20: train=650.174744, val=691.570190
2026-03-30 14:56:13 | src.models.scvi_wrapper | INFO |     scVI Epoch  19/20: train=648.622498, val=686.689514
2026-03-30 14:56:13 | src.models.scvi_wrapper | INFO |     scVI Epoch  20/20: train=647.231995, val=683.697327
2026-03-30 14:56:13 | pytorch_lightning.utilities.rank_zero | INFO | `Trainer.fit` stopped: `max_epochs=20` reached.
2026-03-30 14:56:13 | src.models.scvi_wrapper | INFO |   scVI training complete: 20 epochs in 4.3s
[34mINFO    [0m Input AnnData not setup with scvi-tools. attempting to transfer AnnData
         setup                                                                  
2026-03-30 14:56:13 | src.evaluation.metrics | INFO |   Metrics: ARI=nan, AMI=nan, Sil(kmeans)=0.4023, Sil(labels)=nan [n_used=270/270]
2026-03-30 14:56:14 | src.evaluation.metrics | INFO |   Centrality variance: 0.003049 [mode=full, n_used=270/270]
2026-03-30 14:56:14 | experiment | INFO |   -> ARI=nan, AMI=nan, Sil=0.4023, Recon=680.461182, CentralityMode=full, CPUmem=nanMB, Time=4.5s
2026-03-30 14:56:14 | experiment | INFO |   Dataset results saved: /home/hpc/iwbn/iwbn129h/sc_autoencoder_project/results/datasets/pbmc3k/tables/experiment_results.csv (9 rows)
2026-03-30 14:56:14 | experiment | INFO | 
======================================================================
2026-03-30 14:56:14 | experiment | INFO | EXPERIMENT COMPLETE — run_20260330T125459Z_j1561566_p1885948
2026-03-30 14:56:14 | experiment | INFO | ======================================================================
2026-03-30 14:56:14 | experiment | INFO |   Total runs:    9
2026-03-30 14:56:14 | experiment | INFO |   Successful:    9
2026-03-30 14:56:14 | experiment | INFO |   Failed:        0
2026-03-30 14:56:14 | experiment | INFO |   Completed:     2026-03-30T12:56:14.050706Z
2026-03-30 14:56:14 | experiment | INFO | 
2026-03-30 14:56:14 | experiment | INFO |   Output files:
2026-03-30 14:56:14 | experiment | INFO |     Global CSV:  results/global/tables/phase1_pbmc3k_quick_results.csv
2026-03-30 14:56:14 | experiment | INFO |     Run dir:     /home/hpc/iwbn/iwbn129h/sc_autoencoder_project/results/runs/run_20260330T125459Z_j1561566_p1885948/
2026-03-30 14:56:14 | experiment | INFO |     TensorBoard: /home/hpc/iwbn/iwbn129h/sc_autoencoder_project/logs/tensorboard/run_20260330T125459Z_j1561566_p1885948/ (9 event files)
2026-03-30 14:56:14 | experiment | INFO |     View TB:     tensorboard --logdir /home/hpc/iwbn/iwbn129h/sc_autoencoder_project/logs/tensorboard
2026-03-30 14:56:14 | experiment | INFO | ======================================================================
=== JOB_STATISTICS ===
=== current date     : Mon Mar 30 02:56:16 PM CEST 2026
= Job-ID             : 1561566 on tinygpu
= Job-Name           : phase1_pbmc3k
= Job-Command        : /home/hpc/iwbn/iwbn129h/sc_autoencoder_project/jobs/phase1_pbmc3k_quick.sbatch
= Initial workdir    : /home/hpc/iwbn/iwbn129h/sc_autoencoder_project
= Queue/Partition    : a100
= Slurm account      : iwbn with QOS=normal
= Requested resources:  for 01:00:00
= Elapsed runtime    : 00:02:11
= Total RAM usage    : 2.1 GiB of requested  GiB (%)   
= Node list          : tg091
= Subm/Elig/Start/End: 2026-03-30T14:29:34 / 2026-03-30T14:29:34 / 2026-03-30T14:54:05 / 2026-03-30T14:56:16
======================
=== Quota infos ======
    Path                 Used     SoftQ    HardQ    Gracetime  Filec    FileQ    FiHaQ    FileGrace    
    /home/hpc              35.5G   104.9G   209.7G        N/A      62K     500K   1,000K        N/A    
    /home/woody             9.6G  1000.0G  1500.0G        N/A      61K   5,000K   7,500K        N/A    
    /home/vault             0.0K  1048.6G  2097.2G        N/A       1      200K     400K        N/A    
======================
=== GPU utilization ==
gpu_name, gpu_bus_id, pid, gpu_utilization [%], mem_utilization [%], max_memory_usage [MiB], time [ms]
NVIDIA A100-SXM4-40GB, 00000000:41:00.0, 1885948, 3 %, 0 %, 570 MiB, 77260 ms
