### Starting TaskPrologue of job 1562689 on tg091 at Wed Apr  1 09:36:54 PM CEST 2026
Running on cores 0-31 with governor ondemand
Wed Apr  1 21:36:54 2026       
+-----------------------------------------------------------------------------------------+
| NVIDIA-SMI 580.126.20             Driver Version: 580.126.20     CUDA Version: 13.0     |
+-----------------------------------------+------------------------+----------------------+
| GPU  Name                 Persistence-M | Bus-Id          Disp.A | Volatile Uncorr. ECC |
| Fan  Temp   Perf          Pwr:Usage/Cap |           Memory-Usage | GPU-Util  Compute M. |
|                                         |                        |               MIG M. |
|=========================================+========================+======================|
|   0  NVIDIA A100-SXM4-40GB          On  |   00000000:01:00.0 Off |                    0 |
| N/A   44C    P0             57W /  400W |       0MiB /  40960MiB |      0%      Default |
|                                         |                        |             Disabled |
+-----------------------------------------+------------------------+----------------------+

+-----------------------------------------------------------------------------------------+
| Processes:                                                                              |
|  GPU   GI   CI              PID   Type   Process name                        GPU Memory |
|        ID   ID                                                               Usage      |
|=========================================================================================|
|  No running processes found                                                             |
+-----------------------------------------------------------------------------------------+
### Finished TaskPrologue

WARN: conda env scvi_env not found, using user packages
=== TS2-LUNG LIGHTWEIGHT ONBOARD START ===
Job ID:        1562689
Source file:   /home/woody/iwbn/iwbn129h/sc_autoencoder_project/data/raw/ts2_lung_source.h5ad
Ready file:    /home/woody/iwbn/iwbn129h/sc_autoencoder_project/data/processed/ts2_lung.h5ad
Staged output: /tmp/1562689.tinygpu/iwbn129h/scae_ts2_lung_onboard_1562689/ts2_lung.h5ad
Start:         Wed Apr  1 09:36:56 PM CEST 2026
=== JOB_STATISTICS ===
=== current date     : Wed Apr  1 09:37:43 PM CEST 2026
= Job-ID             : 1562689 on tinygpu
= Job-Name           : ts2_lung_onboard
= Job-Command        : /home/hpc/iwbn/iwbn129h/sc_autoencoder_project/jobs/phase4_ts2_lung_onboard_light.sh
= Initial workdir    : /home/hpc/iwbn/iwbn129h/sc_autoencoder_project
= Queue/Partition    : a100
= Slurm account      : iwbn with QOS=normal
= Requested resources:  for 04:00:00
= Elapsed runtime    : 00:00:52
= Total RAM usage    : 2.1 GiB of requested  GiB (%)   
= Node list          : tg091
= Subm/Elig/Start/End: 2026-04-01T21:36:32 / 2026-04-01T21:36:32 / 2026-04-01T21:36:51 / 2026-04-01T21:37:43
======================
=== Quota infos ======
    Path                 Used     SoftQ    HardQ    Gracetime  Filec    FileQ    FiHaQ    FileGrace    
    /home/hpc              47.9G   104.9G   209.7G        N/A     100K     500K   1,000K        N/A    
    /home/woody            71.2G  1000.0G  1500.0G        N/A      93K   5,000K   7,500K        N/A    
    /home/vault             0.0K  1048.6G  2097.2G        N/A       1      200K     400K        N/A    
======================
=== GPU utilization ==
gpu_name, gpu_bus_id, pid, gpu_utilization [%], mem_utilization [%], max_memory_usage [MiB], time [ms]
