### Starting TaskPrologue of job 1563114 on tg096 at Thu Apr  2 06:47:37 PM CEST 2026
Running on cores 0-31 with governor ondemand
Thu Apr  2 18:47:37 2026       
+-----------------------------------------------------------------------------------------+
| NVIDIA-SMI 580.126.20             Driver Version: 580.126.20     CUDA Version: 13.0     |
+-----------------------------------------+------------------------+----------------------+
| GPU  Name                 Persistence-M | Bus-Id          Disp.A | Volatile Uncorr. ECC |
| Fan  Temp   Perf          Pwr:Usage/Cap |           Memory-Usage | GPU-Util  Compute M. |
|                                         |                        |               MIG M. |
|=========================================+========================+======================|
|   0  NVIDIA A100-SXM4-40GB          On  |   00000000:01:00.0 Off |                    0 |
| N/A   36C    P0             53W /  400W |       0MiB /  40960MiB |      0%      Default |
|                                         |                        |             Disabled |
+-----------------------------------------+------------------------+----------------------+

+-----------------------------------------------------------------------------------------+
| Processes:                                                                              |
|  GPU   GI   CI              PID   Type   Process name                        GPU Memory |
|        ID   ID                                                               Usage      |
|=========================================================================================|
|  No running processes found                                                             |
+-----------------------------------------------------------------------------------------+
### Finished TaskPrologue

WARN: conda env scvi_env not found, using user packages
=== TS2-LUNG LIGHTWEIGHT ONBOARD START ===
Job ID:        1563114
Source file:   /home/woody/iwbn/iwbn129h/sc_autoencoder_project/data/raw/ts2_lung_source.h5ad
Ready file:    /home/woody/iwbn/iwbn129h/sc_autoencoder_project/data/processed/ts2_lung.h5ad
Staged output: /tmp/1563114.tinygpu/iwbn129h/scae_ts2_lung_onboard_1563114/ts2_lung.h5ad
Start:         Thu Apr  2 06:47:39 PM CEST 2026
OK
shape= (65847, 60606)
label_source= provided:cell_type
batch_source= provided:donor_id
ready_file_ok shape= (65847, 60606)
cell_type_source= provided:cell_type
batch_source= provided:donor_id
onboard_contract.source_label_key= cell_type
onboard_contract.label_key= cell_type
onboard_contract.source_label_ontology_key= cell_type_ontology_term_id
onboard_contract.source_label_ontology_nonnull_fraction= 1.0
Ready file written: /home/woody/iwbn/iwbn129h/sc_autoencoder_project/data/processed/ts2_lung.h5ad
-rw-r--r-- 1 iwbn129h iwbn 2.5G Apr  2 18:48 /home/woody/iwbn/iwbn129h/sc_autoencoder_project/data/processed/ts2_lung.h5ad
End: Thu Apr  2 06:49:20 PM CEST 2026
=== TS2-LUNG LIGHTWEIGHT ONBOARD DONE ===
=== JOB_STATISTICS ===
=== current date     : Thu Apr  2 06:49:21 PM CEST 2026
= Job-ID             : 1563114 on tinygpu
= Job-Name           : ts2_lung_onboard
= Job-Command        : /home/hpc/iwbn/iwbn129h/sc_autoencoder_project/jobs/phase4_ts2_lung_onboard_light.sh
= Initial workdir    : /home/hpc/iwbn/iwbn129h/sc_autoencoder_project
= Queue/Partition    : a100
= Slurm account      : iwbn with QOS=normal
= Requested resources:  for 04:00:00
= Elapsed runtime    : 00:01:51
= Total RAM usage    : 14.1 GiB of requested  GiB (%)   
= Node list          : tg096
= Subm/Elig/Start/End: 2026-04-02T18:47:27 / 2026-04-02T18:47:27 / 2026-04-02T18:47:29 / 2026-04-02T18:49:20
======================
=== Quota infos ======
    Path                 Used     SoftQ    HardQ    Gracetime  Filec    FileQ    FiHaQ    FileGrace    
    /home/hpc              47.3G   104.9G   209.7G        N/A      98K     500K   1,000K        N/A    
    /home/woody            78.2G  1000.0G  1500.0G        N/A      94K   5,000K   7,500K        N/A    
======================
=== GPU utilization ==
gpu_name, gpu_bus_id, pid, gpu_utilization [%], mem_utilization [%], max_memory_usage [MiB], time [ms]
