### Starting TaskPrologue of job 1562056 on tg093 at Tue Mar 31 02:15:37 PM CEST 2026
Running on cores 0-31 with governor ondemand
Tue Mar 31 14:15:37 2026       
+-----------------------------------------------------------------------------------------+
| NVIDIA-SMI 580.126.20             Driver Version: 580.126.20     CUDA Version: 13.0     |
+-----------------------------------------+------------------------+----------------------+
| GPU  Name                 Persistence-M | Bus-Id          Disp.A | Volatile Uncorr. ECC |
| Fan  Temp   Perf          Pwr:Usage/Cap |           Memory-Usage | GPU-Util  Compute M. |
|                                         |                        |               MIG M. |
|=========================================+========================+======================|
|   0  NVIDIA A100-SXM4-40GB          On  |   00000000:01:00.0 Off |                    0 |
| N/A   47C    P0             63W /  400W |       0MiB /  40960MiB |      0%      Default |
|                                         |                        |             Disabled |
+-----------------------------------------+------------------------+----------------------+

+-----------------------------------------------------------------------------------------+
| Processes:                                                                              |
|  GPU   GI   CI              PID   Type   Process name                        GPU Memory |
|        ID   ID                                                               Usage      |
|=========================================================================================|
|  No running processes found                                                             |
+-----------------------------------------------------------------------------------------+
### Finished TaskPrologue

WARN: conda env scvi_env not found, using user packages
=== TS1 LIGHTWEIGHT ONBOARD START ===
Job ID:        1562056
Source file:   /home/woody/iwbn/iwbn129h/sc_autoencoder_project/data/processed/ts1_all_cells.h5ad
Ready file:    /home/woody/iwbn/iwbn129h/sc_autoencoder_project/data/processed/ts1_all_cells_phase4_ready.h5ad
Staged output: /tmp/1562056.tinygpu/iwbn129h/scae_ts1_onboard_1562056/ts1_all_cells_phase4_ready.h5ad
Preprocess:    min_genes/cell=200, min_cells/gene=3, n_top_genes=2000, target_sum=10000
Start:         Tue Mar 31 02:15:39 PM CEST 2026
Ready file contract check passed
shape=(483151, 2000)
counts_source=raw.X
obs_keys_present=['cell_type', 'donor_id']
counts_layer_present=True
counts_shape_matches_X=True
Ready file written: /home/woody/iwbn/iwbn129h/sc_autoencoder_project/data/processed/ts1_all_cells_phase4_ready.h5ad
-rw-r--r-- 1 iwbn129h iwbn 276M Mar 31 14:18 /home/woody/iwbn/iwbn129h/sc_autoencoder_project/data/processed/ts1_all_cells_phase4_ready.h5ad
End: Tue Mar 31 02:18:52 PM CEST 2026
=== TS1 LIGHTWEIGHT ONBOARD DONE ===
=== JOB_STATISTICS ===
=== current date     : Tue Mar 31 02:18:52 PM CEST 2026
= Job-ID             : 1562056 on tinygpu
= Job-Name           : ts1_onboard
= Job-Command        : /home/hpc/iwbn/iwbn129h/sc_autoencoder_project/jobs/phase4_ts1_onboard_light.sh
= Initial workdir    : /home/hpc/iwbn/iwbn129h/sc_autoencoder_project
= Queue/Partition    : a100
= Slurm account      : iwbn with QOS=normal
= Requested resources:  for 08:00:00
= Elapsed runtime    : 00:03:24
= Total RAM usage    : 35.6 GiB of requested  GiB (%)   
= Node list          : tg093
= Subm/Elig/Start/End: 2026-03-31T13:52:38 / 2026-03-31T13:52:38 / 2026-03-31T14:15:28 / 2026-03-31T14:18:52
======================
=== Quota infos ======
    Path                 Used     SoftQ    HardQ    Gracetime  Filec    FileQ    FiHaQ    FileGrace    
    /home/hpc              46.5G   104.9G   209.7G        N/A      98K     500K   1,000K        N/A    
    /home/woody            22.7G  1000.0G  1500.0G        N/A      93K   5,000K   7,500K        N/A    
    /home/vault             0.0K  1048.6G  2097.2G        N/A       1      200K     400K        N/A    
======================
=== GPU utilization ==
gpu_name, gpu_bus_id, pid, gpu_utilization [%], mem_utilization [%], max_memory_usage [MiB], time [ms]
