### Starting TaskPrologue of job 1562622 on tg097 at Wed Apr  1 05:36:52 PM CEST 2026
Running on cores 96-127 with governor ondemand
Wed Apr  1 17:36:52 2026       
+-----------------------------------------------------------------------------------------+
| NVIDIA-SMI 580.126.20             Driver Version: 580.126.20     CUDA Version: 13.0     |
+-----------------------------------------+------------------------+----------------------+
| GPU  Name                 Persistence-M | Bus-Id          Disp.A | Volatile Uncorr. ECC |
| Fan  Temp   Perf          Pwr:Usage/Cap |           Memory-Usage | GPU-Util  Compute M. |
|                                         |                        |               MIG M. |
|=========================================+========================+======================|
|   0  NVIDIA A100-SXM4-40GB          On  |   00000000:C1:00.0 Off |                    0 |
| N/A   37C    P0             55W /  400W |       0MiB /  40960MiB |      0%      Default |
|                                         |                        |             Disabled |
+-----------------------------------------+------------------------+----------------------+

+-----------------------------------------------------------------------------------------+
| Processes:                                                                              |
|  GPU   GI   CI              PID   Type   Process name                        GPU Memory |
|        ID   ID                                                               Usage      |
|=========================================================================================|
|  No running processes found                                                             |
+-----------------------------------------------------------------------------------------+
### Finished TaskPrologue

WARN: conda env scvi_env not found, using user packages
=== PHASE 4 AIFI REDUCED START ===
Job ID:       1562622
Node:         tg097
WORK file:    /home/woody/iwbn/iwbn129h/sc_autoencoder_project/data/processed/aifi_immune_full.h5ad
Stage file:   /tmp/1562622.tinygpu/iwbn129h/scae_phase4_aifi_1562622/data/processed/aifi_immune_full.h5ad
Persist root: /home/woody/iwbn/iwbn129h/sc_autoencoder_project/phase4/aifi_reduced/job_1562622
Start:        Wed Apr  1 05:36:54 PM CEST 2026
AIFI schema gate passed
Using config: config/phase4_aifi_scvi_nb_reduced.yaml
2026-04-01 17:38:15 | experiment | INFO |   TensorBoard: /home/woody/iwbn/iwbn129h/sc_autoencoder_project/phase4/aifi_reduced/job_1562622/logs/tensorboard/run_20260401T153815Z_j1562622_p1750651
2026-04-01 17:38:15 | experiment | INFO |   View live:   tensorboard --logdir /home/woody/iwbn/iwbn129h/sc_autoencoder_project/phase4/aifi_reduced/job_1562622/logs/tensorboard
2026-04-01 17:38:15 | experiment | INFO | ======================================================================
2026-04-01 17:38:15 | experiment | INFO | EXPERIMENT: Latent Dimension Sweep
2026-04-01 17:38:15 | experiment | INFO |   Datasets:       ['aifi_immune_full']
2026-04-01 17:38:15 | experiment | INFO |   Model/losses:   [('scvi', 'nb')]
2026-04-01 17:38:15 | experiment | INFO |   Latent dims:    [8, 16, 24, 32]
2026-04-01 17:38:15 | experiment | INFO |   Seeds:          1
2026-04-01 17:38:15 | experiment | INFO |   Device:         cuda
2026-04-01 17:38:15 | experiment | INFO |   Git commit:     10d3fdb
2026-04-01 17:38:15 | experiment | INFO |   Run ID:         run_20260401T153815Z_j1562622_p1750651
2026-04-01 17:38:15 | experiment | INFO |   Large run mode: True
2026-04-01 17:38:15 | experiment | INFO | ======================================================================
2026-04-01 17:38:44 | src.data.preprocessor | INFO |   Loaded processed data (backed): 1821725 × 1236
2026-04-01 17:38:44 | experiment | WARNING | Processed cache check for aifi_immune_full: missing fingerprint in cached file (expected=9337ba0ebeb01fb9). This likely came from an older preprocessing run.. Continuing with cached file /tmp/1562622.tinygpu/iwbn129h/scae_phase4_aifi_1562622/data/processed/aifi_immune_full.h5ad; rerun preprocess to refresh.
2026-04-01 17:39:06 | experiment | INFO | Large-run mode on aifi_immune_full using in-memory path (keep_backed_until_split=False).
2026-04-01 17:39:06 | experiment | INFO | 
Dataset: aifi_immune_full (1821725 cells, K=29, requested_mode=backed, effective_mode=in_memory_from_backed, label_source=provided:AIFI_L2)
2026-04-01 17:39:07 | experiment | INFO | 
--- aifi_immune_full | scvi:nb | d=8 | seed=42 ---
2026-04-01 17:39:07 | src.data.dataset | INFO |   Split: train=1457380, val=182172, test=182173
INFO: [rank: 0] Seed set to 42
2026-04-01 17:39:40 | lightning.fabric.utilities.seed | INFO | [rank: 0] Seed set to 42
2026-04-01 17:39:43 | src.models.scvi_wrapper | INFO |   scVI setup: d=8, likelihood=nb, hidden=128, layers=2, batch_key=batch_id
2026-04-01 17:39:45 | src.models.scvi_wrapper | INFO |   scVI TensorBoard logging to: /home/woody/iwbn/iwbn129h/sc_autoencoder_project/phase4/aifi_reduced/job_1562622/logs/tensorboard/run_20260401T153815Z_j1562622_p1750651/aifi_immune_full/scvi/nb/d_8/seed_42
/home/hpc/iwbn/iwbn129h/.local/lib/python3.12/site-packages/lightning/fabric/plugins/environments/slurm.py:204: The `srun` command is available on your system but is not used. HINT: If your intention is to run Lightning on SLURM, prepend your python command with `srun` like so: srun python scripts/run_experiment.py --config config/phase4_aif ...
2026-04-01 17:39:45 | pytorch_lightning.utilities.rank_zero | INFO | GPU available: True (cuda), used: True
2026-04-01 17:39:45 | pytorch_lightning.utilities.rank_zero | INFO | TPU available: False, using: 0 TPU cores
2026-04-01 17:39:45 | pytorch_lightning.utilities.rank_zero | INFO | 💡 Tip: For seamless cloud logging and experiment tracking, try installing [litlogger](https://pypi.org/project/litlogger/) to enable LitLogger, which logs metrics and artifacts automatically to the Lightning Experiments platform.
/home/hpc/iwbn/iwbn129h/.local/lib/python3.12/site-packages/lightning/fabric/plugins/environments/slurm.py:204: The `srun` command is available on your system but is not used. HINT: If your intention is to run Lightning on SLURM, prepend your python command with `srun` like so: srun python scripts/run_experiment.py --config config/phase4_aif ...
INFO: LOCAL_RANK: 0 - CUDA_VISIBLE_DEVICES: [0]
2026-04-01 17:39:47 | lightning.pytorch.accelerators.cuda | INFO | LOCAL_RANK: 0 - CUDA_VISIBLE_DEVICES: [0]
/home/hpc/iwbn/iwbn129h/.local/lib/python3.12/site-packages/lightning/pytorch/utilities/_pytree.py:21: `isinstance(treespec, LeafSpec)` is deprecated, use `isinstance(treespec, TreeSpec) and treespec.is_leaf()` instead.
/home/hpc/iwbn/iwbn129h/.local/lib/python3.12/site-packages/lightning/pytorch/trainer/connectors/data_connector.py:434: The 'train_dataloader' does not have many workers which may be a bottleneck. Consider increasing the value of the `num_workers` argument` to `num_workers=31` in the `DataLoader` to improve performance.
/home/hpc/iwbn/iwbn129h/.local/lib/python3.12/site-packages/lightning/pytorch/trainer/connectors/data_connector.py:434: The 'val_dataloader' does not have many workers which may be a bottleneck. Consider increasing the value of the `num_workers` argument` to `num_workers=31` in the `DataLoader` to improve performance.
2026-04-01 17:41:37 | src.models.scvi_wrapper | INFO |     scVI Epoch   1/30: train=437.663605, val=412.086853
2026-04-01 17:48:49 | src.models.scvi_wrapper | INFO |     scVI Epoch   5/30: train=410.048126, val=408.082336
2026-04-01 17:57:50 | src.models.scvi_wrapper | INFO |     scVI Epoch  10/30: train=409.206482, val=407.471405
2026-04-01 18:06:50 | src.models.scvi_wrapper | INFO |     scVI Epoch  15/30: train=408.868744, val=407.351318
2026-04-01 18:15:51 | src.models.scvi_wrapper | INFO |     scVI Epoch  20/30: train=408.762177, val=407.520447
2026-04-01 18:24:51 | src.models.scvi_wrapper | INFO |     scVI Epoch  25/30: train=408.750641, val=407.672150
2026-04-01 18:33:53 | src.models.scvi_wrapper | INFO |     scVI Epoch  30/30: train=408.771332, val=407.938599
2026-04-01 18:33:53 | pytorch_lightning.utilities.rank_zero | INFO | `Trainer.fit` stopped: `max_epochs=30` reached.
2026-04-01 18:33:53 | src.models.scvi_wrapper | INFO |   scVI training complete: 30 epochs in 3248.0s
[34mINFO    [0m Input AnnData not setup with scvi-tools. attempting to transfer AnnData
         setup                                                                  
2026-04-01 18:34:01 | src.evaluation.metrics | INFO |   Latent evaluation sampled for scalability: n_used=15000 / n_total=182173 (seed=42)
2026-04-01 18:34:12 | src.evaluation.metrics | INFO |   Metrics: ARI=0.3104, AMI=0.6265, Sil(kmeans)=0.1388, Sil(labels)=0.0986 [n_used=15000/182173], BatchSil=-0.0636 (mix=0.0636), BatchEntropy=0.6331
2026-04-01 18:34:16 | src.evaluation.metrics | INFO |   Centrality sampled for scalability: n_used=5000 / n_total=182173 (seed=42)
2026-04-01 18:34:29 | src.evaluation.metrics | INFO |   Centrality variance: 0.000199 [mode=sampled, n_used=5000/182173]
2026-04-01 18:34:30 | experiment | INFO |   -> ARI=0.3104, AMI=0.6265, Sil=0.1388, Recon=406.160278, CentralityMode=sampled, CPUmem=nanMB, Time=3322.8s
2026-04-01 18:34:30 | experiment | INFO | 
--- aifi_immune_full | scvi:nb | d=16 | seed=42 ---
2026-04-01 18:34:30 | src.data.dataset | INFO |   Split: train=1457380, val=182172, test=182173
INFO: [rank: 0] Seed set to 42
2026-04-01 18:34:40 | lightning.fabric.utilities.seed | INFO | [rank: 0] Seed set to 42
2026-04-01 18:34:43 | src.models.scvi_wrapper | INFO |   scVI setup: d=16, likelihood=nb, hidden=128, layers=2, batch_key=batch_id
2026-04-01 18:34:43 | src.models.scvi_wrapper | INFO |   scVI TensorBoard logging to: /home/woody/iwbn/iwbn129h/sc_autoencoder_project/phase4/aifi_reduced/job_1562622/logs/tensorboard/run_20260401T153815Z_j1562622_p1750651/aifi_immune_full/scvi/nb/d_16/seed_42
/home/hpc/iwbn/iwbn129h/.local/lib/python3.12/site-packages/lightning/fabric/plugins/environments/slurm.py:204: The `srun` command is available on your system but is not used. HINT: If your intention is to run Lightning on SLURM, prepend your python command with `srun` like so: srun python scripts/run_experiment.py --config config/phase4_aif ...
2026-04-01 18:34:43 | pytorch_lightning.utilities.rank_zero | INFO | GPU available: True (cuda), used: True
2026-04-01 18:34:43 | pytorch_lightning.utilities.rank_zero | INFO | TPU available: False, using: 0 TPU cores
2026-04-01 18:34:43 | pytorch_lightning.utilities.rank_zero | INFO | 💡 Tip: For seamless cloud logging and experiment tracking, try installing [litlogger](https://pypi.org/project/litlogger/) to enable LitLogger, which logs metrics and artifacts automatically to the Lightning Experiments platform.
/home/hpc/iwbn/iwbn129h/.local/lib/python3.12/site-packages/lightning/fabric/plugins/environments/slurm.py:204: The `srun` command is available on your system but is not used. HINT: If your intention is to run Lightning on SLURM, prepend your python command with `srun` like so: srun python scripts/run_experiment.py --config config/phase4_aif ...
INFO: LOCAL_RANK: 0 - CUDA_VISIBLE_DEVICES: [0]
2026-04-01 18:34:43 | lightning.pytorch.accelerators.cuda | INFO | LOCAL_RANK: 0 - CUDA_VISIBLE_DEVICES: [0]
/home/hpc/iwbn/iwbn129h/.local/lib/python3.12/site-packages/lightning/pytorch/utilities/_pytree.py:21: `isinstance(treespec, LeafSpec)` is deprecated, use `isinstance(treespec, TreeSpec) and treespec.is_leaf()` instead.
/home/hpc/iwbn/iwbn129h/.local/lib/python3.12/site-packages/lightning/pytorch/trainer/connectors/data_connector.py:434: The 'train_dataloader' does not have many workers which may be a bottleneck. Consider increasing the value of the `num_workers` argument` to `num_workers=31` in the `DataLoader` to improve performance.
/home/hpc/iwbn/iwbn129h/.local/lib/python3.12/site-packages/lightning/pytorch/trainer/connectors/data_connector.py:434: The 'val_dataloader' does not have many workers which may be a bottleneck. Consider increasing the value of the `num_workers` argument` to `num_workers=31` in the `DataLoader` to improve performance.
2026-04-01 18:36:33 | src.models.scvi_wrapper | INFO |     scVI Epoch   1/30: train=433.278290, val=407.144531
2026-04-01 18:43:51 | src.models.scvi_wrapper | INFO |     scVI Epoch   5/30: train=404.558990, val=401.273895
2026-04-01 18:52:58 | src.models.scvi_wrapper | INFO |     scVI Epoch  10/30: train=402.571350, val=399.697296
2026-04-01 19:02:04 | src.models.scvi_wrapper | INFO |     scVI Epoch  15/30: train=402.075226, val=399.493958
2026-04-01 19:11:10 | src.models.scvi_wrapper | INFO |     scVI Epoch  20/30: train=402.060577, val=400.415070
2026-04-01 19:20:16 | src.models.scvi_wrapper | INFO |     scVI Epoch  25/30: train=402.202026, val=400.147552
2026-04-01 19:29:23 | src.models.scvi_wrapper | INFO |     scVI Epoch  30/30: train=402.389374, val=400.689056
2026-04-01 19:29:23 | pytorch_lightning.utilities.rank_zero | INFO | `Trainer.fit` stopped: `max_epochs=30` reached.
2026-04-01 19:29:23 | src.models.scvi_wrapper | INFO |   scVI training complete: 30 epochs in 3280.3s
[34mINFO    [0m Input AnnData not setup with scvi-tools. attempting to transfer AnnData
         setup                                                                  
2026-04-01 19:29:31 | src.evaluation.metrics | INFO |   Latent evaluation sampled for scalability: n_used=15000 / n_total=182173 (seed=42)
2026-04-01 19:29:41 | src.evaluation.metrics | INFO |   Metrics: ARI=0.3143, AMI=0.6172, Sil(kmeans)=0.0905, Sil(labels)=0.0499 [n_used=15000/182173], BatchSil=-0.0468 (mix=0.0468), BatchEntropy=0.6358
2026-04-01 19:29:41 | src.evaluation.metrics | INFO |   Centrality sampled for scalability: n_used=5000 / n_total=182173 (seed=42)
2026-04-01 19:29:41 | src.evaluation.metrics | WARNING | Centrality computation failed (mode=sampled, n_obs=5000, n_neighbors=15): `eigenvector_centrality_numpy` does not give consistent results for disconnected graphs
2026-04-01 19:29:42 | experiment | INFO |   -> ARI=0.3143, AMI=0.6172, Sil=0.0905, Recon=397.638885, CentralityMode=failed, CPUmem=nanMB, Time=3311.9s
2026-04-01 19:29:42 | experiment | INFO | 
--- aifi_immune_full | scvi:nb | d=24 | seed=42 ---
2026-04-01 19:29:42 | src.data.dataset | INFO |   Split: train=1457380, val=182172, test=182173
INFO: [rank: 0] Seed set to 42
2026-04-01 19:29:52 | lightning.fabric.utilities.seed | INFO | [rank: 0] Seed set to 42
2026-04-01 19:29:55 | src.models.scvi_wrapper | INFO |   scVI setup: d=24, likelihood=nb, hidden=128, layers=2, batch_key=batch_id
2026-04-01 19:29:55 | src.models.scvi_wrapper | INFO |   scVI TensorBoard logging to: /home/woody/iwbn/iwbn129h/sc_autoencoder_project/phase4/aifi_reduced/job_1562622/logs/tensorboard/run_20260401T153815Z_j1562622_p1750651/aifi_immune_full/scvi/nb/d_24/seed_42
/home/hpc/iwbn/iwbn129h/.local/lib/python3.12/site-packages/lightning/fabric/plugins/environments/slurm.py:204: The `srun` command is available on your system but is not used. HINT: If your intention is to run Lightning on SLURM, prepend your python command with `srun` like so: srun python scripts/run_experiment.py --config config/phase4_aif ...
2026-04-01 19:29:55 | pytorch_lightning.utilities.rank_zero | INFO | GPU available: True (cuda), used: True
2026-04-01 19:29:55 | pytorch_lightning.utilities.rank_zero | INFO | TPU available: False, using: 0 TPU cores
2026-04-01 19:29:55 | pytorch_lightning.utilities.rank_zero | INFO | 💡 Tip: For seamless cloud logging and experiment tracking, try installing [litlogger](https://pypi.org/project/litlogger/) to enable LitLogger, which logs metrics and artifacts automatically to the Lightning Experiments platform.
/home/hpc/iwbn/iwbn129h/.local/lib/python3.12/site-packages/lightning/fabric/plugins/environments/slurm.py:204: The `srun` command is available on your system but is not used. HINT: If your intention is to run Lightning on SLURM, prepend your python command with `srun` like so: srun python scripts/run_experiment.py --config config/phase4_aif ...
INFO: LOCAL_RANK: 0 - CUDA_VISIBLE_DEVICES: [0]
2026-04-01 19:29:55 | lightning.pytorch.accelerators.cuda | INFO | LOCAL_RANK: 0 - CUDA_VISIBLE_DEVICES: [0]
/home/hpc/iwbn/iwbn129h/.local/lib/python3.12/site-packages/lightning/pytorch/utilities/_pytree.py:21: `isinstance(treespec, LeafSpec)` is deprecated, use `isinstance(treespec, TreeSpec) and treespec.is_leaf()` instead.
/home/hpc/iwbn/iwbn129h/.local/lib/python3.12/site-packages/lightning/pytorch/trainer/connectors/data_connector.py:434: The 'train_dataloader' does not have many workers which may be a bottleneck. Consider increasing the value of the `num_workers` argument` to `num_workers=31` in the `DataLoader` to improve performance.
/home/hpc/iwbn/iwbn129h/.local/lib/python3.12/site-packages/lightning/pytorch/trainer/connectors/data_connector.py:434: The 'val_dataloader' does not have many workers which may be a bottleneck. Consider increasing the value of the `num_workers` argument` to `num_workers=31` in the `DataLoader` to improve performance.
2026-04-01 19:31:44 | src.models.scvi_wrapper | INFO |     scVI Epoch   1/30: train=431.210632, val=403.827911
2026-04-01 19:39:04 | src.models.scvi_wrapper | INFO |     scVI Epoch   5/30: train=401.510956, val=397.475189
2026-04-01 19:48:12 | src.models.scvi_wrapper | INFO |     scVI Epoch  10/30: train=399.968079, val=395.965881
2026-04-01 19:57:22 | src.models.scvi_wrapper | INFO |     scVI Epoch  15/30: train=399.264313, val=395.831024
2026-04-01 20:06:32 | src.models.scvi_wrapper | INFO |     scVI Epoch  20/30: train=399.066315, val=395.565308
2026-04-01 20:15:42 | src.models.scvi_wrapper | INFO |     scVI Epoch  25/30: train=399.094116, val=395.867798
2026-04-01 20:24:49 | src.models.scvi_wrapper | INFO |     scVI Epoch  30/30: train=399.273987, val=396.330383
2026-04-01 20:24:49 | pytorch_lightning.utilities.rank_zero | INFO | `Trainer.fit` stopped: `max_epochs=30` reached.
2026-04-01 20:24:49 | src.models.scvi_wrapper | INFO |   scVI training complete: 30 epochs in 3294.4s
[34mINFO    [0m Input AnnData not setup with scvi-tools. attempting to transfer AnnData
         setup                                                                  
2026-04-01 20:24:57 | src.evaluation.metrics | INFO |   Latent evaluation sampled for scalability: n_used=15000 / n_total=182173 (seed=42)
2026-04-01 20:25:08 | src.evaluation.metrics | INFO |   Metrics: ARI=0.3012, AMI=0.6090, Sil(kmeans)=0.0590, Sil(labels)=0.0309 [n_used=15000/182173], BatchSil=-0.0355 (mix=0.0355), BatchEntropy=0.6350
2026-04-01 20:25:08 | src.evaluation.metrics | INFO |   Centrality sampled for scalability: n_used=5000 / n_total=182173 (seed=42)
2026-04-01 20:25:08 | src.evaluation.metrics | WARNING | Centrality computation failed (mode=sampled, n_obs=5000, n_neighbors=15): `eigenvector_centrality_numpy` does not give consistent results for disconnected graphs
2026-04-01 20:25:08 | experiment | INFO |   -> ARI=0.3012, AMI=0.6090, Sil=0.0590, Recon=392.256683, CentralityMode=failed, CPUmem=nanMB, Time=3326.2s
2026-04-01 20:25:08 | experiment | INFO | 
--- aifi_immune_full | scvi:nb | d=32 | seed=42 ---
2026-04-01 20:25:08 | src.data.dataset | INFO |   Split: train=1457380, val=182172, test=182173
INFO: [rank: 0] Seed set to 42
2026-04-01 20:25:18 | lightning.fabric.utilities.seed | INFO | [rank: 0] Seed set to 42
2026-04-01 20:25:21 | src.models.scvi_wrapper | INFO |   scVI setup: d=32, likelihood=nb, hidden=128, layers=2, batch_key=batch_id
2026-04-01 20:25:21 | src.models.scvi_wrapper | INFO |   scVI TensorBoard logging to: /home/woody/iwbn/iwbn129h/sc_autoencoder_project/phase4/aifi_reduced/job_1562622/logs/tensorboard/run_20260401T153815Z_j1562622_p1750651/aifi_immune_full/scvi/nb/d_32/seed_42
/home/hpc/iwbn/iwbn129h/.local/lib/python3.12/site-packages/lightning/fabric/plugins/environments/slurm.py:204: The `srun` command is available on your system but is not used. HINT: If your intention is to run Lightning on SLURM, prepend your python command with `srun` like so: srun python scripts/run_experiment.py --config config/phase4_aif ...
2026-04-01 20:25:21 | pytorch_lightning.utilities.rank_zero | INFO | GPU available: True (cuda), used: True
2026-04-01 20:25:21 | pytorch_lightning.utilities.rank_zero | INFO | TPU available: False, using: 0 TPU cores
2026-04-01 20:25:21 | pytorch_lightning.utilities.rank_zero | INFO | 💡 Tip: For seamless cloud logging and experiment tracking, try installing [litlogger](https://pypi.org/project/litlogger/) to enable LitLogger, which logs metrics and artifacts automatically to the Lightning Experiments platform.
/home/hpc/iwbn/iwbn129h/.local/lib/python3.12/site-packages/lightning/fabric/plugins/environments/slurm.py:204: The `srun` command is available on your system but is not used. HINT: If your intention is to run Lightning on SLURM, prepend your python command with `srun` like so: srun python scripts/run_experiment.py --config config/phase4_aif ...
INFO: LOCAL_RANK: 0 - CUDA_VISIBLE_DEVICES: [0]
2026-04-01 20:25:21 | lightning.pytorch.accelerators.cuda | INFO | LOCAL_RANK: 0 - CUDA_VISIBLE_DEVICES: [0]
/home/hpc/iwbn/iwbn129h/.local/lib/python3.12/site-packages/lightning/pytorch/utilities/_pytree.py:21: `isinstance(treespec, LeafSpec)` is deprecated, use `isinstance(treespec, TreeSpec) and treespec.is_leaf()` instead.
/home/hpc/iwbn/iwbn129h/.local/lib/python3.12/site-packages/lightning/pytorch/trainer/connectors/data_connector.py:434: The 'train_dataloader' does not have many workers which may be a bottleneck. Consider increasing the value of the `num_workers` argument` to `num_workers=31` in the `DataLoader` to improve performance.
/home/hpc/iwbn/iwbn129h/.local/lib/python3.12/site-packages/lightning/pytorch/trainer/connectors/data_connector.py:434: The 'val_dataloader' does not have many workers which may be a bottleneck. Consider increasing the value of the `num_workers` argument` to `num_workers=31` in the `DataLoader` to improve performance.
2026-04-01 20:27:12 | src.models.scvi_wrapper | INFO |     scVI Epoch   1/30: train=430.465698, val=401.584564
2026-04-01 20:34:31 | src.models.scvi_wrapper | INFO |     scVI Epoch   5/30: train=398.884491, val=393.731354
2026-04-01 20:43:40 | src.models.scvi_wrapper | INFO |     scVI Epoch  10/30: train=397.514648, val=392.424652
2026-04-01 20:52:47 | src.models.scvi_wrapper | INFO |     scVI Epoch  15/30: train=396.929321, val=392.035217
2026-04-01 21:01:57 | src.models.scvi_wrapper | INFO |     scVI Epoch  20/30: train=396.818909, val=392.077057
2026-04-01 21:11:06 | src.models.scvi_wrapper | INFO |     scVI Epoch  25/30: train=396.866943, val=392.423340
2026-04-01 21:20:14 | src.models.scvi_wrapper | INFO |     scVI Epoch  30/30: train=397.009644, val=392.612030
2026-04-01 21:20:14 | pytorch_lightning.utilities.rank_zero | INFO | `Trainer.fit` stopped: `max_epochs=30` reached.
2026-04-01 21:20:14 | src.models.scvi_wrapper | INFO |   scVI training complete: 30 epochs in 3292.9s
[34mINFO    [0m Input AnnData not setup with scvi-tools. attempting to transfer AnnData
         setup                                                                  
2026-04-01 21:20:22 | src.evaluation.metrics | INFO |   Latent evaluation sampled for scalability: n_used=15000 / n_total=182173 (seed=42)
2026-04-01 21:20:32 | src.evaluation.metrics | INFO |   Metrics: ARI=0.2814, AMI=0.6044, Sil(kmeans)=0.0433, Sil(labels)=0.0213 [n_used=15000/182173], BatchSil=-0.0344 (mix=0.0344), BatchEntropy=0.6297
2026-04-01 21:20:32 | src.evaluation.metrics | INFO |   Centrality sampled for scalability: n_used=5000 / n_total=182173 (seed=42)
2026-04-01 21:20:32 | src.evaluation.metrics | WARNING | Centrality computation failed (mode=sampled, n_obs=5000, n_neighbors=15): `eigenvector_centrality_numpy` does not give consistent results for disconnected graphs
2026-04-01 21:20:33 | experiment | INFO |   -> ARI=0.2814, AMI=0.6044, Sil=0.0433, Recon=387.620361, CentralityMode=failed, CPUmem=nanMB, Time=3324.5s
2026-04-01 21:20:33 | experiment | INFO |   Dataset results saved: /home/woody/iwbn/iwbn129h/sc_autoencoder_project/phase4/aifi_reduced/job_1562622/results/datasets/aifi_immune_full/tables/experiment_results.csv (4 rows)
2026-04-01 21:20:33 | experiment | INFO | 
======================================================================
2026-04-01 21:20:33 | experiment | INFO | EXPERIMENT COMPLETE — run_20260401T153815Z_j1562622_p1750651
2026-04-01 21:20:33 | experiment | INFO | ======================================================================
2026-04-01 21:20:33 | experiment | INFO |   Total runs:    4
2026-04-01 21:20:33 | experiment | INFO |   Successful:    4
2026-04-01 21:20:33 | experiment | INFO |   Failed:        0
2026-04-01 21:20:33 | experiment | INFO |   Completed:     2026-04-01T19:20:33.134898Z
2026-04-01 21:20:33 | experiment | INFO | 
2026-04-01 21:20:33 | experiment | INFO |   Output files:
2026-04-01 21:20:33 | experiment | INFO |     Global CSV:  /home/woody/iwbn/iwbn129h/sc_autoencoder_project/phase4/aifi_reduced/job_1562622/results/phase4_aifi_scvi_nb_reduced.csv
2026-04-01 21:20:33 | experiment | INFO |     Run dir:     /home/woody/iwbn/iwbn129h/sc_autoencoder_project/phase4/aifi_reduced/job_1562622/results/runs/run_20260401T153815Z_j1562622_p1750651/
2026-04-01 21:20:33 | experiment | INFO |     TensorBoard: /home/woody/iwbn/iwbn129h/sc_autoencoder_project/phase4/aifi_reduced/job_1562622/logs/tensorboard/run_20260401T153815Z_j1562622_p1750651/ (4 event files)
2026-04-01 21:20:33 | experiment | INFO |     View TB:     tensorboard --logdir /home/woody/iwbn/iwbn129h/sc_autoencoder_project/phase4/aifi_reduced/job_1562622/logs/tensorboard
2026-04-01 21:20:33 | experiment | INFO | ======================================================================
End: Wed Apr  1 09:20:40 PM CEST 2026
=== PHASE 4 AIFI REDUCED DONE ===
=== JOB_STATISTICS ===
=== current date     : Wed Apr  1 09:20:41 PM CEST 2026
= Job-ID             : 1562622 on tinygpu
= Job-Name           : phase4_aifi_reduced
= Job-Command        : /home/hpc/iwbn/iwbn129h/sc_autoencoder_project/jobs/phase4_aifi_scvi_nb_reduced.sh
= Initial workdir    : /home/hpc/iwbn/iwbn129h/sc_autoencoder_project
= Queue/Partition    : a100
= Slurm account      : iwbn with QOS=normal
= Requested resources:  for 12:00:00
= Elapsed runtime    : 03:43:54
= Total RAM usage    : 96.3 GiB of requested  GiB (%)   
= Node list          : tg097
= Subm/Elig/Start/End: 2026-04-01T17:36:46 / 2026-04-01T17:36:46 / 2026-04-01T17:36:46 / 2026-04-01T21:20:40
======================
=== Quota infos ======
    Path                 Used     SoftQ    HardQ    Gracetime  Filec    FileQ    FiHaQ    FileGrace    
    /home/hpc              47.8G   104.9G   209.7G        N/A     100K     500K   1,000K        N/A    
    /home/woody            68.0G  1000.0G  1500.0G        N/A      93K   5,000K   7,500K        N/A    
======================
=== GPU utilization ==
gpu_name, gpu_bus_id, pid, gpu_utilization [%], mem_utilization [%], max_memory_usage [MiB], time [ms]
NVIDIA A100-SXM4-40GB, 00000000:C1:00.0, 1750651, 13 %, 0 %, 556 MiB, 13345445 ms
