### Starting TaskPrologue of job 1562558 on tg092 at Wed Apr  1 16:29:17 CEST 2026
Running on cores 96-127 with governor ondemand
Wed Apr  1 16:29:17 2026       
+-----------------------------------------------------------------------------------------+
| NVIDIA-SMI 580.126.20             Driver Version: 580.126.20     CUDA Version: 13.0     |
+-----------------------------------------+------------------------+----------------------+
| GPU  Name                 Persistence-M | Bus-Id          Disp.A | Volatile Uncorr. ECC |
| Fan  Temp   Perf          Pwr:Usage/Cap |           Memory-Usage | GPU-Util  Compute M. |
|                                         |                        |               MIG M. |
|=========================================+========================+======================|
|   0  NVIDIA A100-SXM4-40GB          On  |   00000000:C1:00.0 Off |                    0 |
| N/A   33C    P0             52W /  400W |       0MiB /  40960MiB |      0%      Default |
|                                         |                        |             Disabled |
+-----------------------------------------+------------------------+----------------------+

+-----------------------------------------------------------------------------------------+
| Processes:                                                                              |
|  GPU   GI   CI              PID   Type   Process name                        GPU Memory |
|        ID   ID                                                               Usage      |
|=========================================================================================|
|  No running processes found                                                             |
+-----------------------------------------------------------------------------------------+
### Finished TaskPrologue

=== JOB_STATISTICS ===
=== current date     : Wed Apr  1 04:33:04 PM CEST 2026
= Job-ID             : 1562558 on tinygpu
= Job-Name           : aifi_onboard
= Job-Command        : (null)
= Initial workdir    : /home/hpc/iwbn/iwbn129h/sc_autoencoder_project
= Queue/Partition    : a100
= Slurm account      : iwbn with QOS=normal
= Requested resources:  for 08:00:00
= Elapsed runtime    : 00:03:50
= Total RAM usage    : 107.8 GiB of requested  GiB (%)   
= Node list          : tg092
= Subm/Elig/Start/End: 2026-04-01T16:28:11 / 2026-04-01T16:28:11 / 2026-04-01T16:29:14 / 2026-04-01T16:33:04
======================
=== Quota infos ======
    Path                 Used     SoftQ    HardQ    Gracetime  Filec    FileQ    FiHaQ    FileGrace    
    /home/hpc              47.3G   104.9G   209.7G        N/A      98K     500K   1,000K        N/A    
    /home/vault             0.0K  1048.6G  2097.2G        N/A       1      200K     400K        N/A    
    /home/woody            65.0G  1000.0G  1500.0G        N/A      93K   5,000K   7,500K        N/A    
======================
=== GPU utilization ==
gpu_name, gpu_bus_id, pid, gpu_utilization [%], mem_utilization [%], max_memory_usage [MiB], time [ms]
