### Starting TaskPrologue of job 1563149 on tg094 at Thu Apr  2 20:43:00 CEST 2026
Running on cores 32-63 with governor ondemand
Thu Apr  2 20:43:00 2026       
+-----------------------------------------------------------------------------------------+
| NVIDIA-SMI 580.126.20             Driver Version: 580.126.20     CUDA Version: 13.0     |
+-----------------------------------------+------------------------+----------------------+
| GPU  Name                 Persistence-M | Bus-Id          Disp.A | Volatile Uncorr. ECC |
| Fan  Temp   Perf          Pwr:Usage/Cap |           Memory-Usage | GPU-Util  Compute M. |
|                                         |                        |               MIG M. |
|=========================================+========================+======================|
|   0  NVIDIA A100-SXM4-40GB          On  |   00000000:41:00.0 Off |                    0 |
| N/A   35C    P0             55W /  400W |       0MiB /  40960MiB |      0%      Default |
|                                         |                        |             Disabled |
+-----------------------------------------+------------------------+----------------------+

+-----------------------------------------------------------------------------------------+
| Processes:                                                                              |
|  GPU   GI   CI              PID   Type   Process name                        GPU Memory |
|        ID   ID                                                               Usage      |
|=========================================================================================|
|  No running processes found                                                             |
+-----------------------------------------------------------------------------------------+
### Finished TaskPrologue

WARN: conda env scvi_env not found, using user packages
=== PHASE 4 STAGE B START ===
Job ID:       1563149
Node:         tg094
WORK file:    /home/woody/iwbn/iwbn129h/sc_autoencoder_project/data/processed/ts1_all_cells_phase4_ready.h5ad
Stage file:   /tmp/1563149.tinygpu/iwbn129h/scae_phase4_stageB_1563149/data/processed/ts1_all_cells.h5ad
Persist root: /home/woody/iwbn/iwbn129h/sc_autoencoder_project/phase4/stageB/job_1563149
Start:        Thu Apr  2 20:43:03 CEST 2026
Using config: config/phase4_ts1_scvi_nb_refine_d4_16.yaml
2026-04-02 20:43:20 | experiment | INFO |   TensorBoard: /home/woody/iwbn/iwbn129h/sc_autoencoder_project/phase4/stageB/job_1563149/logs/tensorboard/run_20260402T184320Z_j1563149_p1567821
2026-04-02 20:43:20 | experiment | INFO |   View live:   tensorboard --logdir /home/woody/iwbn/iwbn129h/sc_autoencoder_project/phase4/stageB/job_1563149/logs/tensorboard
2026-04-02 20:43:20 | experiment | INFO | ======================================================================
2026-04-02 20:43:20 | experiment | INFO | EXPERIMENT: Latent Dimension Sweep
2026-04-02 20:43:20 | experiment | INFO |   Datasets:       ['ts1_all_cells']
2026-04-02 20:43:20 | experiment | INFO |   Model/losses:   [('scvi', 'nb')]
2026-04-02 20:43:20 | experiment | INFO |   Latent dims:    [4, 6, 8, 10, 12, 16]
2026-04-02 20:43:20 | experiment | INFO |   Seeds:          1
2026-04-02 20:43:20 | experiment | INFO |   Device:         cuda
2026-04-02 20:43:20 | experiment | INFO |   Git commit:     10d3fdb
2026-04-02 20:43:20 | experiment | INFO |   Run ID:         run_20260402T184320Z_j1563149_p1567821
2026-04-02 20:43:20 | experiment | INFO |   Large run mode: True
2026-04-02 20:43:20 | experiment | INFO | ======================================================================
2026-04-02 20:43:22 | src.data.preprocessor | INFO |   Loaded processed data (backed): 483151 × 2000
2026-04-02 20:43:22 | experiment | WARNING | Processed cache check for ts1_all_cells: missing fingerprint in cached file (expected=ff82c29c0dc16b5e). This likely came from an older preprocessing run.. Continuing with cached file /tmp/1563149.tinygpu/iwbn129h/scae_phase4_stageB_1563149/data/processed/ts1_all_cells.h5ad; rerun preprocess to refresh.
2026-04-02 20:43:23 | experiment | INFO | Large-run mode on ts1_all_cells using in-memory path (keep_backed_until_split=False).
2026-04-02 20:43:23 | experiment | INFO | 
Dataset: ts1_all_cells (483151 cells, K=177, requested_mode=backed, effective_mode=in_memory_from_backed, label_source=provided:cell_ontology_class)
2026-04-02 20:43:23 | experiment | INFO | 
--- ts1_all_cells | scvi:nb | d=4 | seed=42 ---
2026-04-02 20:43:23 | src.data.dataset | INFO |   Split: train=386520, val=48315, test=48316
INFO: [rank: 0] Seed set to 42
2026-04-02 20:43:31 | lightning.fabric.utilities.seed | INFO | [rank: 0] Seed set to 42
2026-04-02 20:43:31 | src.models.scvi_wrapper | INFO |   scVI setup: d=4, likelihood=nb, hidden=128, layers=2, batch_key=donor_id
2026-04-02 20:43:32 | src.models.scvi_wrapper | INFO |   scVI TensorBoard logging to: /home/woody/iwbn/iwbn129h/sc_autoencoder_project/phase4/stageB/job_1563149/logs/tensorboard/run_20260402T184320Z_j1563149_p1567821/ts1_all_cells/scvi/nb/d_4/seed_42
/home/hpc/iwbn/iwbn129h/.local/lib/python3.12/site-packages/lightning/fabric/plugins/environments/slurm.py:204: The `srun` command is available on your system but is not used. HINT: If your intention is to run Lightning on SLURM, prepend your python command with `srun` like so: srun python scripts/run_experiment.py --config config/phase4_ts1 ...
2026-04-02 20:43:32 | pytorch_lightning.utilities.rank_zero | INFO | GPU available: True (cuda), used: True
2026-04-02 20:43:32 | pytorch_lightning.utilities.rank_zero | INFO | TPU available: False, using: 0 TPU cores
2026-04-02 20:43:32 | pytorch_lightning.utilities.rank_zero | INFO | 💡 Tip: For seamless cloud logging and experiment tracking, try installing [litlogger](https://pypi.org/project/litlogger/) to enable LitLogger, which logs metrics and artifacts automatically to the Lightning Experiments platform.
/home/hpc/iwbn/iwbn129h/.local/lib/python3.12/site-packages/lightning/fabric/plugins/environments/slurm.py:204: The `srun` command is available on your system but is not used. HINT: If your intention is to run Lightning on SLURM, prepend your python command with `srun` like so: srun python scripts/run_experiment.py --config config/phase4_ts1 ...
INFO: LOCAL_RANK: 0 - CUDA_VISIBLE_DEVICES: [0]
2026-04-02 20:43:32 | lightning.pytorch.accelerators.cuda | INFO | LOCAL_RANK: 0 - CUDA_VISIBLE_DEVICES: [0]
/home/hpc/iwbn/iwbn129h/.local/lib/python3.12/site-packages/lightning/pytorch/utilities/_pytree.py:21: `isinstance(treespec, LeafSpec)` is deprecated, use `isinstance(treespec, TreeSpec) and treespec.is_leaf()` instead.
/home/hpc/iwbn/iwbn129h/.local/lib/python3.12/site-packages/lightning/pytorch/trainer/connectors/data_connector.py:434: The 'train_dataloader' does not have many workers which may be a bottleneck. Consider increasing the value of the `num_workers` argument` to `num_workers=31` in the `DataLoader` to improve performance.
/home/hpc/iwbn/iwbn129h/.local/lib/python3.12/site-packages/lightning/pytorch/trainer/connectors/data_connector.py:434: The 'val_dataloader' does not have many workers which may be a bottleneck. Consider increasing the value of the `num_workers` argument` to `num_workers=31` in the `DataLoader` to improve performance.
2026-04-02 20:44:03 | src.models.scvi_wrapper | INFO |     scVI Epoch   1/80: train=502.057526, val=390.354065
2026-04-02 20:46:02 | src.models.scvi_wrapper | INFO |     scVI Epoch   5/80: train=306.371216, val=320.995667
2026-04-02 20:48:29 | src.models.scvi_wrapper | INFO |     scVI Epoch  10/80: train=287.316223, val=307.460510
2026-04-02 20:50:57 | src.models.scvi_wrapper | INFO |     scVI Epoch  15/80: train=281.639893, val=300.487183
2026-04-02 20:53:26 | src.models.scvi_wrapper | INFO |     scVI Epoch  20/80: train=279.171082, val=294.980682
2026-04-02 20:55:52 | src.models.scvi_wrapper | INFO |     scVI Epoch  25/80: train=277.976318, val=293.221283
2026-04-02 20:58:20 | src.models.scvi_wrapper | INFO |     scVI Epoch  30/80: train=277.119476, val=293.069244
2026-04-02 21:00:46 | src.models.scvi_wrapper | INFO |     scVI Epoch  35/80: train=276.540863, val=291.844269
2026-04-02 21:03:14 | src.models.scvi_wrapper | INFO |     scVI Epoch  40/80: train=276.245209, val=291.264954
2026-04-02 21:05:41 | src.models.scvi_wrapper | INFO |     scVI Epoch  45/80: train=275.946533, val=289.875610
2026-04-02 21:08:09 | src.models.scvi_wrapper | INFO |     scVI Epoch  50/80: train=275.753296, val=289.696564
2026-04-02 21:10:36 | src.models.scvi_wrapper | INFO |     scVI Epoch  55/80: train=275.629272, val=290.225891
2026-04-02 21:13:03 | src.models.scvi_wrapper | INFO |     scVI Epoch  60/80: train=275.600616, val=290.293091
2026-04-02 21:15:32 | src.models.scvi_wrapper | INFO |     scVI Epoch  65/80: train=275.938171, val=289.636871
2026-04-02 21:17:59 | src.models.scvi_wrapper | INFO |     scVI Epoch  70/80: train=275.563019, val=288.713196
2026-04-02 21:20:28 | src.models.scvi_wrapper | INFO |     scVI Epoch  75/80: train=275.803253, val=289.484100
2026-04-02 21:22:54 | src.models.scvi_wrapper | INFO |     scVI Epoch  80/80: train=275.544159, val=289.505524
2026-04-02 21:22:54 | pytorch_lightning.utilities.rank_zero | INFO | `Trainer.fit` stopped: `max_epochs=80` reached.
2026-04-02 21:22:54 | src.models.scvi_wrapper | INFO |   scVI training complete: 80 epochs in 2362.8s
INFO     Input AnnData not setup with scvi-tools. attempting to transfer AnnData
         setup                                                                  
2026-04-02 21:22:57 | src.evaluation.metrics | INFO |   Latent evaluation sampled for scalability: n_used=15000 / n_total=48316 (seed=42)
2026-04-02 21:23:07 | src.evaluation.metrics | INFO |   Metrics: ARI=0.2388, AMI=0.6227, Sil(kmeans)=0.2670, Sil(labels)=-0.1351 [n_used=15000/48316], BatchSil=-0.1857 (mix=0.1857), BatchEntropy=0.2789
2026-04-02 21:23:07 | src.evaluation.metrics | INFO |   Centrality sampled for scalability: n_used=5000 / n_total=48316 (seed=42)
2026-04-02 21:23:18 | src.evaluation.metrics | INFO |   Centrality variance: 0.000197 [mode=sampled, n_used=5000/48316]
2026-04-02 21:23:18 | experiment | INFO |   -> ARI=0.2388, AMI=0.6227, Sil=0.2670, Recon=285.882263, CentralityMode=sampled, CPUmem=nanMB, Time=2394.9s
2026-04-02 21:23:18 | experiment | INFO | 
--- ts1_all_cells | scvi:nb | d=6 | seed=42 ---
2026-04-02 21:23:18 | src.data.dataset | INFO |   Split: train=386520, val=48315, test=48316
INFO: [rank: 0] Seed set to 42
2026-04-02 21:23:19 | lightning.fabric.utilities.seed | INFO | [rank: 0] Seed set to 42
2026-04-02 21:23:19 | src.models.scvi_wrapper | INFO |   scVI setup: d=6, likelihood=nb, hidden=128, layers=2, batch_key=donor_id
2026-04-02 21:23:19 | src.models.scvi_wrapper | INFO |   scVI TensorBoard logging to: /home/woody/iwbn/iwbn129h/sc_autoencoder_project/phase4/stageB/job_1563149/logs/tensorboard/run_20260402T184320Z_j1563149_p1567821/ts1_all_cells/scvi/nb/d_6/seed_42
/home/hpc/iwbn/iwbn129h/.local/lib/python3.12/site-packages/lightning/fabric/plugins/environments/slurm.py:204: The `srun` command is available on your system but is not used. HINT: If your intention is to run Lightning on SLURM, prepend your python command with `srun` like so: srun python scripts/run_experiment.py --config config/phase4_ts1 ...
2026-04-02 21:23:19 | pytorch_lightning.utilities.rank_zero | INFO | GPU available: True (cuda), used: True
2026-04-02 21:23:19 | pytorch_lightning.utilities.rank_zero | INFO | TPU available: False, using: 0 TPU cores
2026-04-02 21:23:19 | pytorch_lightning.utilities.rank_zero | INFO | 💡 Tip: For seamless cloud logging and experiment tracking, try installing [litlogger](https://pypi.org/project/litlogger/) to enable LitLogger, which logs metrics and artifacts automatically to the Lightning Experiments platform.
/home/hpc/iwbn/iwbn129h/.local/lib/python3.12/site-packages/lightning/fabric/plugins/environments/slurm.py:204: The `srun` command is available on your system but is not used. HINT: If your intention is to run Lightning on SLURM, prepend your python command with `srun` like so: srun python scripts/run_experiment.py --config config/phase4_ts1 ...
INFO: LOCAL_RANK: 0 - CUDA_VISIBLE_DEVICES: [0]
2026-04-02 21:23:19 | lightning.pytorch.accelerators.cuda | INFO | LOCAL_RANK: 0 - CUDA_VISIBLE_DEVICES: [0]
/home/hpc/iwbn/iwbn129h/.local/lib/python3.12/site-packages/lightning/pytorch/utilities/_pytree.py:21: `isinstance(treespec, LeafSpec)` is deprecated, use `isinstance(treespec, TreeSpec) and treespec.is_leaf()` instead.
/home/hpc/iwbn/iwbn129h/.local/lib/python3.12/site-packages/lightning/pytorch/trainer/connectors/data_connector.py:434: The 'train_dataloader' does not have many workers which may be a bottleneck. Consider increasing the value of the `num_workers` argument` to `num_workers=31` in the `DataLoader` to improve performance.
/home/hpc/iwbn/iwbn129h/.local/lib/python3.12/site-packages/lightning/pytorch/trainer/connectors/data_connector.py:434: The 'val_dataloader' does not have many workers which may be a bottleneck. Consider increasing the value of the `num_workers` argument` to `num_workers=31` in the `DataLoader` to improve performance.
2026-04-02 21:23:49 | src.models.scvi_wrapper | INFO |     scVI Epoch   1/80: train=492.501740, val=384.973450
2026-04-02 21:25:49 | src.models.scvi_wrapper | INFO |     scVI Epoch   5/80: train=301.038727, val=315.059235
2026-04-02 21:28:18 | src.models.scvi_wrapper | INFO |     scVI Epoch  10/80: train=282.718353, val=302.918610
2026-04-02 21:30:47 | src.models.scvi_wrapper | INFO |     scVI Epoch  15/80: train=277.626282, val=296.237488
2026-04-02 21:33:18 | src.models.scvi_wrapper | INFO |     scVI Epoch  20/80: train=275.431793, val=294.180054
2026-04-02 21:35:46 | src.models.scvi_wrapper | INFO |     scVI Epoch  25/80: train=274.375244, val=292.793152
2026-04-02 21:38:16 | src.models.scvi_wrapper | INFO |     scVI Epoch  30/80: train=273.721436, val=291.654510
2026-04-02 21:40:45 | src.models.scvi_wrapper | INFO |     scVI Epoch  35/80: train=273.282684, val=290.069427
2026-04-02 21:43:14 | src.models.scvi_wrapper | INFO |     scVI Epoch  40/80: train=273.083679, val=290.913300
2026-04-02 21:45:44 | src.models.scvi_wrapper | INFO |     scVI Epoch  45/80: train=272.851624, val=290.117523
2026-04-02 21:48:13 | src.models.scvi_wrapper | INFO |     scVI Epoch  50/80: train=272.774475, val=287.977692
2026-04-02 21:50:43 | src.models.scvi_wrapper | INFO |     scVI Epoch  55/80: train=272.906128, val=288.148010
2026-04-02 21:53:11 | src.models.scvi_wrapper | INFO |     scVI Epoch  60/80: train=272.725769, val=287.978455
2026-04-02 21:55:41 | src.models.scvi_wrapper | INFO |     scVI Epoch  65/80: train=272.811218, val=287.319946
2026-04-02 21:58:10 | src.models.scvi_wrapper | INFO |     scVI Epoch  70/80: train=272.742981, val=286.732086
2026-04-02 22:00:40 | src.models.scvi_wrapper | INFO |     scVI Epoch  75/80: train=272.832886, val=287.019806
2026-04-02 22:03:10 | src.models.scvi_wrapper | INFO |     scVI Epoch  80/80: train=272.954071, val=288.288757
2026-04-02 22:03:10 | pytorch_lightning.utilities.rank_zero | INFO | `Trainer.fit` stopped: `max_epochs=80` reached.
2026-04-02 22:03:10 | src.models.scvi_wrapper | INFO |   scVI training complete: 80 epochs in 2390.8s
INFO     Input AnnData not setup with scvi-tools. attempting to transfer AnnData
         setup                                                                  
2026-04-02 22:03:12 | src.evaluation.metrics | INFO |   Latent evaluation sampled for scalability: n_used=15000 / n_total=48316 (seed=42)
2026-04-02 22:03:22 | src.evaluation.metrics | INFO |   Metrics: ARI=0.2643, AMI=0.6508, Sil(kmeans)=0.2386, Sil(labels)=-0.0784 [n_used=15000/48316], BatchSil=-0.1523 (mix=0.1523), BatchEntropy=0.2479
2026-04-02 22:03:22 | src.evaluation.metrics | INFO |   Centrality sampled for scalability: n_used=5000 / n_total=48316 (seed=42)
2026-04-02 22:03:23 | src.evaluation.metrics | INFO |   Centrality variance: 0.000199 [mode=sampled, n_used=5000/48316]
2026-04-02 22:03:23 | experiment | INFO |   -> ARI=0.2643, AMI=0.6508, Sil=0.2386, Recon=282.175049, CentralityMode=sampled, CPUmem=nanMB, Time=2405.1s
2026-04-02 22:03:23 | experiment | INFO | 
--- ts1_all_cells | scvi:nb | d=8 | seed=42 ---
2026-04-02 22:03:23 | src.data.dataset | INFO |   Split: train=386520, val=48315, test=48316
INFO: [rank: 0] Seed set to 42
2026-04-02 22:03:24 | lightning.fabric.utilities.seed | INFO | [rank: 0] Seed set to 42
2026-04-02 22:03:24 | src.models.scvi_wrapper | INFO |   scVI setup: d=8, likelihood=nb, hidden=128, layers=2, batch_key=donor_id
2026-04-02 22:03:24 | src.models.scvi_wrapper | INFO |   scVI TensorBoard logging to: /home/woody/iwbn/iwbn129h/sc_autoencoder_project/phase4/stageB/job_1563149/logs/tensorboard/run_20260402T184320Z_j1563149_p1567821/ts1_all_cells/scvi/nb/d_8/seed_42
/home/hpc/iwbn/iwbn129h/.local/lib/python3.12/site-packages/lightning/fabric/plugins/environments/slurm.py:204: The `srun` command is available on your system but is not used. HINT: If your intention is to run Lightning on SLURM, prepend your python command with `srun` like so: srun python scripts/run_experiment.py --config config/phase4_ts1 ...
2026-04-02 22:03:24 | pytorch_lightning.utilities.rank_zero | INFO | GPU available: True (cuda), used: True
2026-04-02 22:03:24 | pytorch_lightning.utilities.rank_zero | INFO | TPU available: False, using: 0 TPU cores
2026-04-02 22:03:24 | pytorch_lightning.utilities.rank_zero | INFO | 💡 Tip: For seamless cloud logging and experiment tracking, try installing [litlogger](https://pypi.org/project/litlogger/) to enable LitLogger, which logs metrics and artifacts automatically to the Lightning Experiments platform.
/home/hpc/iwbn/iwbn129h/.local/lib/python3.12/site-packages/lightning/fabric/plugins/environments/slurm.py:204: The `srun` command is available on your system but is not used. HINT: If your intention is to run Lightning on SLURM, prepend your python command with `srun` like so: srun python scripts/run_experiment.py --config config/phase4_ts1 ...
INFO: LOCAL_RANK: 0 - CUDA_VISIBLE_DEVICES: [0]
2026-04-02 22:03:24 | lightning.pytorch.accelerators.cuda | INFO | LOCAL_RANK: 0 - CUDA_VISIBLE_DEVICES: [0]
/home/hpc/iwbn/iwbn129h/.local/lib/python3.12/site-packages/lightning/pytorch/utilities/_pytree.py:21: `isinstance(treespec, LeafSpec)` is deprecated, use `isinstance(treespec, TreeSpec) and treespec.is_leaf()` instead.
/home/hpc/iwbn/iwbn129h/.local/lib/python3.12/site-packages/lightning/pytorch/trainer/connectors/data_connector.py:434: The 'train_dataloader' does not have many workers which may be a bottleneck. Consider increasing the value of the `num_workers` argument` to `num_workers=31` in the `DataLoader` to improve performance.
/home/hpc/iwbn/iwbn129h/.local/lib/python3.12/site-packages/lightning/pytorch/trainer/connectors/data_connector.py:434: The 'val_dataloader' does not have many workers which may be a bottleneck. Consider increasing the value of the `num_workers` argument` to `num_workers=31` in the `DataLoader` to improve performance.
2026-04-02 22:03:55 | src.models.scvi_wrapper | INFO |     scVI Epoch   1/80: train=499.732574, val=384.770935
2026-04-02 22:05:54 | src.models.scvi_wrapper | INFO |     scVI Epoch   5/80: train=298.106445, val=310.620575
2026-04-02 22:08:26 | src.models.scvi_wrapper | INFO |     scVI Epoch  10/80: train=280.442078, val=301.392334
2026-04-02 22:10:56 | src.models.scvi_wrapper | INFO |     scVI Epoch  15/80: train=275.375305, val=291.845062
2026-04-02 22:13:27 | src.models.scvi_wrapper | INFO |     scVI Epoch  20/80: train=273.286285, val=288.878601
2026-04-02 22:15:58 | src.models.scvi_wrapper | INFO |     scVI Epoch  25/80: train=272.446533, val=286.870819
2026-04-02 22:18:28 | src.models.scvi_wrapper | INFO |     scVI Epoch  30/80: train=271.798096, val=286.746002
2026-04-02 22:20:59 | src.models.scvi_wrapper | INFO |     scVI Epoch  35/80: train=271.432343, val=286.096802
2026-04-02 22:23:29 | src.models.scvi_wrapper | INFO |     scVI Epoch  40/80: train=271.257477, val=284.693848
2026-04-02 22:26:00 | src.models.scvi_wrapper | INFO |     scVI Epoch  45/80: train=271.184235, val=285.512451
2026-04-02 22:28:31 | src.models.scvi_wrapper | INFO |     scVI Epoch  50/80: train=271.099762, val=284.306427
2026-04-02 22:31:01 | src.models.scvi_wrapper | INFO |     scVI Epoch  55/80: train=271.137238, val=284.105316
2026-04-02 22:33:32 | src.models.scvi_wrapper | INFO |     scVI Epoch  60/80: train=271.238342, val=284.422211
2026-04-02 22:36:02 | src.models.scvi_wrapper | INFO |     scVI Epoch  65/80: train=271.328247, val=282.785095
2026-04-02 22:38:33 | src.models.scvi_wrapper | INFO |     scVI Epoch  70/80: train=271.290771, val=283.656281
2026-04-02 22:41:03 | src.models.scvi_wrapper | INFO |     scVI Epoch  75/80: train=271.460815, val=283.725647
2026-04-02 22:43:34 | src.models.scvi_wrapper | INFO |     scVI Epoch  80/80: train=271.558533, val=283.804718
2026-04-02 22:43:34 | pytorch_lightning.utilities.rank_zero | INFO | `Trainer.fit` stopped: `max_epochs=80` reached.
2026-04-02 22:43:34 | src.models.scvi_wrapper | INFO |   scVI training complete: 80 epochs in 2409.4s
INFO     Input AnnData not setup with scvi-tools. attempting to transfer AnnData
         setup                                                                  
2026-04-02 22:43:36 | src.evaluation.metrics | INFO |   Latent evaluation sampled for scalability: n_used=15000 / n_total=48316 (seed=42)
2026-04-02 22:43:46 | src.evaluation.metrics | INFO |   Metrics: ARI=0.2588, AMI=0.6493, Sil(kmeans)=0.2126, Sil(labels)=-0.0534 [n_used=15000/48316], BatchSil=-0.1276 (mix=0.1276), BatchEntropy=0.2409
2026-04-02 22:43:46 | src.evaluation.metrics | INFO |   Centrality sampled for scalability: n_used=5000 / n_total=48316 (seed=42)
2026-04-02 22:43:47 | src.evaluation.metrics | INFO |   Centrality variance: 0.000197 [mode=sampled, n_used=5000/48316]
2026-04-02 22:43:47 | experiment | INFO |   -> ARI=0.2588, AMI=0.6493, Sil=0.2126, Recon=279.073425, CentralityMode=sampled, CPUmem=nanMB, Time=2423.8s
2026-04-02 22:43:47 | experiment | INFO | 
--- ts1_all_cells | scvi:nb | d=10 | seed=42 ---
2026-04-02 22:43:47 | src.data.dataset | INFO |   Split: train=386520, val=48315, test=48316
INFO: [rank: 0] Seed set to 42
2026-04-02 22:43:48 | lightning.fabric.utilities.seed | INFO | [rank: 0] Seed set to 42
2026-04-02 22:43:48 | src.models.scvi_wrapper | INFO |   scVI setup: d=10, likelihood=nb, hidden=128, layers=2, batch_key=donor_id
2026-04-02 22:43:48 | src.models.scvi_wrapper | INFO |   scVI TensorBoard logging to: /home/woody/iwbn/iwbn129h/sc_autoencoder_project/phase4/stageB/job_1563149/logs/tensorboard/run_20260402T184320Z_j1563149_p1567821/ts1_all_cells/scvi/nb/d_10/seed_42
/home/hpc/iwbn/iwbn129h/.local/lib/python3.12/site-packages/lightning/fabric/plugins/environments/slurm.py:204: The `srun` command is available on your system but is not used. HINT: If your intention is to run Lightning on SLURM, prepend your python command with `srun` like so: srun python scripts/run_experiment.py --config config/phase4_ts1 ...
2026-04-02 22:43:48 | pytorch_lightning.utilities.rank_zero | INFO | GPU available: True (cuda), used: True
2026-04-02 22:43:48 | pytorch_lightning.utilities.rank_zero | INFO | TPU available: False, using: 0 TPU cores
2026-04-02 22:43:48 | pytorch_lightning.utilities.rank_zero | INFO | 💡 Tip: For seamless cloud logging and experiment tracking, try installing [litlogger](https://pypi.org/project/litlogger/) to enable LitLogger, which logs metrics and artifacts automatically to the Lightning Experiments platform.
/home/hpc/iwbn/iwbn129h/.local/lib/python3.12/site-packages/lightning/fabric/plugins/environments/slurm.py:204: The `srun` command is available on your system but is not used. HINT: If your intention is to run Lightning on SLURM, prepend your python command with `srun` like so: srun python scripts/run_experiment.py --config config/phase4_ts1 ...
INFO: LOCAL_RANK: 0 - CUDA_VISIBLE_DEVICES: [0]
2026-04-02 22:43:48 | lightning.pytorch.accelerators.cuda | INFO | LOCAL_RANK: 0 - CUDA_VISIBLE_DEVICES: [0]
/home/hpc/iwbn/iwbn129h/.local/lib/python3.12/site-packages/lightning/pytorch/utilities/_pytree.py:21: `isinstance(treespec, LeafSpec)` is deprecated, use `isinstance(treespec, TreeSpec) and treespec.is_leaf()` instead.
/home/hpc/iwbn/iwbn129h/.local/lib/python3.12/site-packages/lightning/pytorch/trainer/connectors/data_connector.py:434: The 'train_dataloader' does not have many workers which may be a bottleneck. Consider increasing the value of the `num_workers` argument` to `num_workers=31` in the `DataLoader` to improve performance.
/home/hpc/iwbn/iwbn129h/.local/lib/python3.12/site-packages/lightning/pytorch/trainer/connectors/data_connector.py:434: The 'val_dataloader' does not have many workers which may be a bottleneck. Consider increasing the value of the `num_workers` argument` to `num_workers=31` in the `DataLoader` to improve performance.
2026-04-02 22:44:18 | src.models.scvi_wrapper | INFO |     scVI Epoch   1/80: train=496.451447, val=381.545715
2026-04-02 22:46:18 | src.models.scvi_wrapper | INFO |     scVI Epoch   5/80: train=296.452881, val=312.449768
2026-04-02 22:48:46 | src.models.scvi_wrapper | INFO |     scVI Epoch  10/80: train=278.647980, val=296.861572
2026-04-02 22:51:16 | src.models.scvi_wrapper | INFO |     scVI Epoch  15/80: train=274.035095, val=293.332520
2026-04-02 22:53:45 | src.models.scvi_wrapper | INFO |     scVI Epoch  20/80: train=272.345825, val=292.387054
2026-04-02 22:56:13 | src.models.scvi_wrapper | INFO |     scVI Epoch  25/80: train=271.217682, val=290.628876
2026-04-02 22:58:43 | src.models.scvi_wrapper | INFO |     scVI Epoch  30/80: train=270.685608, val=288.328613
2026-04-02 23:01:11 | src.models.scvi_wrapper | INFO |     scVI Epoch  35/80: train=270.367706, val=287.732941
2026-04-02 23:03:39 | src.models.scvi_wrapper | INFO |     scVI Epoch  40/80: train=270.347626, val=287.379608
2026-04-02 23:06:08 | src.models.scvi_wrapper | INFO |     scVI Epoch  45/80: train=270.183044, val=285.949005
2026-04-02 23:08:37 | src.models.scvi_wrapper | INFO |     scVI Epoch  50/80: train=270.175018, val=287.370453
2026-04-02 23:11:07 | src.models.scvi_wrapper | INFO |     scVI Epoch  55/80: train=270.162109, val=286.036804
2026-04-02 23:13:34 | src.models.scvi_wrapper | INFO |     scVI Epoch  60/80: train=270.275818, val=284.539093
2026-04-02 23:16:03 | src.models.scvi_wrapper | INFO |     scVI Epoch  65/80: train=270.398010, val=284.896088
2026-04-02 23:18:32 | src.models.scvi_wrapper | INFO |     scVI Epoch  70/80: train=270.504944, val=285.693085
2026-04-02 23:20:59 | src.models.scvi_wrapper | INFO |     scVI Epoch  75/80: train=270.666412, val=285.604523
2026-04-02 23:23:29 | src.models.scvi_wrapper | INFO |     scVI Epoch  80/80: train=270.792175, val=284.780853
2026-04-02 23:23:29 | pytorch_lightning.utilities.rank_zero | INFO | `Trainer.fit` stopped: `max_epochs=80` reached.
2026-04-02 23:23:29 | src.models.scvi_wrapper | INFO |   scVI training complete: 80 epochs in 2381.0s
INFO     Input AnnData not setup with scvi-tools. attempting to transfer AnnData
         setup                                                                  
2026-04-02 23:23:31 | src.evaluation.metrics | INFO |   Latent evaluation sampled for scalability: n_used=15000 / n_total=48316 (seed=42)
2026-04-02 23:23:42 | src.evaluation.metrics | INFO |   Metrics: ARI=0.2704, AMI=0.6592, Sil(kmeans)=0.2041, Sil(labels)=-0.0338 [n_used=15000/48316], BatchSil=-0.1272 (mix=0.1272), BatchEntropy=0.2270
2026-04-02 23:23:42 | src.evaluation.metrics | INFO |   Centrality sampled for scalability: n_used=5000 / n_total=48316 (seed=42)
2026-04-02 23:23:43 | src.evaluation.metrics | INFO |   Centrality variance: 0.000197 [mode=sampled, n_used=5000/48316]
2026-04-02 23:23:43 | experiment | INFO |   -> ARI=0.2704, AMI=0.6592, Sil=0.2041, Recon=278.100006, CentralityMode=sampled, CPUmem=nanMB, Time=2396.0s
2026-04-02 23:23:43 | experiment | INFO | 
--- ts1_all_cells | scvi:nb | d=12 | seed=42 ---
2026-04-02 23:23:43 | src.data.dataset | INFO |   Split: train=386520, val=48315, test=48316
INFO: [rank: 0] Seed set to 42
2026-04-02 23:23:44 | lightning.fabric.utilities.seed | INFO | [rank: 0] Seed set to 42
2026-04-02 23:23:44 | src.models.scvi_wrapper | INFO |   scVI setup: d=12, likelihood=nb, hidden=128, layers=2, batch_key=donor_id
2026-04-02 23:23:44 | src.models.scvi_wrapper | INFO |   scVI TensorBoard logging to: /home/woody/iwbn/iwbn129h/sc_autoencoder_project/phase4/stageB/job_1563149/logs/tensorboard/run_20260402T184320Z_j1563149_p1567821/ts1_all_cells/scvi/nb/d_12/seed_42
/home/hpc/iwbn/iwbn129h/.local/lib/python3.12/site-packages/lightning/fabric/plugins/environments/slurm.py:204: The `srun` command is available on your system but is not used. HINT: If your intention is to run Lightning on SLURM, prepend your python command with `srun` like so: srun python scripts/run_experiment.py --config config/phase4_ts1 ...
2026-04-02 23:23:44 | pytorch_lightning.utilities.rank_zero | INFO | GPU available: True (cuda), used: True
2026-04-02 23:23:44 | pytorch_lightning.utilities.rank_zero | INFO | TPU available: False, using: 0 TPU cores
2026-04-02 23:23:44 | pytorch_lightning.utilities.rank_zero | INFO | 💡 Tip: For seamless cloud logging and experiment tracking, try installing [litlogger](https://pypi.org/project/litlogger/) to enable LitLogger, which logs metrics and artifacts automatically to the Lightning Experiments platform.
/home/hpc/iwbn/iwbn129h/.local/lib/python3.12/site-packages/lightning/fabric/plugins/environments/slurm.py:204: The `srun` command is available on your system but is not used. HINT: If your intention is to run Lightning on SLURM, prepend your python command with `srun` like so: srun python scripts/run_experiment.py --config config/phase4_ts1 ...
INFO: LOCAL_RANK: 0 - CUDA_VISIBLE_DEVICES: [0]
2026-04-02 23:23:44 | lightning.pytorch.accelerators.cuda | INFO | LOCAL_RANK: 0 - CUDA_VISIBLE_DEVICES: [0]
/home/hpc/iwbn/iwbn129h/.local/lib/python3.12/site-packages/lightning/pytorch/utilities/_pytree.py:21: `isinstance(treespec, LeafSpec)` is deprecated, use `isinstance(treespec, TreeSpec) and treespec.is_leaf()` instead.
/home/hpc/iwbn/iwbn129h/.local/lib/python3.12/site-packages/lightning/pytorch/trainer/connectors/data_connector.py:434: The 'train_dataloader' does not have many workers which may be a bottleneck. Consider increasing the value of the `num_workers` argument` to `num_workers=31` in the `DataLoader` to improve performance.
/home/hpc/iwbn/iwbn129h/.local/lib/python3.12/site-packages/lightning/pytorch/trainer/connectors/data_connector.py:434: The 'val_dataloader' does not have many workers which may be a bottleneck. Consider increasing the value of the `num_workers` argument` to `num_workers=31` in the `DataLoader` to improve performance.
2026-04-02 23:24:13 | src.models.scvi_wrapper | INFO |     scVI Epoch   1/80: train=504.544250, val=381.553955
2026-04-02 23:26:11 | src.models.scvi_wrapper | INFO |     scVI Epoch   5/80: train=296.146942, val=309.281647
2026-04-02 23:28:39 | src.models.scvi_wrapper | INFO |     scVI Epoch  10/80: train=278.316406, val=295.531708
2026-04-02 23:31:07 | src.models.scvi_wrapper | INFO |     scVI Epoch  15/80: train=273.202515, val=289.479919
2026-04-02 23:33:34 | src.models.scvi_wrapper | INFO |     scVI Epoch  20/80: train=271.364319, val=288.934357
2026-04-02 23:36:02 | src.models.scvi_wrapper | INFO |     scVI Epoch  25/80: train=270.478302, val=286.345001
2026-04-02 23:38:28 | src.models.scvi_wrapper | INFO |     scVI Epoch  30/80: train=269.973267, val=286.636169
2026-04-02 23:40:55 | src.models.scvi_wrapper | INFO |     scVI Epoch  35/80: train=269.675690, val=285.594055
2026-04-02 23:43:21 | src.models.scvi_wrapper | INFO |     scVI Epoch  40/80: train=269.505737, val=285.693848
2026-04-02 23:45:48 | src.models.scvi_wrapper | INFO |     scVI Epoch  45/80: train=269.544281, val=284.159698
2026-04-02 23:48:15 | src.models.scvi_wrapper | INFO |     scVI Epoch  50/80: train=269.581146, val=283.895386
2026-04-02 23:50:41 | src.models.scvi_wrapper | INFO |     scVI Epoch  55/80: train=269.716064, val=282.964233
2026-04-02 23:53:08 | src.models.scvi_wrapper | INFO |     scVI Epoch  60/80: train=269.805847, val=284.067169
2026-04-02 23:55:35 | src.models.scvi_wrapper | INFO |     scVI Epoch  65/80: train=269.887604, val=283.118225
2026-04-02 23:58:01 | src.models.scvi_wrapper | INFO |     scVI Epoch  70/80: train=270.169250, val=283.879700
2026-04-03 00:00:28 | src.models.scvi_wrapper | INFO |     scVI Epoch  75/80: train=270.215149, val=283.661621
2026-04-03 00:02:54 | src.models.scvi_wrapper | INFO |     scVI Epoch  80/80: train=270.402466, val=282.958313
2026-04-03 00:02:54 | pytorch_lightning.utilities.rank_zero | INFO | `Trainer.fit` stopped: `max_epochs=80` reached.
2026-04-03 00:02:54 | src.models.scvi_wrapper | INFO |   scVI training complete: 80 epochs in 2350.3s
INFO     Input AnnData not setup with scvi-tools. attempting to transfer AnnData
         setup                                                                  
2026-04-03 00:02:57 | src.evaluation.metrics | INFO |   Latent evaluation sampled for scalability: n_used=15000 / n_total=48316 (seed=42)
2026-04-03 00:03:08 | src.evaluation.metrics | INFO |   Metrics: ARI=0.2666, AMI=0.6588, Sil(kmeans)=0.1921, Sil(labels)=-0.0202 [n_used=15000/48316], BatchSil=-0.1047 (mix=0.1047), BatchEntropy=0.2247
2026-04-03 00:03:08 | src.evaluation.metrics | INFO |   Centrality sampled for scalability: n_used=5000 / n_total=48316 (seed=42)
2026-04-03 00:03:09 | src.evaluation.metrics | INFO |   Centrality variance: 0.000198 [mode=sampled, n_used=5000/48316]
2026-04-03 00:03:09 | experiment | INFO |   -> ARI=0.2666, AMI=0.6588, Sil=0.1921, Recon=276.550049, CentralityMode=sampled, CPUmem=nanMB, Time=2366.0s
2026-04-03 00:03:09 | experiment | INFO | 
--- ts1_all_cells | scvi:nb | d=16 | seed=42 ---
2026-04-03 00:03:09 | src.data.dataset | INFO |   Split: train=386520, val=48315, test=48316
INFO: [rank: 0] Seed set to 42
2026-04-03 00:03:10 | lightning.fabric.utilities.seed | INFO | [rank: 0] Seed set to 42
2026-04-03 00:03:10 | src.models.scvi_wrapper | INFO |   scVI setup: d=16, likelihood=nb, hidden=128, layers=2, batch_key=donor_id
2026-04-03 00:03:10 | src.models.scvi_wrapper | INFO |   scVI TensorBoard logging to: /home/woody/iwbn/iwbn129h/sc_autoencoder_project/phase4/stageB/job_1563149/logs/tensorboard/run_20260402T184320Z_j1563149_p1567821/ts1_all_cells/scvi/nb/d_16/seed_42
/home/hpc/iwbn/iwbn129h/.local/lib/python3.12/site-packages/lightning/fabric/plugins/environments/slurm.py:204: The `srun` command is available on your system but is not used. HINT: If your intention is to run Lightning on SLURM, prepend your python command with `srun` like so: srun python scripts/run_experiment.py --config config/phase4_ts1 ...
2026-04-03 00:03:10 | pytorch_lightning.utilities.rank_zero | INFO | GPU available: True (cuda), used: True
2026-04-03 00:03:10 | pytorch_lightning.utilities.rank_zero | INFO | TPU available: False, using: 0 TPU cores
2026-04-03 00:03:10 | pytorch_lightning.utilities.rank_zero | INFO | 💡 Tip: For seamless cloud logging and experiment tracking, try installing [litlogger](https://pypi.org/project/litlogger/) to enable LitLogger, which logs metrics and artifacts automatically to the Lightning Experiments platform.
/home/hpc/iwbn/iwbn129h/.local/lib/python3.12/site-packages/lightning/fabric/plugins/environments/slurm.py:204: The `srun` command is available on your system but is not used. HINT: If your intention is to run Lightning on SLURM, prepend your python command with `srun` like so: srun python scripts/run_experiment.py --config config/phase4_ts1 ...
INFO: LOCAL_RANK: 0 - CUDA_VISIBLE_DEVICES: [0]
2026-04-03 00:03:10 | lightning.pytorch.accelerators.cuda | INFO | LOCAL_RANK: 0 - CUDA_VISIBLE_DEVICES: [0]
/home/hpc/iwbn/iwbn129h/.local/lib/python3.12/site-packages/lightning/pytorch/utilities/_pytree.py:21: `isinstance(treespec, LeafSpec)` is deprecated, use `isinstance(treespec, TreeSpec) and treespec.is_leaf()` instead.
/home/hpc/iwbn/iwbn129h/.local/lib/python3.12/site-packages/lightning/pytorch/trainer/connectors/data_connector.py:434: The 'train_dataloader' does not have many workers which may be a bottleneck. Consider increasing the value of the `num_workers` argument` to `num_workers=31` in the `DataLoader` to improve performance.
/home/hpc/iwbn/iwbn129h/.local/lib/python3.12/site-packages/lightning/pytorch/trainer/connectors/data_connector.py:434: The 'val_dataloader' does not have many workers which may be a bottleneck. Consider increasing the value of the `num_workers` argument` to `num_workers=31` in the `DataLoader` to improve performance.
2026-04-03 00:03:40 | src.models.scvi_wrapper | INFO |     scVI Epoch   1/80: train=512.202820, val=387.733856
2026-04-03 00:05:38 | src.models.scvi_wrapper | INFO |     scVI Epoch   5/80: train=296.357178, val=309.526337
2026-04-03 00:08:04 | src.models.scvi_wrapper | INFO |     scVI Epoch  10/80: train=277.584229, val=295.761810
2026-04-03 00:10:31 | src.models.scvi_wrapper | INFO |     scVI Epoch  15/80: train=272.479370, val=291.022125
2026-04-03 00:12:58 | src.models.scvi_wrapper | INFO |     scVI Epoch  20/80: train=270.708344, val=287.528748
2026-04-03 00:15:24 | src.models.scvi_wrapper | INFO |     scVI Epoch  25/80: train=269.660522, val=285.262817
2026-04-03 00:17:52 | src.models.scvi_wrapper | INFO |     scVI Epoch  30/80: train=269.028442, val=284.708649
2026-04-03 00:20:18 | src.models.scvi_wrapper | INFO |     scVI Epoch  35/80: train=268.773926, val=283.210480
2026-04-03 00:22:45 | src.models.scvi_wrapper | INFO |     scVI Epoch  40/80: train=268.840546, val=282.744720
2026-04-03 00:25:12 | src.models.scvi_wrapper | INFO |     scVI Epoch  45/80: train=268.826141, val=282.755096
2026-04-03 00:27:38 | src.models.scvi_wrapper | INFO |     scVI Epoch  50/80: train=268.909210, val=281.529144
2026-04-03 00:30:06 | src.models.scvi_wrapper | INFO |     scVI Epoch  55/80: train=269.082306, val=282.211487
2026-04-03 00:32:32 | src.models.scvi_wrapper | INFO |     scVI Epoch  60/80: train=269.204773, val=280.935822
2026-04-03 00:34:59 | src.models.scvi_wrapper | INFO |     scVI Epoch  65/80: train=269.391174, val=282.183350
2026-04-03 00:37:25 | src.models.scvi_wrapper | INFO |     scVI Epoch  70/80: train=269.552551, val=282.706726
2026-04-03 00:39:52 | src.models.scvi_wrapper | INFO |     scVI Epoch  75/80: train=269.745789, val=282.445679
2026-04-03 00:42:19 | src.models.scvi_wrapper | INFO |     scVI Epoch  80/80: train=269.996613, val=281.672638
2026-04-03 00:42:19 | pytorch_lightning.utilities.rank_zero | INFO | `Trainer.fit` stopped: `max_epochs=80` reached.
2026-04-03 00:42:19 | src.models.scvi_wrapper | INFO |   scVI training complete: 80 epochs in 2349.0s
INFO     Input AnnData not setup with scvi-tools. attempting to transfer AnnData
         setup                                                                  
2026-04-03 00:42:21 | src.evaluation.metrics | INFO |   Latent evaluation sampled for scalability: n_used=15000 / n_total=48316 (seed=42)
2026-04-03 00:42:32 | src.evaluation.metrics | INFO |   Metrics: ARI=0.2601, AMI=0.6562, Sil(kmeans)=0.1713, Sil(labels)=-0.0189 [n_used=15000/48316], BatchSil=-0.0851 (mix=0.0851), BatchEntropy=0.2208
2026-04-03 00:42:32 | src.evaluation.metrics | INFO |   Centrality sampled for scalability: n_used=5000 / n_total=48316 (seed=42)
2026-04-03 00:42:32 | src.evaluation.metrics | INFO |   Centrality variance: 0.000199 [mode=sampled, n_used=5000/48316]
2026-04-03 00:42:32 | experiment | INFO |   -> ARI=0.2601, AMI=0.6562, Sil=0.1713, Recon=276.322296, CentralityMode=sampled, CPUmem=nanMB, Time=2363.5s
2026-04-03 00:42:32 | experiment | INFO |   Dataset results saved: /home/woody/iwbn/iwbn129h/sc_autoencoder_project/phase4/stageB/job_1563149/results/datasets/ts1_all_cells/tables/experiment_results.csv (6 rows)
2026-04-03 00:42:32 | experiment | INFO | 
======================================================================
2026-04-03 00:42:32 | experiment | INFO | EXPERIMENT COMPLETE — run_20260402T184320Z_j1563149_p1567821
2026-04-03 00:42:32 | experiment | INFO | ======================================================================
2026-04-03 00:42:32 | experiment | INFO |   Total runs:    6
2026-04-03 00:42:32 | experiment | INFO |   Successful:    6
2026-04-03 00:42:32 | experiment | INFO |   Failed:        0
2026-04-03 00:42:32 | experiment | INFO |   Completed:     2026-04-02T22:42:32.634658Z
2026-04-03 00:42:32 | experiment | INFO | 
2026-04-03 00:42:32 | experiment | INFO |   Output files:
2026-04-03 00:42:32 | experiment | INFO |     Global CSV:  /home/woody/iwbn/iwbn129h/sc_autoencoder_project/phase4/stageB/job_1563149/results/phase4_ts1_stageB_reduced.csv
2026-04-03 00:42:32 | experiment | INFO |     Run dir:     /home/woody/iwbn/iwbn129h/sc_autoencoder_project/phase4/stageB/job_1563149/results/runs/run_20260402T184320Z_j1563149_p1567821/
2026-04-03 00:42:32 | experiment | INFO |     TensorBoard: /home/woody/iwbn/iwbn129h/sc_autoencoder_project/phase4/stageB/job_1563149/logs/tensorboard/run_20260402T184320Z_j1563149_p1567821/ (6 event files)
2026-04-03 00:42:32 | experiment | INFO |     View TB:     tensorboard --logdir /home/woody/iwbn/iwbn129h/sc_autoencoder_project/phase4/stageB/job_1563149/logs/tensorboard
2026-04-03 00:42:32 | experiment | INFO | ======================================================================
End: Fri Apr  3 00:42:40 CEST 2026
=== PHASE 4 STAGE B DONE ===
=== JOB_STATISTICS ===
=== current date     : Fri Apr  3 12:42:40 AM CEST 2026
= Job-ID             : 1563149 on tinygpu
= Job-Name           : phase4_ts1_reduced
= Job-Command        : /home/hpc/iwbn/iwbn129h/sc_autoencoder_project/jobs/phase4_ts1_stageB_reduced.sh
= Initial workdir    : /home/hpc/iwbn/iwbn129h/sc_autoencoder_project
= Queue/Partition    : a100
= Slurm account      : iwbn with QOS=normal
= Requested resources:  for 12:00:00
= Elapsed runtime    : 03:59:45
= Total RAM usage    : 6.2 GiB of requested  GiB (%)   
= Node list          : tg094
= Subm/Elig/Start/End: 2026-04-02T20:05:41 / 2026-04-02T20:05:41 / 2026-04-02T20:42:55 / 2026-04-03T00:42:40
======================
=== Quota infos ======
    Path                 Used     SoftQ    HardQ    Gracetime  Filec    FileQ    FiHaQ    FileGrace    
    /home/hpc              47.3G   104.9G   209.7G        N/A      98K     500K   1,000K        N/A    
    /home/woody            76.3G  1000.0G  1500.0G        N/A      94K   5,000K   7,500K        N/A    
======================
=== GPU utilization ==
gpu_name, gpu_bus_id, pid, gpu_utilization [%], mem_utilization [%], max_memory_usage [MiB], time [ms]
NVIDIA A100-SXM4-40GB, 00000000:41:00.0, 1567821, 14 %, 0 %, 578 MiB, 14359496 ms
