
EnvironmentNameNotFound: Could not find conda environment: scvi_env
You can list all discoverable environments with `conda info --envs`.


2026-03-29 10:59:39,334 [INFO] Device: cuda
2026-03-29 10:59:39,353 [INFO]   Synthetic data: 200 cells, 500 genes, 4 clusters
2026-03-29 10:59:39,353 [INFO] ============================================================
2026-03-29 10:59:39,353 [INFO] TEST: Architecture symmetry check
2026-03-29 10:59:39,354 [INFO] ============================================================
2026-03-29 10:59:39,482 [INFO]   hidden_dims=[128, 64]: encoder_linears=3, decoder_trunk_linears=2, + recon_head=1 → total_decoder=3
2026-03-29 10:59:39,489 [INFO]   hidden_dims=[256, 128, 64]: encoder_linears=4, decoder_trunk_linears=3, + recon_head=1 → total_decoder=4
2026-03-29 10:59:39,490 [INFO]   hidden_dims=[64]: encoder_linears=2, decoder_trunk_linears=1, + recon_head=1 → total_decoder=2
2026-03-29 10:59:39,490 [INFO]   ✅ All architectures are symmetric
2026-03-29 10:59:39,490 [INFO] ============================================================
2026-03-29 10:59:39,490 [INFO] TEST: Autoencoder (AE) with MSE loss
2026-03-29 10:59:39,490 [INFO] ============================================================
2026-03-29 10:59:39,491 [INFO]   Split: train=160, val=20, test=20
2026-03-29 10:59:39,500 [INFO]   DataLoaders: train=160, val=20, test=20, batch_size=64, layer=X, num_workers=0, pin_memory=False
2026-03-29 10:59:39,502 [INFO]   Model params: 102,308
2026-03-29 10:59:39,502 [INFO]   Architecture:
Autoencoder(
  (encoder): Sequential(
    (0): Linear(in_features=500, out_features=64, bias=True)
    (1): ReLU()
    (2): Linear(in_features=64, out_features=32, bias=True)
    (3): ReLU()
    (4): Linear(in_features=32, out_features=8, bias=True)
  )
  (decoder_hidden): Sequential(
    (0): Linear(in_features=8, out_features=32, bias=True)
    (1): ReLU()
    (2): Linear(in_features=32, out_features=64, bias=True)
    (3): ReLU()
  )
  (recon_head): Linear(in_features=64, out_features=500, bias=True)
  (pi_head): Linear(in_features=64, out_features=500, bias=True)
)
2026-03-29 10:59:55,605 [INFO]   TensorBoard logging to: /tmp/smoke_test_tb/smoke_ae_mse_d8
2026-03-29 10:59:55,605 [INFO]   Training AE (d=8, loss=mse) on cuda for up to 20 epochs
2026-03-29 10:59:57,245 [INFO]     Epoch   1: train=7.478324, val=7.320173
2026-03-29 10:59:57,463 [INFO]     Epoch  10: train=1.829350, val=1.654287
2026-03-29 10:59:57,711 [INFO]     Epoch  20: train=1.367684, val=1.411760
2026-03-29 10:59:57,727 [INFO]   Training complete in 2.1s. Best val loss: 1.411760 (epoch 20)
2026-03-29 10:59:57,778 [INFO]   DataLoaders: train=200, val=0, test=0, batch_size=64, layer=X, num_workers=0, pin_memory=False
2026-03-29 10:59:57,924 [INFO]   Metrics: ARI=-0.0057, AMI=-0.0064, Silhouette=-0.0426
2026-03-29 11:00:24,520 [INFO]   Centrality variance: 0.002715
2026-03-29 11:00:24,521 [INFO]   ✅ AE Results:
2026-03-29 11:00:24,521 [INFO]      Best val loss: 1.411760 (epoch 20)
2026-03-29 11:00:24,521 [INFO]      Total epochs:  20
2026-03-29 11:00:24,521 [INFO]      ARI: -0.0057, AMI: -0.0064
2026-03-29 11:00:24,521 [INFO]      Silhouette: -0.0426
2026-03-29 11:00:24,521 [INFO]      Centrality variance: 0.0027
2026-03-29 11:00:24,521 [INFO]      Peak CPU mem: 1.1 MB
2026-03-29 11:00:24,521 [INFO]      Latent shape: (200, 8)
2026-03-29 11:00:24,522 [INFO] ============================================================
2026-03-29 11:00:24,522 [INFO] TEST: Variational Autoencoder (VAE) with MSE loss
2026-03-29 11:00:24,522 [INFO] ============================================================
2026-03-29 11:00:24,522 [INFO]   Split: train=160, val=20, test=20
2026-03-29 11:00:24,528 [INFO]   DataLoaders: train=160, val=20, test=20, batch_size=64, layer=X, num_workers=0, pin_memory=False
2026-03-29 11:00:24,529 [INFO]   Model params: 102,572
2026-03-29 11:00:24,531 [INFO]   TensorBoard logging to: /tmp/smoke_test_tb/smoke_vae_mse_d8
2026-03-29 11:00:24,531 [INFO]   Training VAE (d=8, loss=mse) on cuda for up to 20 epochs
2026-03-29 11:00:25,132 [INFO]     Epoch   1: train=7.653236, val=7.459301 (recon=7.4755, kl=0.1777)
2026-03-29 11:00:25,408 [INFO]     Epoch  10: train=5.175309, val=4.908005 (recon=5.0903, kl=0.0850)
2026-03-29 11:00:25,710 [INFO]     Epoch  20: train=1.877283, val=1.964073 (recon=1.8375, kl=0.0397)
2026-03-29 11:00:25,728 [INFO]   Training complete in 1.2s. Best val loss: 1.912534 (epoch 18)
2026-03-29 11:00:25,731 [INFO]   DataLoaders: train=200, val=0, test=0, batch_size=64, layer=X, num_workers=0, pin_memory=False
2026-03-29 11:00:25,749 [INFO]   Metrics: ARI=-0.0033, AMI=-0.0029, Silhouette=-0.0369
2026-03-29 11:00:25,751 [INFO]   ✅ VAE Results:
2026-03-29 11:00:25,751 [INFO]      Best val loss: 1.912534 (epoch 18)
2026-03-29 11:00:25,751 [INFO]      Total epochs:  20
2026-03-29 11:00:25,751 [INFO]      ARI: -0.0033, AMI: -0.0029
2026-03-29 11:00:25,751 [INFO]      Silhouette: -0.0369
2026-03-29 11:00:25,751 [INFO]      Peak CPU mem: 0.2 MB
2026-03-29 11:00:25,751 [INFO] ============================================================
2026-03-29 11:00:25,751 [INFO] TEST: AE with Negative Binomial (NB) loss
2026-03-29 11:00:25,751 [INFO] ============================================================
2026-03-29 11:00:25,751 [INFO]   Split: train=160, val=20, test=20
2026-03-29 11:00:25,756 [INFO]   DataLoaders: train=160, val=20, test=20, batch_size=64, layer=counts, num_workers=0, pin_memory=False
2026-03-29 11:00:25,758 [INFO]   Training AE (d=8, loss=nb) on cuda for up to 10 epochs
2026-03-29 11:00:26,791 [INFO]     Epoch   1: train=2105.826318, val=2083.222412
2026-03-29 11:00:26,937 [INFO]     Epoch  10: train=1361.082666, val=1343.315552
2026-03-29 11:00:26,940 [INFO]   Training complete in 1.2s. Best val loss: 1343.315552 (epoch 10)
2026-03-29 11:00:26,940 [INFO]   ✅ NB Loss Results:
2026-03-29 11:00:26,941 [INFO]      Best val loss: 1343.315552
2026-03-29 11:00:26,941 [INFO]      Gradients stable: yes
2026-03-29 11:00:26,941 [INFO] ============================================================
2026-03-29 11:00:26,941 [INFO] TEST: scVI (via scvi-tools)
2026-03-29 11:00:26,941 [INFO] ============================================================
INFO: [rank: 0] Seed set to 42
2026-03-29 11:00:40,313 [INFO] [rank: 0] Seed set to 42
2026-03-29 11:00:40,412 [INFO]   scVI setup: d=8, likelihood=nb, hidden=64, layers=1, batch_key=None
/home/hpc/iwbn/iwbn129h/.local/lib/python3.12/site-packages/lightning/fabric/plugins/environments/slurm.py:204: The `srun` command is available on your system but is not used. HINT: If your intention is to run Lightning on SLURM, prepend your python command with `srun` like so: srun python scripts/smoke_test.py --with_scvi --tensorboard ...
INFO: GPU available: True (cuda), used: True
2026-03-29 11:00:40,454 [INFO] GPU available: True (cuda), used: True
INFO: TPU available: False, using: 0 TPU cores
2026-03-29 11:00:40,454 [INFO] TPU available: False, using: 0 TPU cores
INFO: 💡 Tip: For seamless cloud logging and experiment tracking, try installing [litlogger](https://pypi.org/project/litlogger/) to enable LitLogger, which logs metrics and artifacts automatically to the Lightning Experiments platform.
2026-03-29 11:00:40,455 [INFO] 💡 Tip: For seamless cloud logging and experiment tracking, try installing [litlogger](https://pypi.org/project/litlogger/) to enable LitLogger, which logs metrics and artifacts automatically to the Lightning Experiments platform.
/home/hpc/iwbn/iwbn129h/.local/lib/python3.12/site-packages/lightning/fabric/plugins/environments/slurm.py:204: The `srun` command is available on your system but is not used. HINT: If your intention is to run Lightning on SLURM, prepend your python command with `srun` like so: srun python scripts/smoke_test.py --with_scvi --tensorboard ...
INFO: You are using a CUDA device ('NVIDIA A100-SXM4-40GB') that has Tensor Cores. To properly utilize them, you should set `torch.set_float32_matmul_precision('medium' | 'high')` which will trade-off precision for performance. For more details, read https://pytorch.org/docs/stable/generated/torch.set_float32_matmul_precision.html#torch.set_float32_matmul_precision
2026-03-29 11:00:40,458 [INFO] You are using a CUDA device ('NVIDIA A100-SXM4-40GB') that has Tensor Cores. To properly utilize them, you should set `torch.set_float32_matmul_precision('medium' | 'high')` which will trade-off precision for performance. For more details, read https://pytorch.org/docs/stable/generated/torch.set_float32_matmul_precision.html#torch.set_float32_matmul_precision
INFO: LOCAL_RANK: 0 - CUDA_VISIBLE_DEVICES: [0]
2026-03-29 11:00:40,459 [INFO] LOCAL_RANK: 0 - CUDA_VISIBLE_DEVICES: [0]
/home/hpc/iwbn/iwbn129h/.local/lib/python3.12/site-packages/lightning/pytorch/utilities/_pytree.py:21: `isinstance(treespec, LeafSpec)` is deprecated, use `isinstance(treespec, TreeSpec) and treespec.is_leaf()` instead.
/home/hpc/iwbn/iwbn129h/.local/lib/python3.12/site-packages/lightning/pytorch/trainer/connectors/data_connector.py:434: The 'train_dataloader' does not have many workers which may be a bottleneck. Consider increasing the value of the `num_workers` argument` to `num_workers=31` in the `DataLoader` to improve performance.
/home/hpc/iwbn/iwbn129h/.local/lib/python3.12/site-packages/lightning/pytorch/loops/fit_loop.py:317: The number of training batches (2) is smaller than the logging interval Trainer(log_every_n_steps=10). Set a lower value for log_every_n_steps if you want to see logs for the training epoch.
/home/hpc/iwbn/iwbn129h/.local/lib/python3.12/site-packages/lightning/pytorch/trainer/connectors/data_connector.py:434: The 'val_dataloader' does not have many workers which may be a bottleneck. Consider increasing the value of the `num_workers` argument` to `num_workers=31` in the `DataLoader` to improve performance.
INFO: `Trainer.fit` stopped: `max_epochs=10` reached.
2026-03-29 11:00:42,388 [INFO] `Trainer.fit` stopped: `max_epochs=10` reached.
2026-03-29 11:00:42,398 [INFO]   scVI training complete: 10 epochs in 2.0s
2026-03-29 11:00:42,431 [INFO]   Metrics: ARI=1.0000, AMI=1.0000, Silhouette=0.9155
2026-03-29 11:00:42,431 [INFO]   ✅ scVI Results:
2026-03-29 11:00:42,431 [INFO]      Actual epochs: 10
2026-03-29 11:00:42,431 [INFO]      Training time: 2.0s
2026-03-29 11:00:42,431 [INFO]      Recon loss (neg ELBO): 1314.8134
2026-03-29 11:00:42,431 [INFO]      ARI: 1.0000, AMI: 1.0000
2026-03-29 11:00:42,431 [INFO]      Latent shape: (200, 8)
2026-03-29 11:00:42,431 [INFO] 
============================================================
2026-03-29 11:00:42,431 [INFO] SMOKE TEST SUMMARY
2026-03-29 11:00:42,431 [INFO] ============================================================
2026-03-29 11:00:42,431 [INFO]   ✅ symmetry: PASS
2026-03-29 11:00:42,431 [INFO]   ✅ ae_mse: PASS
2026-03-29 11:00:42,431 [INFO]   ✅ vae_mse: PASS
2026-03-29 11:00:42,431 [INFO]   ✅ ae_nb: PASS
2026-03-29 11:00:42,431 [INFO]   ✅ scvi: PASS
2026-03-29 11:00:42,431 [INFO] 
  TensorBoard logs at: /tmp/smoke_test_tb
2026-03-29 11:00:42,431 [INFO]   View with: tensorboard --logdir /tmp/smoke_test_tb
2026-03-29 11:00:42,431 [INFO] 
🎉 All tests passed! Pipeline is ready.
