### Starting TaskPrologue of job 1562080 on tg092 at Tue Mar 31 03:13:19 PM CEST 2026
Running on cores 64-95 with governor ondemand
Tue Mar 31 15:13:19 2026       
+-----------------------------------------------------------------------------------------+
| NVIDIA-SMI 580.126.20             Driver Version: 580.126.20     CUDA Version: 13.0     |
+-----------------------------------------+------------------------+----------------------+
| GPU  Name                 Persistence-M | Bus-Id          Disp.A | Volatile Uncorr. ECC |
| Fan  Temp   Perf          Pwr:Usage/Cap |           Memory-Usage | GPU-Util  Compute M. |
|                                         |                        |               MIG M. |
|=========================================+========================+======================|
|   0  NVIDIA A100-SXM4-40GB          On  |   00000000:81:00.0 Off |                    0 |
| N/A   34C    P0             55W /  400W |       0MiB /  40960MiB |      0%      Default |
|                                         |                        |             Disabled |
+-----------------------------------------+------------------------+----------------------+

+-----------------------------------------------------------------------------------------+
| Processes:                                                                              |
|  GPU   GI   CI              PID   Type   Process name                        GPU Memory |
|        ID   ID                                                               Usage      |
|=========================================================================================|
|  No running processes found                                                             |
+-----------------------------------------------------------------------------------------+
### Finished TaskPrologue

WARN: conda env scvi_env not found, using user packages
=== PHASE 4 STAGE A START ===
Job ID:       1562080
Node:         tg092
WORK file:    /home/woody/iwbn/iwbn129h/sc_autoencoder_project/data/processed/ts1_all_cells_phase4_ready.h5ad
Stage file:   /tmp/1562080.tinygpu/iwbn129h/scae_phase4_stageA_1562080/data/processed/ts1_all_cells.h5ad
Persist root: /home/woody/iwbn/iwbn129h/sc_autoencoder_project/phase4/stageA/job_1562080
Start:        Tue Mar 31 03:13:21 PM CEST 2026
TS1 schema gate passed: cell_type/donor_id/counts present and count-like sample valid
Using config: config/phase4_ts1_stageA_tiny.yaml
2026-03-31 15:14:17 | experiment | INFO |   TensorBoard: /home/woody/iwbn/iwbn129h/sc_autoencoder_project/phase4/stageA/job_1562080/logs/tensorboard/run_20260331T131417Z_j1562080_p1370865
2026-03-31 15:14:17 | experiment | INFO |   View live:   tensorboard --logdir /home/woody/iwbn/iwbn129h/sc_autoencoder_project/phase4/stageA/job_1562080/logs/tensorboard
2026-03-31 15:14:17 | experiment | INFO | ======================================================================
2026-03-31 15:14:17 | experiment | INFO | EXPERIMENT: Latent Dimension Sweep
2026-03-31 15:14:17 | experiment | INFO |   Datasets:       ['ts1_all_cells']
2026-03-31 15:14:17 | experiment | INFO |   Model/losses:   [('scvi', 'nb')]
2026-03-31 15:14:17 | experiment | INFO |   Latent dims:    [8]
2026-03-31 15:14:17 | experiment | INFO |   Seeds:          1
2026-03-31 15:14:17 | experiment | INFO |   Device:         cuda
2026-03-31 15:14:17 | experiment | INFO |   Git commit:     10d3fdb
2026-03-31 15:14:17 | experiment | INFO |   Run ID:         run_20260331T131417Z_j1562080_p1370865
2026-03-31 15:14:17 | experiment | INFO |   Large run mode: True
2026-03-31 15:14:17 | experiment | INFO | ======================================================================
2026-03-31 15:14:19 | src.data.preprocessor | INFO |   Loaded processed data (backed): 483151 × 2000
2026-03-31 15:14:19 | experiment | WARNING | Processed cache check for ts1_all_cells: missing fingerprint in cached file (expected=ff82c29c0dc16b5e). This likely came from an older preprocessing run.. Continuing with cached file /tmp/1562080.tinygpu/iwbn129h/scae_phase4_stageA_1562080/data/processed/ts1_all_cells.h5ad; rerun preprocess to refresh.
2026-03-31 15:14:19 | src.data.dataset | INFO |   Split: train=409, val=51, test=52
2026-03-31 15:14:19 | src.data.dataset | INFO |   DataLoaders: train=409, val=51, test=52, batch_size=32, layer=counts, num_workers=0, pin_memory=False, preload=False
2026-03-31 15:14:47 | experiment | INFO | Backed compatibility probe passed for ts1_all_cells: probe_passed(n_cells=512)
2026-03-31 15:14:47 | experiment | INFO | 
Dataset: ts1_all_cells (483151 cells, K=177, requested_mode=backed, effective_mode=backed_preserved, label_source=provided:cell_ontology_class)
2026-03-31 15:14:47 | experiment | INFO | 
--- ts1_all_cells | scvi:nb | d=8 | seed=42 ---
2026-03-31 15:14:47 | src.data.dataset | INFO |   Split: train=386520, val=48315, test=48316
2026-03-31 15:14:47 | experiment | ERROR |   FAILED: dataset=ts1_all_cells model=scvi loss=nb d=8 seed=42 error=To copy an AnnData object in backed mode, pass a filename: `.copy(filename='myfilename.h5ad')`. To load the object into memory, use `.to_memory()`.
Traceback (most recent call last):
  File "/home/hpc/iwbn/iwbn129h/sc_autoencoder_project/scripts/run_experiment.py", line 637, in run_single_experiment
    adata_train, adata_val, adata_test = split_adata(
                                         ^^^^^^^^^^^^
  File "/home/hpc/iwbn/iwbn129h/sc_autoencoder_project/src/data/dataset.py", line 95, in split_adata
    adata[train_idx].copy(),
    ^^^^^^^^^^^^^^^^^^^^^^^
  File "/home/hpc/iwbn/iwbn129h/.local/lib/python3.12/site-packages/anndata/_core/anndata.py", line 1518, in copy
    raise ValueError(msg)
ValueError: To copy an AnnData object in backed mode, pass a filename: `.copy(filename='myfilename.h5ad')`. To load the object into memory, use `.to_memory()`.
2026-03-31 15:14:47 | experiment | INFO |   Dataset results saved: /home/woody/iwbn/iwbn129h/sc_autoencoder_project/phase4/stageA/job_1562080/results/datasets/ts1_all_cells/tables/experiment_results.csv (1 rows)
2026-03-31 15:14:47 | experiment | INFO | 
======================================================================
2026-03-31 15:14:47 | experiment | INFO | EXPERIMENT COMPLETE — run_20260331T131417Z_j1562080_p1370865
2026-03-31 15:14:47 | experiment | INFO | ======================================================================
2026-03-31 15:14:47 | experiment | INFO |   Total runs:    1
2026-03-31 15:14:47 | experiment | INFO |   Successful:    0
2026-03-31 15:14:47 | experiment | INFO |   Failed:        1
2026-03-31 15:14:47 | experiment | INFO |   Completed:     2026-03-31T13:14:47.973345Z
2026-03-31 15:14:47 | experiment | INFO | 
2026-03-31 15:14:47 | experiment | INFO |   Output files:
2026-03-31 15:14:47 | experiment | INFO |     Global CSV:  /home/woody/iwbn/iwbn129h/sc_autoencoder_project/phase4/stageA/job_1562080/results/phase4_ts1_stageA_pilot.csv
2026-03-31 15:14:47 | experiment | INFO |     Run dir:     /home/woody/iwbn/iwbn129h/sc_autoencoder_project/phase4/stageA/job_1562080/results/runs/run_20260331T131417Z_j1562080_p1370865/
2026-03-31 15:14:47 | experiment | INFO |     TensorBoard: /home/woody/iwbn/iwbn129h/sc_autoencoder_project/phase4/stageA/job_1562080/logs/tensorboard/run_20260331T131417Z_j1562080_p1370865/ (0 event files)
2026-03-31 15:14:47 | experiment | INFO |     View TB:     tensorboard --logdir /home/woody/iwbn/iwbn129h/sc_autoencoder_project/phase4/stageA/job_1562080/logs/tensorboard
2026-03-31 15:14:47 | experiment | INFO | ======================================================================
End: Tue Mar 31 03:14:50 PM CEST 2026
=== PHASE 4 STAGE A DONE ===
=== JOB_STATISTICS ===
=== current date     : Tue Mar 31 03:14:50 PM CEST 2026
= Job-ID             : 1562080 on tinygpu
= Job-Name           : phase4_ts1_pilot
= Job-Command        : /home/hpc/iwbn/iwbn129h/sc_autoencoder_project/jobs/phase4_ts1_stageA_pilot.sh
= Initial workdir    : /home/hpc/iwbn/iwbn129h/sc_autoencoder_project
= Queue/Partition    : a100
= Slurm account      : iwbn with QOS=normal
= Requested resources:  for 08:00:00
= Elapsed runtime    : 00:01:36
= Total RAM usage    : 1.9 GiB of requested  GiB (%)   
= Node list          : tg092
= Subm/Elig/Start/End: 2026-03-31T14:59:14 / 2026-03-31T14:59:14 / 2026-03-31T15:13:14 / 2026-03-31T15:14:50
======================
=== Quota infos ======
    Path                 Used     SoftQ    HardQ    Gracetime  Filec    FileQ    FiHaQ    FileGrace    
    /home/hpc              46.5G   104.9G   209.7G        N/A      98K     500K   1,000K        N/A    
    /home/woody            22.7G  1000.0G  1500.0G        N/A      93K   5,000K   7,500K        N/A    
    /home/vault             0.0K  1048.6G  2097.2G        N/A       1      200K     400K        N/A    
======================
=== GPU utilization ==
gpu_name, gpu_bus_id, pid, gpu_utilization [%], mem_utilization [%], max_memory_usage [MiB], time [ms]
