### Starting TaskPrologue of job 1563287 on tg090 at Fri Apr  3 08:11:41 CEST 2026
Running on cores 32-63 with governor ondemand
Fri Apr  3 08:11:41 2026       
+-----------------------------------------------------------------------------------------+
| NVIDIA-SMI 580.126.20             Driver Version: 580.126.20     CUDA Version: 13.0     |
+-----------------------------------------+------------------------+----------------------+
| GPU  Name                 Persistence-M | Bus-Id          Disp.A | Volatile Uncorr. ECC |
| Fan  Temp   Perf          Pwr:Usage/Cap |           Memory-Usage | GPU-Util  Compute M. |
|                                         |                        |               MIG M. |
|=========================================+========================+======================|
|   0  NVIDIA A100-SXM4-40GB          On  |   00000000:41:00.0 Off |                    0 |
| N/A   46C    P0             55W /  400W |       0MiB /  40960MiB |      0%      Default |
|                                         |                        |             Disabled |
+-----------------------------------------+------------------------+----------------------+

+-----------------------------------------------------------------------------------------+
| Processes:                                                                              |
|  GPU   GI   CI              PID   Type   Process name                        GPU Memory |
|        ID   ID                                                               Usage      |
|=========================================================================================|
|  No running processes found                                                             |
+-----------------------------------------------------------------------------------------+
### Finished TaskPrologue

WARN: conda env scvi_env not found, using user packages
=== PHASE 4 AIFI REDUCED START ===
Job ID:       1563287
Node:         tg090
WORK file:    /home/woody/iwbn/iwbn129h/sc_autoencoder_project/data/processed/aifi_immune_full.h5ad
Stage file:   /tmp/1563287.tinygpu/iwbn129h/scae_phase4_aifi_1563287/data/processed/aifi_immune_full.h5ad
Persist root: /home/woody/iwbn/iwbn129h/sc_autoencoder_project/phase4/aifi_reduced/job_1563287
Start:        Fri Apr  3 08:11:43 CEST 2026
AIFI schema gate passed
Using config: /home/woody/iwbn/iwbn129h/sc_autoencoder_project/config_runtime/phase4_aifi_scvi_nb_refine_d16_only.yaml
2026-04-03 08:12:31 | experiment | INFO |   TensorBoard: /home/woody/iwbn/iwbn129h/sc_autoencoder_project/phase4/aifi_reduced/job_1563287/logs/tensorboard/run_20260403T061231Z_j1563287_p2105453
2026-04-03 08:12:31 | experiment | INFO |   View live:   tensorboard --logdir /home/woody/iwbn/iwbn129h/sc_autoencoder_project/phase4/aifi_reduced/job_1563287/logs/tensorboard
2026-04-03 08:12:31 | experiment | INFO | ======================================================================
2026-04-03 08:12:31 | experiment | INFO | EXPERIMENT: Latent Dimension Sweep
2026-04-03 08:12:31 | experiment | INFO |   Datasets:       ['aifi_immune_full']
2026-04-03 08:12:31 | experiment | INFO |   Model/losses:   [('scvi', 'nb')]
2026-04-03 08:12:31 | experiment | INFO |   Latent dims:    [16]
2026-04-03 08:12:31 | experiment | INFO |   Seeds:          1
2026-04-03 08:12:31 | experiment | INFO |   Device:         cuda
2026-04-03 08:12:31 | experiment | INFO |   Git commit:     10d3fdb
2026-04-03 08:12:31 | experiment | INFO |   Run ID:         run_20260403T061231Z_j1563287_p2105453
2026-04-03 08:12:31 | experiment | INFO |   Large run mode: True
2026-04-03 08:12:31 | experiment | INFO | ======================================================================
2026-04-03 08:13:00 | src.data.preprocessor | INFO |   Loaded processed data (backed): 1821725 × 1236
2026-04-03 08:13:00 | experiment | WARNING | Processed cache check for aifi_immune_full: missing fingerprint in cached file (expected=9337ba0ebeb01fb9). This likely came from an older preprocessing run.. Continuing with cached file /tmp/1563287.tinygpu/iwbn129h/scae_phase4_aifi_1563287/data/processed/aifi_immune_full.h5ad; rerun preprocess to refresh.
2026-04-03 08:13:24 | experiment | INFO | Large-run mode on aifi_immune_full using in-memory path (keep_backed_until_split=False).
2026-04-03 08:13:24 | experiment | INFO | 
Dataset: aifi_immune_full (1821725 cells, K=29, requested_mode=backed, effective_mode=in_memory_from_backed, label_source=provided:AIFI_L2)
2026-04-03 08:13:24 | experiment | INFO | 
--- aifi_immune_full | scvi:nb | d=16 | seed=42 ---
2026-04-03 08:13:24 | src.data.dataset | INFO |   Split: train=1457380, val=182172, test=182173
INFO: [rank: 0] Seed set to 42
2026-04-03 08:14:01 | lightning.fabric.utilities.seed | INFO | [rank: 0] Seed set to 42
2026-04-03 08:14:04 | src.models.scvi_wrapper | INFO |   scVI setup: d=16, likelihood=nb, hidden=128, layers=2, batch_key=batch_id
2026-04-03 08:14:06 | src.models.scvi_wrapper | INFO |   scVI TensorBoard logging to: /home/woody/iwbn/iwbn129h/sc_autoencoder_project/phase4/aifi_reduced/job_1563287/logs/tensorboard/run_20260403T061231Z_j1563287_p2105453/aifi_immune_full/scvi/nb/d_16/seed_42
/home/hpc/iwbn/iwbn129h/.local/lib/python3.12/site-packages/lightning/fabric/plugins/environments/slurm.py:204: The `srun` command is available on your system but is not used. HINT: If your intention is to run Lightning on SLURM, prepend your python command with `srun` like so: srun python scripts/run_experiment.py --config /home/woody/iwbn/ ...
2026-04-03 08:14:07 | pytorch_lightning.utilities.rank_zero | INFO | GPU available: True (cuda), used: True
2026-04-03 08:14:07 | pytorch_lightning.utilities.rank_zero | INFO | TPU available: False, using: 0 TPU cores
2026-04-03 08:14:07 | pytorch_lightning.utilities.rank_zero | INFO | 💡 Tip: For seamless cloud logging and experiment tracking, try installing [litlogger](https://pypi.org/project/litlogger/) to enable LitLogger, which logs metrics and artifacts automatically to the Lightning Experiments platform.
/home/hpc/iwbn/iwbn129h/.local/lib/python3.12/site-packages/lightning/fabric/plugins/environments/slurm.py:204: The `srun` command is available on your system but is not used. HINT: If your intention is to run Lightning on SLURM, prepend your python command with `srun` like so: srun python scripts/run_experiment.py --config /home/woody/iwbn/ ...
INFO: LOCAL_RANK: 0 - CUDA_VISIBLE_DEVICES: [0]
2026-04-03 08:14:08 | lightning.pytorch.accelerators.cuda | INFO | LOCAL_RANK: 0 - CUDA_VISIBLE_DEVICES: [0]
/home/hpc/iwbn/iwbn129h/.local/lib/python3.12/site-packages/lightning/pytorch/utilities/_pytree.py:21: `isinstance(treespec, LeafSpec)` is deprecated, use `isinstance(treespec, TreeSpec) and treespec.is_leaf()` instead.
/home/hpc/iwbn/iwbn129h/.local/lib/python3.12/site-packages/lightning/pytorch/trainer/connectors/data_connector.py:434: The 'train_dataloader' does not have many workers which may be a bottleneck. Consider increasing the value of the `num_workers` argument` to `num_workers=31` in the `DataLoader` to improve performance.
/home/hpc/iwbn/iwbn129h/.local/lib/python3.12/site-packages/lightning/pytorch/trainer/connectors/data_connector.py:434: The 'val_dataloader' does not have many workers which may be a bottleneck. Consider increasing the value of the `num_workers` argument` to `num_workers=31` in the `DataLoader` to improve performance.
2026-04-03 08:15:59 | src.models.scvi_wrapper | INFO |     scVI Epoch   1/30: train=433.278290, val=407.144531
2026-04-03 08:23:23 | src.models.scvi_wrapper | INFO |     scVI Epoch   5/30: train=404.558990, val=401.273895
2026-04-03 08:32:26 | src.models.scvi_wrapper | INFO |     scVI Epoch  10/30: train=402.571350, val=399.697296
2026-04-03 08:41:27 | src.models.scvi_wrapper | INFO |     scVI Epoch  15/30: train=402.075226, val=399.493958
2026-04-03 08:50:29 | src.models.scvi_wrapper | INFO |     scVI Epoch  20/30: train=402.060577, val=400.415070
2026-04-03 08:59:33 | src.models.scvi_wrapper | INFO |     scVI Epoch  25/30: train=402.202026, val=400.147552
2026-04-03 09:08:37 | src.models.scvi_wrapper | INFO |     scVI Epoch  30/30: train=402.389374, val=400.689056
2026-04-03 09:08:37 | pytorch_lightning.utilities.rank_zero | INFO | `Trainer.fit` stopped: `max_epochs=30` reached.
2026-04-03 09:08:37 | src.models.scvi_wrapper | INFO |   scVI training complete: 30 epochs in 3270.1s
INFO     Input AnnData not setup with scvi-tools. attempting to transfer AnnData
         setup                                                                  
2026-04-03 09:08:45 | src.evaluation.metrics | INFO |   Latent evaluation sampled for scalability: n_used=15000 / n_total=182173 (seed=42)
2026-04-03 09:08:56 | src.evaluation.metrics | INFO |   Metrics: ARI=0.3143, AMI=0.6172, Sil(kmeans)=0.0905, Sil(labels)=0.0499 [n_used=15000/182173], BatchSil=-0.0468 (mix=0.0468), BatchEntropy=0.6358
2026-04-03 09:09:00 | src.evaluation.metrics | INFO |   Centrality sampled for scalability: n_used=5000 / n_total=182173 (seed=42)
2026-04-03 09:09:11 | src.evaluation.metrics | WARNING | Centrality computation failed (mode=sampled, n_obs=5000, n_neighbors=15): `eigenvector_centrality_numpy` does not give consistent results for disconnected graphs
2026-04-03 09:09:12 | experiment | INFO |   -> ARI=0.3143, AMI=0.6172, Sil=0.0905, Recon=397.638885, CentralityMode=failed, CPUmem=nanMB, Time=3347.2s
2026-04-03 09:09:12 | experiment | INFO |   Dataset results saved: /home/woody/iwbn/iwbn129h/sc_autoencoder_project/phase4/aifi_reduced/job_1563287/results/datasets/aifi_immune_full/tables/experiment_results.csv (1 rows)
2026-04-03 09:09:12 | experiment | INFO | 
======================================================================
2026-04-03 09:09:12 | experiment | INFO | EXPERIMENT COMPLETE — run_20260403T061231Z_j1563287_p2105453
2026-04-03 09:09:12 | experiment | INFO | ======================================================================
2026-04-03 09:09:12 | experiment | INFO |   Total runs:    1
2026-04-03 09:09:12 | experiment | INFO |   Successful:    1
2026-04-03 09:09:12 | experiment | INFO |   Failed:        0
2026-04-03 09:09:12 | experiment | INFO |   Completed:     2026-04-03T07:09:12.125992Z
2026-04-03 09:09:12 | experiment | INFO | 
2026-04-03 09:09:12 | experiment | INFO |   Output files:
2026-04-03 09:09:12 | experiment | INFO |     Global CSV:  /home/woody/iwbn/iwbn129h/sc_autoencoder_project/phase4/aifi_reduced/job_1563287/results/phase4_aifi_scvi_nb_reduced.csv
2026-04-03 09:09:12 | experiment | INFO |     Run dir:     /home/woody/iwbn/iwbn129h/sc_autoencoder_project/phase4/aifi_reduced/job_1563287/results/runs/run_20260403T061231Z_j1563287_p2105453/
2026-04-03 09:09:12 | experiment | INFO |     TensorBoard: /home/woody/iwbn/iwbn129h/sc_autoencoder_project/phase4/aifi_reduced/job_1563287/logs/tensorboard/run_20260403T061231Z_j1563287_p2105453/ (1 event files)
2026-04-03 09:09:12 | experiment | INFO |     View TB:     tensorboard --logdir /home/woody/iwbn/iwbn129h/sc_autoencoder_project/phase4/aifi_reduced/job_1563287/logs/tensorboard
2026-04-03 09:09:12 | experiment | INFO | ======================================================================
End: Fri Apr  3 09:09:19 CEST 2026
=== PHASE 4 AIFI REDUCED DONE ===
=== JOB_STATISTICS ===
=== current date     : Fri Apr  3 09:09:19 AM CEST 2026
= Job-ID             : 1563287 on tinygpu
= Job-Name           : phase4_aifi_reduced
= Job-Command        : /home/hpc/iwbn/iwbn129h/sc_autoencoder_project/jobs/phase4_aifi_scvi_nb_reduced.sh
= Initial workdir    : /home/hpc/iwbn/iwbn129h/sc_autoencoder_project
= Queue/Partition    : a100
= Slurm account      : iwbn with QOS=normal
= Requested resources:  for 12:00:00
= Elapsed runtime    : 00:57:41
= Total RAM usage    : 56.2 GiB of requested  GiB (%)   
= Node list          : tg090
= Subm/Elig/Start/End: 2026-04-03T08:11:38 / 2026-04-03T08:11:38 / 2026-04-03T08:11:38 / 2026-04-03T09:09:19
======================
=== Quota infos ======
    Path                 Used     SoftQ    HardQ    Gracetime  Filec    FileQ    FiHaQ    FileGrace    
    /home/hpc              47.4G   104.9G   209.7G        N/A      98K     500K   1,000K        N/A    
    /home/woody            76.3G  1000.0G  1500.0G        N/A      94K   5,000K   7,500K        N/A    
======================
=== GPU utilization ==
gpu_name, gpu_bus_id, pid, gpu_utilization [%], mem_utilization [%], max_memory_usage [MiB], time [ms]
NVIDIA A100-SXM4-40GB, 00000000:41:00.0, 2105453, 13 %, 0 %, 550 MiB, 3407674 ms
