### Starting TaskPrologue of job 1563147 on tg097 at Thu Apr  2 20:05:56 CEST 2026
Running on cores 96-127 with governor ondemand
Thu Apr  2 20:05:56 2026       
+-----------------------------------------------------------------------------------------+
| NVIDIA-SMI 580.126.20             Driver Version: 580.126.20     CUDA Version: 13.0     |
+-----------------------------------------+------------------------+----------------------+
| GPU  Name                 Persistence-M | Bus-Id          Disp.A | Volatile Uncorr. ECC |
| Fan  Temp   Perf          Pwr:Usage/Cap |           Memory-Usage | GPU-Util  Compute M. |
|                                         |                        |               MIG M. |
|=========================================+========================+======================|
|   0  NVIDIA A100-SXM4-40GB          On  |   00000000:C1:00.0 Off |                    0 |
| N/A   37C    P0             55W /  400W |       0MiB /  40960MiB |      0%      Default |
|                                         |                        |             Disabled |
+-----------------------------------------+------------------------+----------------------+

+-----------------------------------------------------------------------------------------+
| Processes:                                                                              |
|  GPU   GI   CI              PID   Type   Process name                        GPU Memory |
|        ID   ID                                                               Usage      |
|=========================================================================================|
|  No running processes found                                                             |
+-----------------------------------------------------------------------------------------+
### Finished TaskPrologue

WARN: conda env scvi_env not found, using user packages
=== PHASE 4 AIFI REDUCED START ===
Job ID:       1563147
Node:         tg097
WORK file:    /home/woody/iwbn/iwbn129h/sc_autoencoder_project/data/processed/aifi_immune_full.h5ad
Stage file:   /tmp/1563147.tinygpu/iwbn129h/scae_phase4_aifi_1563147/data/processed/aifi_immune_full.h5ad
Persist root: /home/woody/iwbn/iwbn129h/sc_autoencoder_project/phase4/aifi_reduced/job_1563147
Start:        Thu Apr  2 20:05:58 CEST 2026
AIFI schema gate passed
Using config: config/phase4_aifi_scvi_nb_refine_d4_16.yaml
2026-04-02 20:07:25 | experiment | INFO |   TensorBoard: /home/woody/iwbn/iwbn129h/sc_autoencoder_project/phase4/aifi_reduced/job_1563147/logs/tensorboard/run_20260402T180725Z_j1563147_p1818336
2026-04-02 20:07:25 | experiment | INFO |   View live:   tensorboard --logdir /home/woody/iwbn/iwbn129h/sc_autoencoder_project/phase4/aifi_reduced/job_1563147/logs/tensorboard
2026-04-02 20:07:25 | experiment | INFO | ======================================================================
2026-04-02 20:07:25 | experiment | INFO | EXPERIMENT: Latent Dimension Sweep
2026-04-02 20:07:25 | experiment | INFO |   Datasets:       ['aifi_immune_full']
2026-04-02 20:07:25 | experiment | INFO |   Model/losses:   [('scvi', 'nb')]
2026-04-02 20:07:25 | experiment | INFO |   Latent dims:    [4, 6, 8, 10, 12, 16]
2026-04-02 20:07:25 | experiment | INFO |   Seeds:          1
2026-04-02 20:07:25 | experiment | INFO |   Device:         cuda
2026-04-02 20:07:25 | experiment | INFO |   Git commit:     10d3fdb
2026-04-02 20:07:25 | experiment | INFO |   Run ID:         run_20260402T180725Z_j1563147_p1818336
2026-04-02 20:07:25 | experiment | INFO |   Large run mode: True
2026-04-02 20:07:25 | experiment | INFO | ======================================================================
2026-04-02 20:07:53 | src.data.preprocessor | INFO |   Loaded processed data (backed): 1821725 Ă— 1236
2026-04-02 20:07:53 | experiment | WARNING | Processed cache check for aifi_immune_full: missing fingerprint in cached file (expected=9337ba0ebeb01fb9). This likely came from an older preprocessing run.. Continuing with cached file /tmp/1563147.tinygpu/iwbn129h/scae_phase4_aifi_1563147/data/processed/aifi_immune_full.h5ad; rerun preprocess to refresh.
2026-04-02 20:08:17 | experiment | INFO | Large-run mode on aifi_immune_full using in-memory path (keep_backed_until_split=False).
2026-04-02 20:08:17 | experiment | INFO | 
Dataset: aifi_immune_full (1821725 cells, K=29, requested_mode=backed, effective_mode=in_memory_from_backed, label_source=provided:AIFI_L2)
2026-04-02 20:08:18 | experiment | INFO | 
--- aifi_immune_full | scvi:nb | d=4 | seed=42 ---
2026-04-02 20:08:18 | src.data.dataset | INFO |   Split: train=1457380, val=182172, test=182173
INFO: [rank: 0] Seed set to 42
2026-04-02 20:08:54 | lightning.fabric.utilities.seed | INFO | [rank: 0] Seed set to 42
2026-04-02 20:08:57 | src.models.scvi_wrapper | INFO |   scVI setup: d=4, likelihood=nb, hidden=128, layers=2, batch_key=batch_id
2026-04-02 20:08:59 | src.models.scvi_wrapper | INFO |   scVI TensorBoard logging to: /home/woody/iwbn/iwbn129h/sc_autoencoder_project/phase4/aifi_reduced/job_1563147/logs/tensorboard/run_20260402T180725Z_j1563147_p1818336/aifi_immune_full/scvi/nb/d_4/seed_42
/home/hpc/iwbn/iwbn129h/.local/lib/python3.12/site-packages/lightning/fabric/plugins/environments/slurm.py:204: The `srun` command is available on your system but is not used. HINT: If your intention is to run Lightning on SLURM, prepend your python command with `srun` like so: srun python scripts/run_experiment.py --config config/phase4_aif ...
2026-04-02 20:08:59 | pytorch_lightning.utilities.rank_zero | INFO | GPU available: True (cuda), used: True
2026-04-02 20:08:59 | pytorch_lightning.utilities.rank_zero | INFO | TPU available: False, using: 0 TPU cores
2026-04-02 20:08:59 | pytorch_lightning.utilities.rank_zero | INFO | đź’ˇ Tip: For seamless cloud logging and experiment tracking, try installing [litlogger](https://pypi.org/project/litlogger/) to enable LitLogger, which logs metrics and artifacts automatically to the Lightning Experiments platform.
/home/hpc/iwbn/iwbn129h/.local/lib/python3.12/site-packages/lightning/fabric/plugins/environments/slurm.py:204: The `srun` command is available on your system but is not used. HINT: If your intention is to run Lightning on SLURM, prepend your python command with `srun` like so: srun python scripts/run_experiment.py --config config/phase4_aif ...
INFO: LOCAL_RANK: 0 - CUDA_VISIBLE_DEVICES: [0]
2026-04-02 20:09:01 | lightning.pytorch.accelerators.cuda | INFO | LOCAL_RANK: 0 - CUDA_VISIBLE_DEVICES: [0]
/home/hpc/iwbn/iwbn129h/.local/lib/python3.12/site-packages/lightning/pytorch/utilities/_pytree.py:21: `isinstance(treespec, LeafSpec)` is deprecated, use `isinstance(treespec, TreeSpec) and treespec.is_leaf()` instead.
/home/hpc/iwbn/iwbn129h/.local/lib/python3.12/site-packages/lightning/pytorch/trainer/connectors/data_connector.py:434: The 'train_dataloader' does not have many workers which may be a bottleneck. Consider increasing the value of the `num_workers` argument` to `num_workers=31` in the `DataLoader` to improve performance.
/home/hpc/iwbn/iwbn129h/.local/lib/python3.12/site-packages/lightning/pytorch/trainer/connectors/data_connector.py:434: The 'val_dataloader' does not have many workers which may be a bottleneck. Consider increasing the value of the `num_workers` argument` to `num_workers=31` in the `DataLoader` to improve performance.
2026-04-02 20:10:52 | src.models.scvi_wrapper | INFO |     scVI Epoch   1/30: train=442.377686, val=415.629913
2026-04-02 20:18:11 | src.models.scvi_wrapper | INFO |     scVI Epoch   5/30: train=413.827759, val=412.381805
2026-04-02 20:27:18 | src.models.scvi_wrapper | INFO |     scVI Epoch  10/30: train=413.306641, val=411.925842
2026-04-02 20:36:25 | src.models.scvi_wrapper | INFO |     scVI Epoch  15/30: train=413.162262, val=411.834869
2026-04-02 20:45:30 | src.models.scvi_wrapper | INFO |     scVI Epoch  20/30: train=413.144501, val=411.929749
2026-04-02 20:54:34 | src.models.scvi_wrapper | INFO |     scVI Epoch  25/30: train=413.148193, val=412.041168
2026-04-02 21:03:40 | src.models.scvi_wrapper | INFO |     scVI Epoch  30/30: train=413.181580, val=412.247803
2026-04-02 21:03:40 | pytorch_lightning.utilities.rank_zero | INFO | `Trainer.fit` stopped: `max_epochs=30` reached.
2026-04-02 21:03:40 | src.models.scvi_wrapper | INFO |   scVI training complete: 30 epochs in 3280.7s
INFO     Input AnnData not setup with scvi-tools. attempting to transfer AnnData
         setup                                                                  
2026-04-02 21:03:48 | src.evaluation.metrics | INFO |   Latent evaluation sampled for scalability: n_used=15000 / n_total=182173 (seed=42)
2026-04-02 21:03:57 | src.evaluation.metrics | INFO |   Metrics: ARI=0.3415, AMI=0.6716, Sil(kmeans)=0.2349, Sil(labels)=0.1093 [n_used=15000/182173], BatchSil=-0.1085 (mix=0.1085), BatchEntropy=0.6370
2026-04-02 21:03:59 | src.evaluation.metrics | INFO |   Centrality sampled for scalability: n_used=5000 / n_total=182173 (seed=42)
2026-04-02 21:04:09 | src.evaluation.metrics | INFO |   Centrality variance: 0.000194 [mode=sampled, n_used=5000/182173]
2026-04-02 21:04:10 | experiment | INFO |   -> ARI=0.3415, AMI=0.6716, Sil=0.2349, Recon=411.104523, CentralityMode=sampled, CPUmem=nanMB, Time=3352.0s
2026-04-02 21:04:10 | experiment | INFO | 
--- aifi_immune_full | scvi:nb | d=6 | seed=42 ---
2026-04-02 21:04:10 | src.data.dataset | INFO |   Split: train=1457380, val=182172, test=182173
INFO: [rank: 0] Seed set to 42
2026-04-02 21:04:20 | lightning.fabric.utilities.seed | INFO | [rank: 0] Seed set to 42
2026-04-02 21:04:23 | src.models.scvi_wrapper | INFO |   scVI setup: d=6, likelihood=nb, hidden=128, layers=2, batch_key=batch_id
2026-04-02 21:04:23 | src.models.scvi_wrapper | INFO |   scVI TensorBoard logging to: /home/woody/iwbn/iwbn129h/sc_autoencoder_project/phase4/aifi_reduced/job_1563147/logs/tensorboard/run_20260402T180725Z_j1563147_p1818336/aifi_immune_full/scvi/nb/d_6/seed_42
/home/hpc/iwbn/iwbn129h/.local/lib/python3.12/site-packages/lightning/fabric/plugins/environments/slurm.py:204: The `srun` command is available on your system but is not used. HINT: If your intention is to run Lightning on SLURM, prepend your python command with `srun` like so: srun python scripts/run_experiment.py --config config/phase4_aif ...
2026-04-02 21:04:23 | pytorch_lightning.utilities.rank_zero | INFO | GPU available: True (cuda), used: True
2026-04-02 21:04:23 | pytorch_lightning.utilities.rank_zero | INFO | TPU available: False, using: 0 TPU cores
2026-04-02 21:04:23 | pytorch_lightning.utilities.rank_zero | INFO | đź’ˇ Tip: For seamless cloud logging and experiment tracking, try installing [litlogger](https://pypi.org/project/litlogger/) to enable LitLogger, which logs metrics and artifacts automatically to the Lightning Experiments platform.
/home/hpc/iwbn/iwbn129h/.local/lib/python3.12/site-packages/lightning/fabric/plugins/environments/slurm.py:204: The `srun` command is available on your system but is not used. HINT: If your intention is to run Lightning on SLURM, prepend your python command with `srun` like so: srun python scripts/run_experiment.py --config config/phase4_aif ...
INFO: LOCAL_RANK: 0 - CUDA_VISIBLE_DEVICES: [0]
2026-04-02 21:04:23 | lightning.pytorch.accelerators.cuda | INFO | LOCAL_RANK: 0 - CUDA_VISIBLE_DEVICES: [0]
/home/hpc/iwbn/iwbn129h/.local/lib/python3.12/site-packages/lightning/pytorch/utilities/_pytree.py:21: `isinstance(treespec, LeafSpec)` is deprecated, use `isinstance(treespec, TreeSpec) and treespec.is_leaf()` instead.
/home/hpc/iwbn/iwbn129h/.local/lib/python3.12/site-packages/lightning/pytorch/trainer/connectors/data_connector.py:434: The 'train_dataloader' does not have many workers which may be a bottleneck. Consider increasing the value of the `num_workers` argument` to `num_workers=31` in the `DataLoader` to improve performance.
/home/hpc/iwbn/iwbn129h/.local/lib/python3.12/site-packages/lightning/pytorch/trainer/connectors/data_connector.py:434: The 'val_dataloader' does not have many workers which may be a bottleneck. Consider increasing the value of the `num_workers` argument` to `num_workers=31` in the `DataLoader` to improve performance.
2026-04-02 21:06:14 | src.models.scvi_wrapper | INFO |     scVI Epoch   1/30: train=439.737732, val=413.669983
2026-04-02 21:13:32 | src.models.scvi_wrapper | INFO |     scVI Epoch   5/30: train=411.787567, val=410.173706
2026-04-02 21:22:42 | src.models.scvi_wrapper | INFO |     scVI Epoch  10/30: train=411.155640, val=409.608978
2026-04-02 21:31:50 | src.models.scvi_wrapper | INFO |     scVI Epoch  15/30: train=410.926758, val=409.717102
2026-04-02 21:40:58 | src.models.scvi_wrapper | INFO |     scVI Epoch  20/30: train=410.827454, val=409.625610
2026-04-02 21:50:06 | src.models.scvi_wrapper | INFO |     scVI Epoch  25/30: train=410.806000, val=409.796631
2026-04-02 21:59:14 | src.models.scvi_wrapper | INFO |     scVI Epoch  30/30: train=410.854462, val=409.879150
2026-04-02 21:59:15 | pytorch_lightning.utilities.rank_zero | INFO | `Trainer.fit` stopped: `max_epochs=30` reached.
2026-04-02 21:59:15 | src.models.scvi_wrapper | INFO |   scVI training complete: 30 epochs in 3291.6s
INFO     Input AnnData not setup with scvi-tools. attempting to transfer AnnData
         setup                                                                  
2026-04-02 21:59:23 | src.evaluation.metrics | INFO |   Latent evaluation sampled for scalability: n_used=15000 / n_total=182173 (seed=42)
2026-04-02 21:59:33 | src.evaluation.metrics | INFO |   Metrics: ARI=0.2828, AMI=0.5972, Sil(kmeans)=0.1755, Sil(labels)=0.0856 [n_used=15000/182173], BatchSil=-0.0795 (mix=0.0795), BatchEntropy=0.6341
2026-04-02 21:59:33 | src.evaluation.metrics | INFO |   Centrality sampled for scalability: n_used=5000 / n_total=182173 (seed=42)
2026-04-02 21:59:33 | src.evaluation.metrics | INFO |   Centrality variance: 0.000199 [mode=sampled, n_used=5000/182173]
2026-04-02 21:59:33 | experiment | INFO |   -> ARI=0.2828, AMI=0.5972, Sil=0.1755, Recon=408.420654, CentralityMode=sampled, CPUmem=nanMB, Time=3323.2s
2026-04-02 21:59:33 | experiment | INFO | 
--- aifi_immune_full | scvi:nb | d=8 | seed=42 ---
2026-04-02 21:59:33 | src.data.dataset | INFO |   Split: train=1457380, val=182172, test=182173
INFO: [rank: 0] Seed set to 42
2026-04-02 21:59:43 | lightning.fabric.utilities.seed | INFO | [rank: 0] Seed set to 42
2026-04-02 21:59:46 | src.models.scvi_wrapper | INFO |   scVI setup: d=8, likelihood=nb, hidden=128, layers=2, batch_key=batch_id
2026-04-02 21:59:46 | src.models.scvi_wrapper | INFO |   scVI TensorBoard logging to: /home/woody/iwbn/iwbn129h/sc_autoencoder_project/phase4/aifi_reduced/job_1563147/logs/tensorboard/run_20260402T180725Z_j1563147_p1818336/aifi_immune_full/scvi/nb/d_8/seed_42
/home/hpc/iwbn/iwbn129h/.local/lib/python3.12/site-packages/lightning/fabric/plugins/environments/slurm.py:204: The `srun` command is available on your system but is not used. HINT: If your intention is to run Lightning on SLURM, prepend your python command with `srun` like so: srun python scripts/run_experiment.py --config config/phase4_aif ...
2026-04-02 21:59:46 | pytorch_lightning.utilities.rank_zero | INFO | GPU available: True (cuda), used: True
2026-04-02 21:59:46 | pytorch_lightning.utilities.rank_zero | INFO | TPU available: False, using: 0 TPU cores
2026-04-02 21:59:46 | pytorch_lightning.utilities.rank_zero | INFO | đź’ˇ Tip: For seamless cloud logging and experiment tracking, try installing [litlogger](https://pypi.org/project/litlogger/) to enable LitLogger, which logs metrics and artifacts automatically to the Lightning Experiments platform.
/home/hpc/iwbn/iwbn129h/.local/lib/python3.12/site-packages/lightning/fabric/plugins/environments/slurm.py:204: The `srun` command is available on your system but is not used. HINT: If your intention is to run Lightning on SLURM, prepend your python command with `srun` like so: srun python scripts/run_experiment.py --config config/phase4_aif ...
INFO: LOCAL_RANK: 0 - CUDA_VISIBLE_DEVICES: [0]
2026-04-02 21:59:46 | lightning.pytorch.accelerators.cuda | INFO | LOCAL_RANK: 0 - CUDA_VISIBLE_DEVICES: [0]
/home/hpc/iwbn/iwbn129h/.local/lib/python3.12/site-packages/lightning/pytorch/utilities/_pytree.py:21: `isinstance(treespec, LeafSpec)` is deprecated, use `isinstance(treespec, TreeSpec) and treespec.is_leaf()` instead.
/home/hpc/iwbn/iwbn129h/.local/lib/python3.12/site-packages/lightning/pytorch/trainer/connectors/data_connector.py:434: The 'train_dataloader' does not have many workers which may be a bottleneck. Consider increasing the value of the `num_workers` argument` to `num_workers=31` in the `DataLoader` to improve performance.
/home/hpc/iwbn/iwbn129h/.local/lib/python3.12/site-packages/lightning/pytorch/trainer/connectors/data_connector.py:434: The 'val_dataloader' does not have many workers which may be a bottleneck. Consider increasing the value of the `num_workers` argument` to `num_workers=31` in the `DataLoader` to improve performance.
2026-04-02 22:01:36 | src.models.scvi_wrapper | INFO |     scVI Epoch   1/30: train=437.663605, val=412.086853
2026-04-02 22:08:54 | src.models.scvi_wrapper | INFO |     scVI Epoch   5/30: train=410.048126, val=408.082336
2026-04-02 22:18:01 | src.models.scvi_wrapper | INFO |     scVI Epoch  10/30: train=409.206482, val=407.471405
2026-04-02 22:27:09 | src.models.scvi_wrapper | INFO |     scVI Epoch  15/30: train=408.868744, val=407.351318
2026-04-02 22:36:22 | src.models.scvi_wrapper | INFO |     scVI Epoch  20/30: train=408.762177, val=407.520447
2026-04-02 22:45:31 | src.models.scvi_wrapper | INFO |     scVI Epoch  25/30: train=408.750641, val=407.672150
2026-04-02 22:54:40 | src.models.scvi_wrapper | INFO |     scVI Epoch  30/30: train=408.771332, val=407.938599
2026-04-02 22:54:40 | pytorch_lightning.utilities.rank_zero | INFO | `Trainer.fit` stopped: `max_epochs=30` reached.
2026-04-02 22:54:40 | src.models.scvi_wrapper | INFO |   scVI training complete: 30 epochs in 3294.2s
INFO     Input AnnData not setup with scvi-tools. attempting to transfer AnnData
         setup                                                                  
2026-04-02 22:54:48 | src.evaluation.metrics | INFO |   Latent evaluation sampled for scalability: n_used=15000 / n_total=182173 (seed=42)
2026-04-02 22:54:59 | src.evaluation.metrics | INFO |   Metrics: ARI=0.3104, AMI=0.6262, Sil(kmeans)=0.1389, Sil(labels)=0.0986 [n_used=15000/182173], BatchSil=-0.0636 (mix=0.0636), BatchEntropy=0.6331
2026-04-02 22:54:59 | src.evaluation.metrics | INFO |   Centrality sampled for scalability: n_used=5000 / n_total=182173 (seed=42)
2026-04-02 22:55:00 | src.evaluation.metrics | INFO |   Centrality variance: 0.000199 [mode=sampled, n_used=5000/182173]
2026-04-02 22:55:00 | experiment | INFO |   -> ARI=0.3104, AMI=0.6262, Sil=0.1389, Recon=406.160278, CentralityMode=sampled, CPUmem=nanMB, Time=3326.6s
2026-04-02 22:55:00 | experiment | INFO | 
--- aifi_immune_full | scvi:nb | d=10 | seed=42 ---
2026-04-02 22:55:00 | src.data.dataset | INFO |   Split: train=1457380, val=182172, test=182173
INFO: [rank: 0] Seed set to 42
2026-04-02 22:55:10 | lightning.fabric.utilities.seed | INFO | [rank: 0] Seed set to 42
2026-04-02 22:55:13 | src.models.scvi_wrapper | INFO |   scVI setup: d=10, likelihood=nb, hidden=128, layers=2, batch_key=batch_id
2026-04-02 22:55:13 | src.models.scvi_wrapper | INFO |   scVI TensorBoard logging to: /home/woody/iwbn/iwbn129h/sc_autoencoder_project/phase4/aifi_reduced/job_1563147/logs/tensorboard/run_20260402T180725Z_j1563147_p1818336/aifi_immune_full/scvi/nb/d_10/seed_42
/home/hpc/iwbn/iwbn129h/.local/lib/python3.12/site-packages/lightning/fabric/plugins/environments/slurm.py:204: The `srun` command is available on your system but is not used. HINT: If your intention is to run Lightning on SLURM, prepend your python command with `srun` like so: srun python scripts/run_experiment.py --config config/phase4_aif ...
2026-04-02 22:55:13 | pytorch_lightning.utilities.rank_zero | INFO | GPU available: True (cuda), used: True
2026-04-02 22:55:13 | pytorch_lightning.utilities.rank_zero | INFO | TPU available: False, using: 0 TPU cores
2026-04-02 22:55:13 | pytorch_lightning.utilities.rank_zero | INFO | đź’ˇ Tip: For seamless cloud logging and experiment tracking, try installing [litlogger](https://pypi.org/project/litlogger/) to enable LitLogger, which logs metrics and artifacts automatically to the Lightning Experiments platform.
/home/hpc/iwbn/iwbn129h/.local/lib/python3.12/site-packages/lightning/fabric/plugins/environments/slurm.py:204: The `srun` command is available on your system but is not used. HINT: If your intention is to run Lightning on SLURM, prepend your python command with `srun` like so: srun python scripts/run_experiment.py --config config/phase4_aif ...
INFO: LOCAL_RANK: 0 - CUDA_VISIBLE_DEVICES: [0]
2026-04-02 22:55:13 | lightning.pytorch.accelerators.cuda | INFO | LOCAL_RANK: 0 - CUDA_VISIBLE_DEVICES: [0]
/home/hpc/iwbn/iwbn129h/.local/lib/python3.12/site-packages/lightning/pytorch/utilities/_pytree.py:21: `isinstance(treespec, LeafSpec)` is deprecated, use `isinstance(treespec, TreeSpec) and treespec.is_leaf()` instead.
/home/hpc/iwbn/iwbn129h/.local/lib/python3.12/site-packages/lightning/pytorch/trainer/connectors/data_connector.py:434: The 'train_dataloader' does not have many workers which may be a bottleneck. Consider increasing the value of the `num_workers` argument` to `num_workers=31` in the `DataLoader` to improve performance.
/home/hpc/iwbn/iwbn129h/.local/lib/python3.12/site-packages/lightning/pytorch/trainer/connectors/data_connector.py:434: The 'val_dataloader' does not have many workers which may be a bottleneck. Consider increasing the value of the `num_workers` argument` to `num_workers=31` in the `DataLoader` to improve performance.
2026-04-02 22:57:02 | src.models.scvi_wrapper | INFO |     scVI Epoch   1/30: train=436.135010, val=410.545624
2026-04-02 23:04:20 | src.models.scvi_wrapper | INFO |     scVI Epoch   5/30: train=408.079529, val=405.694824
2026-04-02 23:13:26 | src.models.scvi_wrapper | INFO |     scVI Epoch  10/30: train=406.440277, val=404.463348
2026-04-02 23:22:35 | src.models.scvi_wrapper | INFO |     scVI Epoch  15/30: train=406.098694, val=404.818512
2026-04-02 23:31:54 | src.models.scvi_wrapper | INFO |     scVI Epoch  20/30: train=406.089600, val=404.766846
2026-04-02 23:41:19 | src.models.scvi_wrapper | INFO |     scVI Epoch  25/30: train=406.124512, val=404.965912
2026-04-02 23:51:04 | src.models.scvi_wrapper | INFO |     scVI Epoch  30/30: train=406.192139, val=405.153656
2026-04-02 23:51:04 | pytorch_lightning.utilities.rank_zero | INFO | `Trainer.fit` stopped: `max_epochs=30` reached.
2026-04-02 23:51:04 | src.models.scvi_wrapper | INFO |   scVI training complete: 30 epochs in 3350.7s
INFO     Input AnnData not setup with scvi-tools. attempting to transfer AnnData
         setup                                                                  
2026-04-02 23:51:12 | src.evaluation.metrics | INFO |   Latent evaluation sampled for scalability: n_used=15000 / n_total=182173 (seed=42)
2026-04-02 23:51:22 | src.evaluation.metrics | INFO |   Metrics: ARI=0.3288, AMI=0.6390, Sil(kmeans)=0.1282, Sil(labels)=0.0966 [n_used=15000/182173], BatchSil=-0.0626 (mix=0.0626), BatchEntropy=0.6329
2026-04-02 23:51:22 | src.evaluation.metrics | INFO |   Centrality sampled for scalability: n_used=5000 / n_total=182173 (seed=42)
2026-04-02 23:51:23 | src.evaluation.metrics | INFO |   Centrality variance: 0.000199 [mode=sampled, n_used=5000/182173]
2026-04-02 23:51:23 | experiment | INFO |   -> ARI=0.3288, AMI=0.6390, Sil=0.1282, Recon=402.995300, CentralityMode=sampled, CPUmem=nanMB, Time=3382.7s
2026-04-02 23:51:23 | experiment | INFO | 
--- aifi_immune_full | scvi:nb | d=12 | seed=42 ---
2026-04-02 23:51:23 | src.data.dataset | INFO |   Split: train=1457380, val=182172, test=182173
INFO: [rank: 0] Seed set to 42
2026-04-02 23:51:33 | lightning.fabric.utilities.seed | INFO | [rank: 0] Seed set to 42
2026-04-02 23:51:52 | src.models.scvi_wrapper | INFO |   scVI setup: d=12, likelihood=nb, hidden=128, layers=2, batch_key=batch_id
2026-04-02 23:51:53 | src.models.scvi_wrapper | INFO |   scVI TensorBoard logging to: /home/woody/iwbn/iwbn129h/sc_autoencoder_project/phase4/aifi_reduced/job_1563147/logs/tensorboard/run_20260402T180725Z_j1563147_p1818336/aifi_immune_full/scvi/nb/d_12/seed_42
/home/hpc/iwbn/iwbn129h/.local/lib/python3.12/site-packages/lightning/fabric/plugins/environments/slurm.py:204: The `srun` command is available on your system but is not used. HINT: If your intention is to run Lightning on SLURM, prepend your python command with `srun` like so: srun python scripts/run_experiment.py --config config/phase4_aif ...
2026-04-02 23:51:53 | pytorch_lightning.utilities.rank_zero | INFO | GPU available: True (cuda), used: True
2026-04-02 23:51:53 | pytorch_lightning.utilities.rank_zero | INFO | TPU available: False, using: 0 TPU cores
2026-04-02 23:51:53 | pytorch_lightning.utilities.rank_zero | INFO | đź’ˇ Tip: For seamless cloud logging and experiment tracking, try installing [litlogger](https://pypi.org/project/litlogger/) to enable LitLogger, which logs metrics and artifacts automatically to the Lightning Experiments platform.
/home/hpc/iwbn/iwbn129h/.local/lib/python3.12/site-packages/lightning/fabric/plugins/environments/slurm.py:204: The `srun` command is available on your system but is not used. HINT: If your intention is to run Lightning on SLURM, prepend your python command with `srun` like so: srun python scripts/run_experiment.py --config config/phase4_aif ...
INFO: LOCAL_RANK: 0 - CUDA_VISIBLE_DEVICES: [0]
2026-04-02 23:51:53 | lightning.pytorch.accelerators.cuda | INFO | LOCAL_RANK: 0 - CUDA_VISIBLE_DEVICES: [0]
/home/hpc/iwbn/iwbn129h/.local/lib/python3.12/site-packages/lightning/pytorch/utilities/_pytree.py:21: `isinstance(treespec, LeafSpec)` is deprecated, use `isinstance(treespec, TreeSpec) and treespec.is_leaf()` instead.
/home/hpc/iwbn/iwbn129h/.local/lib/python3.12/site-packages/lightning/pytorch/trainer/connectors/data_connector.py:434: The 'train_dataloader' does not have many workers which may be a bottleneck. Consider increasing the value of the `num_workers` argument` to `num_workers=31` in the `DataLoader` to improve performance.
/home/hpc/iwbn/iwbn129h/.local/lib/python3.12/site-packages/lightning/pytorch/trainer/connectors/data_connector.py:434: The 'val_dataloader' does not have many workers which may be a bottleneck. Consider increasing the value of the `num_workers` argument` to `num_workers=31` in the `DataLoader` to improve performance.
2026-04-02 23:53:44 | src.models.scvi_wrapper | INFO |     scVI Epoch   1/30: train=435.027924, val=409.256073
2026-04-03 00:00:58 | src.models.scvi_wrapper | INFO |     scVI Epoch   5/30: train=406.929962, val=404.204956
2026-04-03 00:10:04 | src.models.scvi_wrapper | INFO |     scVI Epoch  10/30: train=405.467224, val=403.113464
2026-04-03 00:19:09 | src.models.scvi_wrapper | INFO |     scVI Epoch  15/30: train=404.989777, val=403.592987
2026-04-03 00:28:13 | src.models.scvi_wrapper | INFO |     scVI Epoch  20/30: train=404.851532, val=403.698822
2026-04-03 00:37:17 | src.models.scvi_wrapper | INFO |     scVI Epoch  25/30: train=404.894379, val=403.933197
2026-04-03 00:46:19 | src.models.scvi_wrapper | INFO |     scVI Epoch  30/30: train=405.014526, val=404.271576
2026-04-03 00:46:19 | pytorch_lightning.utilities.rank_zero | INFO | `Trainer.fit` stopped: `max_epochs=30` reached.
2026-04-03 00:46:19 | src.models.scvi_wrapper | INFO |   scVI training complete: 30 epochs in 3266.5s
INFO     Input AnnData not setup with scvi-tools. attempting to transfer AnnData
         setup                                                                  
2026-04-03 00:46:27 | src.evaluation.metrics | INFO |   Latent evaluation sampled for scalability: n_used=15000 / n_total=182173 (seed=42)
2026-04-03 00:46:43 | src.evaluation.metrics | INFO |   Metrics: ARI=0.3164, AMI=0.6369, Sil(kmeans)=0.1089, Sil(labels)=0.0843 [n_used=15000/182173], BatchSil=-0.0505 (mix=0.0505), BatchEntropy=0.6347
2026-04-03 00:46:43 | src.evaluation.metrics | INFO |   Centrality sampled for scalability: n_used=5000 / n_total=182173 (seed=42)
2026-04-03 00:46:44 | src.evaluation.metrics | WARNING | Centrality computation failed (mode=sampled, n_obs=5000, n_neighbors=15): `eigenvector_centrality_numpy` does not give consistent results for disconnected graphs
2026-04-03 00:46:46 | experiment | INFO |   -> ARI=0.3164, AMI=0.6369, Sil=0.1089, Recon=401.799286, CentralityMode=failed, CPUmem=nanMB, Time=3320.8s
2026-04-03 00:46:46 | experiment | INFO | 
--- aifi_immune_full | scvi:nb | d=16 | seed=42 ---
2026-04-03 00:46:46 | src.data.dataset | INFO |   Split: train=1457380, val=182172, test=182173
=== JOB_STATISTICS ===
=== current date     : Fri Apr  3 12:48:41 AM CEST 2026
= Job-ID             : 1563147 on tinygpu
= Job-Name           : phase4_aifi_reduced
= Job-Command        : /home/hpc/iwbn/iwbn129h/sc_autoencoder_project/jobs/phase4_aifi_scvi_nb_reduced.sh
= Initial workdir    : /home/hpc/iwbn/iwbn129h/sc_autoencoder_project
= Queue/Partition    : a100
= Slurm account      : iwbn with QOS=normal
= Requested resources:  for 12:00:00
= Elapsed runtime    : 04:43:00
= Total RAM usage    : 107.8 GiB of requested  GiB (%)   
= Node list          : tg097
= Subm/Elig/Start/End: 2026-04-02T20:05:41 / 2026-04-02T20:05:41 / 2026-04-02T20:05:41 / 2026-04-03T00:48:41
======================
=== Quota infos ======
    Path                 Used     SoftQ    HardQ    Gracetime  Filec    FileQ    FiHaQ    FileGrace    
    /home/woody            76.3G  1000.0G  1500.0G        N/A      94K   5,000K   7,500K        N/A    
    /home/hpc              47.3G   104.9G   209.7G        N/A      98K     500K   1,000K        N/A    
    /home/vault             0.0K  1048.6G  2097.2G        N/A       1      200K     400K        N/A    
======================
=== GPU utilization ==
gpu_name, gpu_bus_id, pid, gpu_utilization [%], mem_utilization [%], max_memory_usage [MiB], time [ms]
NVIDIA A100-SXM4-40GB, 00000000:C1:00.0, 1818336, 13 %, 0 %, 560 MiB, 16876699 ms
