### Starting TaskPrologue of job 1563109 on tg094 at Thu Apr  2 06:39:17 PM CEST 2026
Running on cores 64-95 with governor ondemand
Thu Apr  2 18:39:17 2026       
+-----------------------------------------------------------------------------------------+
| NVIDIA-SMI 580.126.20             Driver Version: 580.126.20     CUDA Version: 13.0     |
+-----------------------------------------+------------------------+----------------------+
| GPU  Name                 Persistence-M | Bus-Id          Disp.A | Volatile Uncorr. ECC |
| Fan  Temp   Perf          Pwr:Usage/Cap |           Memory-Usage | GPU-Util  Compute M. |
|                                         |                        |               MIG M. |
|=========================================+========================+======================|
|   0  NVIDIA A100-SXM4-40GB          On  |   00000000:81:00.0 Off |                    0 |
| N/A   34C    P0             54W /  400W |       0MiB /  40960MiB |      0%      Default |
|                                         |                        |             Disabled |
+-----------------------------------------+------------------------+----------------------+

+-----------------------------------------------------------------------------------------+
| Processes:                                                                              |
|  GPU   GI   CI              PID   Type   Process name                        GPU Memory |
|        ID   ID                                                               Usage      |
|=========================================================================================|
|  No running processes found                                                             |
+-----------------------------------------------------------------------------------------+
### Finished TaskPrologue

WARN: conda env scvi_env not found, using user packages
=== TS2-LUNG LIGHTWEIGHT ONBOARD START ===
Job ID:        1563109
Source file:   /home/woody/iwbn/iwbn129h/sc_autoencoder_project/data/raw/ts2_lung_source.h5ad
Ready file:    /home/woody/iwbn/iwbn129h/sc_autoencoder_project/data/processed/ts2_lung.h5ad
Staged output: /tmp/1563109.tinygpu/iwbn129h/scae_ts2_lung_onboard_1563109/ts2_lung.h5ad
Start:         Thu Apr  2 06:39:20 PM CEST 2026
=== JOB_STATISTICS ===
=== current date     : Thu Apr  2 06:40:12 PM CEST 2026
= Job-ID             : 1563109 on tinygpu
= Job-Name           : ts2_lung_onboard
= Job-Command        : /home/hpc/iwbn/iwbn129h/sc_autoencoder_project/jobs/phase4_ts2_lung_onboard_light.sh
= Initial workdir    : /home/hpc/iwbn/iwbn129h/sc_autoencoder_project
= Queue/Partition    : a100
= Slurm account      : iwbn with QOS=normal
= Requested resources:  for 04:00:00
= Elapsed runtime    : 00:01:26
= Total RAM usage    : 2.1 GiB of requested  GiB (%)   
= Node list          : tg094
= Subm/Elig/Start/End: 2026-04-02T18:38:46 / 2026-04-02T18:38:46 / 2026-04-02T18:38:46 / 2026-04-02T18:40:12
======================
=== Quota infos ======
    Path                 Used     SoftQ    HardQ    Gracetime  Filec    FileQ    FiHaQ    FileGrace    
    /home/hpc              47.2G   104.9G   209.7G        N/A      98K     500K   1,000K        N/A    
    /home/woody            76.3G  1000.0G  1500.0G        N/A      94K   5,000K   7,500K        N/A    
    /home/vault             0.0K  1048.6G  2097.2G        N/A       1      200K     400K        N/A    
======================
=== GPU utilization ==
gpu_name, gpu_bus_id, pid, gpu_utilization [%], mem_utilization [%], max_memory_usage [MiB], time [ms]
