### Starting TaskPrologue of job 1563148 on tg091 at Thu Apr  2 20:38:13 CEST 2026
Running on cores 64-95 with governor ondemand
Thu Apr  2 20:38:13 2026       
+-----------------------------------------------------------------------------------------+
| NVIDIA-SMI 580.126.20             Driver Version: 580.126.20     CUDA Version: 13.0     |
+-----------------------------------------+------------------------+----------------------+
| GPU  Name                 Persistence-M | Bus-Id          Disp.A | Volatile Uncorr. ECC |
| Fan  Temp   Perf          Pwr:Usage/Cap |           Memory-Usage | GPU-Util  Compute M. |
|                                         |                        |               MIG M. |
|=========================================+========================+======================|
|   0  NVIDIA A100-SXM4-40GB          On  |   00000000:81:00.0 Off |                    0 |
| N/A   36C    P0             52W /  400W |       0MiB /  40960MiB |      0%      Default |
|                                         |                        |             Disabled |
+-----------------------------------------+------------------------+----------------------+

+-----------------------------------------------------------------------------------------+
| Processes:                                                                              |
|  GPU   GI   CI              PID   Type   Process name                        GPU Memory |
|        ID   ID                                                               Usage      |
|=========================================================================================|
|  No running processes found                                                             |
+-----------------------------------------------------------------------------------------+
### Finished TaskPrologue

WARN: conda env scvi_env not found, using user packages
=== PHASE 4 TS2-LUNG REDUCED START ===
Job ID:       1563148
Node:         tg091
WORK file:    /home/woody/iwbn/iwbn129h/sc_autoencoder_project/data/processed/ts2_lung.h5ad
Stage file:   /tmp/1563148.tinygpu/iwbn129h/scae_phase4_ts2_1563148/data/processed/ts2_lung.h5ad
Persist root: /home/woody/iwbn/iwbn129h/sc_autoencoder_project/phase4/ts2_reduced/job_1563148
Start:        Thu Apr  2 20:38:15 CEST 2026
TS2-lung schema gate passed
Using config: config/phase4_ts2_lung_scvi_nb_refine_d4_16.yaml
2026-04-02 20:39:09 | experiment | INFO |   TensorBoard: /home/woody/iwbn/iwbn129h/sc_autoencoder_project/phase4/ts2_reduced/job_1563148/logs/tensorboard/run_20260402T183909Z_j1563148_p2338950
2026-04-02 20:39:09 | experiment | INFO |   View live:   tensorboard --logdir /home/woody/iwbn/iwbn129h/sc_autoencoder_project/phase4/ts2_reduced/job_1563148/logs/tensorboard
2026-04-02 20:39:09 | experiment | INFO | ======================================================================
2026-04-02 20:39:09 | experiment | INFO | EXPERIMENT: Latent Dimension Sweep
2026-04-02 20:39:09 | experiment | INFO |   Datasets:       ['ts2_lung']
2026-04-02 20:39:09 | experiment | INFO |   Model/losses:   [('scvi', 'nb')]
2026-04-02 20:39:09 | experiment | INFO |   Latent dims:    [4, 6, 8, 10, 12, 16]
2026-04-02 20:39:09 | experiment | INFO |   Seeds:          1
2026-04-02 20:39:09 | experiment | INFO |   Device:         cuda
2026-04-02 20:39:09 | experiment | INFO |   Git commit:     10d3fdb
2026-04-02 20:39:09 | experiment | INFO |   Run ID:         run_20260402T183909Z_j1563148_p2338950
2026-04-02 20:39:09 | experiment | INFO |   Large run mode: True
2026-04-02 20:39:09 | experiment | INFO | ======================================================================
2026-04-02 20:39:15 | src.data.preprocessor | INFO |   Loaded processed data (backed): 65847 × 60606
2026-04-02 20:39:15 | experiment | WARNING | Processed cache check for ts2_lung: missing fingerprint in cached file (expected=ff82c29c0dc16b5e). This likely came from an older preprocessing run.. Continuing with cached file /tmp/1563148.tinygpu/iwbn129h/scae_phase4_ts2_1563148/data/processed/ts2_lung.h5ad; rerun preprocess to refresh.
2026-04-02 20:39:22 | experiment | INFO | Large-run mode on ts2_lung using in-memory path (keep_backed_until_split=False).
2026-04-02 20:39:22 | experiment | INFO | 
Dataset: ts2_lung (65847 cells, K=34, requested_mode=backed, effective_mode=in_memory_from_backed, label_source=provided:cell_type)
2026-04-02 20:39:22 | experiment | INFO | 
--- ts2_lung | scvi:nb | d=4 | seed=42 ---
2026-04-02 20:39:22 | src.data.dataset | INFO |   Split: train=52677, val=6585, test=6585
INFO: [rank: 0] Seed set to 42
2026-04-02 20:39:46 | lightning.fabric.utilities.seed | INFO | [rank: 0] Seed set to 42
2026-04-02 20:39:46 | src.models.scvi_wrapper | INFO |   scVI setup: d=4, likelihood=nb, hidden=128, layers=2, batch_key=donor_id
2026-04-02 20:39:48 | src.models.scvi_wrapper | INFO |   scVI TensorBoard logging to: /home/woody/iwbn/iwbn129h/sc_autoencoder_project/phase4/ts2_reduced/job_1563148/logs/tensorboard/run_20260402T183909Z_j1563148_p2338950/ts2_lung/scvi/nb/d_4/seed_42
/home/hpc/iwbn/iwbn129h/.local/lib/python3.12/site-packages/lightning/fabric/plugins/environments/slurm.py:204: The `srun` command is available on your system but is not used. HINT: If your intention is to run Lightning on SLURM, prepend your python command with `srun` like so: srun python scripts/run_experiment.py --config config/phase4_ts2 ...
2026-04-02 20:39:48 | pytorch_lightning.utilities.rank_zero | INFO | GPU available: True (cuda), used: True
2026-04-02 20:39:48 | pytorch_lightning.utilities.rank_zero | INFO | TPU available: False, using: 0 TPU cores
2026-04-02 20:39:48 | pytorch_lightning.utilities.rank_zero | INFO | 💡 Tip: For seamless cloud logging and experiment tracking, try installing [litlogger](https://pypi.org/project/litlogger/) to enable LitLogger, which logs metrics and artifacts automatically to the Lightning Experiments platform.
/home/hpc/iwbn/iwbn129h/.local/lib/python3.12/site-packages/lightning/fabric/plugins/environments/slurm.py:204: The `srun` command is available on your system but is not used. HINT: If your intention is to run Lightning on SLURM, prepend your python command with `srun` like so: srun python scripts/run_experiment.py --config config/phase4_ts2 ...
INFO: LOCAL_RANK: 0 - CUDA_VISIBLE_DEVICES: [0]
2026-04-02 20:39:49 | lightning.pytorch.accelerators.cuda | INFO | LOCAL_RANK: 0 - CUDA_VISIBLE_DEVICES: [0]
/home/hpc/iwbn/iwbn129h/.local/lib/python3.12/site-packages/lightning/pytorch/utilities/_pytree.py:21: `isinstance(treespec, LeafSpec)` is deprecated, use `isinstance(treespec, TreeSpec) and treespec.is_leaf()` instead.
/home/hpc/iwbn/iwbn129h/.local/lib/python3.12/site-packages/lightning/pytorch/trainer/connectors/data_connector.py:434: The 'train_dataloader' does not have many workers which may be a bottleneck. Consider increasing the value of the `num_workers` argument` to `num_workers=31` in the `DataLoader` to improve performance.
/home/hpc/iwbn/iwbn129h/.local/lib/python3.12/site-packages/lightning/pytorch/trainer/connectors/data_connector.py:434: The 'val_dataloader' does not have many workers which may be a bottleneck. Consider increasing the value of the `num_workers` argument` to `num_workers=31` in the `DataLoader` to improve performance.
2026-04-02 20:39:58 | src.models.scvi_wrapper | INFO |     scVI Epoch   1/30: train=7189.583984, val=6602.579102
2026-04-02 20:40:27 | src.models.scvi_wrapper | INFO |     scVI Epoch   5/30: train=6167.637207, val=6143.819336
2026-04-02 20:41:04 | src.models.scvi_wrapper | INFO |     scVI Epoch  10/30: train=5991.912109, val=5991.208496
2026-04-02 20:41:40 | src.models.scvi_wrapper | INFO |     scVI Epoch  15/30: train=5922.724609, val=5932.700684
2026-04-02 20:42:16 | src.models.scvi_wrapper | INFO |     scVI Epoch  20/30: train=5890.722168, val=5904.250000
2026-04-02 20:42:53 | src.models.scvi_wrapper | INFO |     scVI Epoch  25/30: train=5871.126465, val=5888.297852
2026-04-02 20:43:29 | src.models.scvi_wrapper | INFO |     scVI Epoch  30/30: train=5859.185059, val=5880.394043
2026-04-02 20:43:29 | pytorch_lightning.utilities.rank_zero | INFO | `Trainer.fit` stopped: `max_epochs=30` reached.
2026-04-02 20:43:29 | src.models.scvi_wrapper | INFO |   scVI training complete: 30 epochs in 220.9s
INFO     Input AnnData not setup with scvi-tools. attempting to transfer AnnData
         setup                                                                  
2026-04-02 20:43:33 | src.evaluation.metrics | INFO |   Metrics: ARI=0.3710, AMI=0.7067, Sil(kmeans)=0.2893, Sil(labels)=0.1254 [n_used=6585/6585], BatchSil=-0.0193 (mix=0.0193), BatchEntropy=0.5708
2026-04-02 20:43:48 | src.evaluation.metrics | INFO |   Centrality variance: 0.000150 [mode=full, n_used=6585/6585]
2026-04-02 20:43:48 | experiment | INFO |   -> ARI=0.3710, AMI=0.7067, Sil=0.2893, Recon=5891.904785, CentralityMode=full, CPUmem=nanMB, Time=266.3s
2026-04-02 20:43:48 | experiment | INFO | 
--- ts2_lung | scvi:nb | d=6 | seed=42 ---
2026-04-02 20:43:48 | src.data.dataset | INFO |   Split: train=52677, val=6585, test=6585
INFO: [rank: 0] Seed set to 42
2026-04-02 20:43:50 | lightning.fabric.utilities.seed | INFO | [rank: 0] Seed set to 42
2026-04-02 20:43:51 | src.models.scvi_wrapper | INFO |   scVI setup: d=6, likelihood=nb, hidden=128, layers=2, batch_key=donor_id
2026-04-02 20:43:51 | src.models.scvi_wrapper | INFO |   scVI TensorBoard logging to: /home/woody/iwbn/iwbn129h/sc_autoencoder_project/phase4/ts2_reduced/job_1563148/logs/tensorboard/run_20260402T183909Z_j1563148_p2338950/ts2_lung/scvi/nb/d_6/seed_42
/home/hpc/iwbn/iwbn129h/.local/lib/python3.12/site-packages/lightning/fabric/plugins/environments/slurm.py:204: The `srun` command is available on your system but is not used. HINT: If your intention is to run Lightning on SLURM, prepend your python command with `srun` like so: srun python scripts/run_experiment.py --config config/phase4_ts2 ...
2026-04-02 20:43:51 | pytorch_lightning.utilities.rank_zero | INFO | GPU available: True (cuda), used: True
2026-04-02 20:43:51 | pytorch_lightning.utilities.rank_zero | INFO | TPU available: False, using: 0 TPU cores
2026-04-02 20:43:51 | pytorch_lightning.utilities.rank_zero | INFO | 💡 Tip: For seamless cloud logging and experiment tracking, try installing [litlogger](https://pypi.org/project/litlogger/) to enable LitLogger, which logs metrics and artifacts automatically to the Lightning Experiments platform.
/home/hpc/iwbn/iwbn129h/.local/lib/python3.12/site-packages/lightning/fabric/plugins/environments/slurm.py:204: The `srun` command is available on your system but is not used. HINT: If your intention is to run Lightning on SLURM, prepend your python command with `srun` like so: srun python scripts/run_experiment.py --config config/phase4_ts2 ...
INFO: LOCAL_RANK: 0 - CUDA_VISIBLE_DEVICES: [0]
2026-04-02 20:43:51 | lightning.pytorch.accelerators.cuda | INFO | LOCAL_RANK: 0 - CUDA_VISIBLE_DEVICES: [0]
/home/hpc/iwbn/iwbn129h/.local/lib/python3.12/site-packages/lightning/pytorch/utilities/_pytree.py:21: `isinstance(treespec, LeafSpec)` is deprecated, use `isinstance(treespec, TreeSpec) and treespec.is_leaf()` instead.
/home/hpc/iwbn/iwbn129h/.local/lib/python3.12/site-packages/lightning/pytorch/trainer/connectors/data_connector.py:434: The 'train_dataloader' does not have many workers which may be a bottleneck. Consider increasing the value of the `num_workers` argument` to `num_workers=31` in the `DataLoader` to improve performance.
/home/hpc/iwbn/iwbn129h/.local/lib/python3.12/site-packages/lightning/pytorch/trainer/connectors/data_connector.py:434: The 'val_dataloader' does not have many workers which may be a bottleneck. Consider increasing the value of the `num_workers` argument` to `num_workers=31` in the `DataLoader` to improve performance.
2026-04-02 20:43:58 | src.models.scvi_wrapper | INFO |     scVI Epoch   1/30: train=7191.900879, val=6619.816895
2026-04-02 20:44:27 | src.models.scvi_wrapper | INFO |     scVI Epoch   5/30: train=6150.564453, val=6129.083008
2026-04-02 20:45:03 | src.models.scvi_wrapper | INFO |     scVI Epoch  10/30: train=5969.721191, val=5972.117676
2026-04-02 20:45:40 | src.models.scvi_wrapper | INFO |     scVI Epoch  15/30: train=5899.748535, val=5911.278809
2026-04-02 20:46:16 | src.models.scvi_wrapper | INFO |     scVI Epoch  20/30: train=5865.405762, val=5881.541992
2026-04-02 20:46:52 | src.models.scvi_wrapper | INFO |     scVI Epoch  25/30: train=5847.692383, val=5867.486816
2026-04-02 20:47:28 | src.models.scvi_wrapper | INFO |     scVI Epoch  30/30: train=5835.505859, val=5859.328613
2026-04-02 20:47:28 | pytorch_lightning.utilities.rank_zero | INFO | `Trainer.fit` stopped: `max_epochs=30` reached.
2026-04-02 20:47:28 | src.models.scvi_wrapper | INFO |   scVI training complete: 30 epochs in 217.4s
INFO     Input AnnData not setup with scvi-tools. attempting to transfer AnnData
         setup                                                                  
2026-04-02 20:47:32 | src.evaluation.metrics | INFO |   Metrics: ARI=0.3834, AMI=0.7245, Sil(kmeans)=0.2648, Sil(labels)=0.1574 [n_used=6585/6585], BatchSil=-0.0122 (mix=0.0122), BatchEntropy=0.5043
2026-04-02 20:47:33 | src.evaluation.metrics | INFO |   Centrality variance: 0.000151 [mode=full, n_used=6585/6585]
2026-04-02 20:47:33 | experiment | INFO |   -> ARI=0.3834, AMI=0.7245, Sil=0.2648, Recon=5869.140625, CentralityMode=full, CPUmem=nanMB, Time=224.2s
2026-04-02 20:47:33 | experiment | INFO | 
--- ts2_lung | scvi:nb | d=8 | seed=42 ---
2026-04-02 20:47:33 | src.data.dataset | INFO |   Split: train=52677, val=6585, test=6585
INFO: [rank: 0] Seed set to 42
2026-04-02 20:47:35 | lightning.fabric.utilities.seed | INFO | [rank: 0] Seed set to 42
2026-04-02 20:47:35 | src.models.scvi_wrapper | INFO |   scVI setup: d=8, likelihood=nb, hidden=128, layers=2, batch_key=donor_id
2026-04-02 20:47:35 | src.models.scvi_wrapper | INFO |   scVI TensorBoard logging to: /home/woody/iwbn/iwbn129h/sc_autoencoder_project/phase4/ts2_reduced/job_1563148/logs/tensorboard/run_20260402T183909Z_j1563148_p2338950/ts2_lung/scvi/nb/d_8/seed_42
/home/hpc/iwbn/iwbn129h/.local/lib/python3.12/site-packages/lightning/fabric/plugins/environments/slurm.py:204: The `srun` command is available on your system but is not used. HINT: If your intention is to run Lightning on SLURM, prepend your python command with `srun` like so: srun python scripts/run_experiment.py --config config/phase4_ts2 ...
2026-04-02 20:47:35 | pytorch_lightning.utilities.rank_zero | INFO | GPU available: True (cuda), used: True
2026-04-02 20:47:35 | pytorch_lightning.utilities.rank_zero | INFO | TPU available: False, using: 0 TPU cores
2026-04-02 20:47:35 | pytorch_lightning.utilities.rank_zero | INFO | 💡 Tip: For seamless cloud logging and experiment tracking, try installing [litlogger](https://pypi.org/project/litlogger/) to enable LitLogger, which logs metrics and artifacts automatically to the Lightning Experiments platform.
/home/hpc/iwbn/iwbn129h/.local/lib/python3.12/site-packages/lightning/fabric/plugins/environments/slurm.py:204: The `srun` command is available on your system but is not used. HINT: If your intention is to run Lightning on SLURM, prepend your python command with `srun` like so: srun python scripts/run_experiment.py --config config/phase4_ts2 ...
INFO: LOCAL_RANK: 0 - CUDA_VISIBLE_DEVICES: [0]
2026-04-02 20:47:35 | lightning.pytorch.accelerators.cuda | INFO | LOCAL_RANK: 0 - CUDA_VISIBLE_DEVICES: [0]
/home/hpc/iwbn/iwbn129h/.local/lib/python3.12/site-packages/lightning/pytorch/utilities/_pytree.py:21: `isinstance(treespec, LeafSpec)` is deprecated, use `isinstance(treespec, TreeSpec) and treespec.is_leaf()` instead.
/home/hpc/iwbn/iwbn129h/.local/lib/python3.12/site-packages/lightning/pytorch/trainer/connectors/data_connector.py:434: The 'train_dataloader' does not have many workers which may be a bottleneck. Consider increasing the value of the `num_workers` argument` to `num_workers=31` in the `DataLoader` to improve performance.
/home/hpc/iwbn/iwbn129h/.local/lib/python3.12/site-packages/lightning/pytorch/trainer/connectors/data_connector.py:434: The 'val_dataloader' does not have many workers which may be a bottleneck. Consider increasing the value of the `num_workers` argument` to `num_workers=31` in the `DataLoader` to improve performance.
2026-04-02 20:47:42 | src.models.scvi_wrapper | INFO |     scVI Epoch   1/30: train=7228.677246, val=6677.509766
2026-04-02 20:48:11 | src.models.scvi_wrapper | INFO |     scVI Epoch   5/30: train=6147.333496, val=6127.048340
2026-04-02 20:48:46 | src.models.scvi_wrapper | INFO |     scVI Epoch  10/30: train=5960.657715, val=5961.074219
2026-04-02 20:49:22 | src.models.scvi_wrapper | INFO |     scVI Epoch  15/30: train=5889.156250, val=5900.796875
2026-04-02 20:49:57 | src.models.scvi_wrapper | INFO |     scVI Epoch  20/30: train=5854.833496, val=5871.299316
2026-04-02 20:50:33 | src.models.scvi_wrapper | INFO |     scVI Epoch  25/30: train=5835.111816, val=5856.259277
2026-04-02 20:51:08 | src.models.scvi_wrapper | INFO |     scVI Epoch  30/30: train=5823.786133, val=5848.145996
2026-04-02 20:51:08 | pytorch_lightning.utilities.rank_zero | INFO | `Trainer.fit` stopped: `max_epochs=30` reached.
2026-04-02 20:51:08 | src.models.scvi_wrapper | INFO |   scVI training complete: 30 epochs in 213.0s
INFO     Input AnnData not setup with scvi-tools. attempting to transfer AnnData
         setup                                                                  
2026-04-02 20:51:12 | src.evaluation.metrics | INFO |   Metrics: ARI=0.4143, AMI=0.7227, Sil(kmeans)=0.2492, Sil(labels)=0.1298 [n_used=6585/6585], BatchSil=-0.0045 (mix=0.0045), BatchEntropy=0.4817
2026-04-02 20:51:12 | src.evaluation.metrics | INFO |   Centrality variance: 0.000151 [mode=full, n_used=6585/6585]
2026-04-02 20:51:12 | experiment | INFO |   -> ARI=0.4143, AMI=0.7227, Sil=0.2492, Recon=5857.088867, CentralityMode=full, CPUmem=nanMB, Time=219.5s
2026-04-02 20:51:12 | experiment | INFO | 
--- ts2_lung | scvi:nb | d=10 | seed=42 ---
2026-04-02 20:51:12 | src.data.dataset | INFO |   Split: train=52677, val=6585, test=6585
INFO: [rank: 0] Seed set to 42
2026-04-02 20:51:14 | lightning.fabric.utilities.seed | INFO | [rank: 0] Seed set to 42
2026-04-02 20:51:14 | src.models.scvi_wrapper | INFO |   scVI setup: d=10, likelihood=nb, hidden=128, layers=2, batch_key=donor_id
2026-04-02 20:51:15 | src.models.scvi_wrapper | INFO |   scVI TensorBoard logging to: /home/woody/iwbn/iwbn129h/sc_autoencoder_project/phase4/ts2_reduced/job_1563148/logs/tensorboard/run_20260402T183909Z_j1563148_p2338950/ts2_lung/scvi/nb/d_10/seed_42
/home/hpc/iwbn/iwbn129h/.local/lib/python3.12/site-packages/lightning/fabric/plugins/environments/slurm.py:204: The `srun` command is available on your system but is not used. HINT: If your intention is to run Lightning on SLURM, prepend your python command with `srun` like so: srun python scripts/run_experiment.py --config config/phase4_ts2 ...
2026-04-02 20:51:15 | pytorch_lightning.utilities.rank_zero | INFO | GPU available: True (cuda), used: True
2026-04-02 20:51:15 | pytorch_lightning.utilities.rank_zero | INFO | TPU available: False, using: 0 TPU cores
2026-04-02 20:51:15 | pytorch_lightning.utilities.rank_zero | INFO | 💡 Tip: For seamless cloud logging and experiment tracking, try installing [litlogger](https://pypi.org/project/litlogger/) to enable LitLogger, which logs metrics and artifacts automatically to the Lightning Experiments platform.
/home/hpc/iwbn/iwbn129h/.local/lib/python3.12/site-packages/lightning/fabric/plugins/environments/slurm.py:204: The `srun` command is available on your system but is not used. HINT: If your intention is to run Lightning on SLURM, prepend your python command with `srun` like so: srun python scripts/run_experiment.py --config config/phase4_ts2 ...
INFO: LOCAL_RANK: 0 - CUDA_VISIBLE_DEVICES: [0]
2026-04-02 20:51:15 | lightning.pytorch.accelerators.cuda | INFO | LOCAL_RANK: 0 - CUDA_VISIBLE_DEVICES: [0]
/home/hpc/iwbn/iwbn129h/.local/lib/python3.12/site-packages/lightning/pytorch/utilities/_pytree.py:21: `isinstance(treespec, LeafSpec)` is deprecated, use `isinstance(treespec, TreeSpec) and treespec.is_leaf()` instead.
/home/hpc/iwbn/iwbn129h/.local/lib/python3.12/site-packages/lightning/pytorch/trainer/connectors/data_connector.py:434: The 'train_dataloader' does not have many workers which may be a bottleneck. Consider increasing the value of the `num_workers` argument` to `num_workers=31` in the `DataLoader` to improve performance.
/home/hpc/iwbn/iwbn129h/.local/lib/python3.12/site-packages/lightning/pytorch/trainer/connectors/data_connector.py:434: The 'val_dataloader' does not have many workers which may be a bottleneck. Consider increasing the value of the `num_workers` argument` to `num_workers=31` in the `DataLoader` to improve performance.
2026-04-02 20:51:22 | src.models.scvi_wrapper | INFO |     scVI Epoch   1/30: train=7227.125488, val=6673.575684
2026-04-02 20:51:50 | src.models.scvi_wrapper | INFO |     scVI Epoch   5/30: train=6146.648438, val=6123.770508
2026-04-02 20:52:25 | src.models.scvi_wrapper | INFO |     scVI Epoch  10/30: train=5957.479492, val=5957.980957
2026-04-02 20:53:01 | src.models.scvi_wrapper | INFO |     scVI Epoch  15/30: train=5884.566406, val=5894.771484
2026-04-02 20:53:36 | src.models.scvi_wrapper | INFO |     scVI Epoch  20/30: train=5850.083496, val=5868.152832
2026-04-02 20:54:12 | src.models.scvi_wrapper | INFO |     scVI Epoch  25/30: train=5830.651855, val=5850.798340
2026-04-02 20:54:47 | src.models.scvi_wrapper | INFO |     scVI Epoch  30/30: train=5818.623047, val=5842.943359
2026-04-02 20:54:47 | pytorch_lightning.utilities.rank_zero | INFO | `Trainer.fit` stopped: `max_epochs=30` reached.
2026-04-02 20:54:47 | src.models.scvi_wrapper | INFO |   scVI training complete: 30 epochs in 212.7s
INFO     Input AnnData not setup with scvi-tools. attempting to transfer AnnData
         setup                                                                  
2026-04-02 20:54:51 | src.evaluation.metrics | INFO |   Metrics: ARI=0.3999, AMI=0.7308, Sil(kmeans)=0.2346, Sil(labels)=0.1344 [n_used=6585/6585], BatchSil=-0.0053 (mix=0.0053), BatchEntropy=0.4717
2026-04-02 20:54:51 | src.evaluation.metrics | INFO |   Centrality variance: 0.000151 [mode=full, n_used=6585/6585]
2026-04-02 20:54:51 | experiment | INFO |   -> ARI=0.3999, AMI=0.7308, Sil=0.2346, Recon=5851.743164, CentralityMode=full, CPUmem=nanMB, Time=219.2s
2026-04-02 20:54:51 | experiment | INFO | 
--- ts2_lung | scvi:nb | d=12 | seed=42 ---
2026-04-02 20:54:51 | src.data.dataset | INFO |   Split: train=52677, val=6585, test=6585
INFO: [rank: 0] Seed set to 42
2026-04-02 20:54:53 | lightning.fabric.utilities.seed | INFO | [rank: 0] Seed set to 42
2026-04-02 20:54:54 | src.models.scvi_wrapper | INFO |   scVI setup: d=12, likelihood=nb, hidden=128, layers=2, batch_key=donor_id
2026-04-02 20:54:54 | src.models.scvi_wrapper | INFO |   scVI TensorBoard logging to: /home/woody/iwbn/iwbn129h/sc_autoencoder_project/phase4/ts2_reduced/job_1563148/logs/tensorboard/run_20260402T183909Z_j1563148_p2338950/ts2_lung/scvi/nb/d_12/seed_42
/home/hpc/iwbn/iwbn129h/.local/lib/python3.12/site-packages/lightning/fabric/plugins/environments/slurm.py:204: The `srun` command is available on your system but is not used. HINT: If your intention is to run Lightning on SLURM, prepend your python command with `srun` like so: srun python scripts/run_experiment.py --config config/phase4_ts2 ...
2026-04-02 20:54:54 | pytorch_lightning.utilities.rank_zero | INFO | GPU available: True (cuda), used: True
2026-04-02 20:54:54 | pytorch_lightning.utilities.rank_zero | INFO | TPU available: False, using: 0 TPU cores
2026-04-02 20:54:54 | pytorch_lightning.utilities.rank_zero | INFO | 💡 Tip: For seamless cloud logging and experiment tracking, try installing [litlogger](https://pypi.org/project/litlogger/) to enable LitLogger, which logs metrics and artifacts automatically to the Lightning Experiments platform.
/home/hpc/iwbn/iwbn129h/.local/lib/python3.12/site-packages/lightning/fabric/plugins/environments/slurm.py:204: The `srun` command is available on your system but is not used. HINT: If your intention is to run Lightning on SLURM, prepend your python command with `srun` like so: srun python scripts/run_experiment.py --config config/phase4_ts2 ...
INFO: LOCAL_RANK: 0 - CUDA_VISIBLE_DEVICES: [0]
2026-04-02 20:54:54 | lightning.pytorch.accelerators.cuda | INFO | LOCAL_RANK: 0 - CUDA_VISIBLE_DEVICES: [0]
/home/hpc/iwbn/iwbn129h/.local/lib/python3.12/site-packages/lightning/pytorch/utilities/_pytree.py:21: `isinstance(treespec, LeafSpec)` is deprecated, use `isinstance(treespec, TreeSpec) and treespec.is_leaf()` instead.
/home/hpc/iwbn/iwbn129h/.local/lib/python3.12/site-packages/lightning/pytorch/trainer/connectors/data_connector.py:434: The 'train_dataloader' does not have many workers which may be a bottleneck. Consider increasing the value of the `num_workers` argument` to `num_workers=31` in the `DataLoader` to improve performance.
/home/hpc/iwbn/iwbn129h/.local/lib/python3.12/site-packages/lightning/pytorch/trainer/connectors/data_connector.py:434: The 'val_dataloader' does not have many workers which may be a bottleneck. Consider increasing the value of the `num_workers` argument` to `num_workers=31` in the `DataLoader` to improve performance.
2026-04-02 20:55:01 | src.models.scvi_wrapper | INFO |     scVI Epoch   1/30: train=7202.420898, val=6615.447266
2026-04-02 20:55:30 | src.models.scvi_wrapper | INFO |     scVI Epoch   5/30: train=6141.510742, val=6118.552734
2026-04-02 20:56:06 | src.models.scvi_wrapper | INFO |     scVI Epoch  10/30: train=5954.847168, val=5956.958984
2026-04-02 20:56:42 | src.models.scvi_wrapper | INFO |     scVI Epoch  15/30: train=5881.730957, val=5893.413086
2026-04-02 20:57:18 | src.models.scvi_wrapper | INFO |     scVI Epoch  20/30: train=5846.329102, val=5863.173340
2026-04-02 20:57:53 | src.models.scvi_wrapper | INFO |     scVI Epoch  25/30: train=5826.676270, val=5845.974121
2026-04-02 20:58:30 | src.models.scvi_wrapper | INFO |     scVI Epoch  30/30: train=5814.663086, val=5838.865234
2026-04-02 20:58:30 | pytorch_lightning.utilities.rank_zero | INFO | `Trainer.fit` stopped: `max_epochs=30` reached.
2026-04-02 20:58:30 | src.models.scvi_wrapper | INFO |   scVI training complete: 30 epochs in 215.7s
INFO     Input AnnData not setup with scvi-tools. attempting to transfer AnnData
         setup                                                                  
2026-04-02 20:58:34 | src.evaluation.metrics | INFO |   Metrics: ARI=0.4302, AMI=0.7381, Sil(kmeans)=0.2400, Sil(labels)=0.1272 [n_used=6585/6585], BatchSil=-0.0049 (mix=0.0049), BatchEntropy=0.4607
2026-04-02 20:58:34 | src.evaluation.metrics | INFO |   Centrality variance: 0.000150 [mode=full, n_used=6585/6585]
2026-04-02 20:58:34 | experiment | INFO |   -> ARI=0.4302, AMI=0.7381, Sil=0.2400, Recon=5847.394531, CentralityMode=full, CPUmem=nanMB, Time=222.6s
2026-04-02 20:58:34 | experiment | INFO | 
--- ts2_lung | scvi:nb | d=16 | seed=42 ---
2026-04-02 20:58:34 | src.data.dataset | INFO |   Split: train=52677, val=6585, test=6585
INFO: [rank: 0] Seed set to 42
2026-04-02 20:58:36 | lightning.fabric.utilities.seed | INFO | [rank: 0] Seed set to 42
2026-04-02 20:58:36 | src.models.scvi_wrapper | INFO |   scVI setup: d=16, likelihood=nb, hidden=128, layers=2, batch_key=donor_id
2026-04-02 20:58:37 | src.models.scvi_wrapper | INFO |   scVI TensorBoard logging to: /home/woody/iwbn/iwbn129h/sc_autoencoder_project/phase4/ts2_reduced/job_1563148/logs/tensorboard/run_20260402T183909Z_j1563148_p2338950/ts2_lung/scvi/nb/d_16/seed_42
/home/hpc/iwbn/iwbn129h/.local/lib/python3.12/site-packages/lightning/fabric/plugins/environments/slurm.py:204: The `srun` command is available on your system but is not used. HINT: If your intention is to run Lightning on SLURM, prepend your python command with `srun` like so: srun python scripts/run_experiment.py --config config/phase4_ts2 ...
2026-04-02 20:58:37 | pytorch_lightning.utilities.rank_zero | INFO | GPU available: True (cuda), used: True
2026-04-02 20:58:37 | pytorch_lightning.utilities.rank_zero | INFO | TPU available: False, using: 0 TPU cores
2026-04-02 20:58:37 | pytorch_lightning.utilities.rank_zero | INFO | 💡 Tip: For seamless cloud logging and experiment tracking, try installing [litlogger](https://pypi.org/project/litlogger/) to enable LitLogger, which logs metrics and artifacts automatically to the Lightning Experiments platform.
/home/hpc/iwbn/iwbn129h/.local/lib/python3.12/site-packages/lightning/fabric/plugins/environments/slurm.py:204: The `srun` command is available on your system but is not used. HINT: If your intention is to run Lightning on SLURM, prepend your python command with `srun` like so: srun python scripts/run_experiment.py --config config/phase4_ts2 ...
INFO: LOCAL_RANK: 0 - CUDA_VISIBLE_DEVICES: [0]
2026-04-02 20:58:37 | lightning.pytorch.accelerators.cuda | INFO | LOCAL_RANK: 0 - CUDA_VISIBLE_DEVICES: [0]
/home/hpc/iwbn/iwbn129h/.local/lib/python3.12/site-packages/lightning/pytorch/utilities/_pytree.py:21: `isinstance(treespec, LeafSpec)` is deprecated, use `isinstance(treespec, TreeSpec) and treespec.is_leaf()` instead.
/home/hpc/iwbn/iwbn129h/.local/lib/python3.12/site-packages/lightning/pytorch/trainer/connectors/data_connector.py:434: The 'train_dataloader' does not have many workers which may be a bottleneck. Consider increasing the value of the `num_workers` argument` to `num_workers=31` in the `DataLoader` to improve performance.
/home/hpc/iwbn/iwbn129h/.local/lib/python3.12/site-packages/lightning/pytorch/trainer/connectors/data_connector.py:434: The 'val_dataloader' does not have many workers which may be a bottleneck. Consider increasing the value of the `num_workers` argument` to `num_workers=31` in the `DataLoader` to improve performance.
2026-04-02 20:58:44 | src.models.scvi_wrapper | INFO |     scVI Epoch   1/30: train=7212.855469, val=6653.417969
2026-04-02 20:59:12 | src.models.scvi_wrapper | INFO |     scVI Epoch   5/30: train=6144.026367, val=6116.414062
2026-04-02 20:59:47 | src.models.scvi_wrapper | INFO |     scVI Epoch  10/30: train=5954.725586, val=5956.522949
2026-04-02 21:00:22 | src.models.scvi_wrapper | INFO |     scVI Epoch  15/30: train=5880.950195, val=5892.741211
2026-04-02 21:00:57 | src.models.scvi_wrapper | INFO |     scVI Epoch  20/30: train=5845.451660, val=5861.937500
2026-04-02 21:01:32 | src.models.scvi_wrapper | INFO |     scVI Epoch  25/30: train=5824.688477, val=5845.028809
2026-04-02 21:02:07 | src.models.scvi_wrapper | INFO |     scVI Epoch  30/30: train=5812.195801, val=5836.772949
2026-04-02 21:02:07 | pytorch_lightning.utilities.rank_zero | INFO | `Trainer.fit` stopped: `max_epochs=30` reached.
2026-04-02 21:02:07 | src.models.scvi_wrapper | INFO |   scVI training complete: 30 epochs in 210.2s
INFO     Input AnnData not setup with scvi-tools. attempting to transfer AnnData
         setup                                                                  
2026-04-02 21:02:10 | src.evaluation.metrics | INFO |   Metrics: ARI=0.3619, AMI=0.7174, Sil(kmeans)=0.2037, Sil(labels)=0.1152 [n_used=6585/6585], BatchSil=-0.0027 (mix=0.0027), BatchEntropy=0.4413
2026-04-02 21:02:11 | src.evaluation.metrics | INFO |   Centrality variance: 0.000151 [mode=full, n_used=6585/6585]
2026-04-02 21:02:11 | experiment | INFO |   -> ARI=0.3619, AMI=0.7174, Sil=0.2037, Recon=5844.395020, CentralityMode=full, CPUmem=nanMB, Time=216.6s
2026-04-02 21:02:11 | experiment | INFO |   Dataset results saved: /home/woody/iwbn/iwbn129h/sc_autoencoder_project/phase4/ts2_reduced/job_1563148/results/datasets/ts2_lung/tables/experiment_results.csv (6 rows)
2026-04-02 21:02:11 | experiment | INFO | 
======================================================================
2026-04-02 21:02:11 | experiment | INFO | EXPERIMENT COMPLETE — run_20260402T183909Z_j1563148_p2338950
2026-04-02 21:02:11 | experiment | INFO | ======================================================================
2026-04-02 21:02:11 | experiment | INFO |   Total runs:    6
2026-04-02 21:02:11 | experiment | INFO |   Successful:    6
2026-04-02 21:02:11 | experiment | INFO |   Failed:        0
2026-04-02 21:02:11 | experiment | INFO |   Completed:     2026-04-02T19:02:11.129444Z
2026-04-02 21:02:11 | experiment | INFO | 
2026-04-02 21:02:11 | experiment | INFO |   Output files:
2026-04-02 21:02:11 | experiment | INFO |     Global CSV:  /home/woody/iwbn/iwbn129h/sc_autoencoder_project/phase4/ts2_reduced/job_1563148/results/phase4_ts2_lung_scvi_nb_reduced.csv
2026-04-02 21:02:11 | experiment | INFO |     Run dir:     /home/woody/iwbn/iwbn129h/sc_autoencoder_project/phase4/ts2_reduced/job_1563148/results/runs/run_20260402T183909Z_j1563148_p2338950/
2026-04-02 21:02:11 | experiment | INFO |     TensorBoard: /home/woody/iwbn/iwbn129h/sc_autoencoder_project/phase4/ts2_reduced/job_1563148/logs/tensorboard/run_20260402T183909Z_j1563148_p2338950/ (6 event files)
2026-04-02 21:02:11 | experiment | INFO |     View TB:     tensorboard --logdir /home/woody/iwbn/iwbn129h/sc_autoencoder_project/phase4/ts2_reduced/job_1563148/logs/tensorboard
2026-04-02 21:02:11 | experiment | INFO | ======================================================================
End: Thu Apr  2 21:02:14 CEST 2026
=== PHASE 4 TS2-LUNG REDUCED DONE ===
=== JOB_STATISTICS ===
=== current date     : Thu Apr  2 09:02:14 PM CEST 2026
= Job-ID             : 1563148 on tinygpu
= Job-Name           : phase4_ts2_reduced
= Job-Command        : /home/hpc/iwbn/iwbn129h/sc_autoencoder_project/jobs/phase4_ts2_lung_scvi_nb_reduced.sh
= Initial workdir    : /home/hpc/iwbn/iwbn129h/sc_autoencoder_project
= Queue/Partition    : a100
= Slurm account      : iwbn with QOS=normal
= Requested resources:  for 12:00:00
= Elapsed runtime    : 00:24:11
= Total RAM usage    : 36.2 GiB of requested  GiB (%)   
= Node list          : tg091
= Subm/Elig/Start/End: 2026-04-02T20:05:41 / 2026-04-02T20:05:41 / 2026-04-02T20:38:03 / 2026-04-02T21:02:14
======================
=== Quota infos ======
    Path                 Used     SoftQ    HardQ    Gracetime  Filec    FileQ    FiHaQ    FileGrace    
    /home/hpc              47.3G   104.9G   209.7G        N/A      98K     500K   1,000K        N/A    
    /home/woody            76.3G  1000.0G  1500.0G        N/A      94K   5,000K   7,500K        N/A    
    /home/vault             0.0K  1048.6G  2097.2G        N/A       1      200K     400K        N/A    
======================
=== GPU utilization ==
gpu_name, gpu_bus_id, pid, gpu_utilization [%], mem_utilization [%], max_memory_usage [MiB], time [ms]
NVIDIA A100-SXM4-40GB, 00000000:81:00.0, 2338950, 35 %, 21 %, 2014 MiB, 1385275 ms
