
EnvironmentNameNotFound: Could not find conda environment: scvi_env
You can list all discoverable environments with `conda info --envs`.


2026-03-29 10:59:39,428 [INFO] Device: cuda
2026-03-29 10:59:39,451 [INFO]   Synthetic data: 200 cells, 500 genes, 4 clusters
2026-03-29 10:59:39,451 [INFO] ============================================================
2026-03-29 10:59:39,451 [INFO] TEST: Architecture symmetry check
2026-03-29 10:59:39,451 [INFO] ============================================================
2026-03-29 10:59:39,478 [INFO]   hidden_dims=[128, 64]: encoder_linears=3, decoder_trunk_linears=2, + recon_head=1 → total_decoder=3
2026-03-29 10:59:39,484 [INFO]   hidden_dims=[256, 128, 64]: encoder_linears=4, decoder_trunk_linears=3, + recon_head=1 → total_decoder=4
2026-03-29 10:59:39,486 [INFO]   hidden_dims=[64]: encoder_linears=2, decoder_trunk_linears=1, + recon_head=1 → total_decoder=2
2026-03-29 10:59:39,486 [INFO]   ✅ All architectures are symmetric
2026-03-29 10:59:39,486 [INFO] ============================================================
2026-03-29 10:59:39,486 [INFO] TEST: Autoencoder (AE) with MSE loss
2026-03-29 10:59:39,486 [INFO] ============================================================
2026-03-29 10:59:39,487 [INFO]   Split: train=160, val=20, test=20
2026-03-29 10:59:39,498 [INFO]   DataLoaders: train=160, val=20, test=20, batch_size=64, layer=X, num_workers=0, pin_memory=False
2026-03-29 10:59:39,500 [INFO]   Model params: 102,308
2026-03-29 10:59:39,500 [INFO]   Architecture:
Autoencoder(
  (encoder): Sequential(
    (0): Linear(in_features=500, out_features=64, bias=True)
    (1): ReLU()
    (2): Linear(in_features=64, out_features=32, bias=True)
    (3): ReLU()
    (4): Linear(in_features=32, out_features=8, bias=True)
  )
  (decoder_hidden): Sequential(
    (0): Linear(in_features=8, out_features=32, bias=True)
    (1): ReLU()
    (2): Linear(in_features=32, out_features=64, bias=True)
    (3): ReLU()
  )
  (recon_head): Linear(in_features=64, out_features=500, bias=True)
  (pi_head): Linear(in_features=64, out_features=500, bias=True)
)
2026-03-29 10:59:55,603 [INFO]   TensorBoard logging to: /tmp/smoke_test_tb/smoke_ae_mse_d8
2026-03-29 10:59:55,603 [INFO]   Training AE (d=8, loss=mse) on cuda for up to 20 epochs
2026-03-29 10:59:57,244 [INFO]     Epoch   1: train=7.494447, val=7.368865
2026-03-29 10:59:57,454 [INFO]     Epoch  10: train=1.889836, val=1.788415
2026-03-29 10:59:57,690 [INFO]     Epoch  20: train=1.366494, val=1.397829
2026-03-29 10:59:57,703 [INFO]   Training complete in 2.1s. Best val loss: 1.397829 (epoch 20)
2026-03-29 10:59:57,774 [INFO]   DataLoaders: train=200, val=0, test=0, batch_size=64, layer=X, num_workers=0, pin_memory=False
2026-03-29 10:59:57,943 [INFO]   Metrics: ARI=-0.0125, AMI=-0.0141, Silhouette=-0.0301
2026-03-29 11:00:24,524 [INFO]   Centrality variance: 0.001287
2026-03-29 11:00:24,525 [INFO]   ✅ AE Results:
2026-03-29 11:00:24,525 [INFO]      Best val loss: 1.397829 (epoch 20)
2026-03-29 11:00:24,525 [INFO]      Total epochs:  20
2026-03-29 11:00:24,525 [INFO]      ARI: -0.0125, AMI: -0.0141
2026-03-29 11:00:24,525 [INFO]      Silhouette: -0.0301
2026-03-29 11:00:24,525 [INFO]      Centrality variance: 0.0013
2026-03-29 11:00:24,525 [INFO]      Peak CPU mem: 1.1 MB
2026-03-29 11:00:24,525 [INFO]      Latent shape: (200, 8)
2026-03-29 11:00:24,525 [INFO] ============================================================
2026-03-29 11:00:24,525 [INFO] TEST: Variational Autoencoder (VAE) with MSE loss
2026-03-29 11:00:24,525 [INFO] ============================================================
2026-03-29 11:00:24,526 [INFO]   Split: train=160, val=20, test=20
2026-03-29 11:00:24,532 [INFO]   DataLoaders: train=160, val=20, test=20, batch_size=64, layer=X, num_workers=0, pin_memory=False
2026-03-29 11:00:24,533 [INFO]   Model params: 102,572
2026-03-29 11:00:24,535 [INFO]   TensorBoard logging to: /tmp/smoke_test_tb/smoke_vae_mse_d8
2026-03-29 11:00:24,535 [INFO]   Training VAE (d=8, loss=mse) on cuda for up to 20 epochs
2026-03-29 11:00:25,129 [INFO]     Epoch   1: train=7.849304, val=7.466921 (recon=7.5361, kl=0.3132)
2026-03-29 11:00:25,412 [INFO]     Epoch  10: train=5.017835, val=4.693386 (recon=4.9880, kl=0.0299)
2026-03-29 11:00:25,707 [INFO]     Epoch  20: train=1.869581, val=1.871296 (recon=1.8258, kl=0.0437)
2026-03-29 11:00:25,723 [INFO]   Training complete in 1.2s. Best val loss: 1.861980 (epoch 19)
2026-03-29 11:00:25,727 [INFO]   DataLoaders: train=200, val=0, test=0, batch_size=64, layer=X, num_workers=0, pin_memory=False
2026-03-29 11:00:25,823 [INFO]   Metrics: ARI=-0.0056, AMI=-0.0056, Silhouette=-0.0575
2026-03-29 11:00:25,824 [INFO]   ✅ VAE Results:
2026-03-29 11:00:25,824 [INFO]      Best val loss: 1.861980 (epoch 19)
2026-03-29 11:00:25,824 [INFO]      Total epochs:  20
2026-03-29 11:00:25,824 [INFO]      ARI: -0.0056, AMI: -0.0056
2026-03-29 11:00:25,824 [INFO]      Silhouette: -0.0575
2026-03-29 11:00:25,824 [INFO]      Peak CPU mem: 0.2 MB
2026-03-29 11:00:25,825 [INFO] ============================================================
2026-03-29 11:00:25,825 [INFO] TEST: AE with Negative Binomial (NB) loss
2026-03-29 11:00:25,825 [INFO] ============================================================
2026-03-29 11:00:25,825 [INFO]   Split: train=160, val=20, test=20
2026-03-29 11:00:25,829 [INFO]   DataLoaders: train=160, val=20, test=20, batch_size=64, layer=counts, num_workers=0, pin_memory=False
2026-03-29 11:00:25,830 [INFO]   Training AE (d=8, loss=nb) on cuda for up to 10 epochs
2026-03-29 11:00:26,784 [INFO]     Epoch   1: train=2093.451855, val=2065.654297
2026-03-29 11:00:26,924 [INFO]     Epoch  10: train=1346.118066, val=1330.231445
2026-03-29 11:00:26,928 [INFO]   Training complete in 1.1s. Best val loss: 1330.231445 (epoch 10)
2026-03-29 11:00:26,928 [INFO]   ✅ NB Loss Results:
2026-03-29 11:00:26,928 [INFO]      Best val loss: 1330.231445
2026-03-29 11:00:26,928 [INFO]      Gradients stable: yes
2026-03-29 11:00:26,928 [INFO] ============================================================
2026-03-29 11:00:26,928 [INFO] TEST: scVI (via scvi-tools)
2026-03-29 11:00:26,928 [INFO] ============================================================
INFO: [rank: 0] Seed set to 42
2026-03-29 11:00:40,311 [INFO] [rank: 0] Seed set to 42
2026-03-29 11:00:40,410 [INFO]   scVI setup: d=8, likelihood=nb, hidden=64, layers=1, batch_key=None
/home/hpc/iwbn/iwbn129h/.local/lib/python3.12/site-packages/lightning/fabric/plugins/environments/slurm.py:204: The `srun` command is available on your system but is not used. HINT: If your intention is to run Lightning on SLURM, prepend your python command with `srun` like so: srun python scripts/smoke_test.py --with_scvi --tensorboard ...
INFO: GPU available: True (cuda), used: True
2026-03-29 11:00:40,472 [INFO] GPU available: True (cuda), used: True
INFO: TPU available: False, using: 0 TPU cores
2026-03-29 11:00:40,472 [INFO] TPU available: False, using: 0 TPU cores
INFO: 💡 Tip: For seamless cloud logging and experiment tracking, try installing [litlogger](https://pypi.org/project/litlogger/) to enable LitLogger, which logs metrics and artifacts automatically to the Lightning Experiments platform.
2026-03-29 11:00:40,473 [INFO] 💡 Tip: For seamless cloud logging and experiment tracking, try installing [litlogger](https://pypi.org/project/litlogger/) to enable LitLogger, which logs metrics and artifacts automatically to the Lightning Experiments platform.
/home/hpc/iwbn/iwbn129h/.local/lib/python3.12/site-packages/lightning/fabric/plugins/environments/slurm.py:204: The `srun` command is available on your system but is not used. HINT: If your intention is to run Lightning on SLURM, prepend your python command with `srun` like so: srun python scripts/smoke_test.py --with_scvi --tensorboard ...
INFO: You are using a CUDA device ('NVIDIA A100-SXM4-40GB') that has Tensor Cores. To properly utilize them, you should set `torch.set_float32_matmul_precision('medium' | 'high')` which will trade-off precision for performance. For more details, read https://pytorch.org/docs/stable/generated/torch.set_float32_matmul_precision.html#torch.set_float32_matmul_precision
2026-03-29 11:00:40,476 [INFO] You are using a CUDA device ('NVIDIA A100-SXM4-40GB') that has Tensor Cores. To properly utilize them, you should set `torch.set_float32_matmul_precision('medium' | 'high')` which will trade-off precision for performance. For more details, read https://pytorch.org/docs/stable/generated/torch.set_float32_matmul_precision.html#torch.set_float32_matmul_precision
INFO: LOCAL_RANK: 0 - CUDA_VISIBLE_DEVICES: [0]
2026-03-29 11:00:40,477 [INFO] LOCAL_RANK: 0 - CUDA_VISIBLE_DEVICES: [0]
/home/hpc/iwbn/iwbn129h/.local/lib/python3.12/site-packages/lightning/pytorch/utilities/_pytree.py:21: `isinstance(treespec, LeafSpec)` is deprecated, use `isinstance(treespec, TreeSpec) and treespec.is_leaf()` instead.
/home/hpc/iwbn/iwbn129h/.local/lib/python3.12/site-packages/lightning/pytorch/trainer/connectors/data_connector.py:434: The 'train_dataloader' does not have many workers which may be a bottleneck. Consider increasing the value of the `num_workers` argument` to `num_workers=31` in the `DataLoader` to improve performance.
/home/hpc/iwbn/iwbn129h/.local/lib/python3.12/site-packages/lightning/pytorch/loops/fit_loop.py:317: The number of training batches (2) is smaller than the logging interval Trainer(log_every_n_steps=10). Set a lower value for log_every_n_steps if you want to see logs for the training epoch.
/home/hpc/iwbn/iwbn129h/.local/lib/python3.12/site-packages/lightning/pytorch/trainer/connectors/data_connector.py:434: The 'val_dataloader' does not have many workers which may be a bottleneck. Consider increasing the value of the `num_workers` argument` to `num_workers=31` in the `DataLoader` to improve performance.
INFO: `Trainer.fit` stopped: `max_epochs=10` reached.
2026-03-29 11:00:42,380 [INFO] `Trainer.fit` stopped: `max_epochs=10` reached.
2026-03-29 11:00:42,390 [INFO]   scVI training complete: 10 epochs in 2.0s
2026-03-29 11:00:42,424 [INFO]   Metrics: ARI=1.0000, AMI=1.0000, Silhouette=0.9155
2026-03-29 11:00:42,424 [INFO]   ✅ scVI Results:
2026-03-29 11:00:42,424 [INFO]      Actual epochs: 10
2026-03-29 11:00:42,424 [INFO]      Training time: 2.0s
2026-03-29 11:00:42,424 [INFO]      Recon loss (neg ELBO): 1314.8134
2026-03-29 11:00:42,424 [INFO]      ARI: 1.0000, AMI: 1.0000
2026-03-29 11:00:42,424 [INFO]      Latent shape: (200, 8)
2026-03-29 11:00:42,424 [INFO] 
============================================================
2026-03-29 11:00:42,424 [INFO] SMOKE TEST SUMMARY
2026-03-29 11:00:42,424 [INFO] ============================================================
2026-03-29 11:00:42,424 [INFO]   ✅ symmetry: PASS
2026-03-29 11:00:42,424 [INFO]   ✅ ae_mse: PASS
2026-03-29 11:00:42,424 [INFO]   ✅ vae_mse: PASS
2026-03-29 11:00:42,424 [INFO]   ✅ ae_nb: PASS
2026-03-29 11:00:42,424 [INFO]   ✅ scvi: PASS
2026-03-29 11:00:42,424 [INFO] 
  TensorBoard logs at: /tmp/smoke_test_tb
2026-03-29 11:00:42,424 [INFO]   View with: tensorboard --logdir /tmp/smoke_test_tb
2026-03-29 11:00:42,424 [INFO] 
🎉 All tests passed! Pipeline is ready.
