### Starting TaskPrologue of job 1562113 on tg095 at Tue Mar 31 16:20:21 CEST 2026
Running on cores 64-95 with governor ondemand
Tue Mar 31 16:20:21 2026       
+-----------------------------------------------------------------------------------------+
| NVIDIA-SMI 580.126.20             Driver Version: 580.126.20     CUDA Version: 13.0     |
+-----------------------------------------+------------------------+----------------------+
| GPU  Name                 Persistence-M | Bus-Id          Disp.A | Volatile Uncorr. ECC |
| Fan  Temp   Perf          Pwr:Usage/Cap |           Memory-Usage | GPU-Util  Compute M. |
|                                         |                        |               MIG M. |
|=========================================+========================+======================|
|   0  NVIDIA A100-SXM4-40GB          On  |   00000000:81:00.0 Off |                    0 |
| N/A   35C    P0             55W /  400W |       0MiB /  40960MiB |      0%      Default |
|                                         |                        |             Disabled |
+-----------------------------------------+------------------------+----------------------+

+-----------------------------------------------------------------------------------------+
| Processes:                                                                              |
|  GPU   GI   CI              PID   Type   Process name                        GPU Memory |
|        ID   ID                                                               Usage      |
|=========================================================================================|
|  No running processes found                                                             |
+-----------------------------------------------------------------------------------------+
### Finished TaskPrologue

WARN: conda env scvi_env not found, using user packages
=== PHASE 4 STAGE B START ===
Job ID:       1562113
Node:         tg095
WORK file:    /home/woody/iwbn/iwbn129h/sc_autoencoder_project/data/processed/ts1_all_cells_phase4_ready.h5ad
Stage file:   /tmp/1562113.tinygpu/iwbn129h/scae_phase4_stageB_1562113/data/processed/ts1_all_cells.h5ad
Persist root: /home/woody/iwbn/iwbn129h/sc_autoencoder_project/phase4/stageB/job_1562113
Start:        Tue Mar 31 16:20:23 CEST 2026
Using config: config/phase4_ts1_stageB_reduced.yaml
2026-03-31 16:21:22 | experiment | INFO |   TensorBoard: /home/woody/iwbn/iwbn129h/sc_autoencoder_project/phase4/stageB/job_1562113/logs/tensorboard/run_20260331T142122Z_j1562113_p1671769
2026-03-31 16:21:22 | experiment | INFO |   View live:   tensorboard --logdir /home/woody/iwbn/iwbn129h/sc_autoencoder_project/phase4/stageB/job_1562113/logs/tensorboard
2026-03-31 16:21:22 | experiment | INFO | ======================================================================
2026-03-31 16:21:22 | experiment | INFO | EXPERIMENT: Latent Dimension Sweep
2026-03-31 16:21:22 | experiment | INFO |   Datasets:       ['ts1_all_cells']
2026-03-31 16:21:22 | experiment | INFO |   Model/losses:   [('scvi', 'nb'), ('ae', 'nb')]
2026-03-31 16:21:22 | experiment | INFO |   Latent dims:    [8, 16, 24, 32]
2026-03-31 16:21:22 | experiment | INFO |   Seeds:          1
2026-03-31 16:21:22 | experiment | INFO |   Device:         cuda
2026-03-31 16:21:22 | experiment | INFO |   Git commit:     10d3fdb
2026-03-31 16:21:22 | experiment | INFO |   Run ID:         run_20260331T142122Z_j1562113_p1671769
2026-03-31 16:21:22 | experiment | INFO |   Large run mode: True
2026-03-31 16:21:22 | experiment | INFO | ======================================================================
2026-03-31 16:21:23 | src.data.preprocessor | INFO |   Loaded processed data (backed): 483151 × 2000
2026-03-31 16:21:23 | experiment | WARNING | Processed cache check for ts1_all_cells: missing fingerprint in cached file (expected=ff82c29c0dc16b5e). This likely came from an older preprocessing run.. Continuing with cached file /tmp/1562113.tinygpu/iwbn129h/scae_phase4_stageB_1562113/data/processed/ts1_all_cells.h5ad; rerun preprocess to refresh.
2026-03-31 16:21:24 | experiment | INFO | Large-run mode on ts1_all_cells using in-memory path (keep_backed_until_split=False).
2026-03-31 16:21:24 | experiment | INFO | 
Dataset: ts1_all_cells (483151 cells, K=177, requested_mode=backed, effective_mode=in_memory_from_backed, label_source=provided:cell_ontology_class)
2026-03-31 16:21:24 | experiment | INFO | 
--- ts1_all_cells | scvi:nb | d=8 | seed=42 ---
2026-03-31 16:21:24 | src.data.dataset | INFO |   Split: train=386520, val=48315, test=48316
INFO: [rank: 0] Seed set to 42
2026-03-31 16:21:55 | lightning.fabric.utilities.seed | INFO | [rank: 0] Seed set to 42
2026-03-31 16:21:55 | src.models.scvi_wrapper | INFO |   scVI setup: d=8, likelihood=nb, hidden=128, layers=2, batch_key=donor_id
2026-03-31 16:21:57 | src.models.scvi_wrapper | INFO |   scVI TensorBoard logging to: /home/woody/iwbn/iwbn129h/sc_autoencoder_project/phase4/stageB/job_1562113/logs/tensorboard/run_20260331T142122Z_j1562113_p1671769/ts1_all_cells/scvi/nb/d_8/seed_42
/home/hpc/iwbn/iwbn129h/.local/lib/python3.12/site-packages/lightning/fabric/plugins/environments/slurm.py:204: The `srun` command is available on your system but is not used. HINT: If your intention is to run Lightning on SLURM, prepend your python command with `srun` like so: srun python scripts/run_experiment.py --config config/phase4_ts1 ...
2026-03-31 16:21:57 | pytorch_lightning.utilities.rank_zero | INFO | GPU available: True (cuda), used: True
2026-03-31 16:21:57 | pytorch_lightning.utilities.rank_zero | INFO | TPU available: False, using: 0 TPU cores
2026-03-31 16:21:57 | pytorch_lightning.utilities.rank_zero | INFO | 💡 Tip: For seamless cloud logging and experiment tracking, try installing [litlogger](https://pypi.org/project/litlogger/) to enable LitLogger, which logs metrics and artifacts automatically to the Lightning Experiments platform.
/home/hpc/iwbn/iwbn129h/.local/lib/python3.12/site-packages/lightning/fabric/plugins/environments/slurm.py:204: The `srun` command is available on your system but is not used. HINT: If your intention is to run Lightning on SLURM, prepend your python command with `srun` like so: srun python scripts/run_experiment.py --config config/phase4_ts1 ...
INFO: LOCAL_RANK: 0 - CUDA_VISIBLE_DEVICES: [0]
2026-03-31 16:21:59 | lightning.pytorch.accelerators.cuda | INFO | LOCAL_RANK: 0 - CUDA_VISIBLE_DEVICES: [0]
/home/hpc/iwbn/iwbn129h/.local/lib/python3.12/site-packages/lightning/pytorch/utilities/_pytree.py:21: `isinstance(treespec, LeafSpec)` is deprecated, use `isinstance(treespec, TreeSpec) and treespec.is_leaf()` instead.
/home/hpc/iwbn/iwbn129h/.local/lib/python3.12/site-packages/lightning/pytorch/trainer/connectors/data_connector.py:434: The 'train_dataloader' does not have many workers which may be a bottleneck. Consider increasing the value of the `num_workers` argument` to `num_workers=31` in the `DataLoader` to improve performance.
/home/hpc/iwbn/iwbn129h/.local/lib/python3.12/site-packages/lightning/pytorch/trainer/connectors/data_connector.py:434: The 'val_dataloader' does not have many workers which may be a bottleneck. Consider increasing the value of the `num_workers` argument` to `num_workers=31` in the `DataLoader` to improve performance.
2026-03-31 16:22:30 | src.models.scvi_wrapper | INFO |     scVI Epoch   1/80: train=499.732574, val=384.770935
2026-03-31 16:24:26 | src.models.scvi_wrapper | INFO |     scVI Epoch   5/80: train=298.106445, val=310.620575
2026-03-31 16:26:51 | src.models.scvi_wrapper | INFO |     scVI Epoch  10/80: train=280.442078, val=301.392334
2026-03-31 16:29:13 | src.models.scvi_wrapper | INFO |     scVI Epoch  15/80: train=275.375305, val=291.845062
2026-03-31 16:31:38 | src.models.scvi_wrapper | INFO |     scVI Epoch  20/80: train=273.286285, val=288.878601
2026-03-31 16:34:02 | src.models.scvi_wrapper | INFO |     scVI Epoch  25/80: train=272.446533, val=286.870819
2026-03-31 16:36:25 | src.models.scvi_wrapper | INFO |     scVI Epoch  30/80: train=271.798096, val=286.746002
2026-03-31 16:38:51 | src.models.scvi_wrapper | INFO |     scVI Epoch  35/80: train=271.432343, val=286.096802
2026-03-31 16:41:14 | src.models.scvi_wrapper | INFO |     scVI Epoch  40/80: train=271.257477, val=284.693848
2026-03-31 16:43:39 | src.models.scvi_wrapper | INFO |     scVI Epoch  45/80: train=271.184235, val=285.512451
2026-03-31 16:46:03 | src.models.scvi_wrapper | INFO |     scVI Epoch  50/80: train=271.099762, val=284.306427
2026-03-31 16:48:26 | src.models.scvi_wrapper | INFO |     scVI Epoch  55/80: train=271.137238, val=284.105316
2026-03-31 16:50:51 | src.models.scvi_wrapper | INFO |     scVI Epoch  60/80: train=271.238342, val=284.422211
2026-03-31 16:53:14 | src.models.scvi_wrapper | INFO |     scVI Epoch  65/80: train=271.328247, val=282.785095
2026-03-31 16:55:39 | src.models.scvi_wrapper | INFO |     scVI Epoch  70/80: train=271.290771, val=283.656281
2026-03-31 16:58:04 | src.models.scvi_wrapper | INFO |     scVI Epoch  75/80: train=271.460815, val=283.725647
2026-03-31 17:00:27 | src.models.scvi_wrapper | INFO |     scVI Epoch  80/80: train=271.558533, val=283.804718
2026-03-31 17:00:27 | pytorch_lightning.utilities.rank_zero | INFO | `Trainer.fit` stopped: `max_epochs=80` reached.
2026-03-31 17:00:27 | src.models.scvi_wrapper | INFO |   scVI training complete: 80 epochs in 2309.4s
INFO     Input AnnData not setup with scvi-tools. attempting to transfer AnnData
         setup                                                                  
2026-03-31 17:00:29 | src.evaluation.metrics | INFO |   Latent evaluation sampled for scalability: n_used=15000 / n_total=48316 (seed=42)
2026-03-31 17:00:37 | src.evaluation.metrics | INFO |   Metrics: ARI=0.2588, AMI=0.6493, Sil(kmeans)=0.2126, Sil(labels)=-0.0534 [n_used=15000/48316]
2026-03-31 17:00:41 | src.evaluation.metrics | INFO |   Centrality sampled for scalability: n_used=5000 / n_total=48316 (seed=42)
2026-03-31 17:00:54 | src.evaluation.metrics | INFO |   Centrality variance: 0.000197 [mode=sampled, n_used=5000/48316]
2026-03-31 17:00:54 | experiment | INFO |   -> ARI=0.2588, AMI=0.6493, Sil=0.2126, Recon=279.073425, CentralityMode=sampled, CPUmem=nanMB, Time=2369.7s
2026-03-31 17:00:54 | experiment | INFO | 
--- ts1_all_cells | scvi:nb | d=16 | seed=42 ---
2026-03-31 17:00:54 | src.data.dataset | INFO |   Split: train=386520, val=48315, test=48316
INFO: [rank: 0] Seed set to 42
2026-03-31 17:00:55 | lightning.fabric.utilities.seed | INFO | [rank: 0] Seed set to 42
2026-03-31 17:00:56 | src.models.scvi_wrapper | INFO |   scVI setup: d=16, likelihood=nb, hidden=128, layers=2, batch_key=donor_id
2026-03-31 17:00:56 | src.models.scvi_wrapper | INFO |   scVI TensorBoard logging to: /home/woody/iwbn/iwbn129h/sc_autoencoder_project/phase4/stageB/job_1562113/logs/tensorboard/run_20260331T142122Z_j1562113_p1671769/ts1_all_cells/scvi/nb/d_16/seed_42
/home/hpc/iwbn/iwbn129h/.local/lib/python3.12/site-packages/lightning/fabric/plugins/environments/slurm.py:204: The `srun` command is available on your system but is not used. HINT: If your intention is to run Lightning on SLURM, prepend your python command with `srun` like so: srun python scripts/run_experiment.py --config config/phase4_ts1 ...
2026-03-31 17:00:56 | pytorch_lightning.utilities.rank_zero | INFO | GPU available: True (cuda), used: True
2026-03-31 17:00:56 | pytorch_lightning.utilities.rank_zero | INFO | TPU available: False, using: 0 TPU cores
2026-03-31 17:00:56 | pytorch_lightning.utilities.rank_zero | INFO | 💡 Tip: For seamless cloud logging and experiment tracking, try installing [litlogger](https://pypi.org/project/litlogger/) to enable LitLogger, which logs metrics and artifacts automatically to the Lightning Experiments platform.
/home/hpc/iwbn/iwbn129h/.local/lib/python3.12/site-packages/lightning/fabric/plugins/environments/slurm.py:204: The `srun` command is available on your system but is not used. HINT: If your intention is to run Lightning on SLURM, prepend your python command with `srun` like so: srun python scripts/run_experiment.py --config config/phase4_ts1 ...
INFO: LOCAL_RANK: 0 - CUDA_VISIBLE_DEVICES: [0]
2026-03-31 17:00:56 | lightning.pytorch.accelerators.cuda | INFO | LOCAL_RANK: 0 - CUDA_VISIBLE_DEVICES: [0]
/home/hpc/iwbn/iwbn129h/.local/lib/python3.12/site-packages/lightning/pytorch/utilities/_pytree.py:21: `isinstance(treespec, LeafSpec)` is deprecated, use `isinstance(treespec, TreeSpec) and treespec.is_leaf()` instead.
/home/hpc/iwbn/iwbn129h/.local/lib/python3.12/site-packages/lightning/pytorch/trainer/connectors/data_connector.py:434: The 'train_dataloader' does not have many workers which may be a bottleneck. Consider increasing the value of the `num_workers` argument` to `num_workers=31` in the `DataLoader` to improve performance.
/home/hpc/iwbn/iwbn129h/.local/lib/python3.12/site-packages/lightning/pytorch/trainer/connectors/data_connector.py:434: The 'val_dataloader' does not have many workers which may be a bottleneck. Consider increasing the value of the `num_workers` argument` to `num_workers=31` in the `DataLoader` to improve performance.
2026-03-31 17:01:25 | src.models.scvi_wrapper | INFO |     scVI Epoch   1/80: train=512.202820, val=387.733856
2026-03-31 17:03:22 | src.models.scvi_wrapper | INFO |     scVI Epoch   5/80: train=296.357178, val=309.526337
2026-03-31 17:05:46 | src.models.scvi_wrapper | INFO |     scVI Epoch  10/80: train=277.584229, val=295.761810
2026-03-31 17:08:12 | src.models.scvi_wrapper | INFO |     scVI Epoch  15/80: train=272.479370, val=291.022125
2026-03-31 17:10:38 | src.models.scvi_wrapper | INFO |     scVI Epoch  20/80: train=270.708344, val=287.528748
2026-03-31 17:13:02 | src.models.scvi_wrapper | INFO |     scVI Epoch  25/80: train=269.660522, val=285.262817
2026-03-31 17:15:29 | src.models.scvi_wrapper | INFO |     scVI Epoch  30/80: train=269.028442, val=284.708649
2026-03-31 17:17:54 | src.models.scvi_wrapper | INFO |     scVI Epoch  35/80: train=268.773926, val=283.210480
2026-03-31 17:20:19 | src.models.scvi_wrapper | INFO |     scVI Epoch  40/80: train=268.840546, val=282.744720
2026-03-31 17:22:45 | src.models.scvi_wrapper | INFO |     scVI Epoch  45/80: train=268.826141, val=282.755096
2026-03-31 17:25:10 | src.models.scvi_wrapper | INFO |     scVI Epoch  50/80: train=268.909210, val=281.529144
2026-03-31 17:27:36 | src.models.scvi_wrapper | INFO |     scVI Epoch  55/80: train=269.082306, val=282.211487
2026-03-31 17:30:02 | src.models.scvi_wrapper | INFO |     scVI Epoch  60/80: train=269.204773, val=280.935822
2026-03-31 17:32:26 | src.models.scvi_wrapper | INFO |     scVI Epoch  65/80: train=269.391174, val=282.183350
2026-03-31 17:34:53 | src.models.scvi_wrapper | INFO |     scVI Epoch  70/80: train=269.552551, val=282.706726
2026-03-31 17:37:17 | src.models.scvi_wrapper | INFO |     scVI Epoch  75/80: train=269.745789, val=282.445679
2026-03-31 17:39:43 | src.models.scvi_wrapper | INFO |     scVI Epoch  80/80: train=269.996613, val=281.672638
2026-03-31 17:39:43 | pytorch_lightning.utilities.rank_zero | INFO | `Trainer.fit` stopped: `max_epochs=80` reached.
2026-03-31 17:39:43 | src.models.scvi_wrapper | INFO |   scVI training complete: 80 epochs in 2327.1s
INFO     Input AnnData not setup with scvi-tools. attempting to transfer AnnData
         setup                                                                  
2026-03-31 17:39:45 | src.evaluation.metrics | INFO |   Latent evaluation sampled for scalability: n_used=15000 / n_total=48316 (seed=42)
2026-03-31 17:39:53 | src.evaluation.metrics | INFO |   Metrics: ARI=0.2601, AMI=0.6562, Sil(kmeans)=0.1713, Sil(labels)=-0.0189 [n_used=15000/48316]
2026-03-31 17:39:53 | src.evaluation.metrics | INFO |   Centrality sampled for scalability: n_used=5000 / n_total=48316 (seed=42)
2026-03-31 17:39:53 | src.evaluation.metrics | INFO |   Centrality variance: 0.000199 [mode=sampled, n_used=5000/48316]
2026-03-31 17:39:53 | experiment | INFO |   -> ARI=0.2601, AMI=0.6562, Sil=0.1713, Recon=276.322296, CentralityMode=sampled, CPUmem=nanMB, Time=2339.2s
2026-03-31 17:39:53 | experiment | INFO | 
--- ts1_all_cells | scvi:nb | d=24 | seed=42 ---
2026-03-31 17:39:53 | src.data.dataset | INFO |   Split: train=386520, val=48315, test=48316
INFO: [rank: 0] Seed set to 42
2026-03-31 17:39:54 | lightning.fabric.utilities.seed | INFO | [rank: 0] Seed set to 42
2026-03-31 17:39:55 | src.models.scvi_wrapper | INFO |   scVI setup: d=24, likelihood=nb, hidden=128, layers=2, batch_key=donor_id
2026-03-31 17:39:55 | src.models.scvi_wrapper | INFO |   scVI TensorBoard logging to: /home/woody/iwbn/iwbn129h/sc_autoencoder_project/phase4/stageB/job_1562113/logs/tensorboard/run_20260331T142122Z_j1562113_p1671769/ts1_all_cells/scvi/nb/d_24/seed_42
/home/hpc/iwbn/iwbn129h/.local/lib/python3.12/site-packages/lightning/fabric/plugins/environments/slurm.py:204: The `srun` command is available on your system but is not used. HINT: If your intention is to run Lightning on SLURM, prepend your python command with `srun` like so: srun python scripts/run_experiment.py --config config/phase4_ts1 ...
2026-03-31 17:39:55 | pytorch_lightning.utilities.rank_zero | INFO | GPU available: True (cuda), used: True
2026-03-31 17:39:55 | pytorch_lightning.utilities.rank_zero | INFO | TPU available: False, using: 0 TPU cores
2026-03-31 17:39:55 | pytorch_lightning.utilities.rank_zero | INFO | 💡 Tip: For seamless cloud logging and experiment tracking, try installing [litlogger](https://pypi.org/project/litlogger/) to enable LitLogger, which logs metrics and artifacts automatically to the Lightning Experiments platform.
/home/hpc/iwbn/iwbn129h/.local/lib/python3.12/site-packages/lightning/fabric/plugins/environments/slurm.py:204: The `srun` command is available on your system but is not used. HINT: If your intention is to run Lightning on SLURM, prepend your python command with `srun` like so: srun python scripts/run_experiment.py --config config/phase4_ts1 ...
INFO: LOCAL_RANK: 0 - CUDA_VISIBLE_DEVICES: [0]
2026-03-31 17:39:55 | lightning.pytorch.accelerators.cuda | INFO | LOCAL_RANK: 0 - CUDA_VISIBLE_DEVICES: [0]
/home/hpc/iwbn/iwbn129h/.local/lib/python3.12/site-packages/lightning/pytorch/utilities/_pytree.py:21: `isinstance(treespec, LeafSpec)` is deprecated, use `isinstance(treespec, TreeSpec) and treespec.is_leaf()` instead.
/home/hpc/iwbn/iwbn129h/.local/lib/python3.12/site-packages/lightning/pytorch/trainer/connectors/data_connector.py:434: The 'train_dataloader' does not have many workers which may be a bottleneck. Consider increasing the value of the `num_workers` argument` to `num_workers=31` in the `DataLoader` to improve performance.
/home/hpc/iwbn/iwbn129h/.local/lib/python3.12/site-packages/lightning/pytorch/trainer/connectors/data_connector.py:434: The 'val_dataloader' does not have many workers which may be a bottleneck. Consider increasing the value of the `num_workers` argument` to `num_workers=31` in the `DataLoader` to improve performance.
2026-03-31 17:40:24 | src.models.scvi_wrapper | INFO |     scVI Epoch   1/80: train=503.301758, val=387.964752
2026-03-31 17:42:20 | src.models.scvi_wrapper | INFO |     scVI Epoch   5/80: train=296.037079, val=309.426544
2026-03-31 17:44:44 | src.models.scvi_wrapper | INFO |     scVI Epoch  10/80: train=277.435455, val=298.260223
2026-03-31 17:47:11 | src.models.scvi_wrapper | INFO |     scVI Epoch  15/80: train=272.384155, val=290.197510
2026-03-31 17:49:35 | src.models.scvi_wrapper | INFO |     scVI Epoch  20/80: train=270.599365, val=285.790710
2026-03-31 17:52:00 | src.models.scvi_wrapper | INFO |     scVI Epoch  25/80: train=269.360504, val=283.209534
2026-03-31 17:54:26 | src.models.scvi_wrapper | INFO |     scVI Epoch  30/80: train=268.828461, val=282.659973
2026-03-31 17:56:50 | src.models.scvi_wrapper | INFO |     scVI Epoch  35/80: train=268.615692, val=281.442993
2026-03-31 17:59:17 | src.models.scvi_wrapper | INFO |     scVI Epoch  40/80: train=268.558289, val=280.333923
2026-03-31 18:01:41 | src.models.scvi_wrapper | INFO |     scVI Epoch  45/80: train=268.532654, val=281.055328
2026-03-31 18:04:05 | src.models.scvi_wrapper | INFO |     scVI Epoch  50/80: train=268.624115, val=281.919525
2026-03-31 18:06:32 | src.models.scvi_wrapper | INFO |     scVI Epoch  55/80: train=268.829224, val=280.287384
2026-03-31 18:08:56 | src.models.scvi_wrapper | INFO |     scVI Epoch  60/80: train=269.052032, val=280.923279
2026-03-31 18:11:20 | src.models.scvi_wrapper | INFO |     scVI Epoch  65/80: train=269.217072, val=280.269135
2026-03-31 18:13:46 | src.models.scvi_wrapper | INFO |     scVI Epoch  70/80: train=269.465820, val=280.024139
2026-03-31 18:16:10 | src.models.scvi_wrapper | INFO |     scVI Epoch  75/80: train=269.688904, val=280.560760
2026-03-31 18:18:37 | src.models.scvi_wrapper | INFO |     scVI Epoch  80/80: train=270.058746, val=280.268097
2026-03-31 18:18:37 | pytorch_lightning.utilities.rank_zero | INFO | `Trainer.fit` stopped: `max_epochs=80` reached.
2026-03-31 18:18:37 | src.models.scvi_wrapper | INFO |   scVI training complete: 80 epochs in 2322.4s
INFO     Input AnnData not setup with scvi-tools. attempting to transfer AnnData
         setup                                                                  
2026-03-31 18:18:39 | src.evaluation.metrics | INFO |   Latent evaluation sampled for scalability: n_used=15000 / n_total=48316 (seed=42)
2026-03-31 18:18:47 | src.evaluation.metrics | INFO |   Metrics: ARI=0.2553, AMI=0.6513, Sil(kmeans)=0.1379, Sil(labels)=-0.0144 [n_used=15000/48316]
2026-03-31 18:18:47 | src.evaluation.metrics | INFO |   Centrality sampled for scalability: n_used=5000 / n_total=48316 (seed=42)
2026-03-31 18:18:48 | src.evaluation.metrics | INFO |   Centrality variance: 0.000198 [mode=sampled, n_used=5000/48316]
2026-03-31 18:18:48 | experiment | INFO |   -> ARI=0.2553, AMI=0.6513, Sil=0.1379, Recon=272.737488, CentralityMode=sampled, CPUmem=nanMB, Time=2334.7s
2026-03-31 18:18:48 | experiment | INFO | 
--- ts1_all_cells | scvi:nb | d=32 | seed=42 ---
2026-03-31 18:18:48 | src.data.dataset | INFO |   Split: train=386520, val=48315, test=48316
INFO: [rank: 0] Seed set to 42
2026-03-31 18:18:49 | lightning.fabric.utilities.seed | INFO | [rank: 0] Seed set to 42
2026-03-31 18:18:49 | src.models.scvi_wrapper | INFO |   scVI setup: d=32, likelihood=nb, hidden=128, layers=2, batch_key=donor_id
2026-03-31 18:18:49 | src.models.scvi_wrapper | INFO |   scVI TensorBoard logging to: /home/woody/iwbn/iwbn129h/sc_autoencoder_project/phase4/stageB/job_1562113/logs/tensorboard/run_20260331T142122Z_j1562113_p1671769/ts1_all_cells/scvi/nb/d_32/seed_42
/home/hpc/iwbn/iwbn129h/.local/lib/python3.12/site-packages/lightning/fabric/plugins/environments/slurm.py:204: The `srun` command is available on your system but is not used. HINT: If your intention is to run Lightning on SLURM, prepend your python command with `srun` like so: srun python scripts/run_experiment.py --config config/phase4_ts1 ...
2026-03-31 18:18:49 | pytorch_lightning.utilities.rank_zero | INFO | GPU available: True (cuda), used: True
2026-03-31 18:18:49 | pytorch_lightning.utilities.rank_zero | INFO | TPU available: False, using: 0 TPU cores
2026-03-31 18:18:49 | pytorch_lightning.utilities.rank_zero | INFO | 💡 Tip: For seamless cloud logging and experiment tracking, try installing [litlogger](https://pypi.org/project/litlogger/) to enable LitLogger, which logs metrics and artifacts automatically to the Lightning Experiments platform.
/home/hpc/iwbn/iwbn129h/.local/lib/python3.12/site-packages/lightning/fabric/plugins/environments/slurm.py:204: The `srun` command is available on your system but is not used. HINT: If your intention is to run Lightning on SLURM, prepend your python command with `srun` like so: srun python scripts/run_experiment.py --config config/phase4_ts1 ...
INFO: LOCAL_RANK: 0 - CUDA_VISIBLE_DEVICES: [0]
2026-03-31 18:18:49 | lightning.pytorch.accelerators.cuda | INFO | LOCAL_RANK: 0 - CUDA_VISIBLE_DEVICES: [0]
/home/hpc/iwbn/iwbn129h/.local/lib/python3.12/site-packages/lightning/pytorch/utilities/_pytree.py:21: `isinstance(treespec, LeafSpec)` is deprecated, use `isinstance(treespec, TreeSpec) and treespec.is_leaf()` instead.
/home/hpc/iwbn/iwbn129h/.local/lib/python3.12/site-packages/lightning/pytorch/trainer/connectors/data_connector.py:434: The 'train_dataloader' does not have many workers which may be a bottleneck. Consider increasing the value of the `num_workers` argument` to `num_workers=31` in the `DataLoader` to improve performance.
/home/hpc/iwbn/iwbn129h/.local/lib/python3.12/site-packages/lightning/pytorch/trainer/connectors/data_connector.py:434: The 'val_dataloader' does not have many workers which may be a bottleneck. Consider increasing the value of the `num_workers` argument` to `num_workers=31` in the `DataLoader` to improve performance.
2026-03-31 18:19:21 | src.models.scvi_wrapper | INFO |     scVI Epoch   1/80: train=507.360168, val=380.679718
2026-03-31 18:21:17 | src.models.scvi_wrapper | INFO |     scVI Epoch   5/80: train=295.693024, val=311.399017
2026-03-31 18:23:41 | src.models.scvi_wrapper | INFO |     scVI Epoch  10/80: train=277.528778, val=295.844940
2026-03-31 18:26:07 | src.models.scvi_wrapper | INFO |     scVI Epoch  15/80: train=272.527557, val=292.634186
2026-03-31 18:28:31 | src.models.scvi_wrapper | INFO |     scVI Epoch  20/80: train=270.481354, val=287.173981
2026-03-31 18:30:56 | src.models.scvi_wrapper | INFO |     scVI Epoch  25/80: train=269.322174, val=286.459686
2026-03-31 18:33:22 | src.models.scvi_wrapper | INFO |     scVI Epoch  30/80: train=268.760437, val=283.322815
2026-03-31 18:35:46 | src.models.scvi_wrapper | INFO |     scVI Epoch  35/80: train=268.636383, val=282.999176
2026-03-31 18:38:12 | src.models.scvi_wrapper | INFO |     scVI Epoch  40/80: train=268.510010, val=283.102936
2026-03-31 18:40:37 | src.models.scvi_wrapper | INFO |     scVI Epoch  45/80: train=268.473816, val=281.999573
2026-03-31 18:43:00 | src.models.scvi_wrapper | INFO |     scVI Epoch  50/80: train=268.616547, val=282.487518
2026-03-31 18:45:26 | src.models.scvi_wrapper | INFO |     scVI Epoch  55/80: train=269.334503, val=282.545898
2026-03-31 18:47:51 | src.models.scvi_wrapper | INFO |     scVI Epoch  60/80: train=268.993622, val=282.080994
2026-03-31 18:50:15 | src.models.scvi_wrapper | INFO |     scVI Epoch  65/80: train=269.200745, val=280.391022
2026-03-31 18:52:41 | src.models.scvi_wrapper | INFO |     scVI Epoch  70/80: train=269.400543, val=281.496948
2026-03-31 18:55:05 | src.models.scvi_wrapper | INFO |     scVI Epoch  75/80: train=269.824860, val=280.813202
2026-03-31 18:57:31 | src.models.scvi_wrapper | INFO |     scVI Epoch  80/80: train=270.020294, val=280.472198
2026-03-31 18:57:31 | pytorch_lightning.utilities.rank_zero | INFO | `Trainer.fit` stopped: `max_epochs=80` reached.
2026-03-31 18:57:31 | src.models.scvi_wrapper | INFO |   scVI training complete: 80 epochs in 2321.3s
INFO     Input AnnData not setup with scvi-tools. attempting to transfer AnnData
         setup                                                                  
2026-03-31 18:57:33 | src.evaluation.metrics | INFO |   Latent evaluation sampled for scalability: n_used=15000 / n_total=48316 (seed=42)
2026-03-31 18:57:41 | src.evaluation.metrics | INFO |   Metrics: ARI=0.2504, AMI=0.6515, Sil(kmeans)=0.1341, Sil(labels)=-0.0142 [n_used=15000/48316]
2026-03-31 18:57:41 | src.evaluation.metrics | INFO |   Centrality sampled for scalability: n_used=5000 / n_total=48316 (seed=42)
2026-03-31 18:57:41 | src.evaluation.metrics | INFO |   Centrality variance: 0.000198 [mode=sampled, n_used=5000/48316]
2026-03-31 18:57:41 | experiment | INFO |   -> ARI=0.2504, AMI=0.6515, Sil=0.1341, Recon=273.247253, CentralityMode=sampled, CPUmem=nanMB, Time=2333.7s
2026-03-31 18:57:41 | experiment | INFO | 
--- ts1_all_cells | ae:nb | d=8 | seed=42 ---
2026-03-31 18:57:42 | src.data.dataset | INFO |   Split: train=386520, val=48315, test=48316
2026-03-31 18:57:43 | src.data.dataset | INFO |   DataLoaders: train=386520, val=48315, test=48316, batch_size=256, layer=counts, num_workers=8, pin_memory=True, preload=False
2026-03-31 18:57:43 | src.training.trainer | INFO |   TensorBoard logging to: /home/woody/iwbn/iwbn129h/sc_autoencoder_project/phase4/stageB/job_1562113/logs/tensorboard/run_20260331T142122Z_j1562113_p1671769/ts1_all_cells/ae/nb/d_8/seed_42
2026-03-31 18:57:43 | src.training.trainer | INFO |   Training AE (d=8, loss=nb) on cuda for up to 80 epochs
2026-03-31 18:57:53 | src.training.trainer | INFO |     Epoch   1: train=1494.900251, val=631.654774
2026-03-31 18:58:30 | src.training.trainer | INFO |     Epoch   5: train=450.955230, val=434.091192
2026-03-31 18:59:16 | src.training.trainer | INFO |     Epoch  10: train=404.072907, val=401.102659
2026-03-31 19:00:01 | src.training.trainer | INFO |     Epoch  15: train=393.961612, val=423.429578
2026-03-31 19:00:48 | src.training.trainer | INFO |     Epoch  20: train=393.584743, val=427.605174
2026-03-31 19:01:34 | src.training.trainer | INFO |     Epoch  25: train=399.934206, val=424.767365
2026-03-31 19:02:21 | src.training.trainer | INFO |     Epoch  30: train=395.952060, val=413.380738
2026-03-31 19:02:57 | src.training.trainer | INFO |   Early stopping at epoch 34 (best: epoch 24, val=390.720023)
2026-03-31 19:02:57 | src.training.trainer | INFO |   Training complete in 314.5s. Best val loss: 390.720023 (epoch 24)
2026-03-31 19:02:58 | src.evaluation.metrics | INFO |   Reconstruction loss (nb): 0.211389
2026-03-31 19:02:59 | src.evaluation.metrics | INFO |   Latent evaluation sampled for scalability: n_used=15000 / n_total=48316 (seed=42)
2026-03-31 19:03:06 | src.evaluation.metrics | INFO |   Metrics: ARI=0.0076, AMI=0.1319, Sil(kmeans)=0.6742, Sil(labels)=-0.6343 [n_used=15000/48316]
2026-03-31 19:03:06 | src.evaluation.metrics | INFO |   Centrality sampled for scalability: n_used=5000 / n_total=48316 (seed=42)
2026-03-31 19:03:06 | src.evaluation.metrics | INFO |   Centrality variance: 0.000187 [mode=sampled, n_used=5000/48316]
2026-03-31 19:03:06 | experiment | INFO |   -> ARI=0.0076, AMI=0.1319, Sil=0.6742, Recon=0.211389, CentralityMode=sampled, CPUmem=nanMB, Time=324.7s
2026-03-31 19:03:06 | experiment | INFO | 
--- ts1_all_cells | ae:nb | d=16 | seed=42 ---
2026-03-31 19:03:07 | src.data.dataset | INFO |   Split: train=386520, val=48315, test=48316
2026-03-31 19:03:08 | src.data.dataset | INFO |   DataLoaders: train=386520, val=48315, test=48316, batch_size=256, layer=counts, num_workers=8, pin_memory=True, preload=False
2026-03-31 19:03:08 | src.training.trainer | INFO |   TensorBoard logging to: /home/woody/iwbn/iwbn129h/sc_autoencoder_project/phase4/stageB/job_1562113/logs/tensorboard/run_20260331T142122Z_j1562113_p1671769/ts1_all_cells/ae/nb/d_16/seed_42
2026-03-31 19:03:08 | src.training.trainer | INFO |   Training AE (d=16, loss=nb) on cuda for up to 80 epochs
2026-03-31 19:03:17 | src.training.trainer | INFO |     Epoch   1: train=1498.982340, val=635.715561
2026-03-31 19:03:54 | src.training.trainer | INFO |     Epoch   5: train=444.628901, val=460.329826
2026-03-31 19:04:40 | src.training.trainer | INFO |     Epoch  10: train=404.422617, val=409.627661
2026-03-31 19:05:27 | src.training.trainer | INFO |     Epoch  15: train=394.020542, val=404.023003
2026-03-31 19:06:13 | src.training.trainer | INFO |     Epoch  20: train=401.015921, val=401.337764
2026-03-31 19:06:59 | src.training.trainer | INFO |     Epoch  25: train=390.281361, val=417.225068
2026-03-31 19:07:18 | src.training.trainer | INFO |   Early stopping at epoch 27 (best: epoch 17, val=394.898775)
2026-03-31 19:07:18 | src.training.trainer | INFO |   Training complete in 250.3s. Best val loss: 394.898775 (epoch 17)
2026-03-31 19:07:19 | src.evaluation.metrics | INFO |   Reconstruction loss (nb): 0.208895
2026-03-31 19:07:19 | src.evaluation.metrics | INFO |   Latent evaluation sampled for scalability: n_used=15000 / n_total=48316 (seed=42)
2026-03-31 19:07:27 | src.evaluation.metrics | INFO |   Metrics: ARI=0.0078, AMI=0.1278, Sil(kmeans)=0.7007, Sil(labels)=-0.6320 [n_used=15000/48316]
2026-03-31 19:07:27 | src.evaluation.metrics | INFO |   Centrality sampled for scalability: n_used=5000 / n_total=48316 (seed=42)
2026-03-31 19:07:27 | src.evaluation.metrics | INFO |   Centrality variance: 0.000189 [mode=sampled, n_used=5000/48316]
2026-03-31 19:07:27 | experiment | INFO |   -> ARI=0.0078, AMI=0.1278, Sil=0.7007, Recon=0.208895, CentralityMode=sampled, CPUmem=nanMB, Time=260.6s
2026-03-31 19:07:27 | experiment | INFO | 
--- ts1_all_cells | ae:nb | d=24 | seed=42 ---
2026-03-31 19:07:27 | src.data.dataset | INFO |   Split: train=386520, val=48315, test=48316
2026-03-31 19:07:29 | src.data.dataset | INFO |   DataLoaders: train=386520, val=48315, test=48316, batch_size=256, layer=counts, num_workers=8, pin_memory=True, preload=False
2026-03-31 19:07:29 | src.training.trainer | INFO |   TensorBoard logging to: /home/woody/iwbn/iwbn129h/sc_autoencoder_project/phase4/stageB/job_1562113/logs/tensorboard/run_20260331T142122Z_j1562113_p1671769/ts1_all_cells/ae/nb/d_24/seed_42
2026-03-31 19:07:29 | src.training.trainer | INFO |   Training AE (d=24, loss=nb) on cuda for up to 80 epochs
2026-03-31 19:07:38 | src.training.trainer | INFO |     Epoch   1: train=1369.844712, val=640.093937
2026-03-31 19:08:16 | src.training.trainer | INFO |     Epoch   5: train=456.399662, val=433.123439
2026-03-31 19:09:02 | src.training.trainer | INFO |     Epoch  10: train=400.195333, val=422.713605
2026-03-31 19:09:48 | src.training.trainer | INFO |     Epoch  15: train=394.261931, val=412.121055
2026-03-31 19:10:35 | src.training.trainer | INFO |     Epoch  20: train=393.672914, val=388.912152
2026-03-31 19:11:21 | src.training.trainer | INFO |     Epoch  25: train=396.289593, val=407.029216
2026-03-31 19:12:07 | src.training.trainer | INFO |     Epoch  30: train=393.403311, val=416.002190
2026-03-31 19:12:07 | src.training.trainer | INFO |   Early stopping at epoch 30 (best: epoch 20, val=388.912152)
2026-03-31 19:12:07 | src.training.trainer | INFO |   Training complete in 278.5s. Best val loss: 388.912152 (epoch 20)
2026-03-31 19:12:08 | src.evaluation.metrics | INFO |   Reconstruction loss (nb): 0.213934
2026-03-31 19:12:08 | src.evaluation.metrics | INFO |   Latent evaluation sampled for scalability: n_used=15000 / n_total=48316 (seed=42)
2026-03-31 19:12:16 | src.evaluation.metrics | INFO |   Metrics: ARI=0.0071, AMI=0.1200, Sil(kmeans)=0.6723, Sil(labels)=-0.6201 [n_used=15000/48316]
2026-03-31 19:12:16 | src.evaluation.metrics | INFO |   Centrality sampled for scalability: n_used=5000 / n_total=48316 (seed=42)
2026-03-31 19:12:16 | src.evaluation.metrics | INFO |   Centrality variance: 0.000187 [mode=sampled, n_used=5000/48316]
2026-03-31 19:12:17 | experiment | INFO |   -> ARI=0.0071, AMI=0.1200, Sil=0.6723, Recon=0.213934, CentralityMode=sampled, CPUmem=nanMB, Time=288.9s
2026-03-31 19:12:17 | experiment | INFO | 
--- ts1_all_cells | ae:nb | d=32 | seed=42 ---
2026-03-31 19:12:17 | src.data.dataset | INFO |   Split: train=386520, val=48315, test=48316
2026-03-31 19:12:18 | src.data.dataset | INFO |   DataLoaders: train=386520, val=48315, test=48316, batch_size=256, layer=counts, num_workers=8, pin_memory=True, preload=False
2026-03-31 19:12:18 | src.training.trainer | INFO |   TensorBoard logging to: /home/woody/iwbn/iwbn129h/sc_autoencoder_project/phase4/stageB/job_1562113/logs/tensorboard/run_20260331T142122Z_j1562113_p1671769/ts1_all_cells/ae/nb/d_32/seed_42
2026-03-31 19:12:18 | src.training.trainer | INFO |   Training AE (d=32, loss=nb) on cuda for up to 80 epochs
2026-03-31 19:12:28 | src.training.trainer | INFO |     Epoch   1: train=1454.648081, val=648.846779
2026-03-31 19:13:05 | src.training.trainer | INFO |     Epoch   5: train=446.039275, val=441.235159
2026-03-31 19:13:51 | src.training.trainer | INFO |     Epoch  10: train=414.686874, val=404.963764
2026-03-31 19:14:38 | src.training.trainer | INFO |     Epoch  15: train=396.387924, val=407.078493
2026-03-31 19:15:25 | src.training.trainer | INFO |     Epoch  20: train=385.262292, val=415.778174
2026-03-31 19:16:11 | src.training.trainer | INFO |     Epoch  25: train=391.933026, val=400.903341
2026-03-31 19:16:58 | src.training.trainer | INFO |     Epoch  30: train=389.419391, val=407.292008
2026-03-31 19:17:16 | src.training.trainer | INFO |   Early stopping at epoch 32 (best: epoch 22, val=391.946258)
2026-03-31 19:17:16 | src.training.trainer | INFO |   Training complete in 298.4s. Best val loss: 391.946258 (epoch 22)
2026-03-31 19:17:17 | src.evaluation.metrics | INFO |   Reconstruction loss (nb): 0.204910
2026-03-31 19:17:18 | src.evaluation.metrics | INFO |   Latent evaluation sampled for scalability: n_used=15000 / n_total=48316 (seed=42)
2026-03-31 19:17:25 | src.evaluation.metrics | INFO |   Metrics: ARI=0.0055, AMI=0.1014, Sil(kmeans)=0.7040, Sil(labels)=-0.6237 [n_used=15000/48316]
2026-03-31 19:17:25 | src.evaluation.metrics | INFO |   Centrality sampled for scalability: n_used=5000 / n_total=48316 (seed=42)
2026-03-31 19:17:26 | src.evaluation.metrics | INFO |   Centrality variance: 0.000176 [mode=sampled, n_used=5000/48316]
2026-03-31 19:17:26 | experiment | INFO |   -> ARI=0.0055, AMI=0.1014, Sil=0.7040, Recon=0.204910, CentralityMode=sampled, CPUmem=nanMB, Time=309.0s
2026-03-31 19:17:26 | experiment | INFO |   Dataset results saved: /home/woody/iwbn/iwbn129h/sc_autoencoder_project/phase4/stageB/job_1562113/results/datasets/ts1_all_cells/tables/experiment_results.csv (8 rows)
2026-03-31 19:17:26 | experiment | INFO | 
======================================================================
2026-03-31 19:17:26 | experiment | INFO | EXPERIMENT COMPLETE — run_20260331T142122Z_j1562113_p1671769
2026-03-31 19:17:26 | experiment | INFO | ======================================================================
2026-03-31 19:17:26 | experiment | INFO |   Total runs:    8
2026-03-31 19:17:26 | experiment | INFO |   Successful:    8
2026-03-31 19:17:26 | experiment | INFO |   Failed:        0
2026-03-31 19:17:26 | experiment | INFO |   Completed:     2026-03-31T17:17:26.541117Z
2026-03-31 19:17:26 | experiment | INFO | 
2026-03-31 19:17:26 | experiment | INFO |   Output files:
2026-03-31 19:17:26 | experiment | INFO |     Global CSV:  /home/woody/iwbn/iwbn129h/sc_autoencoder_project/phase4/stageB/job_1562113/results/phase4_ts1_stageB_reduced.csv
2026-03-31 19:17:26 | experiment | INFO |     Run dir:     /home/woody/iwbn/iwbn129h/sc_autoencoder_project/phase4/stageB/job_1562113/results/runs/run_20260331T142122Z_j1562113_p1671769/
2026-03-31 19:17:26 | experiment | INFO |     TensorBoard: /home/woody/iwbn/iwbn129h/sc_autoencoder_project/phase4/stageB/job_1562113/logs/tensorboard/run_20260331T142122Z_j1562113_p1671769/ (8 event files)
2026-03-31 19:17:26 | experiment | INFO |     View TB:     tensorboard --logdir /home/woody/iwbn/iwbn129h/sc_autoencoder_project/phase4/stageB/job_1562113/logs/tensorboard
2026-03-31 19:17:26 | experiment | INFO | ======================================================================
End: Tue Mar 31 19:17:31 CEST 2026
=== PHASE 4 STAGE B DONE ===
=== JOB_STATISTICS ===
=== current date     : Tue Mar 31 07:17:31 PM CEST 2026
= Job-ID             : 1562113 on tinygpu
= Job-Name           : phase4_ts1_reduced
= Job-Command        : /home/hpc/iwbn/iwbn129h/sc_autoencoder_project/jobs/phase4_ts1_stageB_reduced.sh
= Initial workdir    : /home/hpc/iwbn/iwbn129h/sc_autoencoder_project
= Queue/Partition    : a100
= Slurm account      : iwbn with QOS=normal
= Requested resources:  for 12:00:00
= Elapsed runtime    : 02:57:15
= Total RAM usage    : 6.9 GiB of requested  GiB (%)   
= Node list          : tg095
= Subm/Elig/Start/End: 2026-03-31T15:54:26 / 2026-03-31T15:54:26 / 2026-03-31T16:20:16 / 2026-03-31T19:17:31
======================
=== Quota infos ======
    Path                 Used     SoftQ    HardQ    Gracetime  Filec    FileQ    FiHaQ    FileGrace    
    /home/hpc              46.6G   104.9G   209.7G        N/A      98K     500K   1,000K        N/A    
    /home/woody            22.8G  1000.0G  1500.0G        N/A      93K   5,000K   7,500K        N/A    
======================
=== GPU utilization ==
gpu_name, gpu_bus_id, pid, gpu_utilization [%], mem_utilization [%], max_memory_usage [MiB], time [ms]
NVIDIA A100-SXM4-40GB, 00000000:81:00.0, 1671769, 15 %, 0 %, 602 MiB, 10569358 ms
