### Starting TaskPrologue of job 1563116 on tg095 at Thu Apr  2 18:50:49 CEST 2026
Running on cores 32-63 with governor ondemand
Thu Apr  2 18:50:49 2026       
+-----------------------------------------------------------------------------------------+
| NVIDIA-SMI 580.126.20             Driver Version: 580.126.20     CUDA Version: 13.0     |
+-----------------------------------------+------------------------+----------------------+
| GPU  Name                 Persistence-M | Bus-Id          Disp.A | Volatile Uncorr. ECC |
| Fan  Temp   Perf          Pwr:Usage/Cap |           Memory-Usage | GPU-Util  Compute M. |
|                                         |                        |               MIG M. |
|=========================================+========================+======================|
|   0  NVIDIA A100-SXM4-40GB          On  |   00000000:41:00.0 Off |                    0 |
| N/A   37C    P0             56W /  400W |       0MiB /  40960MiB |      0%      Default |
|                                         |                        |             Disabled |
+-----------------------------------------+------------------------+----------------------+

+-----------------------------------------------------------------------------------------+
| Processes:                                                                              |
|  GPU   GI   CI              PID   Type   Process name                        GPU Memory |
|        ID   ID                                                               Usage      |
|=========================================================================================|
|  No running processes found                                                             |
+-----------------------------------------------------------------------------------------+
### Finished TaskPrologue

WARN: conda env scvi_env not found, using user packages
=== PHASE 4 TS2-LUNG REDUCED START ===
Job ID:       1563116
Node:         tg095
WORK file:    /home/woody/iwbn/iwbn129h/sc_autoencoder_project/data/processed/ts2_lung.h5ad
Stage file:   /tmp/1563116.tinygpu/iwbn129h/scae_phase4_ts2_1563116/data/processed/ts2_lung.h5ad
Persist root: /home/woody/iwbn/iwbn129h/sc_autoencoder_project/phase4/ts2_reduced/job_1563116
Start:        Thu Apr  2 18:50:51 CEST 2026
TS2-lung schema gate passed
Using config: config/phase4_ts2_lung_scvi_nb_reduced.yaml
2026-04-02 18:51:31 | experiment | INFO |   TensorBoard: /home/woody/iwbn/iwbn129h/sc_autoencoder_project/phase4/ts2_reduced/job_1563116/logs/tensorboard/run_20260402T165131Z_j1563116_p881734
2026-04-02 18:51:31 | experiment | INFO |   View live:   tensorboard --logdir /home/woody/iwbn/iwbn129h/sc_autoencoder_project/phase4/ts2_reduced/job_1563116/logs/tensorboard
2026-04-02 18:51:31 | experiment | INFO | ======================================================================
2026-04-02 18:51:31 | experiment | INFO | EXPERIMENT: Latent Dimension Sweep
2026-04-02 18:51:31 | experiment | INFO |   Datasets:       ['ts2_lung']
2026-04-02 18:51:31 | experiment | INFO |   Model/losses:   [('scvi', 'nb')]
2026-04-02 18:51:31 | experiment | INFO |   Latent dims:    [8, 16, 24, 32]
2026-04-02 18:51:31 | experiment | INFO |   Seeds:          1
2026-04-02 18:51:31 | experiment | INFO |   Device:         cuda
2026-04-02 18:51:31 | experiment | INFO |   Git commit:     10d3fdb
2026-04-02 18:51:31 | experiment | INFO |   Run ID:         run_20260402T165131Z_j1563116_p881734
2026-04-02 18:51:31 | experiment | INFO |   Large run mode: True
2026-04-02 18:51:31 | experiment | INFO | ======================================================================
2026-04-02 18:51:37 | src.data.preprocessor | INFO |   Loaded processed data (backed): 65847 × 60606
2026-04-02 18:51:37 | experiment | WARNING | Processed cache check for ts2_lung: missing fingerprint in cached file (expected=ff82c29c0dc16b5e). This likely came from an older preprocessing run.. Continuing with cached file /tmp/1563116.tinygpu/iwbn129h/scae_phase4_ts2_1563116/data/processed/ts2_lung.h5ad; rerun preprocess to refresh.
2026-04-02 18:51:45 | experiment | INFO | Large-run mode on ts2_lung using in-memory path (keep_backed_until_split=False).
2026-04-02 18:51:45 | experiment | INFO | 
Dataset: ts2_lung (65847 cells, K=34, requested_mode=backed, effective_mode=in_memory_from_backed, label_source=provided:cell_type)
2026-04-02 18:51:45 | experiment | INFO | 
--- ts2_lung | scvi:nb | d=8 | seed=42 ---
2026-04-02 18:51:45 | src.data.dataset | INFO |   Split: train=52677, val=6585, test=6585
INFO: [rank: 0] Seed set to 42
2026-04-02 18:52:13 | lightning.fabric.utilities.seed | INFO | [rank: 0] Seed set to 42
2026-04-02 18:52:13 | src.models.scvi_wrapper | INFO |   scVI setup: d=8, likelihood=nb, hidden=128, layers=2, batch_key=donor_id
2026-04-02 18:52:16 | src.models.scvi_wrapper | INFO |   scVI TensorBoard logging to: /home/woody/iwbn/iwbn129h/sc_autoencoder_project/phase4/ts2_reduced/job_1563116/logs/tensorboard/run_20260402T165131Z_j1563116_p881734/ts2_lung/scvi/nb/d_8/seed_42
/home/hpc/iwbn/iwbn129h/.local/lib/python3.12/site-packages/lightning/fabric/plugins/environments/slurm.py:204: The `srun` command is available on your system but is not used. HINT: If your intention is to run Lightning on SLURM, prepend your python command with `srun` like so: srun python scripts/run_experiment.py --config config/phase4_ts2 ...
2026-04-02 18:52:16 | pytorch_lightning.utilities.rank_zero | INFO | GPU available: True (cuda), used: True
2026-04-02 18:52:16 | pytorch_lightning.utilities.rank_zero | INFO | TPU available: False, using: 0 TPU cores
2026-04-02 18:52:16 | pytorch_lightning.utilities.rank_zero | INFO | 💡 Tip: For seamless cloud logging and experiment tracking, try installing [litlogger](https://pypi.org/project/litlogger/) to enable LitLogger, which logs metrics and artifacts automatically to the Lightning Experiments platform.
/home/hpc/iwbn/iwbn129h/.local/lib/python3.12/site-packages/lightning/fabric/plugins/environments/slurm.py:204: The `srun` command is available on your system but is not used. HINT: If your intention is to run Lightning on SLURM, prepend your python command with `srun` like so: srun python scripts/run_experiment.py --config config/phase4_ts2 ...
INFO: LOCAL_RANK: 0 - CUDA_VISIBLE_DEVICES: [0]
2026-04-02 18:52:18 | lightning.pytorch.accelerators.cuda | INFO | LOCAL_RANK: 0 - CUDA_VISIBLE_DEVICES: [0]
/home/hpc/iwbn/iwbn129h/.local/lib/python3.12/site-packages/lightning/pytorch/utilities/_pytree.py:21: `isinstance(treespec, LeafSpec)` is deprecated, use `isinstance(treespec, TreeSpec) and treespec.is_leaf()` instead.
/home/hpc/iwbn/iwbn129h/.local/lib/python3.12/site-packages/lightning/pytorch/trainer/connectors/data_connector.py:434: The 'train_dataloader' does not have many workers which may be a bottleneck. Consider increasing the value of the `num_workers` argument` to `num_workers=31` in the `DataLoader` to improve performance.
/home/hpc/iwbn/iwbn129h/.local/lib/python3.12/site-packages/lightning/pytorch/trainer/connectors/data_connector.py:434: The 'val_dataloader' does not have many workers which may be a bottleneck. Consider increasing the value of the `num_workers` argument` to `num_workers=31` in the `DataLoader` to improve performance.
2026-04-02 18:52:26 | src.models.scvi_wrapper | INFO |     scVI Epoch   1/30: train=7228.677246, val=6677.509766
2026-04-02 18:52:54 | src.models.scvi_wrapper | INFO |     scVI Epoch   5/30: train=6147.333496, val=6127.048340
2026-04-02 18:53:29 | src.models.scvi_wrapper | INFO |     scVI Epoch  10/30: train=5960.657715, val=5961.074219
2026-04-02 18:54:05 | src.models.scvi_wrapper | INFO |     scVI Epoch  15/30: train=5889.156250, val=5900.796875
2026-04-02 18:54:40 | src.models.scvi_wrapper | INFO |     scVI Epoch  20/30: train=5854.833496, val=5871.299316
2026-04-02 18:55:15 | src.models.scvi_wrapper | INFO |     scVI Epoch  25/30: train=5835.111816, val=5856.259277
2026-04-02 18:55:50 | src.models.scvi_wrapper | INFO |     scVI Epoch  30/30: train=5823.786133, val=5848.145996
2026-04-02 18:55:50 | pytorch_lightning.utilities.rank_zero | INFO | `Trainer.fit` stopped: `max_epochs=30` reached.
2026-04-02 18:55:50 | src.models.scvi_wrapper | INFO |   scVI training complete: 30 epochs in 213.8s
INFO     Input AnnData not setup with scvi-tools. attempting to transfer AnnData
         setup                                                                  
2026-04-02 18:55:54 | src.evaluation.metrics | INFO |   Metrics: ARI=0.4143, AMI=0.7227, Sil(kmeans)=0.2492, Sil(labels)=0.1298 [n_used=6585/6585], BatchSil=-0.0045 (mix=0.0045), BatchEntropy=0.4817
2026-04-02 18:56:09 | src.evaluation.metrics | INFO |   Centrality variance: 0.000151 [mode=full, n_used=6585/6585]
2026-04-02 18:56:09 | experiment | INFO |   -> ARI=0.4143, AMI=0.7227, Sil=0.2492, Recon=5857.088867, CentralityMode=full, CPUmem=nanMB, Time=264.4s
2026-04-02 18:56:09 | experiment | INFO | 
--- ts2_lung | scvi:nb | d=16 | seed=42 ---
2026-04-02 18:56:09 | src.data.dataset | INFO |   Split: train=52677, val=6585, test=6585
INFO: [rank: 0] Seed set to 42
2026-04-02 18:56:11 | lightning.fabric.utilities.seed | INFO | [rank: 0] Seed set to 42
2026-04-02 18:56:11 | src.models.scvi_wrapper | INFO |   scVI setup: d=16, likelihood=nb, hidden=128, layers=2, batch_key=donor_id
2026-04-02 18:56:12 | src.models.scvi_wrapper | INFO |   scVI TensorBoard logging to: /home/woody/iwbn/iwbn129h/sc_autoencoder_project/phase4/ts2_reduced/job_1563116/logs/tensorboard/run_20260402T165131Z_j1563116_p881734/ts2_lung/scvi/nb/d_16/seed_42
/home/hpc/iwbn/iwbn129h/.local/lib/python3.12/site-packages/lightning/fabric/plugins/environments/slurm.py:204: The `srun` command is available on your system but is not used. HINT: If your intention is to run Lightning on SLURM, prepend your python command with `srun` like so: srun python scripts/run_experiment.py --config config/phase4_ts2 ...
2026-04-02 18:56:12 | pytorch_lightning.utilities.rank_zero | INFO | GPU available: True (cuda), used: True
2026-04-02 18:56:12 | pytorch_lightning.utilities.rank_zero | INFO | TPU available: False, using: 0 TPU cores
2026-04-02 18:56:12 | pytorch_lightning.utilities.rank_zero | INFO | 💡 Tip: For seamless cloud logging and experiment tracking, try installing [litlogger](https://pypi.org/project/litlogger/) to enable LitLogger, which logs metrics and artifacts automatically to the Lightning Experiments platform.
/home/hpc/iwbn/iwbn129h/.local/lib/python3.12/site-packages/lightning/fabric/plugins/environments/slurm.py:204: The `srun` command is available on your system but is not used. HINT: If your intention is to run Lightning on SLURM, prepend your python command with `srun` like so: srun python scripts/run_experiment.py --config config/phase4_ts2 ...
INFO: LOCAL_RANK: 0 - CUDA_VISIBLE_DEVICES: [0]
2026-04-02 18:56:12 | lightning.pytorch.accelerators.cuda | INFO | LOCAL_RANK: 0 - CUDA_VISIBLE_DEVICES: [0]
/home/hpc/iwbn/iwbn129h/.local/lib/python3.12/site-packages/lightning/pytorch/utilities/_pytree.py:21: `isinstance(treespec, LeafSpec)` is deprecated, use `isinstance(treespec, TreeSpec) and treespec.is_leaf()` instead.
/home/hpc/iwbn/iwbn129h/.local/lib/python3.12/site-packages/lightning/pytorch/trainer/connectors/data_connector.py:434: The 'train_dataloader' does not have many workers which may be a bottleneck. Consider increasing the value of the `num_workers` argument` to `num_workers=31` in the `DataLoader` to improve performance.
/home/hpc/iwbn/iwbn129h/.local/lib/python3.12/site-packages/lightning/pytorch/trainer/connectors/data_connector.py:434: The 'val_dataloader' does not have many workers which may be a bottleneck. Consider increasing the value of the `num_workers` argument` to `num_workers=31` in the `DataLoader` to improve performance.
2026-04-02 18:56:19 | src.models.scvi_wrapper | INFO |     scVI Epoch   1/30: train=7212.855469, val=6653.417969
2026-04-02 18:56:47 | src.models.scvi_wrapper | INFO |     scVI Epoch   5/30: train=6144.026367, val=6116.414062
2026-04-02 18:57:22 | src.models.scvi_wrapper | INFO |     scVI Epoch  10/30: train=5954.725586, val=5956.522949
2026-04-02 18:57:57 | src.models.scvi_wrapper | INFO |     scVI Epoch  15/30: train=5880.950195, val=5892.741211
2026-04-02 18:58:32 | src.models.scvi_wrapper | INFO |     scVI Epoch  20/30: train=5845.451660, val=5861.937500
2026-04-02 18:59:07 | src.models.scvi_wrapper | INFO |     scVI Epoch  25/30: train=5824.688477, val=5845.028809
2026-04-02 18:59:42 | src.models.scvi_wrapper | INFO |     scVI Epoch  30/30: train=5812.195801, val=5836.772949
2026-04-02 18:59:42 | pytorch_lightning.utilities.rank_zero | INFO | `Trainer.fit` stopped: `max_epochs=30` reached.
2026-04-02 18:59:42 | src.models.scvi_wrapper | INFO |   scVI training complete: 30 epochs in 210.4s
INFO     Input AnnData not setup with scvi-tools. attempting to transfer AnnData
         setup                                                                  
2026-04-02 18:59:46 | src.evaluation.metrics | INFO |   Metrics: ARI=0.3619, AMI=0.7174, Sil(kmeans)=0.2037, Sil(labels)=0.1152 [n_used=6585/6585], BatchSil=-0.0027 (mix=0.0027), BatchEntropy=0.4413
2026-04-02 18:59:46 | src.evaluation.metrics | INFO |   Centrality variance: 0.000151 [mode=full, n_used=6585/6585]
2026-04-02 18:59:46 | experiment | INFO |   -> ARI=0.3619, AMI=0.7174, Sil=0.2037, Recon=5844.395020, CentralityMode=full, CPUmem=nanMB, Time=217.1s
2026-04-02 18:59:46 | experiment | INFO | 
--- ts2_lung | scvi:nb | d=24 | seed=42 ---
2026-04-02 18:59:46 | src.data.dataset | INFO |   Split: train=52677, val=6585, test=6585
INFO: [rank: 0] Seed set to 42
2026-04-02 18:59:48 | lightning.fabric.utilities.seed | INFO | [rank: 0] Seed set to 42
2026-04-02 18:59:48 | src.models.scvi_wrapper | INFO |   scVI setup: d=24, likelihood=nb, hidden=128, layers=2, batch_key=donor_id
2026-04-02 18:59:49 | src.models.scvi_wrapper | INFO |   scVI TensorBoard logging to: /home/woody/iwbn/iwbn129h/sc_autoencoder_project/phase4/ts2_reduced/job_1563116/logs/tensorboard/run_20260402T165131Z_j1563116_p881734/ts2_lung/scvi/nb/d_24/seed_42
/home/hpc/iwbn/iwbn129h/.local/lib/python3.12/site-packages/lightning/fabric/plugins/environments/slurm.py:204: The `srun` command is available on your system but is not used. HINT: If your intention is to run Lightning on SLURM, prepend your python command with `srun` like so: srun python scripts/run_experiment.py --config config/phase4_ts2 ...
2026-04-02 18:59:49 | pytorch_lightning.utilities.rank_zero | INFO | GPU available: True (cuda), used: True
2026-04-02 18:59:49 | pytorch_lightning.utilities.rank_zero | INFO | TPU available: False, using: 0 TPU cores
2026-04-02 18:59:49 | pytorch_lightning.utilities.rank_zero | INFO | 💡 Tip: For seamless cloud logging and experiment tracking, try installing [litlogger](https://pypi.org/project/litlogger/) to enable LitLogger, which logs metrics and artifacts automatically to the Lightning Experiments platform.
/home/hpc/iwbn/iwbn129h/.local/lib/python3.12/site-packages/lightning/fabric/plugins/environments/slurm.py:204: The `srun` command is available on your system but is not used. HINT: If your intention is to run Lightning on SLURM, prepend your python command with `srun` like so: srun python scripts/run_experiment.py --config config/phase4_ts2 ...
INFO: LOCAL_RANK: 0 - CUDA_VISIBLE_DEVICES: [0]
2026-04-02 18:59:49 | lightning.pytorch.accelerators.cuda | INFO | LOCAL_RANK: 0 - CUDA_VISIBLE_DEVICES: [0]
/home/hpc/iwbn/iwbn129h/.local/lib/python3.12/site-packages/lightning/pytorch/utilities/_pytree.py:21: `isinstance(treespec, LeafSpec)` is deprecated, use `isinstance(treespec, TreeSpec) and treespec.is_leaf()` instead.
/home/hpc/iwbn/iwbn129h/.local/lib/python3.12/site-packages/lightning/pytorch/trainer/connectors/data_connector.py:434: The 'train_dataloader' does not have many workers which may be a bottleneck. Consider increasing the value of the `num_workers` argument` to `num_workers=31` in the `DataLoader` to improve performance.
/home/hpc/iwbn/iwbn129h/.local/lib/python3.12/site-packages/lightning/pytorch/trainer/connectors/data_connector.py:434: The 'val_dataloader' does not have many workers which may be a bottleneck. Consider increasing the value of the `num_workers` argument` to `num_workers=31` in the `DataLoader` to improve performance.
2026-04-02 18:59:56 | src.models.scvi_wrapper | INFO |     scVI Epoch   1/30: train=7230.649414, val=6651.678223
2026-04-02 19:00:24 | src.models.scvi_wrapper | INFO |     scVI Epoch   5/30: train=6140.413086, val=6116.394043
2026-04-02 19:00:59 | src.models.scvi_wrapper | INFO |     scVI Epoch  10/30: train=5953.055664, val=5953.075684
2026-04-02 19:01:34 | src.models.scvi_wrapper | INFO |     scVI Epoch  15/30: train=5878.614746, val=5888.918945
2026-04-02 19:02:09 | src.models.scvi_wrapper | INFO |     scVI Epoch  20/30: train=5843.022949, val=5860.465332
2026-04-02 19:02:44 | src.models.scvi_wrapper | INFO |     scVI Epoch  25/30: train=5823.175781, val=5845.518555
2026-04-02 19:03:20 | src.models.scvi_wrapper | INFO |     scVI Epoch  30/30: train=5810.955566, val=5834.750000
2026-04-02 19:03:20 | pytorch_lightning.utilities.rank_zero | INFO | `Trainer.fit` stopped: `max_epochs=30` reached.
2026-04-02 19:03:20 | src.models.scvi_wrapper | INFO |   scVI training complete: 30 epochs in 211.0s
INFO     Input AnnData not setup with scvi-tools. attempting to transfer AnnData
         setup                                                                  
2026-04-02 19:03:23 | src.evaluation.metrics | INFO |   Metrics: ARI=0.4022, AMI=0.7322, Sil(kmeans)=0.2130, Sil(labels)=0.1332 [n_used=6585/6585], BatchSil=-0.0010 (mix=0.0010), BatchEntropy=0.4323
2026-04-02 19:03:24 | src.evaluation.metrics | INFO |   Centrality variance: 0.000150 [mode=full, n_used=6585/6585]
2026-04-02 19:03:24 | experiment | INFO |   -> ARI=0.4022, AMI=0.7322, Sil=0.2130, Recon=5841.602539, CentralityMode=full, CPUmem=nanMB, Time=217.5s
2026-04-02 19:03:24 | experiment | INFO | 
--- ts2_lung | scvi:nb | d=32 | seed=42 ---
2026-04-02 19:03:24 | src.data.dataset | INFO |   Split: train=52677, val=6585, test=6585
INFO: [rank: 0] Seed set to 42
2026-04-02 19:03:26 | lightning.fabric.utilities.seed | INFO | [rank: 0] Seed set to 42
2026-04-02 19:03:26 | src.models.scvi_wrapper | INFO |   scVI setup: d=32, likelihood=nb, hidden=128, layers=2, batch_key=donor_id
2026-04-02 19:03:26 | src.models.scvi_wrapper | INFO |   scVI TensorBoard logging to: /home/woody/iwbn/iwbn129h/sc_autoencoder_project/phase4/ts2_reduced/job_1563116/logs/tensorboard/run_20260402T165131Z_j1563116_p881734/ts2_lung/scvi/nb/d_32/seed_42
/home/hpc/iwbn/iwbn129h/.local/lib/python3.12/site-packages/lightning/fabric/plugins/environments/slurm.py:204: The `srun` command is available on your system but is not used. HINT: If your intention is to run Lightning on SLURM, prepend your python command with `srun` like so: srun python scripts/run_experiment.py --config config/phase4_ts2 ...
2026-04-02 19:03:26 | pytorch_lightning.utilities.rank_zero | INFO | GPU available: True (cuda), used: True
2026-04-02 19:03:26 | pytorch_lightning.utilities.rank_zero | INFO | TPU available: False, using: 0 TPU cores
2026-04-02 19:03:26 | pytorch_lightning.utilities.rank_zero | INFO | 💡 Tip: For seamless cloud logging and experiment tracking, try installing [litlogger](https://pypi.org/project/litlogger/) to enable LitLogger, which logs metrics and artifacts automatically to the Lightning Experiments platform.
/home/hpc/iwbn/iwbn129h/.local/lib/python3.12/site-packages/lightning/fabric/plugins/environments/slurm.py:204: The `srun` command is available on your system but is not used. HINT: If your intention is to run Lightning on SLURM, prepend your python command with `srun` like so: srun python scripts/run_experiment.py --config config/phase4_ts2 ...
INFO: LOCAL_RANK: 0 - CUDA_VISIBLE_DEVICES: [0]
2026-04-02 19:03:26 | lightning.pytorch.accelerators.cuda | INFO | LOCAL_RANK: 0 - CUDA_VISIBLE_DEVICES: [0]
/home/hpc/iwbn/iwbn129h/.local/lib/python3.12/site-packages/lightning/pytorch/utilities/_pytree.py:21: `isinstance(treespec, LeafSpec)` is deprecated, use `isinstance(treespec, TreeSpec) and treespec.is_leaf()` instead.
/home/hpc/iwbn/iwbn129h/.local/lib/python3.12/site-packages/lightning/pytorch/trainer/connectors/data_connector.py:434: The 'train_dataloader' does not have many workers which may be a bottleneck. Consider increasing the value of the `num_workers` argument` to `num_workers=31` in the `DataLoader` to improve performance.
/home/hpc/iwbn/iwbn129h/.local/lib/python3.12/site-packages/lightning/pytorch/trainer/connectors/data_connector.py:434: The 'val_dataloader' does not have many workers which may be a bottleneck. Consider increasing the value of the `num_workers` argument` to `num_workers=31` in the `DataLoader` to improve performance.
2026-04-02 19:03:33 | src.models.scvi_wrapper | INFO |     scVI Epoch   1/30: train=7210.208984, val=6599.281738
2026-04-02 19:04:01 | src.models.scvi_wrapper | INFO |     scVI Epoch   5/30: train=6135.411621, val=6112.979492
2026-04-02 19:04:35 | src.models.scvi_wrapper | INFO |     scVI Epoch  10/30: train=5948.587891, val=5949.681152
2026-04-02 19:05:09 | src.models.scvi_wrapper | INFO |     scVI Epoch  15/30: train=5876.574707, val=5888.429688
2026-04-02 19:05:44 | src.models.scvi_wrapper | INFO |     scVI Epoch  20/30: train=5840.751953, val=5857.498535
2026-04-02 19:06:18 | src.models.scvi_wrapper | INFO |     scVI Epoch  25/30: train=5821.352051, val=5843.221191
2026-04-02 19:06:53 | src.models.scvi_wrapper | INFO |     scVI Epoch  30/30: train=5809.916992, val=5834.024902
2026-04-02 19:06:53 | pytorch_lightning.utilities.rank_zero | INFO | `Trainer.fit` stopped: `max_epochs=30` reached.
2026-04-02 19:06:53 | src.models.scvi_wrapper | INFO |   scVI training complete: 30 epochs in 206.7s
INFO     Input AnnData not setup with scvi-tools. attempting to transfer AnnData
         setup                                                                  
2026-04-02 19:06:57 | src.evaluation.metrics | INFO |   Metrics: ARI=0.3802, AMI=0.7257, Sil(kmeans)=0.1887, Sil(labels)=0.1059 [n_used=6585/6585], BatchSil=-0.0011 (mix=0.0011), BatchEntropy=0.4237
2026-04-02 19:06:57 | src.evaluation.metrics | INFO |   Centrality variance: 0.000151 [mode=full, n_used=6585/6585]
2026-04-02 19:06:57 | experiment | INFO |   -> ARI=0.3802, AMI=0.7257, Sil=0.1887, Recon=5839.515625, CentralityMode=full, CPUmem=nanMB, Time=213.2s
2026-04-02 19:06:57 | experiment | INFO |   Dataset results saved: /home/woody/iwbn/iwbn129h/sc_autoencoder_project/phase4/ts2_reduced/job_1563116/results/datasets/ts2_lung/tables/experiment_results.csv (4 rows)
2026-04-02 19:06:57 | experiment | INFO | 
======================================================================
2026-04-02 19:06:57 | experiment | INFO | EXPERIMENT COMPLETE — run_20260402T165131Z_j1563116_p881734
2026-04-02 19:06:57 | experiment | INFO | ======================================================================
2026-04-02 19:06:57 | experiment | INFO |   Total runs:    4
2026-04-02 19:06:57 | experiment | INFO |   Successful:    4
2026-04-02 19:06:57 | experiment | INFO |   Failed:        0
2026-04-02 19:06:57 | experiment | INFO |   Completed:     2026-04-02T17:06:57.809254Z
2026-04-02 19:06:57 | experiment | INFO | 
2026-04-02 19:06:57 | experiment | INFO |   Output files:
2026-04-02 19:06:57 | experiment | INFO |     Global CSV:  /home/woody/iwbn/iwbn129h/sc_autoencoder_project/phase4/ts2_reduced/job_1563116/results/phase4_ts2_lung_scvi_nb_reduced.csv
2026-04-02 19:06:57 | experiment | INFO |     Run dir:     /home/woody/iwbn/iwbn129h/sc_autoencoder_project/phase4/ts2_reduced/job_1563116/results/runs/run_20260402T165131Z_j1563116_p881734/
2026-04-02 19:06:57 | experiment | INFO |     TensorBoard: /home/woody/iwbn/iwbn129h/sc_autoencoder_project/phase4/ts2_reduced/job_1563116/logs/tensorboard/run_20260402T165131Z_j1563116_p881734/ (4 event files)
2026-04-02 19:06:57 | experiment | INFO |     View TB:     tensorboard --logdir /home/woody/iwbn/iwbn129h/sc_autoencoder_project/phase4/ts2_reduced/job_1563116/logs/tensorboard
2026-04-02 19:06:57 | experiment | INFO | ======================================================================
End: Thu Apr  2 19:07:01 CEST 2026
=== PHASE 4 TS2-LUNG REDUCED DONE ===
=== JOB_STATISTICS ===
=== current date     : Thu Apr  2 07:07:01 PM CEST 2026
= Job-ID             : 1563116 on tinygpu
= Job-Name           : phase4_ts2_reduced
= Job-Command        : /home/hpc/iwbn/iwbn129h/sc_autoencoder_project/jobs/phase4_ts2_lung_scvi_nb_reduced.sh
= Initial workdir    : /home/hpc/iwbn/iwbn129h/sc_autoencoder_project
= Queue/Partition    : a100
= Slurm account      : iwbn with QOS=normal
= Requested resources:  for 12:00:00
= Elapsed runtime    : 00:16:31
= Total RAM usage    : 29.2 GiB of requested  GiB (%)   
= Node list          : tg095
= Subm/Elig/Start/End: 2026-04-02T18:50:30 / 2026-04-02T18:50:30 / 2026-04-02T18:50:30 / 2026-04-02T19:07:01
======================
=== Quota infos ======
    Path                 Used     SoftQ    HardQ    Gracetime  Filec    FileQ    FiHaQ    FileGrace    
    /home/hpc              47.2G   104.9G   209.7G        N/A      98K     500K   1,000K        N/A    
    /home/woody            76.3G  1000.0G  1500.0G        N/A      94K   5,000K   7,500K        N/A    
======================
=== GPU utilization ==
gpu_name, gpu_bus_id, pid, gpu_utilization [%], mem_utilization [%], max_memory_usage [MiB], time [ms]
NVIDIA A100-SXM4-40GB, 00000000:41:00.0, 881734, 34 %, 20 %, 1712 MiB, 930254 ms
