### Starting TaskPrologue of job 1562885 on tg090 at Thu Apr  2 12:03:08 CEST 2026
Running on cores 32-63 with governor ondemand
Thu Apr  2 12:03:08 2026       
+-----------------------------------------------------------------------------------------+
| NVIDIA-SMI 580.126.20             Driver Version: 580.126.20     CUDA Version: 13.0     |
+-----------------------------------------+------------------------+----------------------+
| GPU  Name                 Persistence-M | Bus-Id          Disp.A | Volatile Uncorr. ECC |
| Fan  Temp   Perf          Pwr:Usage/Cap |           Memory-Usage | GPU-Util  Compute M. |
|                                         |                        |               MIG M. |
|=========================================+========================+======================|
|   0  NVIDIA A100-SXM4-40GB          On  |   00000000:41:00.0 Off |                    0 |
| N/A   50C    P0             57W /  400W |       0MiB /  40960MiB |      0%      Default |
|                                         |                        |             Disabled |
+-----------------------------------------+------------------------+----------------------+

+-----------------------------------------------------------------------------------------+
| Processes:                                                                              |
|  GPU   GI   CI              PID   Type   Process name                        GPU Memory |
|        ID   ID                                                               Usage      |
|=========================================================================================|
|  No running processes found                                                             |
+-----------------------------------------------------------------------------------------+
### Finished TaskPrologue

WARN: conda env scvi_env not found, using user packages
=== PHASE 4 AIFI REDUCED START ===
Job ID:       1562885
Node:         tg090
WORK file:    /home/woody/iwbn/iwbn129h/sc_autoencoder_project/data/processed/aifi_immune_full.h5ad
Stage file:   /tmp/1562885.tinygpu/iwbn129h/scae_phase4_aifi_1562885/data/processed/aifi_immune_full.h5ad
Persist root: /home/woody/iwbn/iwbn129h/sc_autoencoder_project/phase4/aifi_reduced/job_1562885
Start:        Thu Apr  2 12:03:10 CEST 2026
AIFI schema gate passed
Using config: config/phase4_aifi_scvi_nb_seed43.yaml
2026-04-02 12:04:42 | experiment | INFO |   TensorBoard: /home/woody/iwbn/iwbn129h/sc_autoencoder_project/phase4/aifi_reduced/job_1562885/logs/tensorboard/run_20260402T100442Z_j1562885_p1956341
2026-04-02 12:04:42 | experiment | INFO |   View live:   tensorboard --logdir /home/woody/iwbn/iwbn129h/sc_autoencoder_project/phase4/aifi_reduced/job_1562885/logs/tensorboard
2026-04-02 12:04:42 | experiment | INFO | ======================================================================
2026-04-02 12:04:42 | experiment | INFO | EXPERIMENT: Latent Dimension Sweep
2026-04-02 12:04:42 | experiment | INFO |   Datasets:       ['aifi_immune_full']
2026-04-02 12:04:42 | experiment | INFO |   Model/losses:   [('scvi', 'nb')]
2026-04-02 12:04:42 | experiment | INFO |   Latent dims:    [8, 16, 24, 32]
2026-04-02 12:04:42 | experiment | INFO |   Seeds:          1
2026-04-02 12:04:42 | experiment | INFO |   Device:         cuda
2026-04-02 12:04:42 | experiment | INFO |   Git commit:     10d3fdb
2026-04-02 12:04:42 | experiment | INFO |   Run ID:         run_20260402T100442Z_j1562885_p1956341
2026-04-02 12:04:42 | experiment | INFO |   Large run mode: True
2026-04-02 12:04:42 | experiment | INFO | ======================================================================
2026-04-02 12:05:10 | src.data.preprocessor | INFO |   Loaded processed data (backed): 1821725 × 1236
2026-04-02 12:05:10 | experiment | WARNING | Processed cache check for aifi_immune_full: missing fingerprint in cached file (expected=9337ba0ebeb01fb9). This likely came from an older preprocessing run.. Continuing with cached file /tmp/1562885.tinygpu/iwbn129h/scae_phase4_aifi_1562885/data/processed/aifi_immune_full.h5ad; rerun preprocess to refresh.
2026-04-02 12:05:34 | experiment | INFO | Large-run mode on aifi_immune_full using in-memory path (keep_backed_until_split=False).
2026-04-02 12:05:34 | experiment | INFO | 
Dataset: aifi_immune_full (1821725 cells, K=29, requested_mode=backed, effective_mode=in_memory_from_backed, label_source=provided:AIFI_L2)
2026-04-02 12:05:34 | experiment | INFO | 
--- aifi_immune_full | scvi:nb | d=8 | seed=43 ---
2026-04-02 12:05:34 | src.data.dataset | INFO |   Split: train=1457380, val=182172, test=182173
INFO: [rank: 0] Seed set to 43
2026-04-02 12:06:14 | lightning.fabric.utilities.seed | INFO | [rank: 0] Seed set to 43
2026-04-02 12:06:17 | src.models.scvi_wrapper | INFO |   scVI setup: d=8, likelihood=nb, hidden=128, layers=2, batch_key=batch_id
2026-04-02 12:06:20 | src.models.scvi_wrapper | INFO |   scVI TensorBoard logging to: /home/woody/iwbn/iwbn129h/sc_autoencoder_project/phase4/aifi_reduced/job_1562885/logs/tensorboard/run_20260402T100442Z_j1562885_p1956341/aifi_immune_full/scvi/nb/d_8/seed_43
/home/hpc/iwbn/iwbn129h/.local/lib/python3.12/site-packages/lightning/fabric/plugins/environments/slurm.py:204: The `srun` command is available on your system but is not used. HINT: If your intention is to run Lightning on SLURM, prepend your python command with `srun` like so: srun python scripts/run_experiment.py --config config/phase4_aif ...
2026-04-02 12:06:20 | pytorch_lightning.utilities.rank_zero | INFO | GPU available: True (cuda), used: True
2026-04-02 12:06:20 | pytorch_lightning.utilities.rank_zero | INFO | TPU available: False, using: 0 TPU cores
2026-04-02 12:06:20 | pytorch_lightning.utilities.rank_zero | INFO | 💡 Tip: For seamless cloud logging and experiment tracking, try installing [litlogger](https://pypi.org/project/litlogger/) to enable LitLogger, which logs metrics and artifacts automatically to the Lightning Experiments platform.
/home/hpc/iwbn/iwbn129h/.local/lib/python3.12/site-packages/lightning/fabric/plugins/environments/slurm.py:204: The `srun` command is available on your system but is not used. HINT: If your intention is to run Lightning on SLURM, prepend your python command with `srun` like so: srun python scripts/run_experiment.py --config config/phase4_aif ...
INFO: LOCAL_RANK: 0 - CUDA_VISIBLE_DEVICES: [0]
2026-04-02 12:06:22 | lightning.pytorch.accelerators.cuda | INFO | LOCAL_RANK: 0 - CUDA_VISIBLE_DEVICES: [0]
/home/hpc/iwbn/iwbn129h/.local/lib/python3.12/site-packages/lightning/pytorch/utilities/_pytree.py:21: `isinstance(treespec, LeafSpec)` is deprecated, use `isinstance(treespec, TreeSpec) and treespec.is_leaf()` instead.
/home/hpc/iwbn/iwbn129h/.local/lib/python3.12/site-packages/lightning/pytorch/trainer/connectors/data_connector.py:434: The 'train_dataloader' does not have many workers which may be a bottleneck. Consider increasing the value of the `num_workers` argument` to `num_workers=31` in the `DataLoader` to improve performance.
/home/hpc/iwbn/iwbn129h/.local/lib/python3.12/site-packages/lightning/pytorch/trainer/connectors/data_connector.py:434: The 'val_dataloader' does not have many workers which may be a bottleneck. Consider increasing the value of the `num_workers` argument` to `num_workers=31` in the `DataLoader` to improve performance.
2026-04-02 12:08:14 | src.models.scvi_wrapper | INFO |     scVI Epoch   1/30: train=437.459503, val=412.226471
2026-04-02 12:15:31 | src.models.scvi_wrapper | INFO |     scVI Epoch   5/30: train=409.681396, val=408.065063
2026-04-02 12:24:38 | src.models.scvi_wrapper | INFO |     scVI Epoch  10/30: train=408.629578, val=407.083466
2026-04-02 12:33:45 | src.models.scvi_wrapper | INFO |     scVI Epoch  15/30: train=408.279053, val=407.047729
2026-04-02 12:42:53 | src.models.scvi_wrapper | INFO |     scVI Epoch  20/30: train=408.192078, val=407.306458
2026-04-02 12:52:02 | src.models.scvi_wrapper | INFO |     scVI Epoch  25/30: train=408.203033, val=407.232513
2026-04-02 13:01:11 | src.models.scvi_wrapper | INFO |     scVI Epoch  30/30: train=408.280151, val=407.592621
2026-04-02 13:01:11 | pytorch_lightning.utilities.rank_zero | INFO | `Trainer.fit` stopped: `max_epochs=30` reached.
2026-04-02 13:01:11 | src.models.scvi_wrapper | INFO |   scVI training complete: 30 epochs in 3290.8s
INFO     Input AnnData not setup with scvi-tools. attempting to transfer AnnData
         setup                                                                  
2026-04-02 13:01:19 | src.evaluation.metrics | INFO |   Latent evaluation sampled for scalability: n_used=15000 / n_total=182173 (seed=43)
2026-04-02 13:01:30 | src.evaluation.metrics | INFO |   Metrics: ARI=0.3110, AMI=0.6211, Sil(kmeans)=0.1457, Sil(labels)=0.0942 [n_used=15000/182173], BatchSil=-0.0791 (mix=0.0791), BatchEntropy=0.6325
2026-04-02 13:01:34 | src.evaluation.metrics | INFO |   Centrality sampled for scalability: n_used=5000 / n_total=182173 (seed=43)
2026-04-02 13:01:46 | src.evaluation.metrics | INFO |   Centrality variance: 0.000199 [mode=sampled, n_used=5000/182173]
2026-04-02 13:01:46 | experiment | INFO |   -> ARI=0.3110, AMI=0.6211, Sil=0.1457, Recon=405.607239, CentralityMode=sampled, CPUmem=nanMB, Time=3372.2s
2026-04-02 13:01:46 | experiment | INFO | 
--- aifi_immune_full | scvi:nb | d=16 | seed=43 ---
2026-04-02 13:01:46 | src.data.dataset | INFO |   Split: train=1457380, val=182172, test=182173
INFO: [rank: 0] Seed set to 43
2026-04-02 13:01:57 | lightning.fabric.utilities.seed | INFO | [rank: 0] Seed set to 43
2026-04-02 13:01:59 | src.models.scvi_wrapper | INFO |   scVI setup: d=16, likelihood=nb, hidden=128, layers=2, batch_key=batch_id
2026-04-02 13:01:59 | src.models.scvi_wrapper | INFO |   scVI TensorBoard logging to: /home/woody/iwbn/iwbn129h/sc_autoencoder_project/phase4/aifi_reduced/job_1562885/logs/tensorboard/run_20260402T100442Z_j1562885_p1956341/aifi_immune_full/scvi/nb/d_16/seed_43
/home/hpc/iwbn/iwbn129h/.local/lib/python3.12/site-packages/lightning/fabric/plugins/environments/slurm.py:204: The `srun` command is available on your system but is not used. HINT: If your intention is to run Lightning on SLURM, prepend your python command with `srun` like so: srun python scripts/run_experiment.py --config config/phase4_aif ...
2026-04-02 13:01:59 | pytorch_lightning.utilities.rank_zero | INFO | GPU available: True (cuda), used: True
2026-04-02 13:01:59 | pytorch_lightning.utilities.rank_zero | INFO | TPU available: False, using: 0 TPU cores
2026-04-02 13:01:59 | pytorch_lightning.utilities.rank_zero | INFO | 💡 Tip: For seamless cloud logging and experiment tracking, try installing [litlogger](https://pypi.org/project/litlogger/) to enable LitLogger, which logs metrics and artifacts automatically to the Lightning Experiments platform.
/home/hpc/iwbn/iwbn129h/.local/lib/python3.12/site-packages/lightning/fabric/plugins/environments/slurm.py:204: The `srun` command is available on your system but is not used. HINT: If your intention is to run Lightning on SLURM, prepend your python command with `srun` like so: srun python scripts/run_experiment.py --config config/phase4_aif ...
INFO: LOCAL_RANK: 0 - CUDA_VISIBLE_DEVICES: [0]
2026-04-02 13:01:59 | lightning.pytorch.accelerators.cuda | INFO | LOCAL_RANK: 0 - CUDA_VISIBLE_DEVICES: [0]
/home/hpc/iwbn/iwbn129h/.local/lib/python3.12/site-packages/lightning/pytorch/utilities/_pytree.py:21: `isinstance(treespec, LeafSpec)` is deprecated, use `isinstance(treespec, TreeSpec) and treespec.is_leaf()` instead.
/home/hpc/iwbn/iwbn129h/.local/lib/python3.12/site-packages/lightning/pytorch/trainer/connectors/data_connector.py:434: The 'train_dataloader' does not have many workers which may be a bottleneck. Consider increasing the value of the `num_workers` argument` to `num_workers=31` in the `DataLoader` to improve performance.
/home/hpc/iwbn/iwbn129h/.local/lib/python3.12/site-packages/lightning/pytorch/trainer/connectors/data_connector.py:434: The 'val_dataloader' does not have many workers which may be a bottleneck. Consider increasing the value of the `num_workers` argument` to `num_workers=31` in the `DataLoader` to improve performance.
2026-04-02 13:03:50 | src.models.scvi_wrapper | INFO |     scVI Epoch   1/30: train=433.347076, val=407.558502
2026-04-02 13:11:08 | src.models.scvi_wrapper | INFO |     scVI Epoch   5/30: train=404.605072, val=401.751984
2026-04-02 13:20:17 | src.models.scvi_wrapper | INFO |     scVI Epoch  10/30: train=402.472321, val=399.972260
2026-04-02 13:29:28 | src.models.scvi_wrapper | INFO |     scVI Epoch  15/30: train=401.782104, val=399.804382
2026-04-02 13:38:39 | src.models.scvi_wrapper | INFO |     scVI Epoch  20/30: train=401.557251, val=399.890594
2026-04-02 13:47:50 | src.models.scvi_wrapper | INFO |     scVI Epoch  25/30: train=401.642883, val=400.209076
2026-04-02 13:57:01 | src.models.scvi_wrapper | INFO |     scVI Epoch  30/30: train=401.731384, val=400.118774
2026-04-02 13:57:01 | pytorch_lightning.utilities.rank_zero | INFO | `Trainer.fit` stopped: `max_epochs=30` reached.
2026-04-02 13:57:01 | src.models.scvi_wrapper | INFO |   scVI training complete: 30 epochs in 3302.0s
INFO     Input AnnData not setup with scvi-tools. attempting to transfer AnnData
         setup                                                                  
2026-04-02 13:57:09 | src.evaluation.metrics | INFO |   Latent evaluation sampled for scalability: n_used=15000 / n_total=182173 (seed=43)
2026-04-02 13:57:20 | src.evaluation.metrics | INFO |   Metrics: ARI=0.2903, AMI=0.6061, Sil(kmeans)=0.0846, Sil(labels)=0.0585 [n_used=15000/182173], BatchSil=-0.0461 (mix=0.0461), BatchEntropy=0.6344
2026-04-02 13:57:20 | src.evaluation.metrics | INFO |   Centrality sampled for scalability: n_used=5000 / n_total=182173 (seed=43)
2026-04-02 13:57:20 | src.evaluation.metrics | WARNING | Centrality computation failed (mode=sampled, n_obs=5000, n_neighbors=15): `eigenvector_centrality_numpy` does not give consistent results for disconnected graphs
2026-04-02 13:57:20 | experiment | INFO |   -> ARI=0.2903, AMI=0.6061, Sil=0.0846, Recon=396.902313, CentralityMode=failed, CPUmem=nanMB, Time=3333.6s
2026-04-02 13:57:20 | experiment | INFO | 
--- aifi_immune_full | scvi:nb | d=24 | seed=43 ---
2026-04-02 13:57:20 | src.data.dataset | INFO |   Split: train=1457380, val=182172, test=182173
INFO: [rank: 0] Seed set to 43
2026-04-02 13:57:30 | lightning.fabric.utilities.seed | INFO | [rank: 0] Seed set to 43
2026-04-02 13:57:33 | src.models.scvi_wrapper | INFO |   scVI setup: d=24, likelihood=nb, hidden=128, layers=2, batch_key=batch_id
2026-04-02 13:57:33 | src.models.scvi_wrapper | INFO |   scVI TensorBoard logging to: /home/woody/iwbn/iwbn129h/sc_autoencoder_project/phase4/aifi_reduced/job_1562885/logs/tensorboard/run_20260402T100442Z_j1562885_p1956341/aifi_immune_full/scvi/nb/d_24/seed_43
/home/hpc/iwbn/iwbn129h/.local/lib/python3.12/site-packages/lightning/fabric/plugins/environments/slurm.py:204: The `srun` command is available on your system but is not used. HINT: If your intention is to run Lightning on SLURM, prepend your python command with `srun` like so: srun python scripts/run_experiment.py --config config/phase4_aif ...
2026-04-02 13:57:33 | pytorch_lightning.utilities.rank_zero | INFO | GPU available: True (cuda), used: True
2026-04-02 13:57:33 | pytorch_lightning.utilities.rank_zero | INFO | TPU available: False, using: 0 TPU cores
2026-04-02 13:57:33 | pytorch_lightning.utilities.rank_zero | INFO | 💡 Tip: For seamless cloud logging and experiment tracking, try installing [litlogger](https://pypi.org/project/litlogger/) to enable LitLogger, which logs metrics and artifacts automatically to the Lightning Experiments platform.
/home/hpc/iwbn/iwbn129h/.local/lib/python3.12/site-packages/lightning/fabric/plugins/environments/slurm.py:204: The `srun` command is available on your system but is not used. HINT: If your intention is to run Lightning on SLURM, prepend your python command with `srun` like so: srun python scripts/run_experiment.py --config config/phase4_aif ...
INFO: LOCAL_RANK: 0 - CUDA_VISIBLE_DEVICES: [0]
2026-04-02 13:57:33 | lightning.pytorch.accelerators.cuda | INFO | LOCAL_RANK: 0 - CUDA_VISIBLE_DEVICES: [0]
/home/hpc/iwbn/iwbn129h/.local/lib/python3.12/site-packages/lightning/pytorch/utilities/_pytree.py:21: `isinstance(treespec, LeafSpec)` is deprecated, use `isinstance(treespec, TreeSpec) and treespec.is_leaf()` instead.
/home/hpc/iwbn/iwbn129h/.local/lib/python3.12/site-packages/lightning/pytorch/trainer/connectors/data_connector.py:434: The 'train_dataloader' does not have many workers which may be a bottleneck. Consider increasing the value of the `num_workers` argument` to `num_workers=31` in the `DataLoader` to improve performance.
/home/hpc/iwbn/iwbn129h/.local/lib/python3.12/site-packages/lightning/pytorch/trainer/connectors/data_connector.py:434: The 'val_dataloader' does not have many workers which may be a bottleneck. Consider increasing the value of the `num_workers` argument` to `num_workers=31` in the `DataLoader` to improve performance.
2026-04-02 13:59:23 | src.models.scvi_wrapper | INFO |     scVI Epoch   1/30: train=431.005615, val=403.990997
2026-04-02 14:06:44 | src.models.scvi_wrapper | INFO |     scVI Epoch   5/30: train=401.533752, val=398.051361
2026-04-02 14:15:52 | src.models.scvi_wrapper | INFO |     scVI Epoch  10/30: train=400.105103, val=396.411835
2026-04-02 14:25:00 | src.models.scvi_wrapper | INFO |     scVI Epoch  15/30: train=399.473236, val=395.766907
2026-04-02 14:34:09 | src.models.scvi_wrapper | INFO |     scVI Epoch  20/30: train=399.238464, val=395.704376
2026-04-02 14:43:17 | src.models.scvi_wrapper | INFO |     scVI Epoch  25/30: train=399.244415, val=395.750580
2026-04-02 14:52:24 | src.models.scvi_wrapper | INFO |     scVI Epoch  30/30: train=399.374542, val=396.428162
2026-04-02 14:52:24 | pytorch_lightning.utilities.rank_zero | INFO | `Trainer.fit` stopped: `max_epochs=30` reached.
2026-04-02 14:52:24 | src.models.scvi_wrapper | INFO |   scVI training complete: 30 epochs in 3290.6s
INFO     Input AnnData not setup with scvi-tools. attempting to transfer AnnData
         setup                                                                  
2026-04-02 14:52:32 | src.evaluation.metrics | INFO |   Latent evaluation sampled for scalability: n_used=15000 / n_total=182173 (seed=43)
2026-04-02 14:52:43 | src.evaluation.metrics | INFO |   Metrics: ARI=0.2952, AMI=0.6139, Sil(kmeans)=0.0563, Sil(labels)=0.0342 [n_used=15000/182173], BatchSil=-0.0369 (mix=0.0369), BatchEntropy=0.6372
2026-04-02 14:52:43 | src.evaluation.metrics | INFO |   Centrality sampled for scalability: n_used=5000 / n_total=182173 (seed=43)
2026-04-02 14:52:43 | src.evaluation.metrics | INFO |   Centrality variance: 0.000109 [mode=sampled, n_used=5000/182173]
2026-04-02 14:52:43 | experiment | INFO |   -> ARI=0.2952, AMI=0.6139, Sil=0.0563, Recon=392.318848, CentralityMode=sampled, CPUmem=nanMB, Time=3322.8s
2026-04-02 14:52:43 | experiment | INFO | 
--- aifi_immune_full | scvi:nb | d=32 | seed=43 ---
2026-04-02 14:52:43 | src.data.dataset | INFO |   Split: train=1457380, val=182172, test=182173
INFO: [rank: 0] Seed set to 43
2026-04-02 14:52:53 | lightning.fabric.utilities.seed | INFO | [rank: 0] Seed set to 43
2026-04-02 14:52:56 | src.models.scvi_wrapper | INFO |   scVI setup: d=32, likelihood=nb, hidden=128, layers=2, batch_key=batch_id
2026-04-02 14:52:56 | src.models.scvi_wrapper | INFO |   scVI TensorBoard logging to: /home/woody/iwbn/iwbn129h/sc_autoencoder_project/phase4/aifi_reduced/job_1562885/logs/tensorboard/run_20260402T100442Z_j1562885_p1956341/aifi_immune_full/scvi/nb/d_32/seed_43
/home/hpc/iwbn/iwbn129h/.local/lib/python3.12/site-packages/lightning/fabric/plugins/environments/slurm.py:204: The `srun` command is available on your system but is not used. HINT: If your intention is to run Lightning on SLURM, prepend your python command with `srun` like so: srun python scripts/run_experiment.py --config config/phase4_aif ...
2026-04-02 14:52:56 | pytorch_lightning.utilities.rank_zero | INFO | GPU available: True (cuda), used: True
2026-04-02 14:52:56 | pytorch_lightning.utilities.rank_zero | INFO | TPU available: False, using: 0 TPU cores
2026-04-02 14:52:56 | pytorch_lightning.utilities.rank_zero | INFO | 💡 Tip: For seamless cloud logging and experiment tracking, try installing [litlogger](https://pypi.org/project/litlogger/) to enable LitLogger, which logs metrics and artifacts automatically to the Lightning Experiments platform.
/home/hpc/iwbn/iwbn129h/.local/lib/python3.12/site-packages/lightning/fabric/plugins/environments/slurm.py:204: The `srun` command is available on your system but is not used. HINT: If your intention is to run Lightning on SLURM, prepend your python command with `srun` like so: srun python scripts/run_experiment.py --config config/phase4_aif ...
INFO: LOCAL_RANK: 0 - CUDA_VISIBLE_DEVICES: [0]
2026-04-02 14:52:56 | lightning.pytorch.accelerators.cuda | INFO | LOCAL_RANK: 0 - CUDA_VISIBLE_DEVICES: [0]
/home/hpc/iwbn/iwbn129h/.local/lib/python3.12/site-packages/lightning/pytorch/utilities/_pytree.py:21: `isinstance(treespec, LeafSpec)` is deprecated, use `isinstance(treespec, TreeSpec) and treespec.is_leaf()` instead.
/home/hpc/iwbn/iwbn129h/.local/lib/python3.12/site-packages/lightning/pytorch/trainer/connectors/data_connector.py:434: The 'train_dataloader' does not have many workers which may be a bottleneck. Consider increasing the value of the `num_workers` argument` to `num_workers=31` in the `DataLoader` to improve performance.
/home/hpc/iwbn/iwbn129h/.local/lib/python3.12/site-packages/lightning/pytorch/trainer/connectors/data_connector.py:434: The 'val_dataloader' does not have many workers which may be a bottleneck. Consider increasing the value of the `num_workers` argument` to `num_workers=31` in the `DataLoader` to improve performance.
2026-04-02 14:54:46 | src.models.scvi_wrapper | INFO |     scVI Epoch   1/30: train=429.952454, val=401.633118
2026-04-02 15:02:07 | src.models.scvi_wrapper | INFO |     scVI Epoch   5/30: train=398.871094, val=394.240082
2026-04-02 15:11:18 | src.models.scvi_wrapper | INFO |     scVI Epoch  10/30: train=397.654022, val=392.871826
2026-04-02 15:20:29 | src.models.scvi_wrapper | INFO |     scVI Epoch  15/30: train=397.101318, val=392.250214
2026-04-02 15:29:40 | src.models.scvi_wrapper | INFO |     scVI Epoch  20/30: train=397.063873, val=392.296143
2026-04-02 15:38:51 | src.models.scvi_wrapper | INFO |     scVI Epoch  25/30: train=397.304169, val=392.611694
2026-04-02 15:48:02 | src.models.scvi_wrapper | INFO |     scVI Epoch  30/30: train=397.606232, val=392.926422
2026-04-02 15:48:02 | pytorch_lightning.utilities.rank_zero | INFO | `Trainer.fit` stopped: `max_epochs=30` reached.
2026-04-02 15:48:02 | src.models.scvi_wrapper | INFO |   scVI training complete: 30 epochs in 3306.1s
INFO     Input AnnData not setup with scvi-tools. attempting to transfer AnnData
         setup                                                                  
2026-04-02 15:48:11 | src.evaluation.metrics | INFO |   Latent evaluation sampled for scalability: n_used=15000 / n_total=182173 (seed=43)
2026-04-02 15:48:21 | src.evaluation.metrics | INFO |   Metrics: ARI=0.3216, AMI=0.6259, Sil(kmeans)=0.0434, Sil(labels)=0.0298 [n_used=15000/182173], BatchSil=-0.0346 (mix=0.0346), BatchEntropy=0.6362
2026-04-02 15:48:21 | src.evaluation.metrics | INFO |   Centrality sampled for scalability: n_used=5000 / n_total=182173 (seed=43)
2026-04-02 15:48:22 | src.evaluation.metrics | INFO |   Centrality variance: 0.000128 [mode=sampled, n_used=5000/182173]
2026-04-02 15:48:22 | experiment | INFO |   -> ARI=0.3216, AMI=0.6259, Sil=0.0434, Recon=387.993561, CentralityMode=sampled, CPUmem=nanMB, Time=3338.5s
2026-04-02 15:48:22 | experiment | INFO |   Dataset results saved: /home/woody/iwbn/iwbn129h/sc_autoencoder_project/phase4/aifi_reduced/job_1562885/results/datasets/aifi_immune_full/tables/experiment_results.csv (4 rows)
2026-04-02 15:48:22 | experiment | INFO | 
======================================================================
2026-04-02 15:48:22 | experiment | INFO | EXPERIMENT COMPLETE — run_20260402T100442Z_j1562885_p1956341
2026-04-02 15:48:22 | experiment | INFO | ======================================================================
2026-04-02 15:48:22 | experiment | INFO |   Total runs:    4
2026-04-02 15:48:22 | experiment | INFO |   Successful:    4
2026-04-02 15:48:22 | experiment | INFO |   Failed:        0
2026-04-02 15:48:22 | experiment | INFO |   Completed:     2026-04-02T13:48:22.265172Z
2026-04-02 15:48:22 | experiment | INFO | 
2026-04-02 15:48:22 | experiment | INFO |   Output files:
2026-04-02 15:48:22 | experiment | INFO |     Global CSV:  /home/woody/iwbn/iwbn129h/sc_autoencoder_project/phase4/aifi_reduced/job_1562885/results/phase4_aifi_scvi_nb_reduced.csv
2026-04-02 15:48:22 | experiment | INFO |     Run dir:     /home/woody/iwbn/iwbn129h/sc_autoencoder_project/phase4/aifi_reduced/job_1562885/results/runs/run_20260402T100442Z_j1562885_p1956341/
2026-04-02 15:48:22 | experiment | INFO |     TensorBoard: /home/woody/iwbn/iwbn129h/sc_autoencoder_project/phase4/aifi_reduced/job_1562885/logs/tensorboard/run_20260402T100442Z_j1562885_p1956341/ (4 event files)
2026-04-02 15:48:22 | experiment | INFO |     View TB:     tensorboard --logdir /home/woody/iwbn/iwbn129h/sc_autoencoder_project/phase4/aifi_reduced/job_1562885/logs/tensorboard
2026-04-02 15:48:22 | experiment | INFO | ======================================================================
End: Thu Apr  2 15:48:29 CEST 2026
=== PHASE 4 AIFI REDUCED DONE ===
=== JOB_STATISTICS ===
=== current date     : Thu Apr  2 03:48:29 PM CEST 2026
= Job-ID             : 1562885 on tinygpu
= Job-Name           : phase4_aifi_reduced
= Job-Command        : /home/hpc/iwbn/iwbn129h/sc_autoencoder_project/jobs/phase4_aifi_scvi_nb_reduced.sh
= Initial workdir    : /home/hpc/iwbn/iwbn129h/sc_autoencoder_project
= Queue/Partition    : a100
= Slurm account      : iwbn with QOS=normal
= Requested resources:  for 12:00:00
= Elapsed runtime    : 03:45:28
= Total RAM usage    : 96.3 GiB of requested  GiB (%)   
= Node list          : tg090
= Subm/Elig/Start/End: 2026-04-02T10:59:35 / 2026-04-02T10:59:35 / 2026-04-02T12:03:01 / 2026-04-02T15:48:29
======================
=== Quota infos ======
    Path                 Used     SoftQ    HardQ    Gracetime  Filec    FileQ    FiHaQ    FileGrace    
    /home/hpc              47.1G   104.9G   209.7G        N/A      98K     500K   1,000K        N/A    
    /home/woody            73.7G  1000.0G  1500.0G        N/A      94K   5,000K   7,500K        N/A    
======================
=== GPU utilization ==
gpu_name, gpu_bus_id, pid, gpu_utilization [%], mem_utilization [%], max_memory_usage [MiB], time [ms]
NVIDIA A100-SXM4-40GB, 00000000:41:00.0, 1956341, 13 %, 0 %, 556 MiB, 13427816 ms
