### Starting TaskPrologue of job 1561961 on tg093 at Tue Mar 31 11:17:16 AM CEST 2026
Running on cores 0-31 with governor ondemand
Tue Mar 31 11:17:16 2026       
+-----------------------------------------------------------------------------------------+
| NVIDIA-SMI 580.126.20             Driver Version: 580.126.20     CUDA Version: 13.0     |
+-----------------------------------------+------------------------+----------------------+
| GPU  Name                 Persistence-M | Bus-Id          Disp.A | Volatile Uncorr. ECC |
| Fan  Temp   Perf          Pwr:Usage/Cap |           Memory-Usage | GPU-Util  Compute M. |
|                                         |                        |               MIG M. |
|=========================================+========================+======================|
|   0  NVIDIA A100-SXM4-40GB          On  |   00000000:01:00.0 Off |                    0 |
| N/A   41C    P0             60W /  400W |       0MiB /  40960MiB |      0%      Default |
|                                         |                        |             Disabled |
+-----------------------------------------+------------------------+----------------------+

+-----------------------------------------------------------------------------------------+
| Processes:                                                                              |
|  GPU   GI   CI              PID   Type   Process name                        GPU Memory |
|        ID   ID                                                               Usage      |
|=========================================================================================|
|  No running processes found                                                             |
+-----------------------------------------------------------------------------------------+
### Finished TaskPrologue

Wrote config/tmp/phase3_recovery_base.yaml
2026-03-31 11:18:11 | experiment | WARNING | SLURM array task detected but 'results_dir' does not appear task-isolated: /home/hpc/iwbn/iwbn129h/sc_autoencoder_project/results. Prefer per-task directories (e.g., .../task_1/...).
2026-03-31 11:18:11 | experiment | WARNING | SLURM array task detected but 'log_dir' does not appear task-isolated: /home/hpc/iwbn/iwbn129h/sc_autoencoder_project/logs. Prefer per-task directories (e.g., .../task_1/...).
2026-03-31 11:18:11 | experiment | WARNING | SLURM array task detected but 'checkpoint_dir' does not appear task-isolated: /home/hpc/iwbn/iwbn129h/sc_autoencoder_project/checkpoints. Prefer per-task directories (e.g., .../task_1/...).
2026-03-31 11:18:11 | experiment | WARNING | SLURM array task detected but output path may be shared across tasks: results/global/tables/recovery/phase3_missing_k12_ae_mse.csv. Prefer task-local output paths to avoid concurrent write collisions.
2026-03-31 11:18:11 | experiment | WARNING | Detected SLURM array task without large_run_mode enabled. Ensure results_dir/checkpoint_dir/log_dir are task-isolated to avoid collisions.
2026-03-31 11:18:11 | experiment | INFO |   TensorBoard: /home/hpc/iwbn/iwbn129h/sc_autoencoder_project/logs/tensorboard/run_20260331T091811Z_j1561961_a1_p492513
2026-03-31 11:18:11 | experiment | INFO |   View live:   tensorboard --logdir /home/hpc/iwbn/iwbn129h/sc_autoencoder_project/logs/tensorboard
2026-03-31 11:18:11 | experiment | INFO | ======================================================================
2026-03-31 11:18:11 | experiment | INFO | EXPERIMENT: Latent Dimension Sweep
2026-03-31 11:18:11 | experiment | INFO |   Datasets:       ['splatter_k12']
2026-03-31 11:18:11 | experiment | INFO |   Model/losses:   [('ae', 'mse')]
2026-03-31 11:18:11 | experiment | INFO |   Latent dims:    [2, 4, 8, 12, 16, 24, 32]
2026-03-31 11:18:11 | experiment | INFO |   Seeds:          2
2026-03-31 11:18:11 | experiment | INFO |   Device:         cuda
2026-03-31 11:18:11 | experiment | INFO |   Git commit:     10d3fdb
2026-03-31 11:18:11 | experiment | INFO |   Run ID:         run_20260331T091811Z_j1561961_a1_p492513
2026-03-31 11:18:11 | experiment | INFO |   Large run mode: False
2026-03-31 11:18:11 | experiment | INFO | ======================================================================
2026-03-31 11:18:12 | src.data.preprocessor | INFO |   Loaded processed data (in_memory): 4800 × 2000
2026-03-31 11:18:12 | experiment | WARNING | Processed cache check for splatter_k12: missing fingerprint in cached file (expected=5029721aeb692bf5). This likely came from an older preprocessing run.. Continuing with cached file /home/hpc/iwbn/iwbn129h/sc_autoencoder_project/data/processed/splatter_k12.h5ad; rerun preprocess to refresh.
2026-03-31 11:18:12 | experiment | INFO | 
Dataset: splatter_k12 (4800 cells, K=12, requested_mode=in_memory, effective_mode=in_memory, label_source=provided:cell_type)
2026-03-31 11:18:12 | experiment | INFO | 
--- splatter_k12 | ae:mse | d=2 | seed=42 ---
2026-03-31 11:18:12 | src.data.dataset | INFO |   Split: train=3840, val=480, test=480
2026-03-31 11:18:12 | src.data.dataset | INFO |   DataLoaders: train=3840, val=480, test=480, batch_size=256, layer=X, num_workers=0, pin_memory=True, preload=True
2026-03-31 11:18:27 | src.training.trainer | INFO |   TensorBoard logging to: /home/hpc/iwbn/iwbn129h/sc_autoencoder_project/logs/tensorboard/run_20260331T091811Z_j1561961_a1_p492513/splatter_k12/ae/mse/d_2/seed_42
2026-03-31 11:18:27 | src.training.trainer | INFO |   Training AE (d=2, loss=mse) on cuda for up to 80 epochs
2026-03-31 11:18:28 | src.training.trainer | INFO |     Epoch   1: train=1.741694, val=0.589572
2026-03-31 11:18:29 | src.training.trainer | INFO |     Epoch   2: train=0.332935, val=0.219748
2026-03-31 11:18:29 | src.training.trainer | INFO |     Epoch   3: train=0.196055, val=0.182655
2026-03-31 11:18:29 | src.training.trainer | INFO |     Epoch   4: train=0.177566, val=0.175883
2026-03-31 11:18:29 | src.training.trainer | INFO |     Epoch   5: train=0.173906, val=0.174320
2026-03-31 11:18:29 | src.training.trainer | INFO |     Epoch   6: train=0.173160, val=0.173939
2026-03-31 11:18:29 | src.training.trainer | INFO |     Epoch   7: train=0.173083, val=0.173979
2026-03-31 11:18:29 | src.training.trainer | INFO |     Epoch   8: train=0.172988, val=0.173921
2026-03-31 11:18:29 | src.training.trainer | INFO |     Epoch   9: train=0.173152, val=0.175279
2026-03-31 11:18:29 | src.training.trainer | INFO |     Epoch  10: train=0.173612, val=0.174635
2026-03-31 11:18:29 | src.training.trainer | INFO |     Epoch  11: train=0.173171, val=0.173935
2026-03-31 11:18:29 | src.training.trainer | INFO |     Epoch  12: train=0.172989, val=0.173913
2026-03-31 11:18:29 | src.training.trainer | INFO |     Epoch  13: train=0.172967, val=0.173984
2026-03-31 11:18:29 | src.training.trainer | INFO |     Epoch  14: train=0.172998, val=0.173940
2026-03-31 11:18:29 | src.training.trainer | INFO |     Epoch  15: train=0.172987, val=0.173949
2026-03-31 11:18:29 | src.training.trainer | INFO |     Epoch  16: train=0.173007, val=0.173998
2026-03-31 11:18:29 | src.training.trainer | INFO |     Epoch  17: train=0.173075, val=0.174139
2026-03-31 11:18:30 | src.training.trainer | INFO |     Epoch  18: train=0.173146, val=0.174580
2026-03-31 11:18:30 | src.training.trainer | INFO |     Epoch  19: train=0.173225, val=0.173921
2026-03-31 11:18:30 | src.training.trainer | INFO |     Epoch  20: train=0.173032, val=0.173953
2026-03-31 11:18:30 | src.training.trainer | INFO |     Epoch  21: train=0.173408, val=0.173988
2026-03-31 11:18:30 | src.training.trainer | INFO |     Epoch  22: train=0.173121, val=0.174002
2026-03-31 11:18:30 | src.training.trainer | INFO |   Early stopping at epoch 22 (best: epoch 12, val=0.173913)
2026-03-31 11:18:30 | src.training.trainer | INFO |   Training complete in 2.7s. Best val loss: 0.173913 (epoch 12)
2026-03-31 11:18:30 | src.evaluation.metrics | INFO |   Reconstruction loss (mse): 0.171558
2026-03-31 11:18:30 | src.evaluation.metrics | INFO |   Metrics: ARI=0.0412, AMI=0.1063, Sil(kmeans)=0.3618, Sil(labels)=-0.1639 [n_used=480/480]
2026-03-31 11:18:46 | src.evaluation.metrics | INFO |   Centrality variance: 0.001681 [mode=full, n_used=480/480]
2026-03-31 11:18:46 | experiment | INFO |   -> ARI=0.0412, AMI=0.1063, Sil=0.3618, Recon=0.171558, CentralityMode=full, CPUmem=nanMB, Time=34.1s
2026-03-31 11:18:46 | experiment | INFO | 
--- splatter_k12 | ae:mse | d=2 | seed=43 ---
2026-03-31 11:18:46 | src.data.dataset | INFO |   Split: train=3840, val=480, test=480
2026-03-31 11:18:46 | src.data.dataset | INFO |   DataLoaders: train=3840, val=480, test=480, batch_size=256, layer=X, num_workers=0, pin_memory=True, preload=True
2026-03-31 11:18:46 | src.training.trainer | INFO |   TensorBoard logging to: /home/hpc/iwbn/iwbn129h/sc_autoencoder_project/logs/tensorboard/run_20260331T091811Z_j1561961_a1_p492513/splatter_k12/ae/mse/d_2/seed_43
2026-03-31 11:18:46 | src.training.trainer | INFO |   Training AE (d=2, loss=mse) on cuda for up to 80 epochs
2026-03-31 11:18:46 | src.training.trainer | INFO |     Epoch   1: train=1.854654, val=0.646897
2026-03-31 11:18:46 | src.training.trainer | INFO |     Epoch   2: train=0.352732, val=0.221415
2026-03-31 11:18:46 | src.training.trainer | INFO |     Epoch   3: train=0.196160, val=0.179705
2026-03-31 11:18:46 | src.training.trainer | INFO |     Epoch   4: train=0.176773, val=0.173283
2026-03-31 11:18:46 | src.training.trainer | INFO |     Epoch   5: train=0.173695, val=0.172295
2026-03-31 11:18:47 | src.training.trainer | INFO |     Epoch   6: train=0.173187, val=0.172105
2026-03-31 11:18:47 | src.training.trainer | INFO |     Epoch   7: train=0.173089, val=0.172055
2026-03-31 11:18:47 | src.training.trainer | INFO |     Epoch   8: train=0.173081, val=0.172059
2026-03-31 11:18:47 | src.training.trainer | INFO |     Epoch   9: train=0.173086, val=0.172061
2026-03-31 11:18:47 | src.training.trainer | INFO |     Epoch  10: train=0.173111, val=0.172116
2026-03-31 11:18:47 | src.training.trainer | INFO |     Epoch  11: train=0.173113, val=0.172084
2026-03-31 11:18:47 | src.training.trainer | INFO |     Epoch  12: train=0.173121, val=0.172137
2026-03-31 11:18:47 | src.training.trainer | INFO |     Epoch  13: train=0.173107, val=0.172111
2026-03-31 11:18:47 | src.training.trainer | INFO |     Epoch  14: train=0.173128, val=0.172107
2026-03-31 11:18:47 | src.training.trainer | INFO |     Epoch  15: train=0.173122, val=0.172182
2026-03-31 11:18:47 | src.training.trainer | INFO |     Epoch  16: train=0.173165, val=0.172155
2026-03-31 11:18:47 | src.training.trainer | INFO |     Epoch  17: train=0.173171, val=0.172153
2026-03-31 11:18:47 | src.training.trainer | INFO |   Early stopping at epoch 17 (best: epoch 7, val=0.172055)
2026-03-31 11:18:47 | src.training.trainer | INFO |   Training complete in 1.1s. Best val loss: 0.172055 (epoch 7)
2026-03-31 11:18:47 | src.evaluation.metrics | INFO |   Reconstruction loss (mse): 0.172325
2026-03-31 11:18:47 | src.evaluation.metrics | INFO |   Metrics: ARI=0.0107, AMI=0.0214, Sil(kmeans)=0.3667, Sil(labels)=-0.1418 [n_used=480/480]
2026-03-31 11:18:47 | src.evaluation.metrics | INFO |   Centrality variance: 0.001662 [mode=full, n_used=480/480]
2026-03-31 11:18:47 | experiment | INFO |   -> ARI=0.0107, AMI=0.0214, Sil=0.3667, Recon=0.172325, CentralityMode=full, CPUmem=nanMB, Time=1.4s
2026-03-31 11:18:47 | experiment | INFO | 
--- splatter_k12 | ae:mse | d=4 | seed=42 ---
2026-03-31 11:18:47 | src.data.dataset | INFO |   Split: train=3840, val=480, test=480
2026-03-31 11:18:47 | src.data.dataset | INFO |   DataLoaders: train=3840, val=480, test=480, batch_size=256, layer=X, num_workers=0, pin_memory=True, preload=True
2026-03-31 11:18:47 | src.training.trainer | INFO |   TensorBoard logging to: /home/hpc/iwbn/iwbn129h/sc_autoencoder_project/logs/tensorboard/run_20260331T091811Z_j1561961_a1_p492513/splatter_k12/ae/mse/d_4/seed_42
2026-03-31 11:18:47 | src.training.trainer | INFO |   Training AE (d=4, loss=mse) on cuda for up to 80 epochs
2026-03-31 11:18:48 | src.training.trainer | INFO |     Epoch   1: train=1.806438, val=0.624571
2026-03-31 11:18:48 | src.training.trainer | INFO |     Epoch   2: train=0.350198, val=0.223961
2026-03-31 11:18:48 | src.training.trainer | INFO |     Epoch   3: train=0.196180, val=0.182034
2026-03-31 11:18:48 | src.training.trainer | INFO |     Epoch   4: train=0.177411, val=0.175617
2026-03-31 11:18:48 | src.training.trainer | INFO |     Epoch   5: train=0.173877, val=0.174244
2026-03-31 11:18:48 | src.training.trainer | INFO |     Epoch   6: train=0.173138, val=0.173964
2026-03-31 11:18:48 | src.training.trainer | INFO |     Epoch   7: train=0.172982, val=0.173866
2026-03-31 11:18:48 | src.training.trainer | INFO |     Epoch   8: train=0.172965, val=0.173881
2026-03-31 11:18:48 | src.training.trainer | INFO |     Epoch   9: train=0.172949, val=0.173862
2026-03-31 11:18:48 | src.training.trainer | INFO |     Epoch  10: train=0.172959, val=0.173899
2026-03-31 11:18:48 | src.training.trainer | INFO |     Epoch  11: train=0.172964, val=0.173928
2026-03-31 11:18:48 | src.training.trainer | INFO |     Epoch  12: train=0.172969, val=0.173914
2026-03-31 11:18:48 | src.training.trainer | INFO |     Epoch  13: train=0.172984, val=0.173898
2026-03-31 11:18:48 | src.training.trainer | INFO |     Epoch  14: train=0.172989, val=0.173961
2026-03-31 11:18:48 | src.training.trainer | INFO |     Epoch  15: train=0.172995, val=0.173936
2026-03-31 11:18:48 | src.training.trainer | INFO |     Epoch  16: train=0.173011, val=0.173975
2026-03-31 11:18:49 | src.training.trainer | INFO |     Epoch  17: train=0.172995, val=0.173978
2026-03-31 11:18:49 | src.training.trainer | INFO |     Epoch  18: train=0.173002, val=0.173926
2026-03-31 11:18:49 | src.training.trainer | INFO |     Epoch  19: train=0.173028, val=0.173995
2026-03-31 11:18:49 | src.training.trainer | INFO |   Early stopping at epoch 19 (best: epoch 9, val=0.173862)
2026-03-31 11:18:49 | src.training.trainer | INFO |   Training complete in 1.2s. Best val loss: 0.173862 (epoch 9)
2026-03-31 11:18:49 | src.evaluation.metrics | INFO |   Reconstruction loss (mse): 0.171584
2026-03-31 11:18:49 | src.evaluation.metrics | INFO |   Metrics: ARI=0.0095, AMI=0.0260, Sil(kmeans)=0.3533, Sil(labels)=-0.1858 [n_used=480/480]
2026-03-31 11:18:49 | src.evaluation.metrics | INFO |   Centrality variance: 0.001597 [mode=full, n_used=480/480]
2026-03-31 11:18:49 | experiment | INFO |   -> ARI=0.0095, AMI=0.0260, Sil=0.3533, Recon=0.171584, CentralityMode=full, CPUmem=nanMB, Time=1.5s
2026-03-31 11:18:49 | experiment | INFO | 
--- splatter_k12 | ae:mse | d=4 | seed=43 ---
2026-03-31 11:18:49 | src.data.dataset | INFO |   Split: train=3840, val=480, test=480
2026-03-31 11:18:49 | src.data.dataset | INFO |   DataLoaders: train=3840, val=480, test=480, batch_size=256, layer=X, num_workers=0, pin_memory=True, preload=True
2026-03-31 11:18:49 | src.training.trainer | INFO |   TensorBoard logging to: /home/hpc/iwbn/iwbn129h/sc_autoencoder_project/logs/tensorboard/run_20260331T091811Z_j1561961_a1_p492513/splatter_k12/ae/mse/d_4/seed_43
2026-03-31 11:18:49 | src.training.trainer | INFO |   Training AE (d=4, loss=mse) on cuda for up to 80 epochs
2026-03-31 11:18:49 | src.training.trainer | INFO |     Epoch   1: train=1.837340, val=0.610492
2026-03-31 11:18:49 | src.training.trainer | INFO |     Epoch   2: train=0.338133, val=0.220011
2026-03-31 11:18:49 | src.training.trainer | INFO |     Epoch   3: train=0.197278, val=0.180236
2026-03-31 11:18:49 | src.training.trainer | INFO |     Epoch   4: train=0.177378, val=0.173850
2026-03-31 11:18:49 | src.training.trainer | INFO |     Epoch   5: train=0.173953, val=0.172345
2026-03-31 11:18:50 | src.training.trainer | INFO |     Epoch   6: train=0.173227, val=0.172099
2026-03-31 11:18:50 | src.training.trainer | INFO |     Epoch   7: train=0.173085, val=0.172054
2026-03-31 11:18:50 | src.training.trainer | INFO |     Epoch   8: train=0.173081, val=0.172077
2026-03-31 11:18:50 | src.training.trainer | INFO |     Epoch   9: train=0.173077, val=0.172062
2026-03-31 11:18:50 | src.training.trainer | INFO |     Epoch  10: train=0.173098, val=0.172067
2026-03-31 11:18:50 | src.training.trainer | INFO |     Epoch  11: train=0.173109, val=0.172084
2026-03-31 11:18:50 | src.training.trainer | INFO |     Epoch  12: train=0.173100, val=0.172056
2026-03-31 11:18:50 | src.training.trainer | INFO |     Epoch  13: train=0.173091, val=0.172076
2026-03-31 11:18:50 | src.training.trainer | INFO |     Epoch  14: train=0.173117, val=0.172114
2026-03-31 11:18:50 | src.training.trainer | INFO |     Epoch  15: train=0.173119, val=0.172064
2026-03-31 11:18:50 | src.training.trainer | INFO |     Epoch  16: train=0.173148, val=0.172126
2026-03-31 11:18:50 | src.training.trainer | INFO |     Epoch  17: train=0.173155, val=0.172186
2026-03-31 11:18:50 | src.training.trainer | INFO |   Early stopping at epoch 17 (best: epoch 7, val=0.172054)
2026-03-31 11:18:50 | src.training.trainer | INFO |   Training complete in 1.2s. Best val loss: 0.172054 (epoch 7)
2026-03-31 11:18:50 | src.evaluation.metrics | INFO |   Reconstruction loss (mse): 0.172336
2026-03-31 11:18:50 | src.evaluation.metrics | INFO |   Metrics: ARI=-0.0017, AMI=-0.0016, Sil(kmeans)=0.2664, Sil(labels)=-0.1506 [n_used=480/480]
2026-03-31 11:18:50 | src.evaluation.metrics | INFO |   Centrality variance: 0.001121 [mode=full, n_used=480/480]
2026-03-31 11:18:50 | experiment | INFO |   -> ARI=-0.0017, AMI=-0.0016, Sil=0.2664, Recon=0.172336, CentralityMode=full, CPUmem=nanMB, Time=1.5s
2026-03-31 11:18:50 | experiment | INFO | 
--- splatter_k12 | ae:mse | d=8 | seed=42 ---
2026-03-31 11:18:50 | src.data.dataset | INFO |   Split: train=3840, val=480, test=480
2026-03-31 11:18:50 | src.data.dataset | INFO |   DataLoaders: train=3840, val=480, test=480, batch_size=256, layer=X, num_workers=0, pin_memory=True, preload=True
2026-03-31 11:18:50 | src.training.trainer | INFO |   TensorBoard logging to: /home/hpc/iwbn/iwbn129h/sc_autoencoder_project/logs/tensorboard/run_20260331T091811Z_j1561961_a1_p492513/splatter_k12/ae/mse/d_8/seed_42
2026-03-31 11:18:50 | src.training.trainer | INFO |   Training AE (d=8, loss=mse) on cuda for up to 80 epochs
2026-03-31 11:18:51 | src.training.trainer | INFO |     Epoch   1: train=1.664955, val=0.522797
2026-03-31 11:18:51 | src.training.trainer | INFO |     Epoch   2: train=0.313282, val=0.214873
2026-03-31 11:18:51 | src.training.trainer | INFO |     Epoch   3: train=0.192158, val=0.180576
2026-03-31 11:18:51 | src.training.trainer | INFO |     Epoch   4: train=0.176515, val=0.175271
2026-03-31 11:18:51 | src.training.trainer | INFO |     Epoch   5: train=0.173635, val=0.174186
2026-03-31 11:18:51 | src.training.trainer | INFO |     Epoch   6: train=0.173163, val=0.173907
2026-03-31 11:18:51 | src.training.trainer | INFO |     Epoch   7: train=0.173062, val=0.174778
2026-03-31 11:18:51 | src.training.trainer | INFO |     Epoch   8: train=0.173473, val=0.174353
2026-03-31 11:18:51 | src.training.trainer | INFO |     Epoch   9: train=0.173037, val=0.173890
2026-03-31 11:18:51 | src.training.trainer | INFO |     Epoch  10: train=0.172941, val=0.173911
2026-03-31 11:18:51 | src.training.trainer | INFO |     Epoch  11: train=0.172951, val=0.173898
2026-03-31 11:18:51 | src.training.trainer | INFO |     Epoch  12: train=0.172956, val=0.173926
2026-03-31 11:18:51 | src.training.trainer | INFO |     Epoch  13: train=0.173143, val=0.174008
2026-03-31 11:18:51 | src.training.trainer | INFO |     Epoch  14: train=0.173015, val=0.174060
2026-03-31 11:18:51 | src.training.trainer | INFO |     Epoch  15: train=0.173042, val=0.174085
2026-03-31 11:18:51 | src.training.trainer | INFO |     Epoch  16: train=0.173213, val=0.174435
2026-03-31 11:18:52 | src.training.trainer | INFO |     Epoch  17: train=0.173126, val=0.174046
2026-03-31 11:18:52 | src.training.trainer | INFO |     Epoch  18: train=0.173058, val=0.173975
2026-03-31 11:18:52 | src.training.trainer | INFO |     Epoch  19: train=0.173050, val=0.174213
2026-03-31 11:18:52 | src.training.trainer | INFO |   Early stopping at epoch 19 (best: epoch 9, val=0.173890)
2026-03-31 11:18:52 | src.training.trainer | INFO |   Training complete in 1.2s. Best val loss: 0.173890 (epoch 9)
2026-03-31 11:18:52 | src.evaluation.metrics | INFO |   Reconstruction loss (mse): 0.171551
2026-03-31 11:18:52 | src.evaluation.metrics | INFO |   Metrics: ARI=0.0291, AMI=0.0662, Sil(kmeans)=0.1896, Sil(labels)=-0.1235 [n_used=480/480]
2026-03-31 11:18:52 | src.evaluation.metrics | INFO |   Centrality variance: 0.001432 [mode=full, n_used=480/480]
2026-03-31 11:18:52 | experiment | INFO |   -> ARI=0.0291, AMI=0.0662, Sil=0.1896, Recon=0.171551, CentralityMode=full, CPUmem=nanMB, Time=1.5s
2026-03-31 11:18:52 | experiment | INFO | 
--- splatter_k12 | ae:mse | d=8 | seed=43 ---
2026-03-31 11:18:52 | src.data.dataset | INFO |   Split: train=3840, val=480, test=480
2026-03-31 11:18:52 | src.data.dataset | INFO |   DataLoaders: train=3840, val=480, test=480, batch_size=256, layer=X, num_workers=0, pin_memory=True, preload=True
2026-03-31 11:18:52 | src.training.trainer | INFO |   TensorBoard logging to: /home/hpc/iwbn/iwbn129h/sc_autoencoder_project/logs/tensorboard/run_20260331T091811Z_j1561961_a1_p492513/splatter_k12/ae/mse/d_8/seed_43
2026-03-31 11:18:52 | src.training.trainer | INFO |   Training AE (d=8, loss=mse) on cuda for up to 80 epochs
2026-03-31 11:18:52 | src.training.trainer | INFO |     Epoch   1: train=1.822778, val=0.639407
2026-03-31 11:18:52 | src.training.trainer | INFO |     Epoch   2: train=0.355118, val=0.224208
2026-03-31 11:18:52 | src.training.trainer | INFO |     Epoch   3: train=0.199152, val=0.180908
2026-03-31 11:18:52 | src.training.trainer | INFO |     Epoch   4: train=0.177783, val=0.173999
2026-03-31 11:18:52 | src.training.trainer | INFO |     Epoch   5: train=0.174062, val=0.172436
2026-03-31 11:18:52 | src.training.trainer | INFO |     Epoch   6: train=0.173274, val=0.172131
2026-03-31 11:18:53 | src.training.trainer | INFO |     Epoch   7: train=0.173122, val=0.172067
2026-03-31 11:18:53 | src.training.trainer | INFO |     Epoch   8: train=0.173100, val=0.172082
2026-03-31 11:18:53 | src.training.trainer | INFO |     Epoch   9: train=0.173095, val=0.172075
2026-03-31 11:18:53 | src.training.trainer | INFO |     Epoch  10: train=0.173092, val=0.172071
2026-03-31 11:18:53 | src.training.trainer | INFO |     Epoch  11: train=0.173095, val=0.172074
2026-03-31 11:18:53 | src.training.trainer | INFO |     Epoch  12: train=0.173103, val=0.172092
2026-03-31 11:18:53 | src.training.trainer | INFO |     Epoch  13: train=0.173111, val=0.172094
2026-03-31 11:18:53 | src.training.trainer | INFO |     Epoch  14: train=0.173129, val=0.172150
2026-03-31 11:18:53 | src.training.trainer | INFO |     Epoch  15: train=0.173130, val=0.172128
2026-03-31 11:18:53 | src.training.trainer | INFO |     Epoch  16: train=0.173141, val=0.172091
2026-03-31 11:18:53 | src.training.trainer | INFO |     Epoch  17: train=0.173134, val=0.172141
2026-03-31 11:18:53 | src.training.trainer | INFO |   Early stopping at epoch 17 (best: epoch 7, val=0.172067)
2026-03-31 11:18:53 | src.training.trainer | INFO |   Training complete in 1.1s. Best val loss: 0.172067 (epoch 7)
2026-03-31 11:18:53 | src.evaluation.metrics | INFO |   Reconstruction loss (mse): 0.172338
2026-03-31 11:18:53 | src.evaluation.metrics | INFO |   Metrics: ARI=0.0020, AMI=0.0129, Sil(kmeans)=0.2358, Sil(labels)=-0.1472 [n_used=480/480]
2026-03-31 11:18:53 | src.evaluation.metrics | INFO |   Centrality variance: 0.000841 [mode=full, n_used=480/480]
2026-03-31 11:18:53 | experiment | INFO |   -> ARI=0.0020, AMI=0.0129, Sil=0.2358, Recon=0.172338, CentralityMode=full, CPUmem=nanMB, Time=1.4s
2026-03-31 11:18:53 | experiment | INFO | 
--- splatter_k12 | ae:mse | d=12 | seed=42 ---
2026-03-31 11:18:53 | src.data.dataset | INFO |   Split: train=3840, val=480, test=480
2026-03-31 11:18:53 | src.data.dataset | INFO |   DataLoaders: train=3840, val=480, test=480, batch_size=256, layer=X, num_workers=0, pin_memory=True, preload=True
2026-03-31 11:18:53 | src.training.trainer | INFO |   TensorBoard logging to: /home/hpc/iwbn/iwbn129h/sc_autoencoder_project/logs/tensorboard/run_20260331T091811Z_j1561961_a1_p492513/splatter_k12/ae/mse/d_12/seed_42
2026-03-31 11:18:53 | src.training.trainer | INFO |   Training AE (d=12, loss=mse) on cuda for up to 80 epochs
2026-03-31 11:18:53 | src.training.trainer | INFO |     Epoch   1: train=1.775427, val=0.570917
2026-03-31 11:18:54 | src.training.trainer | INFO |     Epoch   2: train=0.327735, val=0.218114
2026-03-31 11:18:54 | src.training.trainer | INFO |     Epoch   3: train=0.193527, val=0.181243
2026-03-31 11:18:54 | src.training.trainer | INFO |     Epoch   4: train=0.176829, val=0.175284
2026-03-31 11:18:54 | src.training.trainer | INFO |     Epoch   5: train=0.173725, val=0.174206
2026-03-31 11:18:54 | src.training.trainer | INFO |     Epoch   6: train=0.173102, val=0.173942
2026-03-31 11:18:54 | src.training.trainer | INFO |     Epoch   7: train=0.172964, val=0.173876
2026-03-31 11:18:54 | src.training.trainer | INFO |     Epoch   8: train=0.172942, val=0.173870
2026-03-31 11:18:54 | src.training.trainer | INFO |     Epoch   9: train=0.172933, val=0.173904
2026-03-31 11:18:54 | src.training.trainer | INFO |     Epoch  10: train=0.172938, val=0.173863
2026-03-31 11:18:54 | src.training.trainer | INFO |     Epoch  11: train=0.172951, val=0.173865
2026-03-31 11:18:54 | src.training.trainer | INFO |     Epoch  12: train=0.172954, val=0.173918
2026-03-31 11:18:54 | src.training.trainer | INFO |     Epoch  13: train=0.172961, val=0.173921
2026-03-31 11:18:54 | src.training.trainer | INFO |     Epoch  14: train=0.172971, val=0.173912
2026-03-31 11:18:54 | src.training.trainer | INFO |     Epoch  15: train=0.172983, val=0.173921
2026-03-31 11:18:54 | src.training.trainer | INFO |     Epoch  16: train=0.172980, val=0.173890
2026-03-31 11:18:55 | src.training.trainer | INFO |     Epoch  17: train=0.172960, val=0.173901
2026-03-31 11:18:55 | src.training.trainer | INFO |     Epoch  18: train=0.172999, val=0.173940
2026-03-31 11:18:55 | src.training.trainer | INFO |     Epoch  19: train=0.173002, val=0.174006
2026-03-31 11:18:55 | src.training.trainer | INFO |     Epoch  20: train=0.173022, val=0.173975
2026-03-31 11:18:55 | src.training.trainer | INFO |   Early stopping at epoch 20 (best: epoch 10, val=0.173863)
2026-03-31 11:18:55 | src.training.trainer | INFO |   Training complete in 1.3s. Best val loss: 0.173863 (epoch 10)
2026-03-31 11:18:55 | src.evaluation.metrics | INFO |   Reconstruction loss (mse): 0.171579
2026-03-31 11:18:55 | src.evaluation.metrics | INFO |   Metrics: ARI=0.0143, AMI=0.0371, Sil(kmeans)=0.1850, Sil(labels)=-0.1296 [n_used=480/480]
2026-03-31 11:18:55 | src.evaluation.metrics | INFO |   Centrality variance: 0.000989 [mode=full, n_used=480/480]
2026-03-31 11:18:55 | experiment | INFO |   -> ARI=0.0143, AMI=0.0371, Sil=0.1850, Recon=0.171579, CentralityMode=full, CPUmem=nanMB, Time=1.6s
2026-03-31 11:18:55 | experiment | INFO | 
--- splatter_k12 | ae:mse | d=12 | seed=43 ---
2026-03-31 11:18:55 | src.data.dataset | INFO |   Split: train=3840, val=480, test=480
2026-03-31 11:18:55 | src.data.dataset | INFO |   DataLoaders: train=3840, val=480, test=480, batch_size=256, layer=X, num_workers=0, pin_memory=True, preload=True
2026-03-31 11:18:55 | src.training.trainer | INFO |   TensorBoard logging to: /home/hpc/iwbn/iwbn129h/sc_autoencoder_project/logs/tensorboard/run_20260331T091811Z_j1561961_a1_p492513/splatter_k12/ae/mse/d_12/seed_43
2026-03-31 11:18:55 | src.training.trainer | INFO |   Training AE (d=12, loss=mse) on cuda for up to 80 epochs
2026-03-31 11:18:55 | src.training.trainer | INFO |     Epoch   1: train=1.720755, val=0.554070
2026-03-31 11:18:55 | src.training.trainer | INFO |     Epoch   2: train=0.322400, val=0.216755
2026-03-31 11:18:55 | src.training.trainer | INFO |     Epoch   3: train=0.193328, val=0.178750
2026-03-31 11:18:55 | src.training.trainer | INFO |     Epoch   4: train=0.176559, val=0.173297
2026-03-31 11:18:55 | src.training.trainer | INFO |     Epoch   5: train=0.173739, val=0.172337
2026-03-31 11:18:56 | src.training.trainer | INFO |     Epoch   6: train=0.173201, val=0.172086
2026-03-31 11:18:56 | src.training.trainer | INFO |     Epoch   7: train=0.173082, val=0.172037
2026-03-31 11:18:56 | src.training.trainer | INFO |     Epoch   8: train=0.173093, val=0.172053
2026-03-31 11:18:56 | src.training.trainer | INFO |     Epoch   9: train=0.173101, val=0.172110
2026-03-31 11:18:56 | src.training.trainer | INFO |     Epoch  10: train=0.173082, val=0.172091
2026-03-31 11:18:56 | src.training.trainer | INFO |     Epoch  11: train=0.173092, val=0.172104
2026-03-31 11:18:56 | src.training.trainer | INFO |     Epoch  12: train=0.173102, val=0.172067
2026-03-31 11:18:56 | src.training.trainer | INFO |     Epoch  13: train=0.173087, val=0.172057
2026-03-31 11:18:56 | src.training.trainer | INFO |     Epoch  14: train=0.173094, val=0.172084
2026-03-31 11:18:56 | src.training.trainer | INFO |     Epoch  15: train=0.173104, val=0.172055
2026-03-31 11:18:56 | src.training.trainer | INFO |     Epoch  16: train=0.173108, val=0.172072
2026-03-31 11:18:56 | src.training.trainer | INFO |     Epoch  17: train=0.173089, val=0.172051
2026-03-31 11:18:56 | src.training.trainer | INFO |   Early stopping at epoch 17 (best: epoch 7, val=0.172037)
2026-03-31 11:18:56 | src.training.trainer | INFO |   Training complete in 1.1s. Best val loss: 0.172037 (epoch 7)
2026-03-31 11:18:56 | src.evaluation.metrics | INFO |   Reconstruction loss (mse): 0.172331
2026-03-31 11:18:56 | src.evaluation.metrics | INFO |   Metrics: ARI=0.0125, AMI=0.0347, Sil(kmeans)=0.1562, Sil(labels)=-0.1246 [n_used=480/480]
2026-03-31 11:18:56 | src.evaluation.metrics | INFO |   Centrality variance: 0.000688 [mode=full, n_used=480/480]
2026-03-31 11:18:56 | experiment | INFO |   -> ARI=0.0125, AMI=0.0347, Sil=0.1562, Recon=0.172331, CentralityMode=full, CPUmem=nanMB, Time=1.5s
2026-03-31 11:18:56 | experiment | INFO | 
--- splatter_k12 | ae:mse | d=16 | seed=42 ---
2026-03-31 11:18:56 | src.data.dataset | INFO |   Split: train=3840, val=480, test=480
2026-03-31 11:18:57 | src.data.dataset | INFO |   DataLoaders: train=3840, val=480, test=480, batch_size=256, layer=X, num_workers=0, pin_memory=True, preload=True
2026-03-31 11:18:57 | src.training.trainer | INFO |   TensorBoard logging to: /home/hpc/iwbn/iwbn129h/sc_autoencoder_project/logs/tensorboard/run_20260331T091811Z_j1561961_a1_p492513/splatter_k12/ae/mse/d_16/seed_42
2026-03-31 11:18:57 | src.training.trainer | INFO |   Training AE (d=16, loss=mse) on cuda for up to 80 epochs
2026-03-31 11:18:57 | src.training.trainer | INFO |     Epoch   1: train=1.714272, val=0.543100
2026-03-31 11:18:57 | src.training.trainer | INFO |     Epoch   2: train=0.314144, val=0.213055
2026-03-31 11:18:57 | src.training.trainer | INFO |     Epoch   3: train=0.191690, val=0.180203
2026-03-31 11:18:57 | src.training.trainer | INFO |     Epoch   4: train=0.176290, val=0.175184
2026-03-31 11:18:57 | src.training.trainer | INFO |     Epoch   5: train=0.173625, val=0.174179
2026-03-31 11:18:57 | src.training.trainer | INFO |     Epoch   6: train=0.173092, val=0.173928
2026-03-31 11:18:57 | src.training.trainer | INFO |     Epoch   7: train=0.172981, val=0.173955
2026-03-31 11:18:57 | src.training.trainer | INFO |     Epoch   8: train=0.172976, val=0.173899
2026-03-31 11:18:57 | src.training.trainer | INFO |     Epoch   9: train=0.172961, val=0.173903
2026-03-31 11:18:57 | src.training.trainer | INFO |     Epoch  10: train=0.172964, val=0.173907
2026-03-31 11:18:57 | src.training.trainer | INFO |     Epoch  11: train=0.172980, val=0.173895
2026-03-31 11:18:57 | src.training.trainer | INFO |     Epoch  12: train=0.172984, val=0.173950
2026-03-31 11:18:57 | src.training.trainer | INFO |     Epoch  13: train=0.172988, val=0.173943
2026-03-31 11:18:57 | src.training.trainer | INFO |     Epoch  14: train=0.172992, val=0.173960
2026-03-31 11:18:58 | src.training.trainer | INFO |     Epoch  15: train=0.173004, val=0.173956
2026-03-31 11:18:58 | src.training.trainer | INFO |     Epoch  16: train=0.172993, val=0.173942
2026-03-31 11:18:58 | src.training.trainer | INFO |     Epoch  17: train=0.173009, val=0.173967
2026-03-31 11:18:58 | src.training.trainer | INFO |     Epoch  18: train=0.173018, val=0.173994
2026-03-31 11:18:58 | src.training.trainer | INFO |     Epoch  19: train=0.173019, val=0.174019
2026-03-31 11:18:58 | src.training.trainer | INFO |     Epoch  20: train=0.173032, val=0.174003
2026-03-31 11:18:58 | src.training.trainer | INFO |     Epoch  21: train=0.173044, val=0.174013
2026-03-31 11:18:58 | src.training.trainer | INFO |   Early stopping at epoch 21 (best: epoch 11, val=0.173895)
2026-03-31 11:18:58 | src.training.trainer | INFO |   Training complete in 1.3s. Best val loss: 0.173895 (epoch 11)
2026-03-31 11:18:58 | src.evaluation.metrics | INFO |   Reconstruction loss (mse): 0.171617
2026-03-31 11:18:58 | src.evaluation.metrics | INFO |   Metrics: ARI=0.0127, AMI=0.0337, Sil(kmeans)=0.1820, Sil(labels)=-0.1375 [n_used=480/480]
2026-03-31 11:18:58 | src.evaluation.metrics | INFO |   Centrality variance: 0.000929 [mode=full, n_used=480/480]
2026-03-31 11:18:58 | experiment | INFO |   -> ARI=0.0127, AMI=0.0337, Sil=0.1820, Recon=0.171617, CentralityMode=full, CPUmem=nanMB, Time=1.7s
2026-03-31 11:18:58 | experiment | INFO | 
--- splatter_k12 | ae:mse | d=16 | seed=43 ---
2026-03-31 11:18:58 | src.data.dataset | INFO |   Split: train=3840, val=480, test=480
2026-03-31 11:18:58 | src.data.dataset | INFO |   DataLoaders: train=3840, val=480, test=480, batch_size=256, layer=X, num_workers=0, pin_memory=True, preload=True
2026-03-31 11:18:58 | src.training.trainer | INFO |   TensorBoard logging to: /home/hpc/iwbn/iwbn129h/sc_autoencoder_project/logs/tensorboard/run_20260331T091811Z_j1561961_a1_p492513/splatter_k12/ae/mse/d_16/seed_43
2026-03-31 11:18:58 | src.training.trainer | INFO |   Training AE (d=16, loss=mse) on cuda for up to 80 epochs
2026-03-31 11:18:58 | src.training.trainer | INFO |     Epoch   1: train=1.798238, val=0.597273
2026-03-31 11:18:58 | src.training.trainer | INFO |     Epoch   2: train=0.333233, val=0.214791
2026-03-31 11:18:58 | src.training.trainer | INFO |     Epoch   3: train=0.193314, val=0.179093
2026-03-31 11:18:59 | src.training.trainer | INFO |     Epoch   4: train=0.176720, val=0.173440
2026-03-31 11:18:59 | src.training.trainer | INFO |     Epoch   5: train=0.173782, val=0.172338
2026-03-31 11:18:59 | src.training.trainer | INFO |     Epoch   6: train=0.173223, val=0.172111
2026-03-31 11:18:59 | src.training.trainer | INFO |     Epoch   7: train=0.173112, val=0.172079
2026-03-31 11:18:59 | src.training.trainer | INFO |     Epoch   8: train=0.173094, val=0.172118
2026-03-31 11:18:59 | src.training.trainer | INFO |     Epoch   9: train=0.173091, val=0.172063
2026-03-31 11:18:59 | src.training.trainer | INFO |     Epoch  10: train=0.173109, val=0.172117
2026-03-31 11:18:59 | src.training.trainer | INFO |     Epoch  11: train=0.173113, val=0.172122
2026-03-31 11:18:59 | src.training.trainer | INFO |     Epoch  12: train=0.173131, val=0.172166
2026-03-31 11:18:59 | src.training.trainer | INFO |     Epoch  13: train=0.173125, val=0.172112
2026-03-31 11:18:59 | src.training.trainer | INFO |     Epoch  14: train=0.173128, val=0.172161
2026-03-31 11:18:59 | src.training.trainer | INFO |     Epoch  15: train=0.173116, val=0.172113
2026-03-31 11:18:59 | src.training.trainer | INFO |     Epoch  16: train=0.173127, val=0.172121
2026-03-31 11:18:59 | src.training.trainer | INFO |     Epoch  17: train=0.173139, val=0.172267
2026-03-31 11:18:59 | src.training.trainer | INFO |     Epoch  18: train=0.173191, val=0.172194
2026-03-31 11:18:59 | src.training.trainer | INFO |     Epoch  19: train=0.173164, val=0.172141
2026-03-31 11:18:59 | src.training.trainer | INFO |   Early stopping at epoch 19 (best: epoch 9, val=0.172063)
2026-03-31 11:18:59 | src.training.trainer | INFO |   Training complete in 1.2s. Best val loss: 0.172063 (epoch 9)
2026-03-31 11:18:59 | src.evaluation.metrics | INFO |   Reconstruction loss (mse): 0.172347
2026-03-31 11:19:00 | src.evaluation.metrics | INFO |   Metrics: ARI=0.0059, AMI=0.0162, Sil(kmeans)=0.1648, Sil(labels)=-0.1197 [n_used=480/480]
2026-03-31 11:19:00 | src.evaluation.metrics | INFO |   Centrality variance: 0.000628 [mode=full, n_used=480/480]
2026-03-31 11:19:00 | experiment | INFO |   -> ARI=0.0059, AMI=0.0162, Sil=0.1648, Recon=0.172347, CentralityMode=full, CPUmem=nanMB, Time=1.6s
2026-03-31 11:19:00 | experiment | INFO | 
--- splatter_k12 | ae:mse | d=24 | seed=42 ---
2026-03-31 11:19:00 | src.data.dataset | INFO |   Split: train=3840, val=480, test=480
2026-03-31 11:19:00 | src.data.dataset | INFO |   DataLoaders: train=3840, val=480, test=480, batch_size=256, layer=X, num_workers=0, pin_memory=True, preload=True
2026-03-31 11:19:00 | src.training.trainer | INFO |   TensorBoard logging to: /home/hpc/iwbn/iwbn129h/sc_autoencoder_project/logs/tensorboard/run_20260331T091811Z_j1561961_a1_p492513/splatter_k12/ae/mse/d_24/seed_42
2026-03-31 11:19:00 | src.training.trainer | INFO |   Training AE (d=24, loss=mse) on cuda for up to 80 epochs
2026-03-31 11:19:00 | src.training.trainer | INFO |     Epoch   1: train=1.663384, val=0.519277
2026-03-31 11:19:00 | src.training.trainer | INFO |     Epoch   2: train=0.309424, val=0.213881
2026-03-31 11:19:00 | src.training.trainer | INFO |     Epoch   3: train=0.191802, val=0.180234
2026-03-31 11:19:00 | src.training.trainer | INFO |     Epoch   4: train=0.176387, val=0.175054
2026-03-31 11:19:00 | src.training.trainer | INFO |     Epoch   5: train=0.173566, val=0.174098
2026-03-31 11:19:00 | src.training.trainer | INFO |     Epoch   6: train=0.173178, val=0.174006
2026-03-31 11:19:00 | src.training.trainer | INFO |     Epoch   7: train=0.173177, val=0.174085
2026-03-31 11:19:00 | src.training.trainer | INFO |     Epoch   8: train=0.173125, val=0.173865
2026-03-31 11:19:01 | src.training.trainer | INFO |     Epoch   9: train=0.173074, val=0.173896
2026-03-31 11:19:01 | src.training.trainer | INFO |     Epoch  10: train=0.173001, val=0.174097
2026-03-31 11:19:01 | src.training.trainer | INFO |     Epoch  11: train=0.173008, val=0.173954
2026-03-31 11:19:01 | src.training.trainer | INFO |     Epoch  12: train=0.173246, val=0.173911
2026-03-31 11:19:01 | src.training.trainer | INFO |     Epoch  13: train=0.173057, val=0.174144
2026-03-31 11:19:01 | src.training.trainer | INFO |     Epoch  14: train=0.173096, val=0.173887
2026-03-31 11:19:01 | src.training.trainer | INFO |     Epoch  15: train=0.173102, val=0.174466
2026-03-31 11:19:01 | src.training.trainer | INFO |     Epoch  16: train=0.173258, val=0.174111
2026-03-31 11:19:01 | src.training.trainer | INFO |     Epoch  17: train=0.173074, val=0.174198
2026-03-31 11:19:01 | src.training.trainer | INFO |     Epoch  18: train=0.173170, val=0.173941
2026-03-31 11:19:01 | src.training.trainer | INFO |   Early stopping at epoch 18 (best: epoch 8, val=0.173865)
2026-03-31 11:19:01 | src.training.trainer | INFO |   Training complete in 1.1s. Best val loss: 0.173865 (epoch 8)
2026-03-31 11:19:01 | src.evaluation.metrics | INFO |   Reconstruction loss (mse): 0.171555
2026-03-31 11:19:01 | src.evaluation.metrics | INFO |   Metrics: ARI=0.0206, AMI=0.0511, Sil(kmeans)=0.1536, Sil(labels)=-0.1240 [n_used=480/480]
2026-03-31 11:19:01 | src.evaluation.metrics | INFO |   Centrality variance: 0.001220 [mode=full, n_used=480/480]
2026-03-31 11:19:01 | experiment | INFO |   -> ARI=0.0206, AMI=0.0511, Sil=0.1536, Recon=0.171555, CentralityMode=full, CPUmem=nanMB, Time=1.5s
2026-03-31 11:19:01 | experiment | INFO | 
--- splatter_k12 | ae:mse | d=24 | seed=43 ---
2026-03-31 11:19:01 | src.data.dataset | INFO |   Split: train=3840, val=480, test=480
2026-03-31 11:19:01 | src.data.dataset | INFO |   DataLoaders: train=3840, val=480, test=480, batch_size=256, layer=X, num_workers=0, pin_memory=True, preload=True
2026-03-31 11:19:01 | src.training.trainer | INFO |   TensorBoard logging to: /home/hpc/iwbn/iwbn129h/sc_autoencoder_project/logs/tensorboard/run_20260331T091811Z_j1561961_a1_p492513/splatter_k12/ae/mse/d_24/seed_43
2026-03-31 11:19:01 | src.training.trainer | INFO |   Training AE (d=24, loss=mse) on cuda for up to 80 epochs
2026-03-31 11:19:01 | src.training.trainer | INFO |     Epoch   1: train=1.798045, val=0.592669
2026-03-31 11:19:02 | src.training.trainer | INFO |     Epoch   2: train=0.334873, val=0.218631
2026-03-31 11:19:02 | src.training.trainer | INFO |     Epoch   3: train=0.194803, val=0.179423
2026-03-31 11:19:02 | src.training.trainer | INFO |     Epoch   4: train=0.176843, val=0.173286
2026-03-31 11:19:02 | src.training.trainer | INFO |     Epoch   5: train=0.173704, val=0.172303
2026-03-31 11:19:02 | src.training.trainer | INFO |     Epoch   6: train=0.173176, val=0.172091
2026-03-31 11:19:02 | src.training.trainer | INFO |     Epoch   7: train=0.173078, val=0.172053
2026-03-31 11:19:02 | src.training.trainer | INFO |     Epoch   8: train=0.173077, val=0.172063
2026-03-31 11:19:02 | src.training.trainer | INFO |     Epoch   9: train=0.173081, val=0.172067
2026-03-31 11:19:02 | src.training.trainer | INFO |     Epoch  10: train=0.173094, val=0.172106
2026-03-31 11:19:02 | src.training.trainer | INFO |     Epoch  11: train=0.173103, val=0.172074
2026-03-31 11:19:02 | src.training.trainer | INFO |     Epoch  12: train=0.173104, val=0.172106
2026-03-31 11:19:02 | src.training.trainer | INFO |     Epoch  13: train=0.173110, val=0.172107
2026-03-31 11:19:02 | src.training.trainer | INFO |     Epoch  14: train=0.173110, val=0.172082
2026-03-31 11:19:02 | src.training.trainer | INFO |     Epoch  15: train=0.173123, val=0.172132
2026-03-31 11:19:02 | src.training.trainer | INFO |     Epoch  16: train=0.173131, val=0.172132
2026-03-31 11:19:02 | src.training.trainer | INFO |     Epoch  17: train=0.173122, val=0.172106
2026-03-31 11:19:02 | src.training.trainer | INFO |   Early stopping at epoch 17 (best: epoch 7, val=0.172053)
2026-03-31 11:19:02 | src.training.trainer | INFO |   Training complete in 1.1s. Best val loss: 0.172053 (epoch 7)
2026-03-31 11:19:02 | src.evaluation.metrics | INFO |   Reconstruction loss (mse): 0.172334
2026-03-31 11:19:03 | src.evaluation.metrics | INFO |   Metrics: ARI=0.0047, AMI=0.0144, Sil(kmeans)=0.1465, Sil(labels)=-0.1276 [n_used=480/480]
2026-03-31 11:19:03 | src.evaluation.metrics | INFO |   Centrality variance: 0.000880 [mode=full, n_used=480/480]
2026-03-31 11:19:03 | experiment | INFO |   -> ARI=0.0047, AMI=0.0144, Sil=0.1465, Recon=0.172334, CentralityMode=full, CPUmem=nanMB, Time=1.5s
2026-03-31 11:19:03 | experiment | INFO | 
--- splatter_k12 | ae:mse | d=32 | seed=42 ---
2026-03-31 11:19:03 | src.data.dataset | INFO |   Split: train=3840, val=480, test=480
2026-03-31 11:19:03 | src.data.dataset | INFO |   DataLoaders: train=3840, val=480, test=480, batch_size=256, layer=X, num_workers=0, pin_memory=True, preload=True
2026-03-31 11:19:03 | src.training.trainer | INFO |   TensorBoard logging to: /home/hpc/iwbn/iwbn129h/sc_autoencoder_project/logs/tensorboard/run_20260331T091811Z_j1561961_a1_p492513/splatter_k12/ae/mse/d_32/seed_42
2026-03-31 11:19:03 | src.training.trainer | INFO |   Training AE (d=32, loss=mse) on cuda for up to 80 epochs
2026-03-31 11:19:03 | src.training.trainer | INFO |     Epoch   1: train=1.692500, val=0.523413
2026-03-31 11:19:03 | src.training.trainer | INFO |     Epoch   2: train=0.315012, val=0.217118
2026-03-31 11:19:03 | src.training.trainer | INFO |     Epoch   3: train=0.193719, val=0.180720
2026-03-31 11:19:03 | src.training.trainer | INFO |     Epoch   4: train=0.176537, val=0.175264
2026-03-31 11:19:03 | src.training.trainer | INFO |     Epoch   5: train=0.173705, val=0.174160
2026-03-31 11:19:03 | src.training.trainer | INFO |     Epoch   6: train=0.173080, val=0.173908
2026-03-31 11:19:03 | src.training.trainer | INFO |     Epoch   7: train=0.172966, val=0.173876
2026-03-31 11:19:03 | src.training.trainer | INFO |     Epoch   8: train=0.172952, val=0.173870
2026-03-31 11:19:04 | src.training.trainer | INFO |     Epoch   9: train=0.172952, val=0.173881
2026-03-31 11:19:04 | src.training.trainer | INFO |     Epoch  10: train=0.172954, val=0.173880
2026-03-31 11:19:04 | src.training.trainer | INFO |     Epoch  11: train=0.172961, val=0.173878
2026-03-31 11:19:04 | src.training.trainer | INFO |     Epoch  12: train=0.172988, val=0.173982
2026-03-31 11:19:04 | src.training.trainer | INFO |     Epoch  13: train=0.173009, val=0.173902
2026-03-31 11:19:04 | src.training.trainer | INFO |     Epoch  14: train=0.172977, val=0.173927
2026-03-31 11:19:04 | src.training.trainer | INFO |     Epoch  15: train=0.172980, val=0.173926
2026-03-31 11:19:04 | src.training.trainer | INFO |     Epoch  16: train=0.173005, val=0.173993
2026-03-31 11:19:04 | src.training.trainer | INFO |     Epoch  17: train=0.173010, val=0.173939
2026-03-31 11:19:04 | src.training.trainer | INFO |     Epoch  18: train=0.172991, val=0.173993
2026-03-31 11:19:04 | src.training.trainer | INFO |   Early stopping at epoch 18 (best: epoch 8, val=0.173870)
2026-03-31 11:19:04 | src.training.trainer | INFO |   Training complete in 1.1s. Best val loss: 0.173870 (epoch 8)
2026-03-31 11:19:04 | src.evaluation.metrics | INFO |   Reconstruction loss (mse): 0.171578
2026-03-31 11:19:04 | src.evaluation.metrics | INFO |   Metrics: ARI=0.0017, AMI=0.0047, Sil(kmeans)=0.1571, Sil(labels)=-0.1307 [n_used=480/480]
2026-03-31 11:19:04 | src.evaluation.metrics | INFO |   Centrality variance: 0.001216 [mode=full, n_used=480/480]
2026-03-31 11:19:04 | experiment | INFO |   -> ARI=0.0017, AMI=0.0047, Sil=0.1571, Recon=0.171578, CentralityMode=full, CPUmem=nanMB, Time=1.5s
2026-03-31 11:19:04 | experiment | INFO | 
--- splatter_k12 | ae:mse | d=32 | seed=43 ---
2026-03-31 11:19:04 | src.data.dataset | INFO |   Split: train=3840, val=480, test=480
2026-03-31 11:19:04 | src.data.dataset | INFO |   DataLoaders: train=3840, val=480, test=480, batch_size=256, layer=X, num_workers=0, pin_memory=True, preload=True
2026-03-31 11:19:04 | src.training.trainer | INFO |   TensorBoard logging to: /home/hpc/iwbn/iwbn129h/sc_autoencoder_project/logs/tensorboard/run_20260331T091811Z_j1561961_a1_p492513/splatter_k12/ae/mse/d_32/seed_43
2026-03-31 11:19:04 | src.training.trainer | INFO |   Training AE (d=32, loss=mse) on cuda for up to 80 epochs
2026-03-31 11:19:04 | src.training.trainer | INFO |     Epoch   1: train=1.678157, val=0.500314
2026-03-31 11:19:05 | src.training.trainer | INFO |     Epoch   2: train=0.300283, val=0.208511
2026-03-31 11:19:05 | src.training.trainer | INFO |     Epoch   3: train=0.190655, val=0.178952
2026-03-31 11:19:05 | src.training.trainer | INFO |     Epoch   4: train=0.176776, val=0.173544
2026-03-31 11:19:05 | src.training.trainer | INFO |     Epoch   5: train=0.173871, val=0.172364
2026-03-31 11:19:05 | src.training.trainer | INFO |     Epoch   6: train=0.173246, val=0.172135
2026-03-31 11:19:05 | src.training.trainer | INFO |     Epoch   7: train=0.173123, val=0.172097
2026-03-31 11:19:05 | src.training.trainer | INFO |     Epoch   8: train=0.173087, val=0.172067
2026-03-31 11:19:05 | src.training.trainer | INFO |     Epoch   9: train=0.173089, val=0.172097
2026-03-31 11:19:05 | src.training.trainer | INFO |     Epoch  10: train=0.173087, val=0.172102
2026-03-31 11:19:05 | src.training.trainer | INFO |     Epoch  11: train=0.173098, val=0.172083
2026-03-31 11:19:05 | src.training.trainer | INFO |     Epoch  12: train=0.173101, val=0.172108
2026-03-31 11:19:05 | src.training.trainer | INFO |     Epoch  13: train=0.173113, val=0.172126
2026-03-31 11:19:05 | src.training.trainer | INFO |     Epoch  14: train=0.173128, val=0.172166
2026-03-31 11:19:05 | src.training.trainer | INFO |     Epoch  15: train=0.173120, val=0.172117
2026-03-31 11:19:05 | src.training.trainer | INFO |     Epoch  16: train=0.173144, val=0.172100
2026-03-31 11:19:05 | src.training.trainer | INFO |     Epoch  17: train=0.173143, val=0.172174
2026-03-31 11:19:06 | src.training.trainer | INFO |     Epoch  18: train=0.173151, val=0.172170
2026-03-31 11:19:06 | src.training.trainer | INFO |   Early stopping at epoch 18 (best: epoch 8, val=0.172067)
2026-03-31 11:19:06 | src.training.trainer | INFO |   Training complete in 1.2s. Best val loss: 0.172067 (epoch 8)
2026-03-31 11:19:06 | src.evaluation.metrics | INFO |   Reconstruction loss (mse): 0.172365
2026-03-31 11:19:06 | src.evaluation.metrics | INFO |   Metrics: ARI=0.0020, AMI=0.0088, Sil(kmeans)=0.1259, Sil(labels)=-0.1121 [n_used=480/480]
2026-03-31 11:19:06 | src.evaluation.metrics | INFO |   Centrality variance: 0.001082 [mode=full, n_used=480/480]
2026-03-31 11:19:06 | experiment | INFO |   -> ARI=0.0020, AMI=0.0088, Sil=0.1259, Recon=0.172365, CentralityMode=full, CPUmem=nanMB, Time=1.6s
2026-03-31 11:19:06 | experiment | INFO |   Dataset results saved: /home/hpc/iwbn/iwbn129h/sc_autoencoder_project/results/datasets/splatter_k12/tables/experiment_results.csv (14 rows)
2026-03-31 11:19:06 | experiment | INFO | Skipping fit for ae:mse (unique K=1 < min_k_for_fit=3)
2026-03-31 11:19:06 | experiment | INFO | Auto-d reports saved: /home/hpc/iwbn/iwbn129h/sc_autoencoder_project/results/datasets/splatter_k12/tables/recommended_d_by_K.csv, /home/hpc/iwbn/iwbn129h/sc_autoencoder_project/results/datasets/splatter_k12/tables/formula_fit_summary.csv
2026-03-31 11:19:06 | experiment | INFO | 
======================================================================
2026-03-31 11:19:06 | experiment | INFO | EXPERIMENT COMPLETE — run_20260331T091811Z_j1561961_a1_p492513
2026-03-31 11:19:06 | experiment | INFO | ======================================================================
2026-03-31 11:19:06 | experiment | INFO |   Total runs:    14
2026-03-31 11:19:06 | experiment | INFO |   Successful:    14
2026-03-31 11:19:06 | experiment | INFO |   Failed:        0
2026-03-31 11:19:06 | experiment | INFO |   Completed:     2026-03-31T09:19:06.331992Z
2026-03-31 11:19:06 | experiment | INFO | 
2026-03-31 11:19:06 | experiment | INFO |   Output files:
2026-03-31 11:19:06 | experiment | INFO |     Global CSV:  results/global/tables/recovery/phase3_missing_k12_ae_mse.csv
2026-03-31 11:19:06 | experiment | INFO |     Run dir:     /home/hpc/iwbn/iwbn129h/sc_autoencoder_project/results/runs/run_20260331T091811Z_j1561961_a1_p492513/
2026-03-31 11:19:06 | experiment | INFO |     TensorBoard: /home/hpc/iwbn/iwbn129h/sc_autoencoder_project/logs/tensorboard/run_20260331T091811Z_j1561961_a1_p492513/ (14 event files)
2026-03-31 11:19:06 | experiment | INFO |     View TB:     tensorboard --logdir /home/hpc/iwbn/iwbn129h/sc_autoencoder_project/logs/tensorboard
2026-03-31 11:19:06 | experiment | INFO | ======================================================================
2026-03-31 11:19:06 | experiment | INFO | Skipping fit for ae:mse (unique K=1 < min_k_for_fit=3)
2026-03-31 11:19:06 | experiment | INFO | Auto-d reports saved: /home/hpc/iwbn/iwbn129h/sc_autoencoder_project/results/global/tables/recommended_d_by_K.csv, /home/hpc/iwbn/iwbn129h/sc_autoencoder_project/results/global/tables/formula_fit_summary.csv
=== JOB_STATISTICS ===
=== current date     : Tue Mar 31 11:19:08 AM CEST 2026
= Job-ID             : 1561961 on tinygpu
= Job-Name           : phase3_recover_k12
= Job-Command        : /home/hpc/iwbn/iwbn129h/sc_autoencoder_project/jobs/phase3_recover_missing_k12.sh
= Initial workdir    : /home/hpc/iwbn/iwbn129h/sc_autoencoder_project
= Queue/Partition    : a100
= Slurm account      : iwbn with QOS=normal
= Requested resources:  for 04:00:00
= Elapsed runtime    : 00:01:57
= Total RAM usage    : 3.2 GiB of requested  GiB (%)   
= Node list          : tg093
= Subm/Elig/Start/End: 2026-03-31T11:06:47 / 2026-03-31T11:06:47 / 2026-03-31T11:17:11 / 2026-03-31T11:19:08
======================
=== Quota infos ======
    Path                 Used     SoftQ    HardQ    Gracetime  Filec    FileQ    FiHaQ    FileGrace    
    /home/hpc              46.4G   104.9G   209.7G        N/A      97K     500K   1,000K        N/A    
    /home/woody            12.7G  1000.0G  1500.0G        N/A      93K   5,000K   7,500K        N/A    
======================
=== GPU utilization ==
gpu_name, gpu_bus_id, pid, gpu_utilization [%], mem_utilization [%], max_memory_usage [MiB], time [ms]
NVIDIA A100-SXM4-40GB, 00000000:01:00.0, 492513, 5 %, 0 %, 564 MiB, 57713 ms
