### Starting TaskPrologue of job 1562691 on tg097 at Wed Apr  1 09:40:00 PM CEST 2026
Running on cores 0-31 with governor ondemand
Wed Apr  1 21:40:00 2026       
+-----------------------------------------------------------------------------------------+
| NVIDIA-SMI 580.126.20             Driver Version: 580.126.20     CUDA Version: 13.0     |
+-----------------------------------------+------------------------+----------------------+
| GPU  Name                 Persistence-M | Bus-Id          Disp.A | Volatile Uncorr. ECC |
| Fan  Temp   Perf          Pwr:Usage/Cap |           Memory-Usage | GPU-Util  Compute M. |
|                                         |                        |               MIG M. |
|=========================================+========================+======================|
|   0  NVIDIA A100-SXM4-40GB          On  |   00000000:01:00.0 Off |                    0 |
| N/A   37C    P0             53W /  400W |       0MiB /  40960MiB |      0%      Default |
|                                         |                        |             Disabled |
+-----------------------------------------+------------------------+----------------------+

+-----------------------------------------------------------------------------------------+
| Processes:                                                                              |
|  GPU   GI   CI              PID   Type   Process name                        GPU Memory |
|        ID   ID                                                               Usage      |
|=========================================================================================|
|  No running processes found                                                             |
+-----------------------------------------------------------------------------------------+
### Finished TaskPrologue

WARN: conda env scvi_env not found, using user packages
=== TS2-LUNG LIGHTWEIGHT ONBOARD START ===
Job ID:        1562691
Source file:   /home/woody/iwbn/iwbn129h/sc_autoencoder_project/data/raw/ts2_lung_source.h5ad
Ready file:    /home/woody/iwbn/iwbn129h/sc_autoencoder_project/data/processed/ts2_lung.h5ad
Staged output: /tmp/1562691.tinygpu/iwbn129h/scae_ts2_lung_onboard_1562691/ts2_lung.h5ad
Start:         Wed Apr  1 09:40:02 PM CEST 2026
OK
shape= (65847, 60606)
label_source= provided:cell_type
batch_source= provided:donor_id
ready_file_ok shape= (65847, 60606)
cell_type_source= provided:cell_type
batch_source= provided:donor_id
Ready file written: /home/woody/iwbn/iwbn129h/sc_autoencoder_project/data/processed/ts2_lung.h5ad
-rw-r--r-- 1 iwbn129h iwbn 2.5G Apr  1 21:41 /home/woody/iwbn/iwbn129h/sc_autoencoder_project/data/processed/ts2_lung.h5ad
End: Wed Apr  1 09:41:33 PM CEST 2026
=== TS2-LUNG LIGHTWEIGHT ONBOARD DONE ===
=== JOB_STATISTICS ===
=== current date     : Wed Apr  1 09:41:33 PM CEST 2026
= Job-ID             : 1562691 on tinygpu
= Job-Name           : ts2_lung_onboard
= Job-Command        : /home/hpc/iwbn/iwbn129h/sc_autoencoder_project/jobs/phase4_ts2_lung_onboard_light.sh
= Initial workdir    : /home/hpc/iwbn/iwbn129h/sc_autoencoder_project
= Queue/Partition    : a100
= Slurm account      : iwbn with QOS=normal
= Requested resources:  for 04:00:00
= Elapsed runtime    : 00:01:44
= Total RAM usage    : 14.8 GiB of requested  GiB (%)   
= Node list          : tg097
= Subm/Elig/Start/End: 2026-04-01T21:39:40 / 2026-04-01T21:39:40 / 2026-04-01T21:39:49 / 2026-04-01T21:41:33
======================
=== Quota infos ======
    Path                 Used     SoftQ    HardQ    Gracetime  Filec    FileQ    FiHaQ    FileGrace    
    /home/woody            73.7G  1000.0G  1500.0G        N/A      93K   5,000K   7,500K        N/A    
    /home/hpc              47.9G   104.9G   209.7G        N/A     100K     500K   1,000K        N/A    
======================
=== GPU utilization ==
gpu_name, gpu_bus_id, pid, gpu_utilization [%], mem_utilization [%], max_memory_usage [MiB], time [ms]
