### Starting TaskPrologue of job 1562693 on tg094 at Wed Apr  1 21:54:37 CEST 2026
Running on cores 64-95 with governor ondemand
Wed Apr  1 21:54:37 2026       
+-----------------------------------------------------------------------------------------+
| NVIDIA-SMI 580.126.20             Driver Version: 580.126.20     CUDA Version: 13.0     |
+-----------------------------------------+------------------------+----------------------+
| GPU  Name                 Persistence-M | Bus-Id          Disp.A | Volatile Uncorr. ECC |
| Fan  Temp   Perf          Pwr:Usage/Cap |           Memory-Usage | GPU-Util  Compute M. |
|                                         |                        |               MIG M. |
|=========================================+========================+======================|
|   0  NVIDIA A100-SXM4-40GB          On  |   00000000:81:00.0 Off |                    0 |
| N/A   33C    P0             54W /  400W |       0MiB /  40960MiB |      0%      Default |
|                                         |                        |             Disabled |
+-----------------------------------------+------------------------+----------------------+

+-----------------------------------------------------------------------------------------+
| Processes:                                                                              |
|  GPU   GI   CI              PID   Type   Process name                        GPU Memory |
|        ID   ID                                                               Usage      |
|=========================================================================================|
|  No running processes found                                                             |
+-----------------------------------------------------------------------------------------+
### Finished TaskPrologue

WARN: conda env scvi_env not found, using user packages
=== PHASE 4 TS2-LUNG REDUCED START ===
Job ID:       1562693
Node:         tg094
WORK file:    /home/woody/iwbn/iwbn129h/sc_autoencoder_project/data/processed/ts2_lung.h5ad
Stage file:   /tmp/1562693.tinygpu/iwbn129h/scae_phase4_ts2_1562693/data/processed/ts2_lung.h5ad
Persist root: /home/woody/iwbn/iwbn129h/sc_autoencoder_project/phase4/ts2_reduced/job_1562693
Start:        Wed Apr  1 21:54:39 CEST 2026
TS2-lung schema gate passed
Using config: config/phase4_ts2_lung_scvi_nb_reduced.yaml
2026-04-01 21:55:25 | experiment | INFO |   TensorBoard: /home/woody/iwbn/iwbn129h/sc_autoencoder_project/phase4/ts2_reduced/job_1562693/logs/tensorboard/run_20260401T195525Z_j1562693_p630812
2026-04-01 21:55:25 | experiment | INFO |   View live:   tensorboard --logdir /home/woody/iwbn/iwbn129h/sc_autoencoder_project/phase4/ts2_reduced/job_1562693/logs/tensorboard
2026-04-01 21:55:25 | experiment | INFO | ======================================================================
2026-04-01 21:55:25 | experiment | INFO | EXPERIMENT: Latent Dimension Sweep
2026-04-01 21:55:25 | experiment | INFO |   Datasets:       ['ts2_lung']
2026-04-01 21:55:25 | experiment | INFO |   Model/losses:   [('scvi', 'nb')]
2026-04-01 21:55:25 | experiment | INFO |   Latent dims:    [8, 16, 24, 32]
2026-04-01 21:55:25 | experiment | INFO |   Seeds:          1
2026-04-01 21:55:25 | experiment | INFO |   Device:         cuda
2026-04-01 21:55:25 | experiment | INFO |   Git commit:     10d3fdb
2026-04-01 21:55:25 | experiment | INFO |   Run ID:         run_20260401T195525Z_j1562693_p630812
2026-04-01 21:55:25 | experiment | INFO |   Large run mode: True
2026-04-01 21:55:25 | experiment | INFO | ======================================================================
2026-04-01 21:55:31 | src.data.preprocessor | INFO |   Loaded processed data (backed): 65847 × 60606
2026-04-01 21:55:31 | experiment | WARNING | Processed cache check for ts2_lung: missing fingerprint in cached file (expected=ff82c29c0dc16b5e). This likely came from an older preprocessing run.. Continuing with cached file /tmp/1562693.tinygpu/iwbn129h/scae_phase4_ts2_1562693/data/processed/ts2_lung.h5ad; rerun preprocess to refresh.
2026-04-01 21:55:38 | experiment | INFO | Large-run mode on ts2_lung using in-memory path (keep_backed_until_split=False).
2026-04-01 21:55:38 | experiment | INFO | 
Dataset: ts2_lung (65847 cells, K=34, requested_mode=backed, effective_mode=in_memory_from_backed, label_source=provided:cell_type)
2026-04-01 21:55:38 | experiment | INFO | 
--- ts2_lung | scvi:nb | d=8 | seed=42 ---
2026-04-01 21:55:38 | src.data.dataset | INFO |   Split: train=52677, val=6585, test=6585
INFO: [rank: 0] Seed set to 42
2026-04-01 21:56:32 | lightning.fabric.utilities.seed | INFO | [rank: 0] Seed set to 42
2026-04-01 21:56:33 | src.models.scvi_wrapper | INFO |   scVI setup: d=8, likelihood=nb, hidden=128, layers=2, batch_key=donor_id
2026-04-01 21:56:36 | src.models.scvi_wrapper | INFO |   scVI TensorBoard logging to: /home/woody/iwbn/iwbn129h/sc_autoencoder_project/phase4/ts2_reduced/job_1562693/logs/tensorboard/run_20260401T195525Z_j1562693_p630812/ts2_lung/scvi/nb/d_8/seed_42
/home/hpc/iwbn/iwbn129h/.local/lib/python3.12/site-packages/lightning/fabric/plugins/environments/slurm.py:204: The `srun` command is available on your system but is not used. HINT: If your intention is to run Lightning on SLURM, prepend your python command with `srun` like so: srun python scripts/run_experiment.py --config config/phase4_ts2 ...
2026-04-01 21:56:36 | pytorch_lightning.utilities.rank_zero | INFO | GPU available: True (cuda), used: True
2026-04-01 21:56:36 | pytorch_lightning.utilities.rank_zero | INFO | TPU available: False, using: 0 TPU cores
2026-04-01 21:56:36 | pytorch_lightning.utilities.rank_zero | INFO | 💡 Tip: For seamless cloud logging and experiment tracking, try installing [litlogger](https://pypi.org/project/litlogger/) to enable LitLogger, which logs metrics and artifacts automatically to the Lightning Experiments platform.
/home/hpc/iwbn/iwbn129h/.local/lib/python3.12/site-packages/lightning/fabric/plugins/environments/slurm.py:204: The `srun` command is available on your system but is not used. HINT: If your intention is to run Lightning on SLURM, prepend your python command with `srun` like so: srun python scripts/run_experiment.py --config config/phase4_ts2 ...
INFO: LOCAL_RANK: 0 - CUDA_VISIBLE_DEVICES: [0]
2026-04-01 21:56:38 | lightning.pytorch.accelerators.cuda | INFO | LOCAL_RANK: 0 - CUDA_VISIBLE_DEVICES: [0]
/home/hpc/iwbn/iwbn129h/.local/lib/python3.12/site-packages/lightning/pytorch/utilities/_pytree.py:21: `isinstance(treespec, LeafSpec)` is deprecated, use `isinstance(treespec, TreeSpec) and treespec.is_leaf()` instead.
/home/hpc/iwbn/iwbn129h/.local/lib/python3.12/site-packages/lightning/pytorch/trainer/connectors/data_connector.py:434: The 'train_dataloader' does not have many workers which may be a bottleneck. Consider increasing the value of the `num_workers` argument` to `num_workers=31` in the `DataLoader` to improve performance.
/home/hpc/iwbn/iwbn129h/.local/lib/python3.12/site-packages/lightning/pytorch/trainer/connectors/data_connector.py:434: The 'val_dataloader' does not have many workers which may be a bottleneck. Consider increasing the value of the `num_workers` argument` to `num_workers=31` in the `DataLoader` to improve performance.
2026-04-01 21:56:47 | src.models.scvi_wrapper | INFO |     scVI Epoch   1/30: train=7228.677246, val=6677.509766
2026-04-01 21:57:15 | src.models.scvi_wrapper | INFO |     scVI Epoch   5/30: train=6147.333496, val=6127.048340
2026-04-01 21:57:51 | src.models.scvi_wrapper | INFO |     scVI Epoch  10/30: train=5960.657715, val=5961.074219
2026-04-01 21:58:28 | src.models.scvi_wrapper | INFO |     scVI Epoch  15/30: train=5889.156250, val=5900.796875
2026-04-01 21:59:04 | src.models.scvi_wrapper | INFO |     scVI Epoch  20/30: train=5854.833496, val=5871.299316
2026-04-01 21:59:40 | src.models.scvi_wrapper | INFO |     scVI Epoch  25/30: train=5835.111816, val=5856.259277
2026-04-01 22:00:16 | src.models.scvi_wrapper | INFO |     scVI Epoch  30/30: train=5823.786133, val=5848.145996
2026-04-01 22:00:16 | pytorch_lightning.utilities.rank_zero | INFO | `Trainer.fit` stopped: `max_epochs=30` reached.
2026-04-01 22:00:16 | src.models.scvi_wrapper | INFO |   scVI training complete: 30 epochs in 220.1s
INFO     Input AnnData not setup with scvi-tools. attempting to transfer AnnData
         setup                                                                  
2026-04-01 22:00:19 | src.evaluation.metrics | INFO |   Metrics: ARI=nan, AMI=nan, Sil(kmeans)=0.2492, Sil(labels)=nan [n_used=6585/6585], BatchSil=-0.0045 (mix=0.0045), BatchEntropy=0.4817
2026-04-01 22:00:36 | src.evaluation.metrics | INFO |   Centrality variance: 0.000151 [mode=full, n_used=6585/6585]
2026-04-01 22:00:36 | experiment | INFO |   -> ARI=nan, AMI=nan, Sil=0.2492, Recon=5857.088867, CentralityMode=full, CPUmem=nanMB, Time=297.9s
2026-04-01 22:00:36 | experiment | INFO | 
--- ts2_lung | scvi:nb | d=16 | seed=42 ---
2026-04-01 22:00:36 | src.data.dataset | INFO |   Split: train=52677, val=6585, test=6585
INFO: [rank: 0] Seed set to 42
2026-04-01 22:00:38 | lightning.fabric.utilities.seed | INFO | [rank: 0] Seed set to 42
2026-04-01 22:00:39 | src.models.scvi_wrapper | INFO |   scVI setup: d=16, likelihood=nb, hidden=128, layers=2, batch_key=donor_id
2026-04-01 22:00:39 | src.models.scvi_wrapper | INFO |   scVI TensorBoard logging to: /home/woody/iwbn/iwbn129h/sc_autoencoder_project/phase4/ts2_reduced/job_1562693/logs/tensorboard/run_20260401T195525Z_j1562693_p630812/ts2_lung/scvi/nb/d_16/seed_42
/home/hpc/iwbn/iwbn129h/.local/lib/python3.12/site-packages/lightning/fabric/plugins/environments/slurm.py:204: The `srun` command is available on your system but is not used. HINT: If your intention is to run Lightning on SLURM, prepend your python command with `srun` like so: srun python scripts/run_experiment.py --config config/phase4_ts2 ...
2026-04-01 22:00:39 | pytorch_lightning.utilities.rank_zero | INFO | GPU available: True (cuda), used: True
2026-04-01 22:00:39 | pytorch_lightning.utilities.rank_zero | INFO | TPU available: False, using: 0 TPU cores
2026-04-01 22:00:39 | pytorch_lightning.utilities.rank_zero | INFO | 💡 Tip: For seamless cloud logging and experiment tracking, try installing [litlogger](https://pypi.org/project/litlogger/) to enable LitLogger, which logs metrics and artifacts automatically to the Lightning Experiments platform.
/home/hpc/iwbn/iwbn129h/.local/lib/python3.12/site-packages/lightning/fabric/plugins/environments/slurm.py:204: The `srun` command is available on your system but is not used. HINT: If your intention is to run Lightning on SLURM, prepend your python command with `srun` like so: srun python scripts/run_experiment.py --config config/phase4_ts2 ...
INFO: LOCAL_RANK: 0 - CUDA_VISIBLE_DEVICES: [0]
2026-04-01 22:00:39 | lightning.pytorch.accelerators.cuda | INFO | LOCAL_RANK: 0 - CUDA_VISIBLE_DEVICES: [0]
/home/hpc/iwbn/iwbn129h/.local/lib/python3.12/site-packages/lightning/pytorch/utilities/_pytree.py:21: `isinstance(treespec, LeafSpec)` is deprecated, use `isinstance(treespec, TreeSpec) and treespec.is_leaf()` instead.
/home/hpc/iwbn/iwbn129h/.local/lib/python3.12/site-packages/lightning/pytorch/trainer/connectors/data_connector.py:434: The 'train_dataloader' does not have many workers which may be a bottleneck. Consider increasing the value of the `num_workers` argument` to `num_workers=31` in the `DataLoader` to improve performance.
/home/hpc/iwbn/iwbn129h/.local/lib/python3.12/site-packages/lightning/pytorch/trainer/connectors/data_connector.py:434: The 'val_dataloader' does not have many workers which may be a bottleneck. Consider increasing the value of the `num_workers` argument` to `num_workers=31` in the `DataLoader` to improve performance.
2026-04-01 22:00:46 | src.models.scvi_wrapper | INFO |     scVI Epoch   1/30: train=7212.855469, val=6653.417969
2026-04-01 22:01:14 | src.models.scvi_wrapper | INFO |     scVI Epoch   5/30: train=6144.026367, val=6116.414062
2026-04-01 22:01:50 | src.models.scvi_wrapper | INFO |     scVI Epoch  10/30: train=5954.725586, val=5956.522949
2026-04-01 22:02:25 | src.models.scvi_wrapper | INFO |     scVI Epoch  15/30: train=5880.950195, val=5892.741211
2026-04-01 22:03:01 | src.models.scvi_wrapper | INFO |     scVI Epoch  20/30: train=5845.451660, val=5861.937500
2026-04-01 22:03:36 | src.models.scvi_wrapper | INFO |     scVI Epoch  25/30: train=5824.688477, val=5845.028809
2026-04-01 22:04:12 | src.models.scvi_wrapper | INFO |     scVI Epoch  30/30: train=5812.195801, val=5836.772949
2026-04-01 22:04:12 | pytorch_lightning.utilities.rank_zero | INFO | `Trainer.fit` stopped: `max_epochs=30` reached.
2026-04-01 22:04:12 | src.models.scvi_wrapper | INFO |   scVI training complete: 30 epochs in 213.3s
INFO     Input AnnData not setup with scvi-tools. attempting to transfer AnnData
         setup                                                                  
2026-04-01 22:04:15 | src.evaluation.metrics | INFO |   Metrics: ARI=nan, AMI=nan, Sil(kmeans)=0.2037, Sil(labels)=nan [n_used=6585/6585], BatchSil=-0.0027 (mix=0.0027), BatchEntropy=0.4413
2026-04-01 22:04:16 | src.evaluation.metrics | INFO |   Centrality variance: 0.000151 [mode=full, n_used=6585/6585]
2026-04-01 22:04:16 | experiment | INFO |   -> ARI=nan, AMI=nan, Sil=0.2037, Recon=5844.395020, CentralityMode=full, CPUmem=nanMB, Time=219.4s
2026-04-01 22:04:16 | experiment | INFO | 
--- ts2_lung | scvi:nb | d=24 | seed=42 ---
2026-04-01 22:04:16 | src.data.dataset | INFO |   Split: train=52677, val=6585, test=6585
INFO: [rank: 0] Seed set to 42
2026-04-01 22:04:18 | lightning.fabric.utilities.seed | INFO | [rank: 0] Seed set to 42
2026-04-01 22:04:18 | src.models.scvi_wrapper | INFO |   scVI setup: d=24, likelihood=nb, hidden=128, layers=2, batch_key=donor_id
2026-04-01 22:04:18 | src.models.scvi_wrapper | INFO |   scVI TensorBoard logging to: /home/woody/iwbn/iwbn129h/sc_autoencoder_project/phase4/ts2_reduced/job_1562693/logs/tensorboard/run_20260401T195525Z_j1562693_p630812/ts2_lung/scvi/nb/d_24/seed_42
/home/hpc/iwbn/iwbn129h/.local/lib/python3.12/site-packages/lightning/fabric/plugins/environments/slurm.py:204: The `srun` command is available on your system but is not used. HINT: If your intention is to run Lightning on SLURM, prepend your python command with `srun` like so: srun python scripts/run_experiment.py --config config/phase4_ts2 ...
2026-04-01 22:04:18 | pytorch_lightning.utilities.rank_zero | INFO | GPU available: True (cuda), used: True
2026-04-01 22:04:18 | pytorch_lightning.utilities.rank_zero | INFO | TPU available: False, using: 0 TPU cores
2026-04-01 22:04:18 | pytorch_lightning.utilities.rank_zero | INFO | 💡 Tip: For seamless cloud logging and experiment tracking, try installing [litlogger](https://pypi.org/project/litlogger/) to enable LitLogger, which logs metrics and artifacts automatically to the Lightning Experiments platform.
/home/hpc/iwbn/iwbn129h/.local/lib/python3.12/site-packages/lightning/fabric/plugins/environments/slurm.py:204: The `srun` command is available on your system but is not used. HINT: If your intention is to run Lightning on SLURM, prepend your python command with `srun` like so: srun python scripts/run_experiment.py --config config/phase4_ts2 ...
INFO: LOCAL_RANK: 0 - CUDA_VISIBLE_DEVICES: [0]
2026-04-01 22:04:18 | lightning.pytorch.accelerators.cuda | INFO | LOCAL_RANK: 0 - CUDA_VISIBLE_DEVICES: [0]
/home/hpc/iwbn/iwbn129h/.local/lib/python3.12/site-packages/lightning/pytorch/utilities/_pytree.py:21: `isinstance(treespec, LeafSpec)` is deprecated, use `isinstance(treespec, TreeSpec) and treespec.is_leaf()` instead.
/home/hpc/iwbn/iwbn129h/.local/lib/python3.12/site-packages/lightning/pytorch/trainer/connectors/data_connector.py:434: The 'train_dataloader' does not have many workers which may be a bottleneck. Consider increasing the value of the `num_workers` argument` to `num_workers=31` in the `DataLoader` to improve performance.
/home/hpc/iwbn/iwbn129h/.local/lib/python3.12/site-packages/lightning/pytorch/trainer/connectors/data_connector.py:434: The 'val_dataloader' does not have many workers which may be a bottleneck. Consider increasing the value of the `num_workers` argument` to `num_workers=31` in the `DataLoader` to improve performance.
2026-04-01 22:04:26 | src.models.scvi_wrapper | INFO |     scVI Epoch   1/30: train=7230.649414, val=6651.678223
2026-04-01 22:04:54 | src.models.scvi_wrapper | INFO |     scVI Epoch   5/30: train=6140.413086, val=6116.394043
2026-04-01 22:05:30 | src.models.scvi_wrapper | INFO |     scVI Epoch  10/30: train=5953.055664, val=5953.075684
2026-04-01 22:06:06 | src.models.scvi_wrapper | INFO |     scVI Epoch  15/30: train=5878.614746, val=5888.918945
2026-04-01 22:06:41 | src.models.scvi_wrapper | INFO |     scVI Epoch  20/30: train=5843.022949, val=5860.465332
2026-04-01 22:07:17 | src.models.scvi_wrapper | INFO |     scVI Epoch  25/30: train=5823.175781, val=5845.518555
2026-04-01 22:07:53 | src.models.scvi_wrapper | INFO |     scVI Epoch  30/30: train=5810.955566, val=5834.750000
2026-04-01 22:07:53 | pytorch_lightning.utilities.rank_zero | INFO | `Trainer.fit` stopped: `max_epochs=30` reached.
2026-04-01 22:07:53 | src.models.scvi_wrapper | INFO |   scVI training complete: 30 epochs in 214.5s
INFO     Input AnnData not setup with scvi-tools. attempting to transfer AnnData
         setup                                                                  
2026-04-01 22:07:56 | src.evaluation.metrics | INFO |   Metrics: ARI=nan, AMI=nan, Sil(kmeans)=0.2130, Sil(labels)=nan [n_used=6585/6585], BatchSil=-0.0010 (mix=0.0010), BatchEntropy=0.4323
2026-04-01 22:07:57 | src.evaluation.metrics | INFO |   Centrality variance: 0.000150 [mode=full, n_used=6585/6585]
2026-04-01 22:07:57 | experiment | INFO |   -> ARI=nan, AMI=nan, Sil=0.2130, Recon=5841.602539, CentralityMode=full, CPUmem=nanMB, Time=220.8s
2026-04-01 22:07:57 | experiment | INFO | 
--- ts2_lung | scvi:nb | d=32 | seed=42 ---
2026-04-01 22:07:57 | src.data.dataset | INFO |   Split: train=52677, val=6585, test=6585
INFO: [rank: 0] Seed set to 42
2026-04-01 22:07:58 | lightning.fabric.utilities.seed | INFO | [rank: 0] Seed set to 42
2026-04-01 22:07:59 | src.models.scvi_wrapper | INFO |   scVI setup: d=32, likelihood=nb, hidden=128, layers=2, batch_key=donor_id
2026-04-01 22:07:59 | src.models.scvi_wrapper | INFO |   scVI TensorBoard logging to: /home/woody/iwbn/iwbn129h/sc_autoencoder_project/phase4/ts2_reduced/job_1562693/logs/tensorboard/run_20260401T195525Z_j1562693_p630812/ts2_lung/scvi/nb/d_32/seed_42
/home/hpc/iwbn/iwbn129h/.local/lib/python3.12/site-packages/lightning/fabric/plugins/environments/slurm.py:204: The `srun` command is available on your system but is not used. HINT: If your intention is to run Lightning on SLURM, prepend your python command with `srun` like so: srun python scripts/run_experiment.py --config config/phase4_ts2 ...
2026-04-01 22:07:59 | pytorch_lightning.utilities.rank_zero | INFO | GPU available: True (cuda), used: True
2026-04-01 22:07:59 | pytorch_lightning.utilities.rank_zero | INFO | TPU available: False, using: 0 TPU cores
2026-04-01 22:07:59 | pytorch_lightning.utilities.rank_zero | INFO | 💡 Tip: For seamless cloud logging and experiment tracking, try installing [litlogger](https://pypi.org/project/litlogger/) to enable LitLogger, which logs metrics and artifacts automatically to the Lightning Experiments platform.
/home/hpc/iwbn/iwbn129h/.local/lib/python3.12/site-packages/lightning/fabric/plugins/environments/slurm.py:204: The `srun` command is available on your system but is not used. HINT: If your intention is to run Lightning on SLURM, prepend your python command with `srun` like so: srun python scripts/run_experiment.py --config config/phase4_ts2 ...
INFO: LOCAL_RANK: 0 - CUDA_VISIBLE_DEVICES: [0]
2026-04-01 22:07:59 | lightning.pytorch.accelerators.cuda | INFO | LOCAL_RANK: 0 - CUDA_VISIBLE_DEVICES: [0]
/home/hpc/iwbn/iwbn129h/.local/lib/python3.12/site-packages/lightning/pytorch/utilities/_pytree.py:21: `isinstance(treespec, LeafSpec)` is deprecated, use `isinstance(treespec, TreeSpec) and treespec.is_leaf()` instead.
/home/hpc/iwbn/iwbn129h/.local/lib/python3.12/site-packages/lightning/pytorch/trainer/connectors/data_connector.py:434: The 'train_dataloader' does not have many workers which may be a bottleneck. Consider increasing the value of the `num_workers` argument` to `num_workers=31` in the `DataLoader` to improve performance.
/home/hpc/iwbn/iwbn129h/.local/lib/python3.12/site-packages/lightning/pytorch/trainer/connectors/data_connector.py:434: The 'val_dataloader' does not have many workers which may be a bottleneck. Consider increasing the value of the `num_workers` argument` to `num_workers=31` in the `DataLoader` to improve performance.
2026-04-01 22:08:06 | src.models.scvi_wrapper | INFO |     scVI Epoch   1/30: train=7210.208984, val=6599.281738
2026-04-01 22:08:35 | src.models.scvi_wrapper | INFO |     scVI Epoch   5/30: train=6135.411621, val=6112.979492
2026-04-01 22:09:11 | src.models.scvi_wrapper | INFO |     scVI Epoch  10/30: train=5948.587891, val=5949.681152
2026-04-01 22:09:47 | src.models.scvi_wrapper | INFO |     scVI Epoch  15/30: train=5876.574707, val=5888.429688
2026-04-01 22:10:22 | src.models.scvi_wrapper | INFO |     scVI Epoch  20/30: train=5840.751953, val=5857.498535
2026-04-01 22:10:58 | src.models.scvi_wrapper | INFO |     scVI Epoch  25/30: train=5821.352051, val=5843.221191
2026-04-01 22:11:34 | src.models.scvi_wrapper | INFO |     scVI Epoch  30/30: train=5809.916992, val=5834.024902
2026-04-01 22:11:34 | pytorch_lightning.utilities.rank_zero | INFO | `Trainer.fit` stopped: `max_epochs=30` reached.
2026-04-01 22:11:34 | src.models.scvi_wrapper | INFO |   scVI training complete: 30 epochs in 214.8s
INFO     Input AnnData not setup with scvi-tools. attempting to transfer AnnData
         setup                                                                  
2026-04-01 22:11:37 | src.evaluation.metrics | INFO |   Metrics: ARI=nan, AMI=nan, Sil(kmeans)=0.1887, Sil(labels)=nan [n_used=6585/6585], BatchSil=-0.0011 (mix=0.0011), BatchEntropy=0.4237
2026-04-01 22:11:38 | src.evaluation.metrics | INFO |   Centrality variance: 0.000151 [mode=full, n_used=6585/6585]
2026-04-01 22:11:38 | experiment | INFO |   -> ARI=nan, AMI=nan, Sil=0.1887, Recon=5839.515625, CentralityMode=full, CPUmem=nanMB, Time=221.2s
2026-04-01 22:11:38 | experiment | INFO |   Dataset results saved: /home/woody/iwbn/iwbn129h/sc_autoencoder_project/phase4/ts2_reduced/job_1562693/results/datasets/ts2_lung/tables/experiment_results.csv (4 rows)
2026-04-01 22:11:38 | experiment | INFO | 
======================================================================
2026-04-01 22:11:38 | experiment | INFO | EXPERIMENT COMPLETE — run_20260401T195525Z_j1562693_p630812
2026-04-01 22:11:38 | experiment | INFO | ======================================================================
2026-04-01 22:11:38 | experiment | INFO |   Total runs:    4
2026-04-01 22:11:38 | experiment | INFO |   Successful:    4
2026-04-01 22:11:38 | experiment | INFO |   Failed:        0
2026-04-01 22:11:38 | experiment | INFO |   Completed:     2026-04-01T20:11:38.244223Z
2026-04-01 22:11:38 | experiment | INFO | 
2026-04-01 22:11:38 | experiment | INFO |   Output files:
2026-04-01 22:11:38 | experiment | INFO |     Global CSV:  /home/woody/iwbn/iwbn129h/sc_autoencoder_project/phase4/ts2_reduced/job_1562693/results/phase4_ts2_lung_scvi_nb_reduced.csv
2026-04-01 22:11:38 | experiment | INFO |     Run dir:     /home/woody/iwbn/iwbn129h/sc_autoencoder_project/phase4/ts2_reduced/job_1562693/results/runs/run_20260401T195525Z_j1562693_p630812/
2026-04-01 22:11:38 | experiment | INFO |     TensorBoard: /home/woody/iwbn/iwbn129h/sc_autoencoder_project/phase4/ts2_reduced/job_1562693/logs/tensorboard/run_20260401T195525Z_j1562693_p630812/ (4 event files)
2026-04-01 22:11:38 | experiment | INFO |     View TB:     tensorboard --logdir /home/woody/iwbn/iwbn129h/sc_autoencoder_project/phase4/ts2_reduced/job_1562693/logs/tensorboard
2026-04-01 22:11:38 | experiment | INFO | ======================================================================
End: Wed Apr  1 22:11:41 CEST 2026
=== PHASE 4 TS2-LUNG REDUCED DONE ===
=== JOB_STATISTICS ===
=== current date     : Wed Apr  1 10:11:42 PM CEST 2026
= Job-ID             : 1562693 on tinygpu
= Job-Name           : phase4_ts2_reduced
= Job-Command        : /home/hpc/iwbn/iwbn129h/sc_autoencoder_project/jobs/phase4_ts2_lung_scvi_nb_reduced.sh
= Initial workdir    : /home/hpc/iwbn/iwbn129h/sc_autoencoder_project
= Queue/Partition    : a100
= Slurm account      : iwbn with QOS=normal
= Requested resources:  for 12:00:00
= Elapsed runtime    : 00:17:22
= Total RAM usage    : 29.3 GiB of requested  GiB (%)   
= Node list          : tg094
= Subm/Elig/Start/End: 2026-04-01T21:42:21 / 2026-04-01T21:42:21 / 2026-04-01T21:54:19 / 2026-04-01T22:11:41
======================
=== Quota infos ======
    Path                 Used     SoftQ    HardQ    Gracetime  Filec    FileQ    FiHaQ    FileGrace    
    /home/hpc              47.9G   104.9G   209.7G        N/A     100K     500K   1,000K        N/A    
    /home/woody            73.7G  1000.0G  1500.0G        N/A      93K   5,000K   7,500K        N/A    
======================
=== GPU utilization ==
gpu_name, gpu_bus_id, pid, gpu_utilization [%], mem_utilization [%], max_memory_usage [MiB], time [ms]
NVIDIA A100-SXM4-40GB, 00000000:81:00.0, 630812, 33 %, 19 %, 1712 MiB, 976471 ms
