### Starting TaskPrologue of job 1562075 on tg095 at Tue Mar 31 02:50:58 PM CEST 2026
Running on cores 64-95 with governor ondemand
Tue Mar 31 14:50:58 2026       
+-----------------------------------------------------------------------------------------+
| NVIDIA-SMI 580.126.20             Driver Version: 580.126.20     CUDA Version: 13.0     |
+-----------------------------------------+------------------------+----------------------+
| GPU  Name                 Persistence-M | Bus-Id          Disp.A | Volatile Uncorr. ECC |
| Fan  Temp   Perf          Pwr:Usage/Cap |           Memory-Usage | GPU-Util  Compute M. |
|                                         |                        |               MIG M. |
|=========================================+========================+======================|
|   0  NVIDIA A100-SXM4-40GB          On  |   00000000:81:00.0 Off |                    0 |
| N/A   45C    P0             82W /  400W |       0MiB /  40960MiB |      0%      Default |
|                                         |                        |             Disabled |
+-----------------------------------------+------------------------+----------------------+

+-----------------------------------------------------------------------------------------+
| Processes:                                                                              |
|  GPU   GI   CI              PID   Type   Process name                        GPU Memory |
|        ID   ID                                                               Usage      |
|=========================================================================================|
|  No running processes found                                                             |
+-----------------------------------------------------------------------------------------+
### Finished TaskPrologue

WARN: conda env scvi_env not found, using user packages
=== PHASE 4 STAGE A START ===
Job ID:       1562075
Node:         tg095
WORK file:    /home/woody/iwbn/iwbn129h/sc_autoencoder_project/data/processed/ts1_all_cells.h5ad
Stage file:   /tmp/1562075.tinygpu/iwbn129h/scae_phase4_stageA_1562075/data/processed/ts1_all_cells.h5ad
Persist root: /home/woody/iwbn/iwbn129h/sc_autoencoder_project/phase4/stageA/job_1562075
Start:        Tue Mar 31 02:51:00 PM CEST 2026
=== JOB_STATISTICS ===
=== current date     : Tue Mar 31 02:51:40 PM CEST 2026
= Job-ID             : 1562075 on tinygpu
= Job-Name           : phase4_ts1_pilot
= Job-Command        : /home/hpc/iwbn/iwbn129h/sc_autoencoder_project/jobs/phase4_ts1_stageA_pilot.sh
= Initial workdir    : /home/hpc/iwbn/iwbn129h/sc_autoencoder_project
= Queue/Partition    : a100
= Slurm account      : iwbn with QOS=normal
= Requested resources:  for 08:00:00
= Elapsed runtime    : 00:00:44
= Total RAM usage    : 19.1 GiB of requested  GiB (%)   
= Node list          : tg095
= Subm/Elig/Start/End: 2026-03-31T14:48:46 / 2026-03-31T14:48:46 / 2026-03-31T14:50:55 / 2026-03-31T14:51:39
======================
=== Quota infos ======
    Path                 Used     SoftQ    HardQ    Gracetime  Filec    FileQ    FiHaQ    FileGrace    
    /home/hpc              46.5G   104.9G   209.7G        N/A      98K     500K   1,000K        N/A    
    /home/woody            22.7G  1000.0G  1500.0G        N/A      93K   5,000K   7,500K        N/A    
    /home/vault             0.0K  1048.6G  2097.2G        N/A       1      200K     400K        N/A    
======================
=== GPU utilization ==
gpu_name, gpu_bus_id, pid, gpu_utilization [%], mem_utilization [%], max_memory_usage [MiB], time [ms]
