### Starting TaskPrologue of job 1562092 on tg092 at Tue Mar 31 03:23:29 PM CEST 2026
Running on cores 64-95 with governor ondemand
Tue Mar 31 15:23:29 2026       
+-----------------------------------------------------------------------------------------+
| NVIDIA-SMI 580.126.20             Driver Version: 580.126.20     CUDA Version: 13.0     |
+-----------------------------------------+------------------------+----------------------+
| GPU  Name                 Persistence-M | Bus-Id          Disp.A | Volatile Uncorr. ECC |
| Fan  Temp   Perf          Pwr:Usage/Cap |           Memory-Usage | GPU-Util  Compute M. |
|                                         |                        |               MIG M. |
|=========================================+========================+======================|
|   0  NVIDIA A100-SXM4-40GB          On  |   00000000:81:00.0 Off |                    0 |
| N/A   34C    P0             55W /  400W |       0MiB /  40960MiB |      0%      Default |
|                                         |                        |             Disabled |
+-----------------------------------------+------------------------+----------------------+

+-----------------------------------------------------------------------------------------+
| Processes:                                                                              |
|  GPU   GI   CI              PID   Type   Process name                        GPU Memory |
|        ID   ID                                                               Usage      |
|=========================================================================================|
|  No running processes found                                                             |
+-----------------------------------------------------------------------------------------+
### Finished TaskPrologue

WARN: conda env scvi_env not found, using user packages
=== PHASE 4 STAGE A START ===
Job ID:       1562092
Node:         tg092
WORK file:    /home/woody/iwbn/iwbn129h/sc_autoencoder_project/data/processed/ts1_all_cells_phase4_ready.h5ad
Stage file:   /tmp/1562092.tinygpu/iwbn129h/scae_phase4_stageA_1562092/data/processed/ts1_all_cells.h5ad
Persist root: /home/woody/iwbn/iwbn129h/sc_autoencoder_project/phase4/stageA/job_1562092
Start:        Tue Mar 31 03:23:31 PM CEST 2026
TS1 schema gate passed: cell_type/donor_id/counts present and count-like sample valid
Using config: config/phase4_ts1_stageA_tiny.yaml
2026-03-31 15:24:19 | experiment | INFO |   TensorBoard: /home/woody/iwbn/iwbn129h/sc_autoencoder_project/phase4/stageA/job_1562092/logs/tensorboard/run_20260331T132419Z_j1562092_p1372147
2026-03-31 15:24:19 | experiment | INFO |   View live:   tensorboard --logdir /home/woody/iwbn/iwbn129h/sc_autoencoder_project/phase4/stageA/job_1562092/logs/tensorboard
2026-03-31 15:24:19 | experiment | INFO | ======================================================================
2026-03-31 15:24:19 | experiment | INFO | EXPERIMENT: Latent Dimension Sweep
2026-03-31 15:24:19 | experiment | INFO |   Datasets:       ['ts1_all_cells']
2026-03-31 15:24:19 | experiment | INFO |   Model/losses:   [('scvi', 'nb')]
2026-03-31 15:24:19 | experiment | INFO |   Latent dims:    [8]
2026-03-31 15:24:19 | experiment | INFO |   Seeds:          1
2026-03-31 15:24:19 | experiment | INFO |   Device:         cuda
2026-03-31 15:24:19 | experiment | INFO |   Git commit:     10d3fdb
2026-03-31 15:24:19 | experiment | INFO |   Run ID:         run_20260331T132419Z_j1562092_p1372147
2026-03-31 15:24:19 | experiment | INFO |   Large run mode: True
2026-03-31 15:24:19 | experiment | INFO | ======================================================================
2026-03-31 15:24:20 | src.data.preprocessor | INFO |   Loaded processed data (backed): 483151 × 2000
2026-03-31 15:24:20 | experiment | WARNING | Processed cache check for ts1_all_cells: missing fingerprint in cached file (expected=ff82c29c0dc16b5e). This likely came from an older preprocessing run.. Continuing with cached file /tmp/1562092.tinygpu/iwbn129h/scae_phase4_stageA_1562092/data/processed/ts1_all_cells.h5ad; rerun preprocess to refresh.
2026-03-31 15:24:21 | experiment | INFO | Large-run mode on ts1_all_cells using in-memory path (keep_backed_until_split=False).
2026-03-31 15:24:21 | experiment | INFO | 
Dataset: ts1_all_cells (483151 cells, K=177, requested_mode=backed, effective_mode=in_memory_from_backed, label_source=provided:cell_ontology_class)
2026-03-31 15:24:21 | experiment | INFO | 
--- ts1_all_cells | scvi:nb | d=8 | seed=42 ---
2026-03-31 15:24:21 | src.data.dataset | INFO |   Split: train=386520, val=48315, test=48316
INFO: [rank: 0] Seed set to 42
2026-03-31 15:24:47 | lightning.fabric.utilities.seed | INFO | [rank: 0] Seed set to 42
2026-03-31 15:24:47 | src.models.scvi_wrapper | INFO |   scVI setup: d=8, likelihood=nb, hidden=128, layers=2, batch_key=donor_id
2026-03-31 15:24:50 | src.models.scvi_wrapper | INFO |   scVI TensorBoard logging to: /home/woody/iwbn/iwbn129h/sc_autoencoder_project/phase4/stageA/job_1562092/logs/tensorboard/run_20260331T132419Z_j1562092_p1372147/ts1_all_cells/scvi/nb/d_8/seed_42
/home/hpc/iwbn/iwbn129h/.local/lib/python3.12/site-packages/lightning/fabric/plugins/environments/slurm.py:204: The `srun` command is available on your system but is not used. HINT: If your intention is to run Lightning on SLURM, prepend your python command with `srun` like so: srun python scripts/run_experiment.py --config config/phase4_ts1 ...
2026-03-31 15:24:50 | pytorch_lightning.utilities.rank_zero | INFO | GPU available: True (cuda), used: True
2026-03-31 15:24:50 | pytorch_lightning.utilities.rank_zero | INFO | TPU available: False, using: 0 TPU cores
2026-03-31 15:24:50 | pytorch_lightning.utilities.rank_zero | INFO | 💡 Tip: For seamless cloud logging and experiment tracking, try installing [litlogger](https://pypi.org/project/litlogger/) to enable LitLogger, which logs metrics and artifacts automatically to the Lightning Experiments platform.
/home/hpc/iwbn/iwbn129h/.local/lib/python3.12/site-packages/lightning/fabric/plugins/environments/slurm.py:204: The `srun` command is available on your system but is not used. HINT: If your intention is to run Lightning on SLURM, prepend your python command with `srun` like so: srun python scripts/run_experiment.py --config config/phase4_ts1 ...
INFO: LOCAL_RANK: 0 - CUDA_VISIBLE_DEVICES: [0]
2026-03-31 15:24:52 | lightning.pytorch.accelerators.cuda | INFO | LOCAL_RANK: 0 - CUDA_VISIBLE_DEVICES: [0]
/home/hpc/iwbn/iwbn129h/.local/lib/python3.12/site-packages/lightning/pytorch/utilities/_pytree.py:21: `isinstance(treespec, LeafSpec)` is deprecated, use `isinstance(treespec, TreeSpec) and treespec.is_leaf()` instead.
/home/hpc/iwbn/iwbn129h/.local/lib/python3.12/site-packages/lightning/pytorch/trainer/connectors/data_connector.py:434: The 'train_dataloader' does not have many workers which may be a bottleneck. Consider increasing the value of the `num_workers` argument` to `num_workers=31` in the `DataLoader` to improve performance.
/home/hpc/iwbn/iwbn129h/.local/lib/python3.12/site-packages/lightning/pytorch/trainer/connectors/data_connector.py:434: The 'val_dataloader' does not have many workers which may be a bottleneck. Consider increasing the value of the `num_workers` argument` to `num_workers=31` in the `DataLoader` to improve performance.
2026-03-31 15:25:22 | src.models.scvi_wrapper | INFO |     scVI Epoch   1/20: train=499.732574, val=384.770935
2026-03-31 15:27:14 | src.models.scvi_wrapper | INFO |     scVI Epoch   5/20: train=298.106445, val=310.620575
2026-03-31 15:29:35 | src.models.scvi_wrapper | INFO |     scVI Epoch  10/20: train=280.442078, val=301.392334
2026-03-31 15:31:56 | src.models.scvi_wrapper | INFO |     scVI Epoch  15/20: train=275.375305, val=291.845062
2026-03-31 15:34:18 | src.models.scvi_wrapper | INFO |     scVI Epoch  20/20: train=273.286285, val=288.878601
2026-03-31 15:34:18 | pytorch_lightning.utilities.rank_zero | INFO | `Trainer.fit` stopped: `max_epochs=20` reached.
2026-03-31 15:34:18 | src.models.scvi_wrapper | INFO |   scVI training complete: 20 epochs in 568.4s
[34mINFO    [0m Input AnnData not setup with scvi-tools. attempting to transfer AnnData
         setup                                                                  
2026-03-31 15:34:21 | src.evaluation.metrics | INFO |   Latent evaluation sampled for scalability: n_used=15000 / n_total=48316 (seed=42)
2026-03-31 15:34:28 | src.evaluation.metrics | INFO |   Metrics: ARI=0.2620, AMI=0.6569, Sil(kmeans)=0.2207, Sil(labels)=-0.0529 [n_used=15000/48316]
2026-03-31 15:34:33 | src.evaluation.metrics | INFO |   Centrality sampled for scalability: n_used=5000 / n_total=48316 (seed=42)
2026-03-31 15:34:45 | src.evaluation.metrics | INFO |   Centrality variance: 0.000199 [mode=sampled, n_used=5000/48316]
2026-03-31 15:34:45 | experiment | INFO |   -> ARI=0.2620, AMI=0.6569, Sil=0.2207, Recon=284.101013, CentralityMode=sampled, CPUmem=nanMB, Time=624.2s
2026-03-31 15:34:45 | experiment | INFO |   Dataset results saved: /home/woody/iwbn/iwbn129h/sc_autoencoder_project/phase4/stageA/job_1562092/results/datasets/ts1_all_cells/tables/experiment_results.csv (1 rows)
2026-03-31 15:34:45 | experiment | INFO | 
======================================================================
2026-03-31 15:34:45 | experiment | INFO | EXPERIMENT COMPLETE — run_20260331T132419Z_j1562092_p1372147
2026-03-31 15:34:45 | experiment | INFO | ======================================================================
2026-03-31 15:34:45 | experiment | INFO |   Total runs:    1
2026-03-31 15:34:45 | experiment | INFO |   Successful:    1
2026-03-31 15:34:45 | experiment | INFO |   Failed:        0
2026-03-31 15:34:45 | experiment | INFO |   Completed:     2026-03-31T13:34:45.777056Z
2026-03-31 15:34:45 | experiment | INFO | 
2026-03-31 15:34:45 | experiment | INFO |   Output files:
2026-03-31 15:34:45 | experiment | INFO |     Global CSV:  /home/woody/iwbn/iwbn129h/sc_autoencoder_project/phase4/stageA/job_1562092/results/phase4_ts1_stageA_pilot.csv
2026-03-31 15:34:45 | experiment | INFO |     Run dir:     /home/woody/iwbn/iwbn129h/sc_autoencoder_project/phase4/stageA/job_1562092/results/runs/run_20260331T132419Z_j1562092_p1372147/
2026-03-31 15:34:45 | experiment | INFO |     TensorBoard: /home/woody/iwbn/iwbn129h/sc_autoencoder_project/phase4/stageA/job_1562092/logs/tensorboard/run_20260331T132419Z_j1562092_p1372147/ (1 event files)
2026-03-31 15:34:45 | experiment | INFO |     View TB:     tensorboard --logdir /home/woody/iwbn/iwbn129h/sc_autoencoder_project/phase4/stageA/job_1562092/logs/tensorboard
2026-03-31 15:34:45 | experiment | INFO | ======================================================================
End: Tue Mar 31 03:34:49 PM CEST 2026
=== PHASE 4 STAGE A DONE ===
=== JOB_STATISTICS ===
=== current date     : Tue Mar 31 03:34:49 PM CEST 2026
= Job-ID             : 1562092 on tinygpu
= Job-Name           : phase4_ts1_pilot
= Job-Command        : /home/hpc/iwbn/iwbn129h/sc_autoencoder_project/jobs/phase4_ts1_stageA_pilot.sh
= Initial workdir    : /home/hpc/iwbn/iwbn129h/sc_autoencoder_project
= Queue/Partition    : a100
= Slurm account      : iwbn with QOS=normal
= Requested resources:  for 08:00:00
= Elapsed runtime    : 00:11:22
= Total RAM usage    : 3.9 GiB of requested  GiB (%)   
= Node list          : tg092
= Subm/Elig/Start/End: 2026-03-31T15:22:50 / 2026-03-31T15:22:50 / 2026-03-31T15:23:27 / 2026-03-31T15:34:49
======================
=== Quota infos ======
    Path                 Used     SoftQ    HardQ    Gracetime  Filec    FileQ    FiHaQ    FileGrace    
    /home/hpc              46.6G   104.9G   209.7G        N/A      98K     500K   1,000K        N/A    
    /home/woody            22.7G  1000.0G  1500.0G        N/A      93K   5,000K   7,500K        N/A    
    /home/vault             0.0K  1048.6G  2097.2G        N/A       1      200K     400K        N/A    
======================
=== GPU utilization ==
gpu_name, gpu_bus_id, pid, gpu_utilization [%], mem_utilization [%], max_memory_usage [MiB], time [ms]
NVIDIA A100-SXM4-40GB, 00000000:81:00.0, 1372147, 13 %, 0 %, 558 MiB, 630696 ms
