### Starting TaskPrologue of job 1561967 on tg093 at Tue Mar 31 11:21:08 AM CEST 2026
Running on cores 0-31 with governor ondemand
Tue Mar 31 11:21:08 2026       
+-----------------------------------------------------------------------------------------+
| NVIDIA-SMI 580.126.20             Driver Version: 580.126.20     CUDA Version: 13.0     |
+-----------------------------------------+------------------------+----------------------+
| GPU  Name                 Persistence-M | Bus-Id          Disp.A | Volatile Uncorr. ECC |
| Fan  Temp   Perf          Pwr:Usage/Cap |           Memory-Usage | GPU-Util  Compute M. |
|                                         |                        |               MIG M. |
|=========================================+========================+======================|
|   0  NVIDIA A100-SXM4-40GB          On  |   00000000:01:00.0 Off |                    0 |
| N/A   43C    P0             66W /  400W |       0MiB /  40960MiB |      0%      Default |
|                                         |                        |             Disabled |
+-----------------------------------------+------------------------+----------------------+

+-----------------------------------------------------------------------------------------+
| Processes:                                                                              |
|  GPU   GI   CI              PID   Type   Process name                        GPU Memory |
|        ID   ID                                                               Usage      |
|=========================================================================================|
|  No running processes found                                                             |
+-----------------------------------------------------------------------------------------+
### Finished TaskPrologue

Wrote config/tmp/phase3_recovery_base.yaml
2026-03-31 11:21:19 | experiment | WARNING | SLURM array task detected but 'results_dir' does not appear task-isolated: /home/hpc/iwbn/iwbn129h/sc_autoencoder_project/results. Prefer per-task directories (e.g., .../task_3/...).
2026-03-31 11:21:19 | experiment | WARNING | SLURM array task detected but 'log_dir' does not appear task-isolated: /home/hpc/iwbn/iwbn129h/sc_autoencoder_project/logs. Prefer per-task directories (e.g., .../task_3/...).
2026-03-31 11:21:19 | experiment | WARNING | SLURM array task detected but 'checkpoint_dir' does not appear task-isolated: /home/hpc/iwbn/iwbn129h/sc_autoencoder_project/checkpoints. Prefer per-task directories (e.g., .../task_3/...).
2026-03-31 11:21:19 | experiment | WARNING | SLURM array task detected but output path may be shared across tasks: results/global/tables/recovery/phase3_missing_k12_scvi_zinb_highdims.csv. Prefer task-local output paths to avoid concurrent write collisions.
2026-03-31 11:21:19 | experiment | WARNING | Detected SLURM array task without large_run_mode enabled. Ensure results_dir/checkpoint_dir/log_dir are task-isolated to avoid collisions.
2026-03-31 11:21:19 | experiment | INFO |   TensorBoard: /home/hpc/iwbn/iwbn129h/sc_autoencoder_project/logs/tensorboard/run_20260331T092119Z_j1561967_a3_p498176
2026-03-31 11:21:19 | experiment | INFO |   View live:   tensorboard --logdir /home/hpc/iwbn/iwbn129h/sc_autoencoder_project/logs/tensorboard
2026-03-31 11:21:19 | experiment | INFO | ======================================================================
2026-03-31 11:21:19 | experiment | INFO | EXPERIMENT: Latent Dimension Sweep
2026-03-31 11:21:19 | experiment | INFO |   Datasets:       ['splatter_k12']
2026-03-31 11:21:19 | experiment | INFO |   Model/losses:   [('scvi', 'zinb')]
2026-03-31 11:21:19 | experiment | INFO |   Latent dims:    [16, 24, 32]
2026-03-31 11:21:19 | experiment | INFO |   Seeds:          2
2026-03-31 11:21:19 | experiment | INFO |   Device:         cuda
2026-03-31 11:21:19 | experiment | INFO |   Git commit:     10d3fdb
2026-03-31 11:21:19 | experiment | INFO |   Run ID:         run_20260331T092119Z_j1561967_a3_p498176
2026-03-31 11:21:19 | experiment | INFO |   Large run mode: False
2026-03-31 11:21:19 | experiment | INFO | ======================================================================
2026-03-31 11:21:19 | src.data.preprocessor | INFO |   Loaded processed data (in_memory): 4800 × 2000
2026-03-31 11:21:19 | experiment | WARNING | Processed cache check for splatter_k12: missing fingerprint in cached file (expected=5029721aeb692bf5). This likely came from an older preprocessing run.. Continuing with cached file /home/hpc/iwbn/iwbn129h/sc_autoencoder_project/data/processed/splatter_k12.h5ad; rerun preprocess to refresh.
2026-03-31 11:21:19 | experiment | INFO | 
Dataset: splatter_k12 (4800 cells, K=12, requested_mode=in_memory, effective_mode=in_memory, label_source=provided:cell_type)
2026-03-31 11:21:19 | experiment | INFO | 
--- splatter_k12 | scvi:zinb | d=16 | seed=42 ---
2026-03-31 11:21:19 | src.data.dataset | INFO |   Split: train=3840, val=480, test=480
2026-03-31 11:21:36 | lightning.fabric.utilities.seed | INFO | [rank: 0] Seed set to 42
2026-03-31 11:21:36 | src.models.scvi_wrapper | INFO |   scVI setup: d=16, likelihood=zinb, hidden=128, layers=2, batch_key=batch
2026-03-31 11:21:39 | src.models.scvi_wrapper | INFO |   scVI TensorBoard logging to: /home/hpc/iwbn/iwbn129h/sc_autoencoder_project/logs/tensorboard/run_20260331T092119Z_j1561967_a3_p498176/splatter_k12/scvi/zinb/d_16/seed_42
2026-03-31 11:21:39 | pytorch_lightning.utilities.rank_zero | INFO | GPU available: True (cuda), used: True
2026-03-31 11:21:39 | pytorch_lightning.utilities.rank_zero | INFO | TPU available: False, using: 0 TPU cores
2026-03-31 11:21:39 | pytorch_lightning.utilities.rank_zero | INFO | 💡 Tip: For seamless cloud logging and experiment tracking, try installing [litlogger](https://pypi.org/project/litlogger/) to enable LitLogger, which logs metrics and artifacts automatically to the Lightning Experiments platform.
2026-03-31 11:21:40 | lightning.pytorch.accelerators.cuda | INFO | LOCAL_RANK: 0 - CUDA_VISIBLE_DEVICES: [0]
2026-03-31 11:21:40 | lightning.pytorch.trainer.connectors.signal_connector | INFO | SLURM auto-requeueing enabled. Setting signal handlers.
2026-03-31 11:21:41 | src.models.scvi_wrapper | INFO |     scVI Epoch   1/80: train=6656.407227, val=6772.720215
2026-03-31 11:21:42 | src.models.scvi_wrapper | INFO |     scVI Epoch   2/80: train=5835.733887, val=5856.673340
2026-03-31 11:21:42 | src.models.scvi_wrapper | INFO |     scVI Epoch   3/80: train=5630.295898, val=5665.311035
2026-03-31 11:21:42 | src.models.scvi_wrapper | INFO |     scVI Epoch   4/80: train=5550.633301, val=5612.438965
2026-03-31 11:21:43 | src.models.scvi_wrapper | INFO |     scVI Epoch   5/80: train=5514.823730, val=5563.400879
2026-03-31 11:21:43 | src.models.scvi_wrapper | INFO |     scVI Epoch   6/80: train=5494.327637, val=5535.177246
2026-03-31 11:21:44 | src.models.scvi_wrapper | INFO |     scVI Epoch   7/80: train=5476.655273, val=5534.957520
2026-03-31 11:21:44 | src.models.scvi_wrapper | INFO |     scVI Epoch   8/80: train=5461.589844, val=5514.509277
2026-03-31 11:21:44 | src.models.scvi_wrapper | INFO |     scVI Epoch   9/80: train=5447.917969, val=5508.046875
2026-03-31 11:21:45 | src.models.scvi_wrapper | INFO |     scVI Epoch  10/80: train=5433.802246, val=5480.815918
2026-03-31 11:21:45 | src.models.scvi_wrapper | INFO |     scVI Epoch  11/80: train=5421.605957, val=5452.026855
2026-03-31 11:21:45 | src.models.scvi_wrapper | INFO |     scVI Epoch  12/80: train=5408.262207, val=5429.761230
2026-03-31 11:21:46 | src.models.scvi_wrapper | INFO |     scVI Epoch  13/80: train=5396.427246, val=5428.979004
2026-03-31 11:21:46 | src.models.scvi_wrapper | INFO |     scVI Epoch  14/80: train=5385.100098, val=5424.217773
2026-03-31 11:21:46 | src.models.scvi_wrapper | INFO |     scVI Epoch  15/80: train=5373.294922, val=5446.361816
2026-03-31 11:21:47 | src.models.scvi_wrapper | INFO |     scVI Epoch  16/80: train=5360.692871, val=5420.002441
2026-03-31 11:21:47 | src.models.scvi_wrapper | INFO |     scVI Epoch  17/80: train=5348.590332, val=5433.146484
2026-03-31 11:21:47 | src.models.scvi_wrapper | INFO |     scVI Epoch  18/80: train=5336.265625, val=5413.507812
2026-03-31 11:21:48 | src.models.scvi_wrapper | INFO |     scVI Epoch  19/80: train=5324.477051, val=5377.317871
2026-03-31 11:21:48 | src.models.scvi_wrapper | INFO |     scVI Epoch  20/80: train=5313.503906, val=5395.872559
2026-03-31 11:21:48 | src.models.scvi_wrapper | INFO |     scVI Epoch  21/80: train=5301.777832, val=5365.489746
2026-03-31 11:21:49 | src.models.scvi_wrapper | INFO |     scVI Epoch  22/80: train=5289.649902, val=5337.951172
2026-03-31 11:21:49 | src.models.scvi_wrapper | INFO |     scVI Epoch  23/80: train=5279.027832, val=5342.728516
2026-03-31 11:21:50 | src.models.scvi_wrapper | INFO |     scVI Epoch  24/80: train=5267.894043, val=5324.773926
2026-03-31 11:21:50 | src.models.scvi_wrapper | INFO |     scVI Epoch  25/80: train=5256.026855, val=5302.911621
2026-03-31 11:21:50 | src.models.scvi_wrapper | INFO |     scVI Epoch  26/80: train=5245.859863, val=5306.398438
2026-03-31 11:21:51 | src.models.scvi_wrapper | INFO |     scVI Epoch  27/80: train=5234.875000, val=5281.595215
2026-03-31 11:21:51 | src.models.scvi_wrapper | INFO |     scVI Epoch  28/80: train=5224.385254, val=5286.240234
2026-03-31 11:21:51 | src.models.scvi_wrapper | INFO |     scVI Epoch  29/80: train=5215.911621, val=5273.473145
2026-03-31 11:21:52 | src.models.scvi_wrapper | INFO |     scVI Epoch  30/80: train=5205.492676, val=5257.694824
2026-03-31 11:21:52 | src.models.scvi_wrapper | INFO |     scVI Epoch  31/80: train=5195.774414, val=5242.937988
2026-03-31 11:21:52 | src.models.scvi_wrapper | INFO |     scVI Epoch  32/80: train=5187.144043, val=5228.342773
2026-03-31 11:21:53 | src.models.scvi_wrapper | INFO |     scVI Epoch  33/80: train=5178.556641, val=5231.910156
2026-03-31 11:21:53 | src.models.scvi_wrapper | INFO |     scVI Epoch  34/80: train=5168.935059, val=5207.764160
2026-03-31 11:21:53 | src.models.scvi_wrapper | INFO |     scVI Epoch  35/80: train=5160.439453, val=5202.877441
2026-03-31 11:21:54 | src.models.scvi_wrapper | INFO |     scVI Epoch  36/80: train=5152.104004, val=5181.591309
2026-03-31 11:21:54 | src.models.scvi_wrapper | INFO |     scVI Epoch  37/80: train=5144.378418, val=5179.234863
2026-03-31 11:21:55 | src.models.scvi_wrapper | INFO |     scVI Epoch  38/80: train=5136.635254, val=5176.040527
2026-03-31 11:21:55 | src.models.scvi_wrapper | INFO |     scVI Epoch  39/80: train=5129.274414, val=5163.284668
2026-03-31 11:21:55 | src.models.scvi_wrapper | INFO |     scVI Epoch  40/80: train=5121.989746, val=5164.249512
2026-03-31 11:21:56 | src.models.scvi_wrapper | INFO |     scVI Epoch  41/80: train=5114.786621, val=5159.646484
2026-03-31 11:21:56 | src.models.scvi_wrapper | INFO |     scVI Epoch  42/80: train=5108.500488, val=5150.104980
2026-03-31 11:21:56 | src.models.scvi_wrapper | INFO |     scVI Epoch  43/80: train=5101.862793, val=5143.920410
2026-03-31 11:21:57 | src.models.scvi_wrapper | INFO |     scVI Epoch  44/80: train=5095.709961, val=5138.833008
2026-03-31 11:21:57 | src.models.scvi_wrapper | INFO |     scVI Epoch  45/80: train=5088.923828, val=5119.978516
2026-03-31 11:21:57 | src.models.scvi_wrapper | INFO |     scVI Epoch  46/80: train=5082.038086, val=5116.368164
2026-03-31 11:21:58 | src.models.scvi_wrapper | INFO |     scVI Epoch  47/80: train=5076.667480, val=5131.821777
2026-03-31 11:21:58 | src.models.scvi_wrapper | INFO |     scVI Epoch  48/80: train=5070.309570, val=5117.103027
2026-03-31 11:21:59 | src.models.scvi_wrapper | INFO |     scVI Epoch  49/80: train=5064.243164, val=5110.488770
2026-03-31 11:21:59 | src.models.scvi_wrapper | INFO |     scVI Epoch  50/80: train=5057.559570, val=5096.001953
2026-03-31 11:21:59 | src.models.scvi_wrapper | INFO |     scVI Epoch  51/80: train=5052.738281, val=5092.457520
2026-03-31 11:22:00 | src.models.scvi_wrapper | INFO |     scVI Epoch  52/80: train=5047.476074, val=5091.384766
2026-03-31 11:22:00 | src.models.scvi_wrapper | INFO |     scVI Epoch  53/80: train=5041.568359, val=5087.392578
2026-03-31 11:22:00 | src.models.scvi_wrapper | INFO |     scVI Epoch  54/80: train=5037.698730, val=5096.850098
2026-03-31 11:22:01 | src.models.scvi_wrapper | INFO |     scVI Epoch  55/80: train=5031.195801, val=5079.086426
2026-03-31 11:22:01 | src.models.scvi_wrapper | INFO |     scVI Epoch  56/80: train=5025.618164, val=5060.449707
2026-03-31 11:22:01 | src.models.scvi_wrapper | INFO |     scVI Epoch  57/80: train=5020.781250, val=5062.372559
2026-03-31 11:22:02 | src.models.scvi_wrapper | INFO |     scVI Epoch  58/80: train=5015.919922, val=5044.242676
2026-03-31 11:22:02 | src.models.scvi_wrapper | INFO |     scVI Epoch  59/80: train=5010.856445, val=5052.251953
2026-03-31 11:22:02 | src.models.scvi_wrapper | INFO |     scVI Epoch  60/80: train=5005.592773, val=5039.144531
2026-03-31 11:22:03 | src.models.scvi_wrapper | INFO |     scVI Epoch  61/80: train=5001.457031, val=5039.871094
2026-03-31 11:22:03 | src.models.scvi_wrapper | INFO |     scVI Epoch  62/80: train=4996.986328, val=5046.283203
2026-03-31 11:22:04 | src.models.scvi_wrapper | INFO |     scVI Epoch  63/80: train=4992.675293, val=5042.603027
2026-03-31 11:22:04 | src.models.scvi_wrapper | INFO |     scVI Epoch  64/80: train=4987.636719, val=5025.284180
2026-03-31 11:22:04 | src.models.scvi_wrapper | INFO |     scVI Epoch  65/80: train=4983.646484, val=5028.537109
2026-03-31 11:22:05 | src.models.scvi_wrapper | INFO |     scVI Epoch  66/80: train=4979.208496, val=5014.600586
2026-03-31 11:22:05 | src.models.scvi_wrapper | INFO |     scVI Epoch  67/80: train=4974.830078, val=5009.753906
2026-03-31 11:22:05 | src.models.scvi_wrapper | INFO |     scVI Epoch  68/80: train=4971.496582, val=5006.984375
2026-03-31 11:22:06 | src.models.scvi_wrapper | INFO |     scVI Epoch  69/80: train=4967.238281, val=5010.421875
2026-03-31 11:22:06 | src.models.scvi_wrapper | INFO |     scVI Epoch  70/80: train=4963.842773, val=5004.200684
2026-03-31 11:22:06 | src.models.scvi_wrapper | INFO |     scVI Epoch  71/80: train=4959.162598, val=4999.676270
2026-03-31 11:22:07 | src.models.scvi_wrapper | INFO |     scVI Epoch  72/80: train=4956.006836, val=4994.724121
2026-03-31 11:22:07 | src.models.scvi_wrapper | INFO |     scVI Epoch  73/80: train=4951.892578, val=4993.013672
2026-03-31 11:22:07 | src.models.scvi_wrapper | INFO |     scVI Epoch  74/80: train=4947.972168, val=4981.041504
2026-03-31 11:22:08 | src.models.scvi_wrapper | INFO |     scVI Epoch  75/80: train=4944.084961, val=4986.287598
2026-03-31 11:22:08 | src.models.scvi_wrapper | INFO |     scVI Epoch  76/80: train=4941.052246, val=4974.627441
2026-03-31 11:22:09 | src.models.scvi_wrapper | INFO |     scVI Epoch  77/80: train=4937.225586, val=4981.926270
2026-03-31 11:22:09 | src.models.scvi_wrapper | INFO |     scVI Epoch  78/80: train=4935.068848, val=4984.291504
2026-03-31 11:22:09 | src.models.scvi_wrapper | INFO |     scVI Epoch  79/80: train=4931.685059, val=4982.260254
2026-03-31 11:22:10 | src.models.scvi_wrapper | INFO |     scVI Epoch  80/80: train=4928.088379, val=4974.781738
2026-03-31 11:22:10 | pytorch_lightning.utilities.rank_zero | INFO | `Trainer.fit` stopped: `max_epochs=80` reached.
2026-03-31 11:22:10 | src.models.scvi_wrapper | INFO |   scVI training complete: 80 epochs in 30.4s
[34mINFO    [0m Input AnnData not setup with scvi-tools. attempting to transfer AnnData
         setup                                                                  
2026-03-31 11:22:10 | src.evaluation.metrics | INFO |   Metrics: ARI=0.9958, AMI=0.9959, Sil(kmeans)=0.5671, Sil(labels)=0.5665 [n_used=480/480]
2026-03-31 11:22:20 | src.evaluation.metrics | WARNING | Centrality computation failed (mode=full, n_obs=480, n_neighbors=15): `eigenvector_centrality_numpy` does not give consistent results for disconnected graphs
2026-03-31 11:22:20 | experiment | INFO |   -> ARI=0.9958, AMI=0.9959, Sil=0.5671, Recon=4967.612305, CentralityMode=failed, CPUmem=nanMB, Time=61.0s
2026-03-31 11:22:20 | experiment | INFO | 
--- splatter_k12 | scvi:zinb | d=16 | seed=43 ---
2026-03-31 11:22:20 | src.data.dataset | INFO |   Split: train=3840, val=480, test=480
2026-03-31 11:22:20 | lightning.fabric.utilities.seed | INFO | [rank: 0] Seed set to 43
2026-03-31 11:22:20 | src.models.scvi_wrapper | INFO |   scVI setup: d=16, likelihood=zinb, hidden=128, layers=2, batch_key=batch
2026-03-31 11:22:20 | src.models.scvi_wrapper | INFO |   scVI TensorBoard logging to: /home/hpc/iwbn/iwbn129h/sc_autoencoder_project/logs/tensorboard/run_20260331T092119Z_j1561967_a3_p498176/splatter_k12/scvi/zinb/d_16/seed_43
2026-03-31 11:22:20 | pytorch_lightning.utilities.rank_zero | INFO | GPU available: True (cuda), used: True
2026-03-31 11:22:20 | pytorch_lightning.utilities.rank_zero | INFO | TPU available: False, using: 0 TPU cores
2026-03-31 11:22:20 | pytorch_lightning.utilities.rank_zero | INFO | 💡 Tip: For seamless cloud logging and experiment tracking, try installing [litlogger](https://pypi.org/project/litlogger/) to enable LitLogger, which logs metrics and artifacts automatically to the Lightning Experiments platform.
2026-03-31 11:22:20 | lightning.pytorch.accelerators.cuda | INFO | LOCAL_RANK: 0 - CUDA_VISIBLE_DEVICES: [0]
2026-03-31 11:22:21 | lightning.pytorch.trainer.connectors.signal_connector | INFO | SLURM auto-requeueing enabled. Setting signal handlers.
2026-03-31 11:22:21 | src.models.scvi_wrapper | INFO |     scVI Epoch   1/80: train=6675.870605, val=6684.803223
2026-03-31 11:22:21 | src.models.scvi_wrapper | INFO |     scVI Epoch   2/80: train=5837.190430, val=5918.116699
2026-03-31 11:22:22 | src.models.scvi_wrapper | INFO |     scVI Epoch   3/80: train=5634.240723, val=5633.128906
2026-03-31 11:22:22 | src.models.scvi_wrapper | INFO |     scVI Epoch   4/80: train=5554.071777, val=5636.158691
2026-03-31 11:22:22 | src.models.scvi_wrapper | INFO |     scVI Epoch   5/80: train=5516.796387, val=5650.195801
2026-03-31 11:22:23 | src.models.scvi_wrapper | INFO |     scVI Epoch   6/80: train=5493.917480, val=5616.051270
2026-03-31 11:22:23 | src.models.scvi_wrapper | INFO |     scVI Epoch   7/80: train=5474.072754, val=5502.518066
2026-03-31 11:22:23 | src.models.scvi_wrapper | INFO |     scVI Epoch   8/80: train=5458.683594, val=5497.376465
2026-03-31 11:22:24 | src.models.scvi_wrapper | INFO |     scVI Epoch   9/80: train=5443.205566, val=5478.762207
2026-03-31 11:22:24 | src.models.scvi_wrapper | INFO |     scVI Epoch  10/80: train=5429.009277, val=5447.017578
2026-03-31 11:22:24 | src.models.scvi_wrapper | INFO |     scVI Epoch  11/80: train=5415.543457, val=5419.401855
2026-03-31 11:22:25 | src.models.scvi_wrapper | INFO |     scVI Epoch  12/80: train=5401.819824, val=5408.417969
2026-03-31 11:22:25 | src.models.scvi_wrapper | INFO |     scVI Epoch  13/80: train=5388.861816, val=5395.582520
2026-03-31 11:22:25 | src.models.scvi_wrapper | INFO |     scVI Epoch  14/80: train=5377.181152, val=5388.772949
2026-03-31 11:22:26 | src.models.scvi_wrapper | INFO |     scVI Epoch  15/80: train=5364.459473, val=5384.948242
2026-03-31 11:22:26 | src.models.scvi_wrapper | INFO |     scVI Epoch  16/80: train=5352.147949, val=5380.746582
2026-03-31 11:22:27 | src.models.scvi_wrapper | INFO |     scVI Epoch  17/80: train=5340.055176, val=5364.386230
2026-03-31 11:22:27 | src.models.scvi_wrapper | INFO |     scVI Epoch  18/80: train=5329.087891, val=5363.560059
2026-03-31 11:22:27 | src.models.scvi_wrapper | INFO |     scVI Epoch  19/80: train=5318.214844, val=5358.491211
2026-03-31 11:22:28 | src.models.scvi_wrapper | INFO |     scVI Epoch  20/80: train=5308.337402, val=5337.545410
2026-03-31 11:22:28 | src.models.scvi_wrapper | INFO |     scVI Epoch  21/80: train=5296.461914, val=5330.232910
2026-03-31 11:22:28 | src.models.scvi_wrapper | INFO |     scVI Epoch  22/80: train=5284.830078, val=5325.462891
2026-03-31 11:22:29 | src.models.scvi_wrapper | INFO |     scVI Epoch  23/80: train=5273.005371, val=5300.220215
2026-03-31 11:22:29 | src.models.scvi_wrapper | INFO |     scVI Epoch  24/80: train=5262.847168, val=5284.638184
2026-03-31 11:22:29 | src.models.scvi_wrapper | INFO |     scVI Epoch  25/80: train=5252.199707, val=5286.261230
2026-03-31 11:22:30 | src.models.scvi_wrapper | INFO |     scVI Epoch  26/80: train=5241.001953, val=5289.865723
2026-03-31 11:22:30 | src.models.scvi_wrapper | INFO |     scVI Epoch  27/80: train=5231.358887, val=5266.993652
2026-03-31 11:22:30 | src.models.scvi_wrapper | INFO |     scVI Epoch  28/80: train=5221.292969, val=5235.337402
2026-03-31 11:22:31 | src.models.scvi_wrapper | INFO |     scVI Epoch  29/80: train=5211.830078, val=5234.192871
2026-03-31 11:22:31 | src.models.scvi_wrapper | INFO |     scVI Epoch  30/80: train=5202.405762, val=5217.940918
2026-03-31 11:22:32 | src.models.scvi_wrapper | INFO |     scVI Epoch  31/80: train=5193.078125, val=5210.092285
2026-03-31 11:22:32 | src.models.scvi_wrapper | INFO |     scVI Epoch  32/80: train=5184.104980, val=5199.126465
2026-03-31 11:22:32 | src.models.scvi_wrapper | INFO |     scVI Epoch  33/80: train=5175.839355, val=5199.902832
2026-03-31 11:22:33 | src.models.scvi_wrapper | INFO |     scVI Epoch  34/80: train=5166.130371, val=5173.389160
2026-03-31 11:22:33 | src.models.scvi_wrapper | INFO |     scVI Epoch  35/80: train=5158.093262, val=5177.068359
2026-03-31 11:22:33 | src.models.scvi_wrapper | INFO |     scVI Epoch  36/80: train=5149.859863, val=5164.092285
2026-03-31 11:22:34 | src.models.scvi_wrapper | INFO |     scVI Epoch  37/80: train=5142.435059, val=5164.089844
2026-03-31 11:22:34 | src.models.scvi_wrapper | INFO |     scVI Epoch  38/80: train=5134.605957, val=5160.490234
2026-03-31 11:22:34 | src.models.scvi_wrapper | INFO |     scVI Epoch  39/80: train=5126.836426, val=5146.285156
2026-03-31 11:22:35 | src.models.scvi_wrapper | INFO |     scVI Epoch  40/80: train=5119.065918, val=5133.983887
2026-03-31 11:22:35 | src.models.scvi_wrapper | INFO |     scVI Epoch  41/80: train=5112.551270, val=5133.779297
2026-03-31 11:22:36 | src.models.scvi_wrapper | INFO |     scVI Epoch  42/80: train=5105.500977, val=5121.449707
2026-03-31 11:22:36 | src.models.scvi_wrapper | INFO |     scVI Epoch  43/80: train=5098.888184, val=5116.715332
2026-03-31 11:22:36 | src.models.scvi_wrapper | INFO |     scVI Epoch  44/80: train=5092.228516, val=5111.098145
2026-03-31 11:22:37 | src.models.scvi_wrapper | INFO |     scVI Epoch  45/80: train=5085.461914, val=5101.045898
2026-03-31 11:22:37 | src.models.scvi_wrapper | INFO |     scVI Epoch  46/80: train=5079.303711, val=5100.602051
2026-03-31 11:22:37 | src.models.scvi_wrapper | INFO |     scVI Epoch  47/80: train=5073.377441, val=5105.020996
2026-03-31 11:22:38 | src.models.scvi_wrapper | INFO |     scVI Epoch  48/80: train=5066.736328, val=5080.556152
2026-03-31 11:22:38 | src.models.scvi_wrapper | INFO |     scVI Epoch  49/80: train=5060.399414, val=5072.628418
2026-03-31 11:22:38 | src.models.scvi_wrapper | INFO |     scVI Epoch  50/80: train=5055.279297, val=5066.137207
2026-03-31 11:22:39 | src.models.scvi_wrapper | INFO |     scVI Epoch  51/80: train=5049.007324, val=5074.354004
2026-03-31 11:22:39 | src.models.scvi_wrapper | INFO |     scVI Epoch  52/80: train=5044.008789, val=5076.835938
2026-03-31 11:22:39 | src.models.scvi_wrapper | INFO |     scVI Epoch  53/80: train=5038.157227, val=5057.862793
2026-03-31 11:22:40 | src.models.scvi_wrapper | INFO |     scVI Epoch  54/80: train=5033.038086, val=5051.168457
2026-03-31 11:22:40 | src.models.scvi_wrapper | INFO |     scVI Epoch  55/80: train=5027.497070, val=5043.992188
2026-03-31 11:22:41 | src.models.scvi_wrapper | INFO |     scVI Epoch  56/80: train=5022.293945, val=5036.063477
2026-03-31 11:22:41 | src.models.scvi_wrapper | INFO |     scVI Epoch  57/80: train=5017.636230, val=5035.067383
2026-03-31 11:22:41 | src.models.scvi_wrapper | INFO |     scVI Epoch  58/80: train=5012.328125, val=5027.582031
2026-03-31 11:22:42 | src.models.scvi_wrapper | INFO |     scVI Epoch  59/80: train=5007.790039, val=5036.015137
2026-03-31 11:22:42 | src.models.scvi_wrapper | INFO |     scVI Epoch  60/80: train=5002.922363, val=5025.107910
2026-03-31 11:22:42 | src.models.scvi_wrapper | INFO |     scVI Epoch  61/80: train=4998.109375, val=5015.089355
2026-03-31 11:22:43 | src.models.scvi_wrapper | INFO |     scVI Epoch  62/80: train=4993.675781, val=5026.255859
2026-03-31 11:22:43 | src.models.scvi_wrapper | INFO |     scVI Epoch  63/80: train=4989.824707, val=5021.281738
2026-03-31 11:22:43 | src.models.scvi_wrapper | INFO |     scVI Epoch  64/80: train=4984.687988, val=5004.478027
2026-03-31 11:22:44 | src.models.scvi_wrapper | INFO |     scVI Epoch  65/80: train=4981.127930, val=5005.985352
2026-03-31 11:22:44 | src.models.scvi_wrapper | INFO |     scVI Epoch  66/80: train=4976.293945, val=5000.573730
2026-03-31 11:22:45 | src.models.scvi_wrapper | INFO |     scVI Epoch  67/80: train=4972.056641, val=4988.917480
2026-03-31 11:22:45 | src.models.scvi_wrapper | INFO |     scVI Epoch  68/80: train=4968.086426, val=4991.809082
2026-03-31 11:22:45 | src.models.scvi_wrapper | INFO |     scVI Epoch  69/80: train=4964.361328, val=4988.835449
2026-03-31 11:22:46 | src.models.scvi_wrapper | INFO |     scVI Epoch  70/80: train=4960.360352, val=5006.375000
2026-03-31 11:22:46 | src.models.scvi_wrapper | INFO |     scVI Epoch  71/80: train=4956.173828, val=4978.327148
2026-03-31 11:22:46 | src.models.scvi_wrapper | INFO |     scVI Epoch  72/80: train=4952.286621, val=4969.530762
2026-03-31 11:22:47 | src.models.scvi_wrapper | INFO |     scVI Epoch  73/80: train=4948.803711, val=4970.779785
2026-03-31 11:22:47 | src.models.scvi_wrapper | INFO |     scVI Epoch  74/80: train=4945.515137, val=4976.976074
2026-03-31 11:22:47 | src.models.scvi_wrapper | INFO |     scVI Epoch  75/80: train=4941.777832, val=4965.432617
2026-03-31 11:22:48 | src.models.scvi_wrapper | INFO |     scVI Epoch  76/80: train=4938.462891, val=4963.107910
2026-03-31 11:22:48 | src.models.scvi_wrapper | INFO |     scVI Epoch  77/80: train=4935.146484, val=4956.298340
2026-03-31 11:22:48 | src.models.scvi_wrapper | INFO |     scVI Epoch  78/80: train=4931.839844, val=4961.111816
2026-03-31 11:22:49 | src.models.scvi_wrapper | INFO |     scVI Epoch  79/80: train=4928.389648, val=4950.126953
2026-03-31 11:22:49 | src.models.scvi_wrapper | INFO |     scVI Epoch  80/80: train=4925.247070, val=4960.123047
2026-03-31 11:22:49 | pytorch_lightning.utilities.rank_zero | INFO | `Trainer.fit` stopped: `max_epochs=80` reached.
2026-03-31 11:22:49 | src.models.scvi_wrapper | INFO |   scVI training complete: 80 epochs in 28.7s
[34mINFO    [0m Input AnnData not setup with scvi-tools. attempting to transfer AnnData
         setup                                                                  
2026-03-31 11:22:49 | src.evaluation.metrics | INFO |   Metrics: ARI=0.8935, AMI=0.9299, Sil(kmeans)=0.4694, Sil(labels)=0.4741 [n_used=480/480]
2026-03-31 11:22:49 | src.evaluation.metrics | WARNING | Centrality computation failed (mode=full, n_obs=480, n_neighbors=15): `eigenvector_centrality_numpy` does not give consistent results for disconnected graphs
2026-03-31 11:22:49 | experiment | INFO |   -> ARI=0.8935, AMI=0.9299, Sil=0.4694, Recon=4971.380859, CentralityMode=failed, CPUmem=nanMB, Time=29.2s
2026-03-31 11:22:49 | experiment | INFO | 
--- splatter_k12 | scvi:zinb | d=24 | seed=42 ---
2026-03-31 11:22:49 | src.data.dataset | INFO |   Split: train=3840, val=480, test=480
2026-03-31 11:22:50 | lightning.fabric.utilities.seed | INFO | [rank: 0] Seed set to 42
2026-03-31 11:22:50 | src.models.scvi_wrapper | INFO |   scVI setup: d=24, likelihood=zinb, hidden=128, layers=2, batch_key=batch
2026-03-31 11:22:50 | src.models.scvi_wrapper | INFO |   scVI TensorBoard logging to: /home/hpc/iwbn/iwbn129h/sc_autoencoder_project/logs/tensorboard/run_20260331T092119Z_j1561967_a3_p498176/splatter_k12/scvi/zinb/d_24/seed_42
2026-03-31 11:22:50 | pytorch_lightning.utilities.rank_zero | INFO | GPU available: True (cuda), used: True
2026-03-31 11:22:50 | pytorch_lightning.utilities.rank_zero | INFO | TPU available: False, using: 0 TPU cores
2026-03-31 11:22:50 | pytorch_lightning.utilities.rank_zero | INFO | 💡 Tip: For seamless cloud logging and experiment tracking, try installing [litlogger](https://pypi.org/project/litlogger/) to enable LitLogger, which logs metrics and artifacts automatically to the Lightning Experiments platform.
2026-03-31 11:22:50 | lightning.pytorch.accelerators.cuda | INFO | LOCAL_RANK: 0 - CUDA_VISIBLE_DEVICES: [0]
2026-03-31 11:22:50 | lightning.pytorch.trainer.connectors.signal_connector | INFO | SLURM auto-requeueing enabled. Setting signal handlers.
2026-03-31 11:22:50 | src.models.scvi_wrapper | INFO |     scVI Epoch   1/80: train=6675.505859, val=6821.271973
2026-03-31 11:22:50 | src.models.scvi_wrapper | INFO |     scVI Epoch   2/80: train=5844.570801, val=5799.645996
2026-03-31 11:22:51 | src.models.scvi_wrapper | INFO |     scVI Epoch   3/80: train=5628.801270, val=5641.808105
2026-03-31 11:22:51 | src.models.scvi_wrapper | INFO |     scVI Epoch   4/80: train=5548.372559, val=5588.099609
2026-03-31 11:22:51 | src.models.scvi_wrapper | INFO |     scVI Epoch   5/80: train=5514.446289, val=5558.314453
2026-03-31 11:22:52 | src.models.scvi_wrapper | INFO |     scVI Epoch   6/80: train=5494.102539, val=5680.200684
2026-03-31 11:22:52 | src.models.scvi_wrapper | INFO |     scVI Epoch   7/80: train=5476.281250, val=5545.940918
2026-03-31 11:22:52 | src.models.scvi_wrapper | INFO |     scVI Epoch   8/80: train=5461.000000, val=5493.791504
2026-03-31 11:22:53 | src.models.scvi_wrapper | INFO |     scVI Epoch   9/80: train=5448.026855, val=5471.807129
2026-03-31 11:22:53 | src.models.scvi_wrapper | INFO |     scVI Epoch  10/80: train=5435.907227, val=5475.131348
2026-03-31 11:22:54 | src.models.scvi_wrapper | INFO |     scVI Epoch  11/80: train=5422.325684, val=5454.861328
2026-03-31 11:22:54 | src.models.scvi_wrapper | INFO |     scVI Epoch  12/80: train=5410.833984, val=5440.353027
2026-03-31 11:22:54 | src.models.scvi_wrapper | INFO |     scVI Epoch  13/80: train=5399.484375, val=5418.093750
2026-03-31 11:22:55 | src.models.scvi_wrapper | INFO |     scVI Epoch  14/80: train=5386.469727, val=5411.045410
2026-03-31 11:22:55 | src.models.scvi_wrapper | INFO |     scVI Epoch  15/80: train=5375.063477, val=5398.596680
2026-03-31 11:22:55 | src.models.scvi_wrapper | INFO |     scVI Epoch  16/80: train=5364.422363, val=5390.141113
2026-03-31 11:22:56 | src.models.scvi_wrapper | INFO |     scVI Epoch  17/80: train=5352.624023, val=5391.729492
2026-03-31 11:22:56 | src.models.scvi_wrapper | INFO |     scVI Epoch  18/80: train=5342.513184, val=5405.565430
2026-03-31 11:22:56 | src.models.scvi_wrapper | INFO |     scVI Epoch  19/80: train=5330.379395, val=5402.081543
2026-03-31 11:22:57 | src.models.scvi_wrapper | INFO |     scVI Epoch  20/80: train=5319.934570, val=5365.778809
2026-03-31 11:22:57 | src.models.scvi_wrapper | INFO |     scVI Epoch  21/80: train=5308.989746, val=5358.422363
2026-03-31 11:22:57 | src.models.scvi_wrapper | INFO |     scVI Epoch  22/80: train=5298.085449, val=5368.846191
2026-03-31 11:22:58 | src.models.scvi_wrapper | INFO |     scVI Epoch  23/80: train=5287.592773, val=5362.077637
2026-03-31 11:22:58 | src.models.scvi_wrapper | INFO |     scVI Epoch  24/80: train=5278.577148, val=5337.920410
2026-03-31 11:22:59 | src.models.scvi_wrapper | INFO |     scVI Epoch  25/80: train=5267.148926, val=5324.826660
2026-03-31 11:22:59 | src.models.scvi_wrapper | INFO |     scVI Epoch  26/80: train=5256.166504, val=5322.068359
2026-03-31 11:22:59 | src.models.scvi_wrapper | INFO |     scVI Epoch  27/80: train=5245.784180, val=5298.028809
2026-03-31 11:23:00 | src.models.scvi_wrapper | INFO |     scVI Epoch  28/80: train=5236.792480, val=5295.295898
2026-03-31 11:23:00 | src.models.scvi_wrapper | INFO |     scVI Epoch  29/80: train=5224.947266, val=5267.005371
2026-03-31 11:23:00 | src.models.scvi_wrapper | INFO |     scVI Epoch  30/80: train=5214.834961, val=5259.428223
2026-03-31 11:23:01 | src.models.scvi_wrapper | INFO |     scVI Epoch  31/80: train=5204.390625, val=5243.074707
2026-03-31 11:23:01 | src.models.scvi_wrapper | INFO |     scVI Epoch  32/80: train=5195.834961, val=5244.854492
2026-03-31 11:23:01 | src.models.scvi_wrapper | INFO |     scVI Epoch  33/80: train=5185.834473, val=5227.725098
2026-03-31 11:23:02 | src.models.scvi_wrapper | INFO |     scVI Epoch  34/80: train=5176.263672, val=5221.387207
2026-03-31 11:23:02 | src.models.scvi_wrapper | INFO |     scVI Epoch  35/80: train=5168.032227, val=5210.246582
2026-03-31 11:23:02 | src.models.scvi_wrapper | INFO |     scVI Epoch  36/80: train=5157.649902, val=5197.437988
2026-03-31 11:23:03 | src.models.scvi_wrapper | INFO |     scVI Epoch  37/80: train=5149.968262, val=5193.734375
2026-03-31 11:23:03 | src.models.scvi_wrapper | INFO |     scVI Epoch  38/80: train=5141.608887, val=5192.564941
2026-03-31 11:23:03 | src.models.scvi_wrapper | INFO |     scVI Epoch  39/80: train=5133.706055, val=5190.424805
2026-03-31 11:23:04 | src.models.scvi_wrapper | INFO |     scVI Epoch  40/80: train=5125.490234, val=5164.411621
2026-03-31 11:23:04 | src.models.scvi_wrapper | INFO |     scVI Epoch  41/80: train=5118.070801, val=5156.162598
2026-03-31 11:23:05 | src.models.scvi_wrapper | INFO |     scVI Epoch  42/80: train=5110.961426, val=5141.937988
2026-03-31 11:23:05 | src.models.scvi_wrapper | INFO |     scVI Epoch  43/80: train=5104.362793, val=5134.721680
2026-03-31 11:23:05 | src.models.scvi_wrapper | INFO |     scVI Epoch  44/80: train=5097.603516, val=5145.535645
2026-03-31 11:23:06 | src.models.scvi_wrapper | INFO |     scVI Epoch  45/80: train=5090.969727, val=5130.289551
2026-03-31 11:23:06 | src.models.scvi_wrapper | INFO |     scVI Epoch  46/80: train=5085.913086, val=5122.256836
2026-03-31 11:23:06 | src.models.scvi_wrapper | INFO |     scVI Epoch  47/80: train=5079.226074, val=5113.297363
2026-03-31 11:23:07 | src.models.scvi_wrapper | INFO |     scVI Epoch  48/80: train=5071.956543, val=5108.996582
2026-03-31 11:23:07 | src.models.scvi_wrapper | INFO |     scVI Epoch  49/80: train=5065.983887, val=5099.634277
2026-03-31 11:23:07 | src.models.scvi_wrapper | INFO |     scVI Epoch  50/80: train=5059.967773, val=5093.183105
2026-03-31 11:23:08 | src.models.scvi_wrapper | INFO |     scVI Epoch  51/80: train=5054.243652, val=5081.063965
2026-03-31 11:23:08 | src.models.scvi_wrapper | INFO |     scVI Epoch  52/80: train=5048.562500, val=5080.937500
2026-03-31 11:23:09 | src.models.scvi_wrapper | INFO |     scVI Epoch  53/80: train=5044.300293, val=5096.954102
2026-03-31 11:23:09 | src.models.scvi_wrapper | INFO |     scVI Epoch  54/80: train=5037.780762, val=5068.142578
2026-03-31 11:23:09 | src.models.scvi_wrapper | INFO |     scVI Epoch  55/80: train=5032.806641, val=5078.741211
2026-03-31 11:23:10 | src.models.scvi_wrapper | INFO |     scVI Epoch  56/80: train=5029.075684, val=5083.995605
2026-03-31 11:23:10 | src.models.scvi_wrapper | INFO |     scVI Epoch  57/80: train=5022.388184, val=5056.730469
2026-03-31 11:23:10 | src.models.scvi_wrapper | INFO |     scVI Epoch  58/80: train=5017.349609, val=5054.413574
2026-03-31 11:23:11 | src.models.scvi_wrapper | INFO |     scVI Epoch  59/80: train=5012.194824, val=5046.907227
2026-03-31 11:23:11 | src.models.scvi_wrapper | INFO |     scVI Epoch  60/80: train=5007.508301, val=5039.202637
2026-03-31 11:23:11 | src.models.scvi_wrapper | INFO |     scVI Epoch  61/80: train=5003.740234, val=5045.737305
2026-03-31 11:23:12 | src.models.scvi_wrapper | INFO |     scVI Epoch  62/80: train=4998.359863, val=5036.212402
2026-03-31 11:23:12 | src.models.scvi_wrapper | INFO |     scVI Epoch  63/80: train=4993.416504, val=5026.009766
2026-03-31 11:23:13 | src.models.scvi_wrapper | INFO |     scVI Epoch  64/80: train=4988.855469, val=5017.455566
2026-03-31 11:23:13 | src.models.scvi_wrapper | INFO |     scVI Epoch  65/80: train=4986.037598, val=5023.251953
2026-03-31 11:23:13 | src.models.scvi_wrapper | INFO |     scVI Epoch  66/80: train=4980.497070, val=5026.630371
2026-03-31 11:23:14 | src.models.scvi_wrapper | INFO |     scVI Epoch  67/80: train=4976.823730, val=5015.780273
2026-03-31 11:23:14 | src.models.scvi_wrapper | INFO |     scVI Epoch  68/80: train=4973.025391, val=5007.871094
2026-03-31 11:23:14 | src.models.scvi_wrapper | INFO |     scVI Epoch  69/80: train=4968.342773, val=5000.949707
2026-03-31 11:23:15 | src.models.scvi_wrapper | INFO |     scVI Epoch  70/80: train=4964.992676, val=5000.982910
2026-03-31 11:23:15 | src.models.scvi_wrapper | INFO |     scVI Epoch  71/80: train=4960.598145, val=5009.985840
2026-03-31 11:23:15 | src.models.scvi_wrapper | INFO |     scVI Epoch  72/80: train=4957.025879, val=5003.530273
2026-03-31 11:23:16 | src.models.scvi_wrapper | INFO |     scVI Epoch  73/80: train=4955.154297, val=5007.154297
2026-03-31 11:23:16 | src.models.scvi_wrapper | INFO |     scVI Epoch  74/80: train=4950.533691, val=4994.741699
2026-03-31 11:23:16 | src.models.scvi_wrapper | INFO |     scVI Epoch  75/80: train=4946.718750, val=4987.482422
2026-03-31 11:23:17 | src.models.scvi_wrapper | INFO |     scVI Epoch  76/80: train=4942.530273, val=4981.401855
2026-03-31 11:23:17 | src.models.scvi_wrapper | INFO |     scVI Epoch  77/80: train=4940.134766, val=4987.895996
2026-03-31 11:23:18 | src.models.scvi_wrapper | INFO |     scVI Epoch  78/80: train=4935.864746, val=4974.585449
2026-03-31 11:23:18 | src.models.scvi_wrapper | INFO |     scVI Epoch  79/80: train=4932.656250, val=4972.414551
2026-03-31 11:23:18 | src.models.scvi_wrapper | INFO |     scVI Epoch  80/80: train=4929.621094, val=4970.288086
2026-03-31 11:23:18 | pytorch_lightning.utilities.rank_zero | INFO | `Trainer.fit` stopped: `max_epochs=80` reached.
2026-03-31 11:23:18 | src.models.scvi_wrapper | INFO |   scVI training complete: 80 epochs in 28.7s
[34mINFO    [0m Input AnnData not setup with scvi-tools. attempting to transfer AnnData
         setup                                                                  
2026-03-31 11:23:18 | src.evaluation.metrics | INFO |   Metrics: ARI=0.9821, AMI=0.9858, Sil(kmeans)=0.4880, Sil(labels)=0.4906 [n_used=480/480]
2026-03-31 11:23:19 | src.evaluation.metrics | WARNING | Centrality computation failed (mode=full, n_obs=480, n_neighbors=15): `eigenvector_centrality_numpy` does not give consistent results for disconnected graphs
2026-03-31 11:23:19 | experiment | INFO |   -> ARI=0.9821, AMI=0.9858, Sil=0.4880, Recon=4965.365234, CentralityMode=failed, CPUmem=nanMB, Time=29.1s
2026-03-31 11:23:19 | experiment | INFO | 
--- splatter_k12 | scvi:zinb | d=24 | seed=43 ---
2026-03-31 11:23:19 | src.data.dataset | INFO |   Split: train=3840, val=480, test=480
2026-03-31 11:23:19 | lightning.fabric.utilities.seed | INFO | [rank: 0] Seed set to 43
2026-03-31 11:23:19 | src.models.scvi_wrapper | INFO |   scVI setup: d=24, likelihood=zinb, hidden=128, layers=2, batch_key=batch
2026-03-31 11:23:19 | src.models.scvi_wrapper | INFO |   scVI TensorBoard logging to: /home/hpc/iwbn/iwbn129h/sc_autoencoder_project/logs/tensorboard/run_20260331T092119Z_j1561967_a3_p498176/splatter_k12/scvi/zinb/d_24/seed_43
2026-03-31 11:23:19 | pytorch_lightning.utilities.rank_zero | INFO | GPU available: True (cuda), used: True
2026-03-31 11:23:19 | pytorch_lightning.utilities.rank_zero | INFO | TPU available: False, using: 0 TPU cores
2026-03-31 11:23:19 | pytorch_lightning.utilities.rank_zero | INFO | 💡 Tip: For seamless cloud logging and experiment tracking, try installing [litlogger](https://pypi.org/project/litlogger/) to enable LitLogger, which logs metrics and artifacts automatically to the Lightning Experiments platform.
2026-03-31 11:23:19 | lightning.pytorch.accelerators.cuda | INFO | LOCAL_RANK: 0 - CUDA_VISIBLE_DEVICES: [0]
2026-03-31 11:23:19 | lightning.pytorch.trainer.connectors.signal_connector | INFO | SLURM auto-requeueing enabled. Setting signal handlers.
2026-03-31 11:23:19 | src.models.scvi_wrapper | INFO |     scVI Epoch   1/80: train=6708.308594, val=6826.651855
2026-03-31 11:23:20 | src.models.scvi_wrapper | INFO |     scVI Epoch   2/80: train=5857.749023, val=6296.988770
2026-03-31 11:23:20 | src.models.scvi_wrapper | INFO |     scVI Epoch   3/80: train=5649.068848, val=5685.665527
2026-03-31 11:23:20 | src.models.scvi_wrapper | INFO |     scVI Epoch   4/80: train=5557.294922, val=5717.701660
2026-03-31 11:23:21 | src.models.scvi_wrapper | INFO |     scVI Epoch   5/80: train=5514.972168, val=5575.062988
2026-03-31 11:23:21 | src.models.scvi_wrapper | INFO |     scVI Epoch   6/80: train=5491.562988, val=5580.214844
2026-03-31 11:23:21 | src.models.scvi_wrapper | INFO |     scVI Epoch   7/80: train=5474.925293, val=5561.561035
2026-03-31 11:23:22 | src.models.scvi_wrapper | INFO |     scVI Epoch   8/80: train=5460.271973, val=5484.164551
2026-03-31 11:23:22 | src.models.scvi_wrapper | INFO |     scVI Epoch   9/80: train=5444.585449, val=5486.630371
2026-03-31 11:23:22 | src.models.scvi_wrapper | INFO |     scVI Epoch  10/80: train=5430.997070, val=5456.952637
2026-03-31 11:23:23 | src.models.scvi_wrapper | INFO |     scVI Epoch  11/80: train=5417.505371, val=5457.922363
2026-03-31 11:23:23 | src.models.scvi_wrapper | INFO |     scVI Epoch  12/80: train=5404.456055, val=5411.258301
2026-03-31 11:23:23 | src.models.scvi_wrapper | INFO |     scVI Epoch  13/80: train=5390.611328, val=5420.865723
2026-03-31 11:23:24 | src.models.scvi_wrapper | INFO |     scVI Epoch  14/80: train=5380.434082, val=5433.587402
2026-03-31 11:23:24 | src.models.scvi_wrapper | INFO |     scVI Epoch  15/80: train=5365.488770, val=5382.359375
2026-03-31 11:23:24 | src.models.scvi_wrapper | INFO |     scVI Epoch  16/80: train=5352.738281, val=5374.017090
2026-03-31 11:23:25 | src.models.scvi_wrapper | INFO |     scVI Epoch  17/80: train=5340.008789, val=5344.609375
2026-03-31 11:23:25 | src.models.scvi_wrapper | INFO |     scVI Epoch  18/80: train=5327.398926, val=5357.786621
2026-03-31 11:23:26 | src.models.scvi_wrapper | INFO |     scVI Epoch  19/80: train=5316.649414, val=5328.500977
2026-03-31 11:23:26 | src.models.scvi_wrapper | INFO |     scVI Epoch  20/80: train=5303.653809, val=5320.475586
2026-03-31 11:23:26 | src.models.scvi_wrapper | INFO |     scVI Epoch  21/80: train=5290.295898, val=5323.905762
2026-03-31 11:23:27 | src.models.scvi_wrapper | INFO |     scVI Epoch  22/80: train=5279.395996, val=5309.750000
2026-03-31 11:23:27 | src.models.scvi_wrapper | INFO |     scVI Epoch  23/80: train=5266.782227, val=5307.718262
2026-03-31 11:23:27 | src.models.scvi_wrapper | INFO |     scVI Epoch  24/80: train=5258.171875, val=5340.924805
2026-03-31 11:23:28 | src.models.scvi_wrapper | INFO |     scVI Epoch  25/80: train=5245.355957, val=5295.361328
2026-03-31 11:23:28 | src.models.scvi_wrapper | INFO |     scVI Epoch  26/80: train=5233.801270, val=5262.431152
2026-03-31 11:23:28 | src.models.scvi_wrapper | INFO |     scVI Epoch  27/80: train=5223.363770, val=5249.763672
2026-03-31 11:23:29 | src.models.scvi_wrapper | INFO |     scVI Epoch  28/80: train=5213.604004, val=5242.184082
2026-03-31 11:23:29 | src.models.scvi_wrapper | INFO |     scVI Epoch  29/80: train=5205.772461, val=5224.095703
2026-03-31 11:23:30 | src.models.scvi_wrapper | INFO |     scVI Epoch  30/80: train=5196.808105, val=5212.143066
2026-03-31 11:23:30 | src.models.scvi_wrapper | INFO |     scVI Epoch  31/80: train=5187.564453, val=5221.748535
2026-03-31 11:23:30 | src.models.scvi_wrapper | INFO |     scVI Epoch  32/80: train=5180.066895, val=5195.431641
2026-03-31 11:23:31 | src.models.scvi_wrapper | INFO |     scVI Epoch  33/80: train=5171.488281, val=5196.036621
2026-03-31 11:23:31 | src.models.scvi_wrapper | INFO |     scVI Epoch  34/80: train=5163.245605, val=5175.740234
2026-03-31 11:23:31 | src.models.scvi_wrapper | INFO |     scVI Epoch  35/80: train=5155.581055, val=5168.709473
2026-03-31 11:23:32 | src.models.scvi_wrapper | INFO |     scVI Epoch  36/80: train=5149.094238, val=5167.073730
2026-03-31 11:23:32 | src.models.scvi_wrapper | INFO |     scVI Epoch  37/80: train=5140.325684, val=5156.730469
2026-03-31 11:23:32 | src.models.scvi_wrapper | INFO |     scVI Epoch  38/80: train=5133.440430, val=5157.140625
2026-03-31 11:23:33 | src.models.scvi_wrapper | INFO |     scVI Epoch  39/80: train=5125.990234, val=5130.843262
2026-03-31 11:23:33 | src.models.scvi_wrapper | INFO |     scVI Epoch  40/80: train=5119.288574, val=5134.809082
2026-03-31 11:23:33 | src.models.scvi_wrapper | INFO |     scVI Epoch  41/80: train=5112.737305, val=5125.539062
2026-03-31 11:23:34 | src.models.scvi_wrapper | INFO |     scVI Epoch  42/80: train=5107.386719, val=5136.326660
2026-03-31 11:23:34 | src.models.scvi_wrapper | INFO |     scVI Epoch  43/80: train=5099.719238, val=5115.306152
2026-03-31 11:23:35 | src.models.scvi_wrapper | INFO |     scVI Epoch  44/80: train=5093.308594, val=5105.762695
2026-03-31 11:23:35 | src.models.scvi_wrapper | INFO |     scVI Epoch  45/80: train=5086.400879, val=5102.729980
2026-03-31 11:23:35 | src.models.scvi_wrapper | INFO |     scVI Epoch  46/80: train=5079.955078, val=5088.919434
2026-03-31 11:23:36 | src.models.scvi_wrapper | INFO |     scVI Epoch  47/80: train=5073.982422, val=5080.503418
2026-03-31 11:23:36 | src.models.scvi_wrapper | INFO |     scVI Epoch  48/80: train=5069.349609, val=5094.240234
2026-03-31 11:23:36 | src.models.scvi_wrapper | INFO |     scVI Epoch  49/80: train=5062.907227, val=5080.427734
2026-03-31 11:23:37 | src.models.scvi_wrapper | INFO |     scVI Epoch  50/80: train=5056.599609, val=5065.955566
2026-03-31 11:23:37 | src.models.scvi_wrapper | INFO |     scVI Epoch  51/80: train=5051.063477, val=5062.133301
2026-03-31 11:23:37 | src.models.scvi_wrapper | INFO |     scVI Epoch  52/80: train=5045.711426, val=5059.840332
2026-03-31 11:23:38 | src.models.scvi_wrapper | INFO |     scVI Epoch  53/80: train=5039.918457, val=5052.988281
2026-03-31 11:23:38 | src.models.scvi_wrapper | INFO |     scVI Epoch  54/80: train=5035.353027, val=5051.721191
2026-03-31 11:23:38 | src.models.scvi_wrapper | INFO |     scVI Epoch  55/80: train=5029.804199, val=5049.646973
2026-03-31 11:23:39 | src.models.scvi_wrapper | INFO |     scVI Epoch  56/80: train=5025.506836, val=5048.723633
2026-03-31 11:23:39 | src.models.scvi_wrapper | INFO |     scVI Epoch  57/80: train=5019.450195, val=5032.138184
2026-03-31 11:23:40 | src.models.scvi_wrapper | INFO |     scVI Epoch  58/80: train=5015.037109, val=5034.074707
2026-03-31 11:23:40 | src.models.scvi_wrapper | INFO |     scVI Epoch  59/80: train=5009.912109, val=5033.554199
2026-03-31 11:23:40 | src.models.scvi_wrapper | INFO |     scVI Epoch  60/80: train=5004.769043, val=5027.250488
2026-03-31 11:23:41 | src.models.scvi_wrapper | INFO |     scVI Epoch  61/80: train=5000.610352, val=5017.609375
2026-03-31 11:23:41 | src.models.scvi_wrapper | INFO |     scVI Epoch  62/80: train=4996.167969, val=5019.998047
2026-03-31 11:23:41 | src.models.scvi_wrapper | INFO |     scVI Epoch  63/80: train=4991.511230, val=5010.033691
2026-03-31 11:23:42 | src.models.scvi_wrapper | INFO |     scVI Epoch  64/80: train=4987.235352, val=5006.601074
2026-03-31 11:23:42 | src.models.scvi_wrapper | INFO |     scVI Epoch  65/80: train=4983.677246, val=5014.875488
2026-03-31 11:23:42 | src.models.scvi_wrapper | INFO |     scVI Epoch  66/80: train=4979.077148, val=4995.233398
2026-03-31 11:23:43 | src.models.scvi_wrapper | INFO |     scVI Epoch  67/80: train=4975.141113, val=5001.826660
2026-03-31 11:23:43 | src.models.scvi_wrapper | INFO |     scVI Epoch  68/80: train=4970.363281, val=4992.165527
2026-03-31 11:23:43 | src.models.scvi_wrapper | INFO |     scVI Epoch  69/80: train=4967.214844, val=5004.518066
2026-03-31 11:23:44 | src.models.scvi_wrapper | INFO |     scVI Epoch  70/80: train=4963.236328, val=4979.174316
2026-03-31 11:23:44 | src.models.scvi_wrapper | INFO |     scVI Epoch  71/80: train=4959.000000, val=4976.643066
2026-03-31 11:23:45 | src.models.scvi_wrapper | INFO |     scVI Epoch  72/80: train=4955.383789, val=4976.524902
2026-03-31 11:23:45 | src.models.scvi_wrapper | INFO |     scVI Epoch  73/80: train=4952.452148, val=4975.259277
2026-03-31 11:23:45 | src.models.scvi_wrapper | INFO |     scVI Epoch  74/80: train=4948.963379, val=4968.758301
2026-03-31 11:23:46 | src.models.scvi_wrapper | INFO |     scVI Epoch  75/80: train=4945.209961, val=4979.876465
2026-03-31 11:23:46 | src.models.scvi_wrapper | INFO |     scVI Epoch  76/80: train=4942.441895, val=4962.270508
2026-03-31 11:23:46 | src.models.scvi_wrapper | INFO |     scVI Epoch  77/80: train=4939.202148, val=4981.510254
2026-03-31 11:23:47 | src.models.scvi_wrapper | INFO |     scVI Epoch  78/80: train=4934.875488, val=4959.459473
2026-03-31 11:23:47 | src.models.scvi_wrapper | INFO |     scVI Epoch  79/80: train=4931.562988, val=4943.914551
2026-03-31 11:23:47 | src.models.scvi_wrapper | INFO |     scVI Epoch  80/80: train=4928.655762, val=4965.822266
2026-03-31 11:23:47 | pytorch_lightning.utilities.rank_zero | INFO | `Trainer.fit` stopped: `max_epochs=80` reached.
2026-03-31 11:23:47 | src.models.scvi_wrapper | INFO |   scVI training complete: 80 epochs in 28.7s
[34mINFO    [0m Input AnnData not setup with scvi-tools. attempting to transfer AnnData
         setup                                                                  
2026-03-31 11:23:48 | src.evaluation.metrics | INFO |   Metrics: ARI=1.0000, AMI=1.0000, Sil(kmeans)=0.5830, Sil(labels)=0.5830 [n_used=480/480]
2026-03-31 11:23:48 | src.evaluation.metrics | WARNING | Centrality computation failed (mode=full, n_obs=480, n_neighbors=15): `eigenvector_centrality_numpy` does not give consistent results for disconnected graphs
2026-03-31 11:23:48 | experiment | INFO |   -> ARI=1.0000, AMI=1.0000, Sil=0.5830, Recon=4975.993652, CentralityMode=failed, CPUmem=nanMB, Time=29.1s
2026-03-31 11:23:48 | experiment | INFO | 
--- splatter_k12 | scvi:zinb | d=32 | seed=42 ---
2026-03-31 11:23:48 | src.data.dataset | INFO |   Split: train=3840, val=480, test=480
2026-03-31 11:23:48 | lightning.fabric.utilities.seed | INFO | [rank: 0] Seed set to 42
2026-03-31 11:23:48 | src.models.scvi_wrapper | INFO |   scVI setup: d=32, likelihood=zinb, hidden=128, layers=2, batch_key=batch
2026-03-31 11:23:48 | src.models.scvi_wrapper | INFO |   scVI TensorBoard logging to: /home/hpc/iwbn/iwbn129h/sc_autoencoder_project/logs/tensorboard/run_20260331T092119Z_j1561967_a3_p498176/splatter_k12/scvi/zinb/d_32/seed_42
2026-03-31 11:23:48 | pytorch_lightning.utilities.rank_zero | INFO | GPU available: True (cuda), used: True
2026-03-31 11:23:48 | pytorch_lightning.utilities.rank_zero | INFO | TPU available: False, using: 0 TPU cores
2026-03-31 11:23:48 | pytorch_lightning.utilities.rank_zero | INFO | 💡 Tip: For seamless cloud logging and experiment tracking, try installing [litlogger](https://pypi.org/project/litlogger/) to enable LitLogger, which logs metrics and artifacts automatically to the Lightning Experiments platform.
2026-03-31 11:23:48 | lightning.pytorch.accelerators.cuda | INFO | LOCAL_RANK: 0 - CUDA_VISIBLE_DEVICES: [0]
2026-03-31 11:23:48 | lightning.pytorch.trainer.connectors.signal_connector | INFO | SLURM auto-requeueing enabled. Setting signal handlers.
2026-03-31 11:23:48 | src.models.scvi_wrapper | INFO |     scVI Epoch   1/80: train=6682.595703, val=6864.982910
2026-03-31 11:23:49 | src.models.scvi_wrapper | INFO |     scVI Epoch   2/80: train=5846.537109, val=5859.308594
2026-03-31 11:23:49 | src.models.scvi_wrapper | INFO |     scVI Epoch   3/80: train=5625.812500, val=5647.142090
2026-03-31 11:23:49 | src.models.scvi_wrapper | INFO |     scVI Epoch   4/80: train=5545.167969, val=5597.769531
2026-03-31 11:23:50 | src.models.scvi_wrapper | INFO |     scVI Epoch   5/80: train=5514.312500, val=5595.281250
2026-03-31 11:23:50 | src.models.scvi_wrapper | INFO |     scVI Epoch   6/80: train=5494.200195, val=5602.943848
2026-03-31 11:23:50 | src.models.scvi_wrapper | INFO |     scVI Epoch   7/80: train=5478.581543, val=5566.660156
2026-03-31 11:23:51 | src.models.scvi_wrapper | INFO |     scVI Epoch   8/80: train=5463.669922, val=5498.070801
2026-03-31 11:23:51 | src.models.scvi_wrapper | INFO |     scVI Epoch   9/80: train=5450.596680, val=5497.477051
2026-03-31 11:23:52 | src.models.scvi_wrapper | INFO |     scVI Epoch  10/80: train=5435.371582, val=5468.320312
2026-03-31 11:23:52 | src.models.scvi_wrapper | INFO |     scVI Epoch  11/80: train=5424.285645, val=5458.854980
2026-03-31 11:23:52 | src.models.scvi_wrapper | INFO |     scVI Epoch  12/80: train=5412.887695, val=5439.587891
2026-03-31 11:23:53 | src.models.scvi_wrapper | INFO |     scVI Epoch  13/80: train=5400.556641, val=5418.747559
2026-03-31 11:23:53 | src.models.scvi_wrapper | INFO |     scVI Epoch  14/80: train=5389.551270, val=5414.433105
2026-03-31 11:23:53 | src.models.scvi_wrapper | INFO |     scVI Epoch  15/80: train=5377.887207, val=5396.168945
2026-03-31 11:23:54 | src.models.scvi_wrapper | INFO |     scVI Epoch  16/80: train=5367.278320, val=5390.826660
2026-03-31 11:23:54 | src.models.scvi_wrapper | INFO |     scVI Epoch  17/80: train=5357.637207, val=5378.959473
2026-03-31 11:23:54 | src.models.scvi_wrapper | INFO |     scVI Epoch  18/80: train=5347.090820, val=5369.942871
2026-03-31 11:23:55 | src.models.scvi_wrapper | INFO |     scVI Epoch  19/80: train=5336.206055, val=5364.185547
2026-03-31 11:23:55 | src.models.scvi_wrapper | INFO |     scVI Epoch  20/80: train=5325.514648, val=5363.565918
2026-03-31 11:23:56 | src.models.scvi_wrapper | INFO |     scVI Epoch  21/80: train=5313.703125, val=5365.167480
2026-03-31 11:23:56 | src.models.scvi_wrapper | INFO |     scVI Epoch  22/80: train=5303.436523, val=5349.820312
2026-03-31 11:23:56 | src.models.scvi_wrapper | INFO |     scVI Epoch  23/80: train=5293.447266, val=5341.214844
2026-03-31 11:23:57 | src.models.scvi_wrapper | INFO |     scVI Epoch  24/80: train=5283.288086, val=5348.330078
2026-03-31 11:23:57 | src.models.scvi_wrapper | INFO |     scVI Epoch  25/80: train=5271.559082, val=5341.876465
2026-03-31 11:23:57 | src.models.scvi_wrapper | INFO |     scVI Epoch  26/80: train=5261.432129, val=5354.080078
2026-03-31 11:23:58 | src.models.scvi_wrapper | INFO |     scVI Epoch  27/80: train=5250.182129, val=5318.350098
2026-03-31 11:23:58 | src.models.scvi_wrapper | INFO |     scVI Epoch  28/80: train=5241.285156, val=5303.186035
2026-03-31 11:23:58 | src.models.scvi_wrapper | INFO |     scVI Epoch  29/80: train=5232.977539, val=5296.295410
2026-03-31 11:23:59 | src.models.scvi_wrapper | INFO |     scVI Epoch  30/80: train=5222.685059, val=5271.999023
2026-03-31 11:23:59 | src.models.scvi_wrapper | INFO |     scVI Epoch  31/80: train=5212.343750, val=5258.687500
2026-03-31 11:24:00 | src.models.scvi_wrapper | INFO |     scVI Epoch  32/80: train=5201.683594, val=5250.118652
2026-03-31 11:24:00 | src.models.scvi_wrapper | INFO |     scVI Epoch  33/80: train=5192.325684, val=5246.984375
2026-03-31 11:24:00 | src.models.scvi_wrapper | INFO |     scVI Epoch  34/80: train=5183.075684, val=5231.572754
2026-03-31 11:24:01 | src.models.scvi_wrapper | INFO |     scVI Epoch  35/80: train=5173.355957, val=5210.763672
2026-03-31 11:24:01 | src.models.scvi_wrapper | INFO |     scVI Epoch  36/80: train=5164.157227, val=5208.350098
2026-03-31 11:24:01 | src.models.scvi_wrapper | INFO |     scVI Epoch  37/80: train=5154.945801, val=5202.411621
2026-03-31 11:24:02 | src.models.scvi_wrapper | INFO |     scVI Epoch  38/80: train=5146.406738, val=5189.031738
2026-03-31 11:24:02 | src.models.scvi_wrapper | INFO |     scVI Epoch  39/80: train=5137.950684, val=5179.520996
2026-03-31 11:24:02 | src.models.scvi_wrapper | INFO |     scVI Epoch  40/80: train=5131.555176, val=5171.924805
2026-03-31 11:24:03 | src.models.scvi_wrapper | INFO |     scVI Epoch  41/80: train=5122.468750, val=5166.369629
2026-03-31 11:24:03 | src.models.scvi_wrapper | INFO |     scVI Epoch  42/80: train=5114.803711, val=5158.470703
2026-03-31 11:24:04 | src.models.scvi_wrapper | INFO |     scVI Epoch  43/80: train=5107.891113, val=5155.399902
2026-03-31 11:24:04 | src.models.scvi_wrapper | INFO |     scVI Epoch  44/80: train=5101.125488, val=5139.455566
2026-03-31 11:24:04 | src.models.scvi_wrapper | INFO |     scVI Epoch  45/80: train=5093.971191, val=5135.850098
2026-03-31 11:24:05 | src.models.scvi_wrapper | INFO |     scVI Epoch  46/80: train=5087.350586, val=5143.801270
2026-03-31 11:24:05 | src.models.scvi_wrapper | INFO |     scVI Epoch  47/80: train=5082.468262, val=5127.747070
2026-03-31 11:24:05 | src.models.scvi_wrapper | INFO |     scVI Epoch  48/80: train=5074.918945, val=5117.062012
2026-03-31 11:24:06 | src.models.scvi_wrapper | INFO |     scVI Epoch  49/80: train=5068.913574, val=5117.256348
2026-03-31 11:24:06 | src.models.scvi_wrapper | INFO |     scVI Epoch  50/80: train=5062.481934, val=5098.843262
2026-03-31 11:24:06 | src.models.scvi_wrapper | INFO |     scVI Epoch  51/80: train=5057.529297, val=5104.907227
2026-03-31 11:24:07 | src.models.scvi_wrapper | INFO |     scVI Epoch  52/80: train=5051.272949, val=5091.342285
2026-03-31 11:24:07 | src.models.scvi_wrapper | INFO |     scVI Epoch  53/80: train=5045.229004, val=5084.246582
2026-03-31 11:24:08 | src.models.scvi_wrapper | INFO |     scVI Epoch  54/80: train=5039.759766, val=5079.415527
2026-03-31 11:24:08 | src.models.scvi_wrapper | INFO |     scVI Epoch  55/80: train=5033.574219, val=5066.739746
2026-03-31 11:24:08 | src.models.scvi_wrapper | INFO |     scVI Epoch  56/80: train=5029.129395, val=5070.394043
2026-03-31 11:24:09 | src.models.scvi_wrapper | INFO |     scVI Epoch  57/80: train=5024.668945, val=5062.421875
2026-03-31 11:24:09 | src.models.scvi_wrapper | INFO |     scVI Epoch  58/80: train=5019.222168, val=5056.673828
2026-03-31 11:24:09 | src.models.scvi_wrapper | INFO |     scVI Epoch  59/80: train=5014.190430, val=5045.708008
2026-03-31 11:24:10 | src.models.scvi_wrapper | INFO |     scVI Epoch  60/80: train=5009.378906, val=5036.996582
2026-03-31 11:24:10 | src.models.scvi_wrapper | INFO |     scVI Epoch  61/80: train=5004.185059, val=5043.715820
2026-03-31 11:24:10 | src.models.scvi_wrapper | INFO |     scVI Epoch  62/80: train=5000.085449, val=5035.108398
2026-03-31 11:24:11 | src.models.scvi_wrapper | INFO |     scVI Epoch  63/80: train=4997.113770, val=5041.113770
2026-03-31 11:24:11 | src.models.scvi_wrapper | INFO |     scVI Epoch  64/80: train=4990.666504, val=5026.811035
2026-03-31 11:24:12 | src.models.scvi_wrapper | INFO |     scVI Epoch  65/80: train=4985.763672, val=5013.296387
2026-03-31 11:24:12 | src.models.scvi_wrapper | INFO |     scVI Epoch  66/80: train=4982.035156, val=5015.769531
2026-03-31 11:24:12 | src.models.scvi_wrapper | INFO |     scVI Epoch  67/80: train=4978.389648, val=5026.461914
2026-03-31 11:24:13 | src.models.scvi_wrapper | INFO |     scVI Epoch  68/80: train=4974.728516, val=5017.208984
2026-03-31 11:24:13 | src.models.scvi_wrapper | INFO |     scVI Epoch  69/80: train=4969.927734, val=5028.897461
2026-03-31 11:24:13 | src.models.scvi_wrapper | INFO |     scVI Epoch  70/80: train=4966.163086, val=5011.850098
2026-03-31 11:24:14 | src.models.scvi_wrapper | INFO |     scVI Epoch  71/80: train=4962.634277, val=4999.905762
2026-03-31 11:24:14 | src.models.scvi_wrapper | INFO |     scVI Epoch  72/80: train=4960.832520, val=5021.855957
2026-03-31 11:24:14 | src.models.scvi_wrapper | INFO |     scVI Epoch  73/80: train=4955.819336, val=4999.961914
2026-03-31 11:24:15 | src.models.scvi_wrapper | INFO |     scVI Epoch  74/80: train=4951.614746, val=5001.064453
2026-03-31 11:24:15 | src.models.scvi_wrapper | INFO |     scVI Epoch  75/80: train=4948.208496, val=4999.935547
2026-03-31 11:24:16 | src.models.scvi_wrapper | INFO |     scVI Epoch  76/80: train=4944.533691, val=4994.221191
2026-03-31 11:24:16 | src.models.scvi_wrapper | INFO |     scVI Epoch  77/80: train=4940.648926, val=4981.231934
2026-03-31 11:24:16 | src.models.scvi_wrapper | INFO |     scVI Epoch  78/80: train=4937.116699, val=4971.236328
2026-03-31 11:24:17 | src.models.scvi_wrapper | INFO |     scVI Epoch  79/80: train=4933.790039, val=4965.623535
2026-03-31 11:24:17 | src.models.scvi_wrapper | INFO |     scVI Epoch  80/80: train=4931.165527, val=4962.412109
2026-03-31 11:24:17 | pytorch_lightning.utilities.rank_zero | INFO | `Trainer.fit` stopped: `max_epochs=80` reached.
2026-03-31 11:24:17 | src.models.scvi_wrapper | INFO |   scVI training complete: 80 epochs in 29.1s
[34mINFO    [0m Input AnnData not setup with scvi-tools. attempting to transfer AnnData
         setup                                                                  
2026-03-31 11:24:17 | src.evaluation.metrics | INFO |   Metrics: ARI=1.0000, AMI=1.0000, Sil(kmeans)=0.5182, Sil(labels)=0.5182 [n_used=480/480]
2026-03-31 11:24:17 | src.evaluation.metrics | WARNING | Centrality computation failed (mode=full, n_obs=480, n_neighbors=15): `eigenvector_centrality_numpy` does not give consistent results for disconnected graphs
2026-03-31 11:24:17 | experiment | INFO |   -> ARI=1.0000, AMI=1.0000, Sil=0.5182, Recon=4957.121094, CentralityMode=failed, CPUmem=nanMB, Time=29.6s
2026-03-31 11:24:17 | experiment | INFO | 
--- splatter_k12 | scvi:zinb | d=32 | seed=43 ---
2026-03-31 11:24:17 | src.data.dataset | INFO |   Split: train=3840, val=480, test=480
2026-03-31 11:24:17 | lightning.fabric.utilities.seed | INFO | [rank: 0] Seed set to 43
2026-03-31 11:24:18 | src.models.scvi_wrapper | INFO |   scVI setup: d=32, likelihood=zinb, hidden=128, layers=2, batch_key=batch
2026-03-31 11:24:18 | src.models.scvi_wrapper | INFO |   scVI TensorBoard logging to: /home/hpc/iwbn/iwbn129h/sc_autoencoder_project/logs/tensorboard/run_20260331T092119Z_j1561967_a3_p498176/splatter_k12/scvi/zinb/d_32/seed_43
2026-03-31 11:24:18 | pytorch_lightning.utilities.rank_zero | INFO | GPU available: True (cuda), used: True
2026-03-31 11:24:18 | pytorch_lightning.utilities.rank_zero | INFO | TPU available: False, using: 0 TPU cores
2026-03-31 11:24:18 | pytorch_lightning.utilities.rank_zero | INFO | 💡 Tip: For seamless cloud logging and experiment tracking, try installing [litlogger](https://pypi.org/project/litlogger/) to enable LitLogger, which logs metrics and artifacts automatically to the Lightning Experiments platform.
2026-03-31 11:24:18 | lightning.pytorch.accelerators.cuda | INFO | LOCAL_RANK: 0 - CUDA_VISIBLE_DEVICES: [0]
2026-03-31 11:24:18 | lightning.pytorch.trainer.connectors.signal_connector | INFO | SLURM auto-requeueing enabled. Setting signal handlers.
2026-03-31 11:24:18 | src.models.scvi_wrapper | INFO |     scVI Epoch   1/80: train=6696.808594, val=6929.658691
2026-03-31 11:24:18 | src.models.scvi_wrapper | INFO |     scVI Epoch   2/80: train=5851.012695, val=5861.785645
2026-03-31 11:24:19 | src.models.scvi_wrapper | INFO |     scVI Epoch   3/80: train=5631.711426, val=5619.792969
2026-03-31 11:24:19 | src.models.scvi_wrapper | INFO |     scVI Epoch   4/80: train=5547.699707, val=5793.232910
2026-03-31 11:24:19 | src.models.scvi_wrapper | INFO |     scVI Epoch   5/80: train=5511.697754, val=5679.645996
2026-03-31 11:24:20 | src.models.scvi_wrapper | INFO |     scVI Epoch   6/80: train=5492.148926, val=5587.894043
2026-03-31 11:24:20 | src.models.scvi_wrapper | INFO |     scVI Epoch   7/80: train=5474.959473, val=5542.165527
2026-03-31 11:24:20 | src.models.scvi_wrapper | INFO |     scVI Epoch   8/80: train=5460.022461, val=5516.022949
2026-03-31 11:24:21 | src.models.scvi_wrapper | INFO |     scVI Epoch   9/80: train=5444.866211, val=5461.529297
2026-03-31 11:24:21 | src.models.scvi_wrapper | INFO |     scVI Epoch  10/80: train=5433.472656, val=5454.895996
2026-03-31 11:24:22 | src.models.scvi_wrapper | INFO |     scVI Epoch  11/80: train=5419.789551, val=5433.705078
2026-03-31 11:24:22 | src.models.scvi_wrapper | INFO |     scVI Epoch  12/80: train=5406.428223, val=5435.039062
2026-03-31 11:24:22 | src.models.scvi_wrapper | INFO |     scVI Epoch  13/80: train=5395.091309, val=5409.176270
2026-03-31 11:24:23 | src.models.scvi_wrapper | INFO |     scVI Epoch  14/80: train=5383.993652, val=5397.194824
2026-03-31 11:24:23 | src.models.scvi_wrapper | INFO |     scVI Epoch  15/80: train=5372.255859, val=5378.176270
2026-03-31 11:24:23 | src.models.scvi_wrapper | INFO |     scVI Epoch  16/80: train=5362.199707, val=5363.727051
2026-03-31 11:24:24 | src.models.scvi_wrapper | INFO |     scVI Epoch  17/80: train=5349.949219, val=5358.542480
2026-03-31 11:24:24 | src.models.scvi_wrapper | INFO |     scVI Epoch  18/80: train=5338.724121, val=5396.574219
2026-03-31 11:24:24 | src.models.scvi_wrapper | INFO |     scVI Epoch  19/80: train=5326.827148, val=5358.875488
2026-03-31 11:24:25 | src.models.scvi_wrapper | INFO |     scVI Epoch  20/80: train=5315.772949, val=5337.020996
2026-03-31 11:24:25 | src.models.scvi_wrapper | INFO |     scVI Epoch  21/80: train=5306.099121, val=5315.027832
2026-03-31 11:24:26 | src.models.scvi_wrapper | INFO |     scVI Epoch  22/80: train=5295.548828, val=5325.688965
2026-03-31 11:24:26 | src.models.scvi_wrapper | INFO |     scVI Epoch  23/80: train=5284.269531, val=5326.979980
2026-03-31 11:24:26 | src.models.scvi_wrapper | INFO |     scVI Epoch  24/80: train=5274.618164, val=5313.530762
2026-03-31 11:24:27 | src.models.scvi_wrapper | INFO |     scVI Epoch  25/80: train=5265.263672, val=5304.958008
2026-03-31 11:24:27 | src.models.scvi_wrapper | INFO |     scVI Epoch  26/80: train=5254.508789, val=5289.476562
2026-03-31 11:24:27 | src.models.scvi_wrapper | INFO |     scVI Epoch  27/80: train=5243.685059, val=5273.470215
2026-03-31 11:24:28 | src.models.scvi_wrapper | INFO |     scVI Epoch  28/80: train=5234.634277, val=5269.338867
2026-03-31 11:24:28 | src.models.scvi_wrapper | INFO |     scVI Epoch  29/80: train=5224.321777, val=5257.105469
2026-03-31 11:24:28 | src.models.scvi_wrapper | INFO |     scVI Epoch  30/80: train=5212.424316, val=5253.104004
2026-03-31 11:24:29 | src.models.scvi_wrapper | INFO |     scVI Epoch  31/80: train=5200.574219, val=5272.727051
2026-03-31 11:24:29 | src.models.scvi_wrapper | INFO |     scVI Epoch  32/80: train=5190.356445, val=5237.769043
2026-03-31 11:24:29 | src.models.scvi_wrapper | INFO |     scVI Epoch  33/80: train=5178.868164, val=5215.971191
2026-03-31 11:24:30 | src.models.scvi_wrapper | INFO |     scVI Epoch  34/80: train=5171.834473, val=5219.256348
2026-03-31 11:24:30 | src.models.scvi_wrapper | INFO |     scVI Epoch  35/80: train=5161.518066, val=5190.861328
2026-03-31 11:24:31 | src.models.scvi_wrapper | INFO |     scVI Epoch  36/80: train=5153.017578, val=5177.967285
2026-03-31 11:24:31 | src.models.scvi_wrapper | INFO |     scVI Epoch  37/80: train=5145.199707, val=5168.031738
2026-03-31 11:24:31 | src.models.scvi_wrapper | INFO |     scVI Epoch  38/80: train=5139.011230, val=5159.876465
2026-03-31 11:24:32 | src.models.scvi_wrapper | INFO |     scVI Epoch  39/80: train=5129.177246, val=5150.862305
2026-03-31 11:24:32 | src.models.scvi_wrapper | INFO |     scVI Epoch  40/80: train=5122.608887, val=5137.394043
2026-03-31 11:24:32 | src.models.scvi_wrapper | INFO |     scVI Epoch  41/80: train=5115.575684, val=5128.107910
2026-03-31 11:24:33 | src.models.scvi_wrapper | INFO |     scVI Epoch  42/80: train=5108.552734, val=5116.195801
2026-03-31 11:24:33 | src.models.scvi_wrapper | INFO |     scVI Epoch  43/80: train=5101.895996, val=5126.154297
2026-03-31 11:24:33 | src.models.scvi_wrapper | INFO |     scVI Epoch  44/80: train=5095.991211, val=5105.396973
2026-03-31 11:24:34 | src.models.scvi_wrapper | INFO |     scVI Epoch  45/80: train=5089.104980, val=5104.976074
2026-03-31 11:24:34 | src.models.scvi_wrapper | INFO |     scVI Epoch  46/80: train=5082.744629, val=5101.682617
2026-03-31 11:24:35 | src.models.scvi_wrapper | INFO |     scVI Epoch  47/80: train=5077.493164, val=5096.890137
2026-03-31 11:24:35 | src.models.scvi_wrapper | INFO |     scVI Epoch  48/80: train=5070.725586, val=5088.754883
2026-03-31 11:24:35 | src.models.scvi_wrapper | INFO |     scVI Epoch  49/80: train=5064.363281, val=5075.516113
2026-03-31 11:24:36 | src.models.scvi_wrapper | INFO |     scVI Epoch  50/80: train=5058.884277, val=5081.505859
2026-03-31 11:24:36 | src.models.scvi_wrapper | INFO |     scVI Epoch  51/80: train=5053.403320, val=5069.848145
2026-03-31 11:24:36 | src.models.scvi_wrapper | INFO |     scVI Epoch  52/80: train=5047.266113, val=5062.468750
2026-03-31 11:24:37 | src.models.scvi_wrapper | INFO |     scVI Epoch  53/80: train=5041.500000, val=5059.122559
2026-03-31 11:24:37 | src.models.scvi_wrapper | INFO |     scVI Epoch  54/80: train=5036.275879, val=5044.964844
2026-03-31 11:24:37 | src.models.scvi_wrapper | INFO |     scVI Epoch  55/80: train=5030.712402, val=5040.620605
2026-03-31 11:24:38 | src.models.scvi_wrapper | INFO |     scVI Epoch  56/80: train=5025.718750, val=5042.182129
2026-03-31 11:24:38 | src.models.scvi_wrapper | INFO |     scVI Epoch  57/80: train=5020.888184, val=5031.126465
2026-03-31 11:24:38 | src.models.scvi_wrapper | INFO |     scVI Epoch  58/80: train=5016.012207, val=5026.378906
2026-03-31 11:24:39 | src.models.scvi_wrapper | INFO |     scVI Epoch  59/80: train=5011.428711, val=5033.370605
2026-03-31 11:24:39 | src.models.scvi_wrapper | INFO |     scVI Epoch  60/80: train=5007.198730, val=5023.619141
2026-03-31 11:24:40 | src.models.scvi_wrapper | INFO |     scVI Epoch  61/80: train=5002.263672, val=5012.366699
2026-03-31 11:24:40 | src.models.scvi_wrapper | INFO |     scVI Epoch  62/80: train=4997.147949, val=5013.383301
2026-03-31 11:24:40 | src.models.scvi_wrapper | INFO |     scVI Epoch  63/80: train=4993.281250, val=5017.987793
2026-03-31 11:24:41 | src.models.scvi_wrapper | INFO |     scVI Epoch  64/80: train=4988.761230, val=5011.267090
2026-03-31 11:24:41 | src.models.scvi_wrapper | INFO |     scVI Epoch  65/80: train=4984.931152, val=5011.138184
2026-03-31 11:24:41 | src.models.scvi_wrapper | INFO |     scVI Epoch  66/80: train=4980.208984, val=4992.969727
2026-03-31 11:24:42 | src.models.scvi_wrapper | INFO |     scVI Epoch  67/80: train=4976.753906, val=5003.679199
2026-03-31 11:24:42 | src.models.scvi_wrapper | INFO |     scVI Epoch  68/80: train=4972.418945, val=4990.467773
2026-03-31 11:24:42 | src.models.scvi_wrapper | INFO |     scVI Epoch  69/80: train=4968.861816, val=4988.792969
2026-03-31 11:24:43 | src.models.scvi_wrapper | INFO |     scVI Epoch  70/80: train=4964.510254, val=4986.249512
2026-03-31 11:24:43 | src.models.scvi_wrapper | INFO |     scVI Epoch  71/80: train=4961.018555, val=4973.791992
2026-03-31 11:24:44 | src.models.scvi_wrapper | INFO |     scVI Epoch  72/80: train=4958.839844, val=5009.329590
2026-03-31 11:24:44 | src.models.scvi_wrapper | INFO |     scVI Epoch  73/80: train=4953.643555, val=4977.533691
2026-03-31 11:24:44 | src.models.scvi_wrapper | INFO |     scVI Epoch  74/80: train=4950.237793, val=4967.860840
2026-03-31 11:24:45 | src.models.scvi_wrapper | INFO |     scVI Epoch  75/80: train=4946.222168, val=4958.888672
2026-03-31 11:24:45 | src.models.scvi_wrapper | INFO |     scVI Epoch  76/80: train=4942.909668, val=4973.291992
2026-03-31 11:24:45 | src.models.scvi_wrapper | INFO |     scVI Epoch  77/80: train=4940.755859, val=4966.905762
2026-03-31 11:24:46 | src.models.scvi_wrapper | INFO |     scVI Epoch  78/80: train=4936.465332, val=4969.345215
2026-03-31 11:24:46 | src.models.scvi_wrapper | INFO |     scVI Epoch  79/80: train=4933.522461, val=4969.205566
2026-03-31 11:24:46 | src.models.scvi_wrapper | INFO |     scVI Epoch  80/80: train=4930.488281, val=4952.063965
2026-03-31 11:24:47 | pytorch_lightning.utilities.rank_zero | INFO | `Trainer.fit` stopped: `max_epochs=80` reached.
2026-03-31 11:24:47 | src.models.scvi_wrapper | INFO |   scVI training complete: 80 epochs in 29.0s
[34mINFO    [0m Input AnnData not setup with scvi-tools. attempting to transfer AnnData
         setup                                                                  
2026-03-31 11:24:47 | src.evaluation.metrics | INFO |   Metrics: ARI=1.0000, AMI=1.0000, Sil(kmeans)=0.6637, Sil(labels)=0.6637 [n_used=480/480]
2026-03-31 11:24:47 | src.evaluation.metrics | WARNING | Centrality computation failed (mode=full, n_obs=480, n_neighbors=15): `eigenvector_centrality_numpy` does not give consistent results for disconnected graphs
2026-03-31 11:24:47 | experiment | INFO |   -> ARI=1.0000, AMI=1.0000, Sil=0.6637, Recon=4962.714844, CentralityMode=failed, CPUmem=nanMB, Time=29.5s
2026-03-31 11:24:47 | experiment | INFO |   Dataset results saved: /home/hpc/iwbn/iwbn129h/sc_autoencoder_project/results/datasets/splatter_k12/tables/experiment_results.csv (6 rows)
2026-03-31 11:24:47 | experiment | INFO | Skipping fit for scvi:zinb (unique K=1 < min_k_for_fit=3)
2026-03-31 11:24:47 | experiment | INFO | Auto-d reports saved: /home/hpc/iwbn/iwbn129h/sc_autoencoder_project/results/datasets/splatter_k12/tables/recommended_d_by_K.csv, /home/hpc/iwbn/iwbn129h/sc_autoencoder_project/results/datasets/splatter_k12/tables/formula_fit_summary.csv
2026-03-31 11:24:47 | experiment | INFO | 
======================================================================
2026-03-31 11:24:47 | experiment | INFO | EXPERIMENT COMPLETE — run_20260331T092119Z_j1561967_a3_p498176
2026-03-31 11:24:47 | experiment | INFO | ======================================================================
2026-03-31 11:24:47 | experiment | INFO |   Total runs:    6
2026-03-31 11:24:47 | experiment | INFO |   Successful:    6
2026-03-31 11:24:47 | experiment | INFO |   Failed:        0
2026-03-31 11:24:47 | experiment | INFO |   Completed:     2026-03-31T09:24:47.317981Z
2026-03-31 11:24:47 | experiment | INFO | 
2026-03-31 11:24:47 | experiment | INFO |   Output files:
2026-03-31 11:24:47 | experiment | INFO |     Global CSV:  results/global/tables/recovery/phase3_missing_k12_scvi_zinb_highdims.csv
2026-03-31 11:24:47 | experiment | INFO |     Run dir:     /home/hpc/iwbn/iwbn129h/sc_autoencoder_project/results/runs/run_20260331T092119Z_j1561967_a3_p498176/
2026-03-31 11:24:47 | experiment | INFO |     TensorBoard: /home/hpc/iwbn/iwbn129h/sc_autoencoder_project/logs/tensorboard/run_20260331T092119Z_j1561967_a3_p498176/ (6 event files)
2026-03-31 11:24:47 | experiment | INFO |     View TB:     tensorboard --logdir /home/hpc/iwbn/iwbn129h/sc_autoencoder_project/logs/tensorboard
2026-03-31 11:24:47 | experiment | INFO | ======================================================================
2026-03-31 11:24:47 | experiment | INFO | Skipping fit for scvi:zinb (unique K=1 < min_k_for_fit=3)
2026-03-31 11:24:47 | experiment | INFO | Auto-d reports saved: /home/hpc/iwbn/iwbn129h/sc_autoencoder_project/results/global/tables/recommended_d_by_K.csv, /home/hpc/iwbn/iwbn129h/sc_autoencoder_project/results/global/tables/formula_fit_summary.csv
=== JOB_STATISTICS ===
=== current date     : Tue Mar 31 11:24:50 AM CEST 2026
= Job-ID             : 1561967 on tinygpu
= Job-Name           : phase3_recover_k12
= Job-Command        : /home/hpc/iwbn/iwbn129h/sc_autoencoder_project/jobs/phase3_recover_missing_k12.sh
= Initial workdir    : /home/hpc/iwbn/iwbn129h/sc_autoencoder_project
= Queue/Partition    : a100
= Slurm account      : iwbn with QOS=normal
= Requested resources:  for 04:00:00
= Elapsed runtime    : 00:03:43
= Total RAM usage    : 5.9 GiB of requested  GiB (%)   
= Node list          : tg093
= Subm/Elig/Start/End: 2026-03-31T11:06:47 / 2026-03-31T11:06:47 / 2026-03-31T11:21:07 / 2026-03-31T11:24:50
======================
=== Quota infos ======
    Path                 Used     SoftQ    HardQ    Gracetime  Filec    FileQ    FiHaQ    FileGrace    
    /home/hpc              46.5G   104.9G   209.7G        N/A      98K     500K   1,000K        N/A    
    /home/woody            12.7G  1000.0G  1500.0G        N/A      93K   5,000K   7,500K        N/A    
    /home/vault             0.0K  1048.6G  2097.2G        N/A       1      200K     400K        N/A    
======================
=== GPU utilization ==
gpu_name, gpu_bus_id, pid, gpu_utilization [%], mem_utilization [%], max_memory_usage [MiB], time [ms]
NVIDIA A100-SXM4-40GB, 00000000:01:00.0, 498176, 11 %, 0 %, 596 MiB, 211860 ms
